# JRE version: OpenJDK Runtime Environment Temurin-17.0.19+10 (17.0.19+10) (build 17.0.19+10)
# Java VM: OpenJDK 64-Bit Server VM Temurin-17.0.19+10 (17.0.19+10, mixed mode, sharing, tiered, compressed oops, compressed class ptrs, parallel gc, windows-amd64)
GC Precious Log:
 CPUs: 24 total, 24 available
 Memory: 14029M
 Large Page Support: Disabled
 NUMA Support: Disabled
 Compressed Oops: Enabled (Zero based)
 Alignments: Space 512K, Generation 512K, Heap 2M
 Heap Min Capacity: 256M
 Heap Initial Capacity: 256M
 Heap Max Capacity: 4G
 Pre-touch: Disabled
 Parallel Workers: 18
Heap:
 PSYoungGen      total 251392K, used 139677K [0x00000007aab00000, 0x00000007c1380000, 0x0000000800000000)
  eden space 135168K, 63% used [0x00000007aab00000,0x00000007afec0b98,0x00000007b2f00000)
  from space 116224K, 46% used [0x00000007b2f00000,0x00000007b63a69e0,0x00000007ba080000)
  to   space 112128K, 0% used [0x00000007ba600000,0x00000007ba600000,0x00000007c1380000)
 ParOldGen       total 533504K, used 524417K [0x0000000700000000, 0x0000000720900000, 0x00000007aab00000)
  object space 533504K, 98% used [0x0000000700000000,0x0000000720020620,0x0000000720900000)
 Metaspace       used 185682K, committed 186944K, reserved 622592K
  class space    used 23090K, committed 23680K, reserved 425984K
GC Heap History (20 events):
Event: 24.970 GC heap before
{Heap before GC invocations=38 (full 5):
 PSYoungGen      total 178176K, used 154835K [0x00000007aab00000, 0x00000007b9c80000, 0x0000000800000000)
  eden space 129536K, 100% used [0x00000007aab00000,0x00000007b2980000,0x00000007b2980000)
  from space 48640K, 52% used [0x00000007b2980000,0x00000007b4234da8,0x00000007b5900000)
  to   space 48128K, 0% used [0x00000007b6d80000,0x00000007b6d80000,0x00000007b9c80000)
 ParOldGen       total 317952K, used 272113K [0x0000000700000000, 0x0000000713680000, 0x00000007aab00000)
  object space 317952K, 85% used [0x0000000700000000,0x00000007109bc748,0x0000000713680000)
 Metaspace       used 139393K, committed 140544K, reserved 557056K
  class space    used 18463K, committed 19008K, reserved 425984K
}
Event: 24.989 GC heap after
{Heap after GC invocations=38 (full 5):
 PSYoungGen      total 193024K, used 25271K [0x00000007aab00000, 0x00000007b9880000, 0x0000000800000000)
  eden space 148992K, 0% used [0x00000007aab00000,0x00000007aab00000,0x00000007b3c80000)
  from space 44032K, 57% used [0x00000007b6d80000,0x00000007b862de40,0x00000007b9880000)
  to   space 47104K, 0% used [0x00000007b3c80000,0x00000007b3c80000,0x00000007b6a80000)
 ParOldGen       total 317952K, used 297266K [0x0000000700000000, 0x0000000713680000, 0x00000007aab00000)
  object space 317952K, 93% used [0x0000000700000000,0x000000071224ca48,0x0000000713680000)
 Metaspace       used 139393K, committed 140544K, reserved 557056K
  class space    used 18463K, committed 19008K, reserved 425984K
}
Event: 25.543 GC heap before
{Heap before GC invocations=39 (full 6):
 PSYoungGen      total 193024K, used 174263K [0x00000007aab00000, 0x00000007b9880000, 0x0000000800000000)
  eden space 148992K, 100% used [0x00000007aab00000,0x00000007b3c80000,0x00000007b3c80000)
  from space 44032K, 57% used [0x00000007b6d80000,0x00000007b862de40,0x00000007b9880000)
  to   space 47104K, 0% used [0x00000007b3c80000,0x00000007b3c80000,0x00000007b6a80000)
 ParOldGen       total 317952K, used 297266K [0x0000000700000000, 0x0000000713680000, 0x00000007aab00000)
  object space 317952K, 93% used [0x0000000700000000,0x000000071224ca48,0x0000000713680000)
 Metaspace       used 139408K, committed 140544K, reserved 557056K
  class space    used 18463K, committed 19008K, reserved 425984K
}
Event: 25.772 GC heap after
{Heap after GC invocations=39 (full 6):
 PSYoungGen      total 196096K, used 31373K [0x00000007aab00000, 0x00000007ba700000, 0x0000000800000000)
  eden space 148992K, 21% used [0x00000007aab00000,0x00000007ac9a3590,0x00000007b3c80000)
  from space 47104K, 0% used [0x00000007b3c80000,0x00000007b3c80000,0x00000007b6a80000)
  to   space 44032K, 0% used [0x00000007b6d80000,0x00000007b6d80000,0x00000007b9880000)
 ParOldGen       total 533504K, used 317808K [0x0000000700000000, 0x0000000720900000, 0x00000007aab00000)
  object space 533504K, 59% used [0x0000000700000000,0x000000071365c2e8,0x0000000720900000)
 Metaspace       used 139408K, committed 140544K, reserved 557056K
  class space    used 18463K, committed 19008K, reserved 425984K
}
Event: 26.202 GC heap before
{Heap before GC invocations=40 (full 6):
 PSYoungGen      total 196096K, used 148992K [0x00000007aab00000, 0x00000007ba700000, 0x0000000800000000)
  eden space 148992K, 100% used [0x00000007aab00000,0x00000007b3c80000,0x00000007b3c80000)
  from space 47104K, 0% used [0x00000007b3c80000,0x00000007b3c80000,0x00000007b6a80000)
  to   space 44032K, 0% used [0x00000007b6d80000,0x00000007b6d80000,0x00000007b9880000)
 ParOldGen       total 533504K, used 317808K [0x0000000700000000, 0x0000000720900000, 0x00000007aab00000)
  object space 533504K, 59% used [0x0000000700000000,0x000000071365c2e8,0x0000000720900000)
 Metaspace       used 139426K, committed 140608K, reserved 557056K
  class space    used 18464K, committed 19008K, reserved 425984K
}
Event: 26.230 GC heap after
{Heap after GC invocations=40 (full 6):
 PSYoungGen      total 195584K, used 29595K [0x00000007aab00000, 0x00000007ba780000, 0x0000000800000000)
  eden space 151552K, 0% used [0x00000007aab00000,0x00000007aab00000,0x00000007b3f00000)
  from space 44032K, 67% used [0x00000007b6d80000,0x00000007b8a66e88,0x00000007b9880000)
  to   space 47616K, 0% used [0x00000007b3f00000,0x00000007b3f00000,0x00000007b6d80000)
 ParOldGen       total 533504K, used 342818K [0x0000000700000000, 0x0000000720900000, 0x00000007aab00000)
  object space 533504K, 64% used [0x0000000700000000,0x0000000714ec8b70,0x0000000720900000)
 Metaspace       used 139426K, committed 140608K, reserved 557056K
  class space    used 18464K, committed 19008K, reserved 425984K
}
Event: 27.706 GC heap before
{Heap before GC invocations=41 (full 6):
 PSYoungGen      total 195584K, used 181147K [0x00000007aab00000, 0x00000007ba780000, 0x0000000800000000)
  eden space 151552K, 100% used [0x00000007aab00000,0x00000007b3f00000,0x00000007b3f00000)
  from space 44032K, 67% used [0x00000007b6d80000,0x00000007b8a66e88,0x00000007b9880000)
  to   space 47616K, 0% used [0x00000007b3f00000,0x00000007b3f00000,0x00000007b6d80000)
 ParOldGen       total 533504K, used 342818K [0x0000000700000000, 0x0000000720900000, 0x00000007aab00000)
  object space 533504K, 64% used [0x0000000700000000,0x0000000714ec8b70,0x0000000720900000)
 Metaspace       used 157657K, committed 158848K, reserved 622592K
  class space    used 20425K, committed 20992K, reserved 425984K
}
Event: 27.713 GC heap after
{Heap after GC invocations=41 (full 6):
 PSYoungGen      total 199168K, used 42119K [0x00000007aab00000, 0x00000007bb280000, 0x0000000800000000)
  eden space 151552K, 0% used [0x00000007aab00000,0x00000007aab00000,0x00000007b3f00000)
  from space 47616K, 88% used [0x00000007b3f00000,0x00000007b6821e48,0x00000007b6d80000)
  to   space 52736K, 0% used [0x00000007b7f00000,0x00000007b7f00000,0x00000007bb280000)
 ParOldGen       total 533504K, used 342826K [0x0000000700000000, 0x0000000720900000, 0x00000007aab00000)
  object space 533504K, 64% used [0x0000000700000000,0x0000000714ecab70,0x0000000720900000)
 Metaspace       used 157657K, committed 158848K, reserved 622592K
  class space    used 20425K, committed 20992K, reserved 425984K
}
Event: 29.571 GC heap before
{Heap before GC invocations=42 (full 6):
 PSYoungGen      total 199168K, used 193671K [0x00000007aab00000, 0x00000007bb280000, 0x0000000800000000)
  eden space 151552K, 100% used [0x00000007aab00000,0x00000007b3f00000,0x00000007b3f00000)
  from space 47616K, 88% used [0x00000007b3f00000,0x00000007b6821e48,0x00000007b6d80000)
  to   space 52736K, 0% used [0x00000007b7f00000,0x00000007b7f00000,0x00000007bb280000)
 ParOldGen       total 533504K, used 342826K [0x0000000700000000, 0x0000000720900000, 0x00000007aab00000)
  object space 533504K, 64% used [0x0000000700000000,0x0000000714ecab70,0x0000000720900000)
 Metaspace       used 167430K, committed 168576K, reserved 622592K
  class space    used 21336K, committed 21888K, reserved 425984K
}
Event: 29.603 GC heap after
{Heap after GC invocations=42 (full 6):
 PSYoungGen      total 200704K, used 52727K [0x00000007aab00000, 0x00000007bd200000, 0x0000000800000000)
  eden space 147968K, 0% used [0x00000007aab00000,0x00000007aab00000,0x00000007b3b80000)
  from space 52736K, 99% used [0x00000007b7f00000,0x00000007bb27dfe8,0x00000007bb280000)
  to   space 69120K, 0% used [0x00000007b3b80000,0x00000007b3b80000,0x00000007b7f00000)
 ParOldGen       total 533504K, used 365841K [0x0000000700000000, 0x0000000720900000, 0x00000007aab00000)
  object space 533504K, 68% used [0x0000000700000000,0x0000000716544548,0x0000000720900000)
 Metaspace       used 167430K, committed 168576K, reserved 622592K
  class space    used 21336K, committed 21888K, reserved 425984K
}
Event: 31.181 GC heap before
{Heap before GC invocations=43 (full 6):
 PSYoungGen      total 200704K, used 200695K [0x00000007aab00000, 0x00000007bd200000, 0x0000000800000000)
  eden space 147968K, 100% used [0x00000007aab00000,0x00000007b3b80000,0x00000007b3b80000)
  from space 52736K, 99% used [0x00000007b7f00000,0x00000007bb27dfe8,0x00000007bb280000)
  to   space 69120K, 0% used [0x00000007b3b80000,0x00000007b3b80000,0x00000007b7f00000)
 ParOldGen       total 533504K, used 365841K [0x0000000700000000, 0x0000000720900000, 0x00000007aab00000)
  object space 533504K, 68% used [0x0000000700000000,0x0000000716544548,0x0000000720900000)
 Metaspace       used 170194K, committed 171456K, reserved 622592K
  class space    used 21503K, committed 22080K, reserved 425984K
}
Event: 31.200 GC heap after
{Heap after GC invocations=43 (full 6):
 PSYoungGen      total 217088K, used 53700K [0x00000007aab00000, 0x00000007bd780000, 0x0000000800000000)
  eden space 147968K, 0% used [0x00000007aab00000,0x00000007aab00000,0x00000007b3b80000)
  from space 69120K, 77% used [0x00000007b3b80000,0x00000007b6ff1188,0x00000007b7f00000)
  to   space 74240K, 0% used [0x00000007b8f00000,0x00000007b8f00000,0x00000007bd780000)
 ParOldGen       total 533504K, used 394784K [0x0000000700000000, 0x0000000720900000, 0x00000007aab00000)
  object space 533504K, 73% used [0x0000000700000000,0x0000000718188098,0x0000000720900000)
 Metaspace       used 170194K, committed 171456K, reserved 622592K
  class space    used 21503K, committed 22080K, reserved 425984K
}
Event: 32.212 GC heap before
{Heap before GC invocations=44 (full 6):
 PSYoungGen      total 217088K, used 201668K [0x00000007aab00000, 0x00000007bd780000, 0x0000000800000000)
  eden space 147968K, 100% used [0x00000007aab00000,0x00000007b3b80000,0x00000007b3b80000)
  from space 69120K, 77% used [0x00000007b3b80000,0x00000007b6ff1188,0x00000007b7f00000)
  to   space 74240K, 0% used [0x00000007b8f00000,0x00000007b8f00000,0x00000007bd780000)
 ParOldGen       total 533504K, used 394784K [0x0000000700000000, 0x0000000720900000, 0x00000007aab00000)
  object space 533504K, 73% used [0x0000000700000000,0x0000000718188098,0x0000000720900000)
 Metaspace       used 170904K, committed 172160K, reserved 622592K
  class space    used 21560K, committed 22144K, reserved 425984K
}
Event: 32.243 GC heap after
{Heap after GC invocations=44 (full 6):
 PSYoungGen      total 214528K, used 74238K [0x00000007aab00000, 0x00000007bfd80000, 0x0000000800000000)
  eden space 140288K, 0% used [0x00000007aab00000,0x00000007aab00000,0x00000007b3400000)
  from space 74240K, 99% used [0x00000007b8f00000,0x00000007bd77faa0,0x00000007bd780000)
  to   space 93184K, 0% used [0x00000007b3400000,0x00000007b3400000,0x00000007b8f00000)
 ParOldGen       total 533504K, used 413745K [0x0000000700000000, 0x0000000720900000, 0x00000007aab00000)
  object space 533504K, 77% used [0x0000000700000000,0x000000071940c798,0x0000000720900000)
 Metaspace       used 170904K, committed 172160K, reserved 622592K
  class space    used 21560K, committed 22144K, reserved 425984K
}
Event: 33.707 GC heap before
{Heap before GC invocations=45 (full 6):
 PSYoungGen      total 214528K, used 214526K [0x00000007aab00000, 0x00000007bfd80000, 0x0000000800000000)
  eden space 140288K, 100% used [0x00000007aab00000,0x00000007b3400000,0x00000007b3400000)
  from space 74240K, 99% used [0x00000007b8f00000,0x00000007bd77faa0,0x00000007bd780000)
  to   space 93184K, 0% used [0x00000007b3400000,0x00000007b3400000,0x00000007b8f00000)
 ParOldGen       total 533504K, used 413745K [0x0000000700000000, 0x0000000720900000, 0x00000007aab00000)
  object space 533504K, 77% used [0x0000000700000000,0x000000071940c798,0x0000000720900000)
 Metaspace       used 173846K, committed 175104K, reserved 622592K
  class space    used 21877K, committed 22464K, reserved 425984K
}
Event: 33.744 GC heap after
{Heap after GC invocations=45 (full 6):
 PSYoungGen      total 233472K, used 68784K [0x00000007aab00000, 0x00000007c0100000, 0x0000000800000000)
  eden space 140288K, 0% used [0x00000007aab00000,0x00000007aab00000,0x00000007b3400000)
  from space 93184K, 73% used [0x00000007b3400000,0x00000007b772c108,0x00000007b8f00000)
  to   space 98816K, 0% used [0x00000007ba080000,0x00000007ba080000,0x00000007c0100000)
 ParOldGen       total 533504K, used 453908K [0x0000000700000000, 0x0000000720900000, 0x00000007aab00000)
  object space 533504K, 85% used [0x0000000700000000,0x000000071bb45330,0x0000000720900000)
 Metaspace       used 173846K, committed 175104K, reserved 622592K
  class space    used 21877K, committed 22464K, reserved 425984K
}
Event: 35.268 GC heap before
{Heap before GC invocations=46 (full 6):
 PSYoungGen      total 233472K, used 209072K [0x00000007aab00000, 0x00000007c0100000, 0x0000000800000000)
  eden space 140288K, 100% used [0x00000007aab00000,0x00000007b3400000,0x00000007b3400000)
  from space 93184K, 73% used [0x00000007b3400000,0x00000007b772c108,0x00000007b8f00000)
  to   space 98816K, 0% used [0x00000007ba080000,0x00000007ba080000,0x00000007c0100000)
 ParOldGen       total 533504K, used 453908K [0x0000000700000000, 0x0000000720900000, 0x00000007aab00000)
  object space 533504K, 85% used [0x0000000700000000,0x000000071bb45330,0x0000000720900000)
 Metaspace       used 176490K, committed 177664K, reserved 622592K
  class space    used 22118K, committed 22656K, reserved 425984K
}
Event: 35.302 GC heap after
{Heap after GC invocations=46 (full 6):
 PSYoungGen      total 233984K, used 98804K [0x00000007aab00000, 0x00000007c2300000, 0x0000000800000000)
  eden space 135168K, 0% used [0x00000007aab00000,0x00000007aab00000,0x00000007b2f00000)
  from space 98816K, 99% used [0x00000007ba080000,0x00000007c00fd268,0x00000007c0100000)
  to   space 116224K, 0% used [0x00000007b2f00000,0x00000007b2f00000,0x00000007ba080000)
 ParOldGen       total 533504K, used 457958K [0x0000000700000000, 0x0000000720900000, 0x00000007aab00000)
  object space 533504K, 85% used [0x0000000700000000,0x000000071bf398d0,0x0000000720900000)
 Metaspace       used 176490K, committed 177664K, reserved 622592K
  class space    used 22118K, committed 22656K, reserved 425984K
}
Event: 38.386 GC heap before
{Heap before GC invocations=47 (full 6):
 PSYoungGen      total 233984K, used 233972K [0x00000007aab00000, 0x00000007c2300000, 0x0000000800000000)
  eden space 135168K, 100% used [0x00000007aab00000,0x00000007b2f00000,0x00000007b2f00000)
  from space 98816K, 99% used [0x00000007ba080000,0x00000007c00fd268,0x00000007c0100000)
  to   space 116224K, 0% used [0x00000007b2f00000,0x00000007b2f00000,0x00000007ba080000)
 ParOldGen       total 533504K, used 457958K [0x0000000700000000, 0x0000000720900000, 0x00000007aab00000)
  object space 533504K, 85% used [0x0000000700000000,0x000000071bf398d0,0x0000000720900000)
 Metaspace       used 184483K, committed 185728K, reserved 622592K
  class space    used 23028K, committed 23616K, reserved 425984K
}
Event: 38.425 GC heap after
{Heap after GC invocations=47 (full 6):
 PSYoungGen      total 251392K, used 53914K [0x00000007aab00000, 0x00000007c1380000, 0x0000000800000000)
  eden space 135168K, 0% used [0x00000007aab00000,0x00000007aab00000,0x00000007b2f00000)
  from space 116224K, 46% used [0x00000007b2f00000,0x00000007b63a69e0,0x00000007ba080000)
  to   space 112128K, 0% used [0x00000007ba600000,0x00000007ba600000,0x00000007c1380000)
 ParOldGen       total 533504K, used 524417K [0x0000000700000000, 0x0000000720900000, 0x00000007aab00000)
  object space 533504K, 98% used [0x0000000700000000,0x0000000720020620,0x0000000720900000)
 Metaspace       used 184483K, committed 185728K, reserved 622592K
  class space    used 23028K, committed 23616K, reserved 425984K
}

