# JRE version: OpenJDK Runtime Environment Temurin-17.0.19+10 (17.0.19+10) (build 17.0.19+10)
# Java VM: OpenJDK 64-Bit Server VM Temurin-17.0.19+10 (17.0.19+10, mixed mode, sharing, tiered, compressed oops, compressed class ptrs, parallel gc, windows-amd64)
GC Precious Log:
 CPUs: 24 total, 24 available
 Memory: 14029M
 Large Page Support: Disabled
 NUMA Support: Disabled
 Compressed Oops: Enabled (Zero based)
 Alignments: Space 512K, Generation 512K, Heap 2M
 Heap Min Capacity: 256M
 Heap Initial Capacity: 256M
 Heap Max Capacity: 4G
 Pre-touch: Disabled
 Parallel Workers: 18
Heap:
 PSYoungGen      total 80384K, used 3504K [0x00000007aab00000, 0x00000007b2f80000, 0x0000000800000000)
  eden space 60928K, 0% used [0x00000007aab00000,0x00000007aab00000,0x00000007ae680000)
  from space 19456K, 18% used [0x00000007ae680000,0x00000007ae9ec010,0x00000007af980000)
  to   space 19968K, 0% used [0x00000007af980000,0x00000007af980000,0x00000007b0d00000)
 ParOldGen       total 175104K, used 44388K [0x0000000700000000, 0x000000070ab00000, 0x00000007aab00000)
  object space 175104K, 25% used [0x0000000700000000,0x0000000702b590d0,0x000000070ab00000)
 Metaspace       used 51505K, committed 52096K, reserved 491520K
  class space    used 7049K, committed 7296K, reserved 425984K
GC Heap History (20 events):
Event: 2.422 GC heap before
{Heap before GC invocations=3 (full 0):
 PSYoungGen      total 76288K, used 76267K [0x00000007aab00000, 0x00000007b0000000, 0x0000000800000000)
  eden space 65536K, 100% used [0x00000007aab00000,0x00000007aeb00000,0x00000007aeb00000)
  from space 10752K, 99% used [0x00000007af580000,0x00000007afffac80,0x00000007b0000000)
  to   space 10752K, 0% used [0x00000007aeb00000,0x00000007aeb00000,0x00000007af580000)
 ParOldGen       total 175104K, used 6594K [0x0000000700000000, 0x000000070ab00000, 0x00000007aab00000)
  object space 175104K, 3% used [0x0000000700000000,0x0000000700670968,0x000000070ab00000)
 Metaspace       used 18034K, committed 18368K, reserved 491520K
  class space    used 2577K, committed 2752K, reserved 425984K
}
Event: 2.428 GC heap after
{Heap after GC invocations=3 (full 0):
 PSYoungGen      total 76288K, used 10741K [0x00000007aab00000, 0x00000007b0000000, 0x0000000800000000)
  eden space 65536K, 0% used [0x00000007aab00000,0x00000007aab00000,0x00000007aeb00000)
  from space 10752K, 99% used [0x00000007aeb00000,0x00000007af57d5e0,0x00000007af580000)
  to   space 10752K, 0% used [0x00000007af580000,0x00000007af580000,0x00000007b0000000)
 ParOldGen       total 175104K, used 10503K [0x0000000700000000, 0x000000070ab00000, 0x00000007aab00000)
  object space 175104K, 5% used [0x0000000700000000,0x0000000700a41fd8,0x000000070ab00000)
 Metaspace       used 18034K, committed 18368K, reserved 491520K
  class space    used 2577K, committed 2752K, reserved 425984K
}
Event: 2.758 GC heap before
{Heap before GC invocations=4 (full 0):
 PSYoungGen      total 76288K, used 40139K [0x00000007aab00000, 0x00000007b0000000, 0x0000000800000000)
  eden space 65536K, 44% used [0x00000007aab00000,0x00000007ac7b58e0,0x00000007aeb00000)
  from space 10752K, 99% used [0x00000007aeb00000,0x00000007af57d5e0,0x00000007af580000)
  to   space 10752K, 0% used [0x00000007af580000,0x00000007af580000,0x00000007b0000000)
 ParOldGen       total 175104K, used 10503K [0x0000000700000000, 0x000000070ab00000, 0x00000007aab00000)
  object space 175104K, 5% used [0x0000000700000000,0x0000000700a41fd8,0x000000070ab00000)
 Metaspace       used 21136K, committed 21504K, reserved 491520K
  class space    used 3043K, committed 3264K, reserved 425984K
}
Event: 2.761 GC heap after
{Heap after GC invocations=4 (full 0):
 PSYoungGen      total 76288K, used 10744K [0x00000007aab00000, 0x00000007b0000000, 0x0000000800000000)
  eden space 65536K, 0% used [0x00000007aab00000,0x00000007aab00000,0x00000007aeb00000)
  from space 10752K, 99% used [0x00000007af580000,0x00000007afffe2e8,0x00000007b0000000)
  to   space 10752K, 0% used [0x00000007aeb00000,0x00000007aeb00000,0x00000007af580000)
 ParOldGen       total 175104K, used 12361K [0x0000000700000000, 0x000000070ab00000, 0x00000007aab00000)
  object space 175104K, 7% used [0x0000000700000000,0x0000000700c12428,0x000000070ab00000)
 Metaspace       used 21136K, committed 21504K, reserved 491520K
  class space    used 3043K, committed 3264K, reserved 425984K
}
Event: 2.761 GC heap before
{Heap before GC invocations=5 (full 1):
 PSYoungGen      total 76288K, used 10744K [0x00000007aab00000, 0x00000007b0000000, 0x0000000800000000)
  eden space 65536K, 0% used [0x00000007aab00000,0x00000007aab00000,0x00000007aeb00000)
  from space 10752K, 99% used [0x00000007af580000,0x00000007afffe2e8,0x00000007b0000000)
  to   space 10752K, 0% used [0x00000007aeb00000,0x00000007aeb00000,0x00000007af580000)
 ParOldGen       total 175104K, used 12361K [0x0000000700000000, 0x000000070ab00000, 0x00000007aab00000)
  object space 175104K, 7% used [0x0000000700000000,0x0000000700c12428,0x000000070ab00000)
 Metaspace       used 21136K, committed 21504K, reserved 491520K
  class space    used 3043K, committed 3264K, reserved 425984K
}
Event: 2.779 GC heap after
{Heap after GC invocations=5 (full 1):
 PSYoungGen      total 76288K, used 0K [0x00000007aab00000, 0x00000007b0000000, 0x0000000800000000)
  eden space 65536K, 0% used [0x00000007aab00000,0x00000007aab00000,0x00000007aeb00000)
  from space 10752K, 0% used [0x00000007af580000,0x00000007af580000,0x00000007b0000000)
  to   space 10752K, 0% used [0x00000007aeb00000,0x00000007aeb00000,0x00000007af580000)
 ParOldGen       total 175104K, used 22538K [0x0000000700000000, 0x000000070ab00000, 0x00000007aab00000)
  object space 175104K, 12% used [0x0000000700000000,0x0000000701602a20,0x000000070ab00000)
 Metaspace       used 21136K, committed 21504K, reserved 491520K
  class space    used 3043K, committed 3264K, reserved 425984K
}
Event: 3.427 GC heap before
{Heap before GC invocations=6 (full 1):
 PSYoungGen      total 76288K, used 65536K [0x00000007aab00000, 0x00000007b0000000, 0x0000000800000000)
  eden space 65536K, 100% used [0x00000007aab00000,0x00000007aeb00000,0x00000007aeb00000)
  from space 10752K, 0% used [0x00000007af580000,0x00000007af580000,0x00000007b0000000)
  to   space 10752K, 0% used [0x00000007aeb00000,0x00000007aeb00000,0x00000007af580000)
 ParOldGen       total 175104K, used 22538K [0x0000000700000000, 0x000000070ab00000, 0x00000007aab00000)
  object space 175104K, 12% used [0x0000000700000000,0x0000000701602a20,0x000000070ab00000)
 Metaspace       used 29925K, committed 30336K, reserved 491520K
  class space    used 4128K, committed 4288K, reserved 425984K
}
Event: 3.429 GC heap after
{Heap after GC invocations=6 (full 1):
 PSYoungGen      total 74752K, used 5912K [0x00000007aab00000, 0x00000007b0e80000, 0x0000000800000000)
  eden space 64000K, 0% used [0x00000007aab00000,0x00000007aab00000,0x00000007ae980000)
  from space 10752K, 54% used [0x00000007aeb00000,0x00000007af0c61c0,0x00000007af580000)
  to   space 18944K, 0% used [0x00000007afc00000,0x00000007afc00000,0x00000007b0e80000)
 ParOldGen       total 175104K, used 22546K [0x0000000700000000, 0x000000070ab00000, 0x00000007aab00000)
  object space 175104K, 12% used [0x0000000700000000,0x0000000701604a20,0x000000070ab00000)
 Metaspace       used 29925K, committed 30336K, reserved 491520K
  class space    used 4128K, committed 4288K, reserved 425984K
}
Event: 4.057 GC heap before
{Heap before GC invocations=7 (full 1):
 PSYoungGen      total 74752K, used 61412K [0x00000007aab00000, 0x00000007b0e80000, 0x0000000800000000)
  eden space 64000K, 86% used [0x00000007aab00000,0x00000007ae1330c0,0x00000007ae980000)
  from space 10752K, 54% used [0x00000007aeb00000,0x00000007af0c61c0,0x00000007af580000)
  to   space 18944K, 0% used [0x00000007afc00000,0x00000007afc00000,0x00000007b0e80000)
 ParOldGen       total 175104K, used 22546K [0x0000000700000000, 0x000000070ab00000, 0x00000007aab00000)
  object space 175104K, 12% used [0x0000000700000000,0x0000000701604a20,0x000000070ab00000)
 Metaspace       used 35386K, committed 35840K, reserved 491520K
  class space    used 4903K, committed 5120K, reserved 425984K
}
Event: 4.061 GC heap after
{Heap after GC invocations=7 (full 1):
 PSYoungGen      total 82944K, used 8189K [0x00000007aab00000, 0x00000007b0e80000, 0x0000000800000000)
  eden space 64000K, 0% used [0x00000007aab00000,0x00000007aab00000,0x00000007ae980000)
  from space 18944K, 43% used [0x00000007afc00000,0x00000007b03ff710,0x00000007b0e80000)
  to   space 18944K, 0% used [0x00000007ae980000,0x00000007ae980000,0x00000007afc00000)
 ParOldGen       total 175104K, used 22554K [0x0000000700000000, 0x000000070ab00000, 0x00000007aab00000)
  object space 175104K, 12% used [0x0000000700000000,0x0000000701606a20,0x000000070ab00000)
 Metaspace       used 35386K, committed 35840K, reserved 491520K
  class space    used 4903K, committed 5120K, reserved 425984K
}
Event: 4.061 GC heap before
{Heap before GC invocations=8 (full 2):
 PSYoungGen      total 82944K, used 8189K [0x00000007aab00000, 0x00000007b0e80000, 0x0000000800000000)
  eden space 64000K, 0% used [0x00000007aab00000,0x00000007aab00000,0x00000007ae980000)
  from space 18944K, 43% used [0x00000007afc00000,0x00000007b03ff710,0x00000007b0e80000)
  to   space 18944K, 0% used [0x00000007ae980000,0x00000007ae980000,0x00000007afc00000)
 ParOldGen       total 175104K, used 22554K [0x0000000700000000, 0x000000070ab00000, 0x00000007aab00000)
  object space 175104K, 12% used [0x0000000700000000,0x0000000701606a20,0x000000070ab00000)
 Metaspace       used 35386K, committed 35840K, reserved 491520K
  class space    used 4903K, committed 5120K, reserved 425984K
}
Event: 4.085 GC heap after
{Heap after GC invocations=8 (full 2):
 PSYoungGen      total 82944K, used 0K [0x00000007aab00000, 0x00000007b0e80000, 0x0000000800000000)
  eden space 64000K, 0% used [0x00000007aab00000,0x00000007aab00000,0x00000007ae980000)
  from space 18944K, 0% used [0x00000007afc00000,0x00000007afc00000,0x00000007b0e80000)
  to   space 18944K, 0% used [0x00000007ae980000,0x00000007ae980000,0x00000007afc00000)
 ParOldGen       total 175104K, used 30053K [0x0000000700000000, 0x000000070ab00000, 0x00000007aab00000)
  object space 175104K, 17% used [0x0000000700000000,0x0000000701d59408,0x000000070ab00000)
 Metaspace       used 35386K, committed 35840K, reserved 491520K
  class space    used 4903K, committed 5120K, reserved 425984K
}
Event: 4.649 GC heap before
{Heap before GC invocations=9 (full 2):
 PSYoungGen      total 82944K, used 64000K [0x00000007aab00000, 0x00000007b0e80000, 0x0000000800000000)
  eden space 64000K, 100% used [0x00000007aab00000,0x00000007ae980000,0x00000007ae980000)
  from space 18944K, 0% used [0x00000007afc00000,0x00000007afc00000,0x00000007b0e80000)
  to   space 18944K, 0% used [0x00000007ae980000,0x00000007ae980000,0x00000007afc00000)
 ParOldGen       total 175104K, used 30053K [0x0000000700000000, 0x000000070ab00000, 0x00000007aab00000)
  object space 175104K, 17% used [0x0000000700000000,0x0000000701d59408,0x000000070ab00000)
 Metaspace       used 41625K, committed 42048K, reserved 491520K
  class space    used 5760K, committed 5952K, reserved 425984K
}
Event: 4.651 GC heap after
{Heap after GC invocations=9 (full 2):
 PSYoungGen      total 67072K, used 4456K [0x00000007aab00000, 0x00000007b0e00000, 0x0000000800000000)
  eden space 62464K, 0% used [0x00000007aab00000,0x00000007aab00000,0x00000007ae800000)
  from space 4608K, 96% used [0x00000007ae980000,0x00000007aedda080,0x00000007aee00000)
  to   space 19456K, 0% used [0x00000007afb00000,0x00000007afb00000,0x00000007b0e00000)
 ParOldGen       total 175104K, used 30061K [0x0000000700000000, 0x000000070ab00000, 0x00000007aab00000)
  object space 175104K, 17% used [0x0000000700000000,0x0000000701d5b408,0x000000070ab00000)
 Metaspace       used 41625K, committed 42048K, reserved 491520K
  class space    used 5760K, committed 5952K, reserved 425984K
}
Event: 5.269 GC heap before
{Heap before GC invocations=10 (full 2):
 PSYoungGen      total 67072K, used 66920K [0x00000007aab00000, 0x00000007b0e00000, 0x0000000800000000)
  eden space 62464K, 100% used [0x00000007aab00000,0x00000007ae800000,0x00000007ae800000)
  from space 4608K, 96% used [0x00000007ae980000,0x00000007aedda080,0x00000007aee00000)
  to   space 19456K, 0% used [0x00000007afb00000,0x00000007afb00000,0x00000007b0e00000)
 ParOldGen       total 175104K, used 30061K [0x0000000700000000, 0x000000070ab00000, 0x00000007aab00000)
  object space 175104K, 17% used [0x0000000700000000,0x0000000701d5b408,0x000000070ab00000)
 Metaspace       used 47584K, committed 48128K, reserved 491520K
  class space    used 6544K, committed 6784K, reserved 425984K
}
Event: 5.272 GC heap after
{Heap after GC invocations=10 (full 2):
 PSYoungGen      total 78848K, used 9256K [0x00000007aab00000, 0x00000007b0c00000, 0x0000000800000000)
  eden space 61440K, 0% used [0x00000007aab00000,0x00000007aab00000,0x00000007ae700000)
  from space 17408K, 53% used [0x00000007afb00000,0x00000007b040a070,0x00000007b0c00000)
  to   space 18944K, 0% used [0x00000007ae700000,0x00000007ae700000,0x00000007af980000)
 ParOldGen       total 175104K, used 30069K [0x0000000700000000, 0x000000070ab00000, 0x00000007aab00000)
  object space 175104K, 17% used [0x0000000700000000,0x0000000701d5d408,0x000000070ab00000)
 Metaspace       used 47584K, committed 48128K, reserved 491520K
  class space    used 6544K, committed 6784K, reserved 425984K
}
Event: 5.832 GC heap before
{Heap before GC invocations=11 (full 2):
 PSYoungGen      total 78848K, used 70696K [0x00000007aab00000, 0x00000007b0c00000, 0x0000000800000000)
  eden space 61440K, 100% used [0x00000007aab00000,0x00000007ae700000,0x00000007ae700000)
  from space 17408K, 53% used [0x00000007afb00000,0x00000007b040a070,0x00000007b0c00000)
  to   space 18944K, 0% used [0x00000007ae700000,0x00000007ae700000,0x00000007af980000)
 ParOldGen       total 175104K, used 30069K [0x0000000700000000, 0x000000070ab00000, 0x00000007aab00000)
  object space 175104K, 17% used [0x0000000700000000,0x0000000701d5d408,0x000000070ab00000)
 Metaspace       used 50918K, committed 51520K, reserved 491520K
  class space    used 7023K, committed 7296K, reserved 425984K
}
Event: 5.836 GC heap after
{Heap after GC invocations=11 (full 2):
 PSYoungGen      total 79360K, used 14952K [0x00000007aab00000, 0x00000007b0d00000, 0x0000000800000000)
  eden space 60416K, 0% used [0x00000007aab00000,0x00000007aab00000,0x00000007ae600000)
  from space 18944K, 78% used [0x00000007ae700000,0x00000007af59a090,0x00000007af980000)
  to   space 19968K, 0% used [0x00000007af980000,0x00000007af980000,0x00000007b0d00000)
 ParOldGen       total 175104K, used 30077K [0x0000000700000000, 0x000000070ab00000, 0x00000007aab00000)
  object space 175104K, 17% used [0x0000000700000000,0x0000000701d5f408,0x000000070ab00000)
 Metaspace       used 50918K, committed 51520K, reserved 491520K
  class space    used 7023K, committed 7296K, reserved 425984K
}
Event: 5.970 GC heap before
{Heap before GC invocations=12 (full 2):
 PSYoungGen      total 79360K, used 75368K [0x00000007aab00000, 0x00000007b0d00000, 0x0000000800000000)
  eden space 60416K, 100% used [0x00000007aab00000,0x00000007ae600000,0x00000007ae600000)
  from space 18944K, 78% used [0x00000007ae700000,0x00000007af59a090,0x00000007af980000)
  to   space 19968K, 0% used [0x00000007af980000,0x00000007af980000,0x00000007b0d00000)
 ParOldGen       total 175104K, used 30077K [0x0000000700000000, 0x000000070ab00000, 0x00000007aab00000)
  object space 175104K, 17% used [0x0000000700000000,0x0000000701d5f408,0x000000070ab00000)
 Metaspace       used 51387K, committed 51904K, reserved 491520K
  class space    used 7048K, committed 7296K, reserved 425984K
}
Event: 5.975 GC heap after
{Heap after GC invocations=12 (full 2):
 PSYoungGen      total 80896K, used 9280K [0x00000007aab00000, 0x00000007b2f80000, 0x0000000800000000)
  eden space 60928K, 0% used [0x00000007aab00000,0x00000007aab00000,0x00000007ae680000)
  from space 19968K, 46% used [0x00000007af980000,0x00000007b0290020,0x00000007b0d00000)
  to   space 19456K, 0% used [0x00000007ae680000,0x00000007ae680000,0x00000007af980000)
 ParOldGen       total 175104K, used 37307K [0x0000000700000000, 0x000000070ab00000, 0x00000007aab00000)
  object space 175104K, 21% used [0x0000000700000000,0x000000070246efe0,0x000000070ab00000)
 Metaspace       used 51387K, committed 51904K, reserved 491520K
  class space    used 7048K, committed 7296K, reserved 425984K
}

