# JRE version: OpenJDK Runtime Environment Temurin-17.0.19+10 (17.0.19+10) (build 17.0.19+10)
# Java VM: OpenJDK 64-Bit Server VM Temurin-17.0.19+10 (17.0.19+10, mixed mode, sharing, tiered, compressed oops, compressed class ptrs, parallel gc, windows-amd64)
GC Precious Log:
 CPUs: 24 total, 24 available
 Memory: 14029M
 Large Page Support: Disabled
 NUMA Support: Disabled
 Compressed Oops: Enabled (Zero based)
 Alignments: Space 512K, Generation 512K, Heap 2M
 Heap Min Capacity: 256M
 Heap Initial Capacity: 256M
 Heap Max Capacity: 4G
 Pre-touch: Disabled
 Parallel Workers: 18
Heap:
 PSYoungGen      total 640512K, used 321506K [0x00000007aab00000, 0x00000007e1380000, 0x0000000800000000)
  eden space 451584K, 36% used [0x00000007aab00000,0x00000007b4a79398,0x00000007c6400000)
  from space 188928K, 83% used [0x00000007d2f00000,0x00000007dc97f7d0,0x00000007de780000)
  to   space 207872K, 0% used [0x00000007c6400000,0x00000007c6400000,0x00000007d2f00000)
 ParOldGen       total 674816K, used 533645K [0x0000000700000000, 0x0000000729300000, 0x00000007aab00000)
  object space 674816K, 79% used [0x0000000700000000,0x0000000720923680,0x0000000729300000)
 Metaspace       used 220722K, committed 222336K, reserved 622592K
  class space    used 28624K, committed 29376K, reserved 425984K
GC Heap History (20 events):
Event: 32.907 GC heap before
{Heap before GC invocations=29 (full 6):
 PSYoungGen      total 410624K, used 410619K [0x00000007aab00000, 0x00000007d6000000, 0x0000000800000000)
  eden space 394240K, 100% used [0x00000007aab00000,0x00000007c2c00000,0x00000007c2c00000)
  from space 16384K, 99% used [0x00000007c9400000,0x00000007ca3fef90,0x00000007ca400000)
  to   space 106496K, 0% used [0x00000007c2c00000,0x00000007c2c00000,0x00000007c9400000)
 ParOldGen       total 387072K, used 371864K [0x0000000700000000, 0x0000000717a00000, 0x00000007aab00000)
  object space 387072K, 96% used [0x0000000700000000,0x0000000716b26368,0x0000000717a00000)
 Metaspace       used 168818K, committed 170112K, reserved 622592K
  class space    used 21516K, committed 22080K, reserved 425984K
}
Event: 33.278 GC heap after
{Heap after GC invocations=29 (full 6):
 PSYoungGen      total 500736K, used 61756K [0x00000007aab00000, 0x00000007d2500000, 0x0000000800000000)
  eden space 394240K, 15% used [0x00000007aab00000,0x00000007ae74f280,0x00000007c2c00000)
  from space 106496K, 0% used [0x00000007c2c00000,0x00000007c2c00000,0x00000007c9400000)
  to   space 16384K, 0% used [0x00000007c9400000,0x00000007c9400000,0x00000007ca400000)
 ParOldGen       total 674816K, used 387051K [0x0000000700000000, 0x0000000729300000, 0x00000007aab00000)
  object space 674816K, 57% used [0x0000000700000000,0x00000007179fae48,0x0000000729300000)
 Metaspace       used 168818K, committed 170112K, reserved 622592K
  class space    used 21516K, committed 22080K, reserved 425984K
}
Event: 36.695 GC heap before
{Heap before GC invocations=30 (full 6):
 PSYoungGen      total 500736K, used 394240K [0x00000007aab00000, 0x00000007d2500000, 0x0000000800000000)
  eden space 394240K, 100% used [0x00000007aab00000,0x00000007c2c00000,0x00000007c2c00000)
  from space 106496K, 0% used [0x00000007c2c00000,0x00000007c2c00000,0x00000007c9400000)
  to   space 16384K, 0% used [0x00000007c9400000,0x00000007c9400000,0x00000007ca400000)
 ParOldGen       total 674816K, used 387051K [0x0000000700000000, 0x0000000729300000, 0x00000007aab00000)
  object space 674816K, 57% used [0x0000000700000000,0x00000007179fae48,0x0000000729300000)
 Metaspace       used 172657K, committed 173952K, reserved 622592K
  class space    used 21894K, committed 22464K, reserved 425984K
}
Event: 36.773 GC heap after
{Heap after GC invocations=30 (full 6):
 PSYoungGen      total 376832K, used 16358K [0x00000007aab00000, 0x00000007d6400000, 0x0000000800000000)
  eden space 360448K, 0% used [0x00000007aab00000,0x00000007aab00000,0x00000007c0b00000)
  from space 16384K, 99% used [0x00000007c9400000,0x00000007ca3f9a60,0x00000007ca400000)
  to   space 140288K, 0% used [0x00000007c0b00000,0x00000007c0b00000,0x00000007c9400000)
 ParOldGen       total 674816K, used 517425K [0x0000000700000000, 0x0000000729300000, 0x00000007aab00000)
  object space 674816K, 76% used [0x0000000700000000,0x000000071f94c768,0x0000000729300000)
 Metaspace       used 172657K, committed 173952K, reserved 622592K
  class space    used 21894K, committed 22464K, reserved 425984K
}
Event: 41.398 GC heap before
{Heap before GC invocations=31 (full 6):
 PSYoungGen      total 376832K, used 376806K [0x00000007aab00000, 0x00000007d6400000, 0x0000000800000000)
  eden space 360448K, 100% used [0x00000007aab00000,0x00000007c0b00000,0x00000007c0b00000)
  from space 16384K, 99% used [0x00000007c9400000,0x00000007ca3f9a60,0x00000007ca400000)
  to   space 140288K, 0% used [0x00000007c0b00000,0x00000007c0b00000,0x00000007c9400000)
 ParOldGen       total 674816K, used 517425K [0x0000000700000000, 0x0000000729300000, 0x00000007aab00000)
  object space 674816K, 76% used [0x0000000700000000,0x000000071f94c768,0x0000000729300000)
 Metaspace       used 184521K, committed 185792K, reserved 622592K
  class space    used 23108K, committed 23680K, reserved 425984K
}
Event: 41.427 GC heap after
{Heap after GC invocations=31 (full 6):
 PSYoungGen      total 500736K, used 63668K [0x00000007aab00000, 0x00000007d2e80000, 0x0000000800000000)
  eden space 360448K, 0% used [0x00000007aab00000,0x00000007aab00000,0x00000007c0b00000)
  from space 140288K, 45% used [0x00000007c0b00000,0x00000007c492d0c8,0x00000007c9400000)
  to   space 137216K, 0% used [0x00000007ca880000,0x00000007ca880000,0x00000007d2e80000)
 ParOldGen       total 674816K, used 533581K [0x0000000700000000, 0x0000000729300000, 0x00000007aab00000)
  object space 674816K, 79% used [0x0000000700000000,0x0000000720913680,0x0000000729300000)
 Metaspace       used 184521K, committed 185792K, reserved 622592K
  class space    used 23108K, committed 23680K, reserved 425984K
}
Event: 46.309 GC heap before
{Heap before GC invocations=32 (full 6):
 PSYoungGen      total 500736K, used 424116K [0x00000007aab00000, 0x00000007d2e80000, 0x0000000800000000)
  eden space 360448K, 100% used [0x00000007aab00000,0x00000007c0b00000,0x00000007c0b00000)
  from space 140288K, 45% used [0x00000007c0b00000,0x00000007c492d0c8,0x00000007c9400000)
  to   space 137216K, 0% used [0x00000007ca880000,0x00000007ca880000,0x00000007d2e80000)
 ParOldGen       total 674816K, used 533581K [0x0000000700000000, 0x0000000729300000, 0x00000007aab00000)
  object space 674816K, 79% used [0x0000000700000000,0x0000000720913680,0x0000000729300000)
 Metaspace       used 189332K, committed 190656K, reserved 622592K
  class space    used 23603K, committed 24192K, reserved 425984K
}
Event: 46.371 GC heap after
{Heap after GC invocations=32 (full 6):
 PSYoungGen      total 519680K, used 77971K [0x00000007aab00000, 0x00000007d3380000, 0x0000000800000000)
  eden space 382464K, 0% used [0x00000007aab00000,0x00000007aab00000,0x00000007c2080000)
  from space 137216K, 56% used [0x00000007ca880000,0x00000007cf4a4f10,0x00000007d2e80000)
  to   space 139264K, 0% used [0x00000007c2080000,0x00000007c2080000,0x00000007ca880000)
 ParOldGen       total 674816K, used 533589K [0x0000000700000000, 0x0000000729300000, 0x00000007aab00000)
  object space 674816K, 79% used [0x0000000700000000,0x0000000720915680,0x0000000729300000)
 Metaspace       used 189332K, committed 190656K, reserved 622592K
  class space    used 23603K, committed 24192K, reserved 425984K
}
Event: 48.595 GC heap before
{Heap before GC invocations=33 (full 6):
 PSYoungGen      total 519680K, used 460435K [0x00000007aab00000, 0x00000007d3380000, 0x0000000800000000)
  eden space 382464K, 100% used [0x00000007aab00000,0x00000007c2080000,0x00000007c2080000)
  from space 137216K, 56% used [0x00000007ca880000,0x00000007cf4a4f10,0x00000007d2e80000)
  to   space 139264K, 0% used [0x00000007c2080000,0x00000007c2080000,0x00000007ca880000)
 ParOldGen       total 674816K, used 533589K [0x0000000700000000, 0x0000000729300000, 0x00000007aab00000)
  object space 674816K, 79% used [0x0000000700000000,0x0000000720915680,0x0000000729300000)
 Metaspace       used 189905K, committed 191232K, reserved 622592K
  class space    used 23641K, committed 24256K, reserved 425984K
}
Event: 48.638 GC heap after
{Heap after GC invocations=33 (full 6):
 PSYoungGen      total 521728K, used 85739K [0x00000007aab00000, 0x00000007d5600000, 0x0000000800000000)
  eden space 382464K, 0% used [0x00000007aab00000,0x00000007aab00000,0x00000007c2080000)
  from space 139264K, 61% used [0x00000007c2080000,0x00000007c743acf0,0x00000007ca880000)
  to   space 143360K, 0% used [0x00000007cca00000,0x00000007cca00000,0x00000007d5600000)
 ParOldGen       total 674816K, used 533597K [0x0000000700000000, 0x0000000729300000, 0x00000007aab00000)
  object space 674816K, 79% used [0x0000000700000000,0x0000000720917680,0x0000000729300000)
 Metaspace       used 189905K, committed 191232K, reserved 622592K
  class space    used 23641K, committed 24256K, reserved 425984K
}
Event: 50.696 GC heap before
{Heap before GC invocations=34 (full 6):
 PSYoungGen      total 521728K, used 468203K [0x00000007aab00000, 0x00000007d5600000, 0x0000000800000000)
  eden space 382464K, 100% used [0x00000007aab00000,0x00000007c2080000,0x00000007c2080000)
  from space 139264K, 61% used [0x00000007c2080000,0x00000007c743acf0,0x00000007ca880000)
  to   space 143360K, 0% used [0x00000007cca00000,0x00000007cca00000,0x00000007d5600000)
 ParOldGen       total 674816K, used 533597K [0x0000000700000000, 0x0000000729300000, 0x00000007aab00000)
  object space 674816K, 79% used [0x0000000700000000,0x0000000720917680,0x0000000729300000)
 Metaspace       used 190323K, committed 191680K, reserved 622592K
  class space    used 23655K, committed 24256K, reserved 425984K
}
Event: 50.752 GC heap after
{Heap after GC invocations=34 (full 6):
 PSYoungGen      total 550400K, used 93824K [0x00000007aab00000, 0x00000007d6600000, 0x0000000800000000)
  eden space 407040K, 0% used [0x00000007aab00000,0x00000007aab00000,0x00000007c3880000)
  from space 143360K, 65% used [0x00000007cca00000,0x00000007d25a0018,0x00000007d5600000)
  to   space 148992K, 0% used [0x00000007c3880000,0x00000007c3880000,0x00000007cca00000)
 ParOldGen       total 674816K, used 533605K [0x0000000700000000, 0x0000000729300000, 0x00000007aab00000)
  object space 674816K, 79% used [0x0000000700000000,0x0000000720919680,0x0000000729300000)
 Metaspace       used 190323K, committed 191680K, reserved 622592K
  class space    used 23655K, committed 24256K, reserved 425984K
}
Event: 53.169 GC heap before
{Heap before GC invocations=35 (full 6):
 PSYoungGen      total 550400K, used 500864K [0x00000007aab00000, 0x00000007d6600000, 0x0000000800000000)
  eden space 407040K, 100% used [0x00000007aab00000,0x00000007c3880000,0x00000007c3880000)
  from space 143360K, 65% used [0x00000007cca00000,0x00000007d25a0018,0x00000007d5600000)
  to   space 148992K, 0% used [0x00000007c3880000,0x00000007c3880000,0x00000007cca00000)
 ParOldGen       total 674816K, used 533605K [0x0000000700000000, 0x0000000729300000, 0x00000007aab00000)
  object space 674816K, 79% used [0x0000000700000000,0x0000000720919680,0x0000000729300000)
 Metaspace       used 193583K, committed 195008K, reserved 622592K
  class space    used 23968K, committed 24640K, reserved 425984K
}
Event: 53.224 GC heap after
{Heap after GC invocations=35 (full 6):
 PSYoungGen      total 556032K, used 99174K [0x00000007aab00000, 0x00000007d8d80000, 0x0000000800000000)
  eden space 407040K, 0% used [0x00000007aab00000,0x00000007aab00000,0x00000007c3880000)
  from space 148992K, 66% used [0x00000007c3880000,0x00000007c9959860,0x00000007cca00000)
  to   space 154624K, 0% used [0x00000007cf680000,0x00000007cf680000,0x00000007d8d80000)
 ParOldGen       total 674816K, used 533621K [0x0000000700000000, 0x0000000729300000, 0x00000007aab00000)
  object space 674816K, 79% used [0x0000000700000000,0x000000072091d680,0x0000000729300000)
 Metaspace       used 193583K, committed 195008K, reserved 622592K
  class space    used 23968K, committed 24640K, reserved 425984K
}
Event: 57.177 GC heap before
{Heap before GC invocations=36 (full 6):
 PSYoungGen      total 556032K, used 506214K [0x00000007aab00000, 0x00000007d8d80000, 0x0000000800000000)
  eden space 407040K, 100% used [0x00000007aab00000,0x00000007c3880000,0x00000007c3880000)
  from space 148992K, 66% used [0x00000007c3880000,0x00000007c9959860,0x00000007cca00000)
  to   space 154624K, 0% used [0x00000007cf680000,0x00000007cf680000,0x00000007d8d80000)
 ParOldGen       total 674816K, used 533621K [0x0000000700000000, 0x0000000729300000, 0x00000007aab00000)
  object space 674816K, 79% used [0x0000000700000000,0x000000072091d680,0x0000000729300000)
 Metaspace       used 195303K, committed 196672K, reserved 622592K
  class space    used 24207K, committed 24832K, reserved 425984K
}
Event: 57.257 GC heap after
{Heap after GC invocations=36 (full 6):
 PSYoungGen      total 587264K, used 125742K [0x00000007aab00000, 0x00000007daa80000, 0x0000000800000000)
  eden space 432640K, 0% used [0x00000007aab00000,0x00000007aab00000,0x00000007c5180000)
  from space 154624K, 81% used [0x00000007cf680000,0x00000007d714bb58,0x00000007d8d80000)
  to   space 168960K, 0% used [0x00000007c5180000,0x00000007c5180000,0x00000007cf680000)
 ParOldGen       total 674816K, used 533629K [0x0000000700000000, 0x0000000729300000, 0x00000007aab00000)
  object space 674816K, 79% used [0x0000000700000000,0x000000072091f680,0x0000000729300000)
 Metaspace       used 195303K, committed 196672K, reserved 622592K
  class space    used 24207K, committed 24832K, reserved 425984K
}
Event: 69.171 GC heap before
{Heap before GC invocations=37 (full 6):
 PSYoungGen      total 587264K, used 558382K [0x00000007aab00000, 0x00000007daa80000, 0x0000000800000000)
  eden space 432640K, 100% used [0x00000007aab00000,0x00000007c5180000,0x00000007c5180000)
  from space 154624K, 81% used [0x00000007cf680000,0x00000007d714bb58,0x00000007d8d80000)
  to   space 168960K, 0% used [0x00000007c5180000,0x00000007c5180000,0x00000007cf680000)
 ParOldGen       total 674816K, used 533629K [0x0000000700000000, 0x0000000729300000, 0x00000007aab00000)
  object space 674816K, 79% used [0x0000000700000000,0x000000072091f680,0x0000000729300000)
 Metaspace       used 200983K, committed 202560K, reserved 622592K
  class space    used 24937K, committed 25664K, reserved 425984K
}
Event: 69.233 GC heap after
{Heap after GC invocations=37 (full 6):
 PSYoungGen      total 601600K, used 150860K [0x00000007aab00000, 0x00000007de780000, 0x0000000800000000)
  eden space 432640K, 0% used [0x00000007aab00000,0x00000007aab00000,0x00000007c5180000)
  from space 168960K, 89% used [0x00000007c5180000,0x00000007ce4d3260,0x00000007cf680000)
  to   space 188928K, 0% used [0x00000007d2f00000,0x00000007d2f00000,0x00000007de780000)
 ParOldGen       total 674816K, used 533637K [0x0000000700000000, 0x0000000729300000, 0x00000007aab00000)
  object space 674816K, 79% used [0x0000000700000000,0x0000000720921680,0x0000000729300000)
 Metaspace       used 200983K, committed 202560K, reserved 622592K
  class space    used 24937K, committed 25664K, reserved 425984K
}
Event: 71.618 GC heap before
{Heap before GC invocations=38 (full 6):
 PSYoungGen      total 601600K, used 583500K [0x00000007aab00000, 0x00000007de780000, 0x0000000800000000)
  eden space 432640K, 100% used [0x00000007aab00000,0x00000007c5180000,0x00000007c5180000)
  from space 168960K, 89% used [0x00000007c5180000,0x00000007ce4d3260,0x00000007cf680000)
  to   space 188928K, 0% used [0x00000007d2f00000,0x00000007d2f00000,0x00000007de780000)
 ParOldGen       total 674816K, used 533637K [0x0000000700000000, 0x0000000729300000, 0x00000007aab00000)
  object space 674816K, 79% used [0x0000000700000000,0x0000000720921680,0x0000000729300000)
 Metaspace       used 207295K, committed 208832K, reserved 622592K
  class space    used 26031K, committed 26752K, reserved 425984K
}
Event: 71.699 GC heap after
{Heap after GC invocations=38 (full 6):
 PSYoungGen      total 640512K, used 158205K [0x00000007aab00000, 0x00000007e1380000, 0x0000000800000000)
  eden space 451584K, 0% used [0x00000007aab00000,0x00000007aab00000,0x00000007c6400000)
  from space 188928K, 83% used [0x00000007d2f00000,0x00000007dc97f7d0,0x00000007de780000)
  to   space 207872K, 0% used [0x00000007c6400000,0x00000007c6400000,0x00000007d2f00000)
 ParOldGen       total 674816K, used 533645K [0x0000000700000000, 0x0000000729300000, 0x00000007aab00000)
  object space 674816K, 79% used [0x0000000700000000,0x0000000720923680,0x0000000729300000)
 Metaspace       used 207295K, committed 208832K, reserved 622592K
  class space    used 26031K, committed 26752K, reserved 425984K
}

