# JRE version: OpenJDK Runtime Environment Temurin-17.0.19+10 (17.0.19+10) (build 17.0.19+10)
# Java VM: OpenJDK 64-Bit Server VM Temurin-17.0.19+10 (17.0.19+10, mixed mode, sharing, tiered, compressed oops, compressed class ptrs, parallel gc, windows-amd64)
GC Precious Log:
 CPUs: 24 total, 24 available
 Memory: 14029M
 Large Page Support: Disabled
 NUMA Support: Disabled
 Compressed Oops: Enabled (Zero based)
 Alignments: Space 512K, Generation 512K, Heap 2M
 Heap Min Capacity: 256M
 Heap Initial Capacity: 256M
 Heap Max Capacity: 4G
 Pre-touch: Disabled
 Parallel Workers: 18
Heap:
 PSYoungGen      total 335872K, used 138146K [0x00000007aab00000, 0x00000007c6e80000, 0x0000000800000000)
  eden space 239616K, 28% used [0x00000007aab00000,0x00000007aec85510,0x00000007b9500000)
  from space 96256K, 73% used [0x00000007b9500000,0x00000007bda63438,0x00000007bf300000)
  to   space 100864K, 0% used [0x00000007c0c00000,0x00000007c0c00000,0x00000007c6e80000)
 ParOldGen       total 841216K, used 524732K [0x0000000700000000, 0x0000000733580000, 0x00000007aab00000)
  object space 841216K, 62% used [0x0000000700000000,0x000000072006f2f0,0x0000000733580000)
 Metaspace       used 191292K, committed 192704K, reserved 622592K
  class space    used 23574K, committed 24256K, reserved 425984K
GC Heap History (20 events):
Event: 26.191 GC heap before
{Heap before GC invocations=41 (full 6):
 PSYoungGen      total 238080K, used 214299K [0x00000007aab00000, 0x00000007be000000, 0x0000000800000000)
  eden space 178688K, 100% used [0x00000007aab00000,0x00000007b5980000,0x00000007b5980000)
  from space 59392K, 59% used [0x00000007b9580000,0x00000007bb846e48,0x00000007bcf80000)
  to   space 61440K, 0% used [0x00000007b5980000,0x00000007b5980000,0x00000007b9580000)
 ParOldGen       total 524800K, used 336536K [0x0000000700000000, 0x0000000720080000, 0x00000007aab00000)
  object space 524800K, 64% used [0x0000000700000000,0x00000007148a63e8,0x0000000720080000)
 Metaspace       used 164910K, committed 166080K, reserved 622592K
  class space    used 21012K, committed 21568K, reserved 425984K
}
Event: 26.206 GC heap after
{Heap after GC invocations=41 (full 6):
 PSYoungGen      total 240128K, used 61431K [0x00000007aab00000, 0x00000007bf980000, 0x0000000800000000)
  eden space 178688K, 0% used [0x00000007aab00000,0x00000007aab00000,0x00000007b5980000)
  from space 61440K, 99% used [0x00000007b5980000,0x00000007b957dd08,0x00000007b9580000)
  to   space 74752K, 0% used [0x00000007bb080000,0x00000007bb080000,0x00000007bf980000)
 ParOldGen       total 524800K, used 345512K [0x0000000700000000, 0x0000000720080000, 0x00000007aab00000)
  object space 524800K, 65% used [0x0000000700000000,0x000000071516a2f0,0x0000000720080000)
 Metaspace       used 164910K, committed 166080K, reserved 622592K
  class space    used 21012K, committed 21568K, reserved 425984K
}
Event: 27.833 GC heap before
{Heap before GC invocations=42 (full 6):
 PSYoungGen      total 240128K, used 240119K [0x00000007aab00000, 0x00000007bf980000, 0x0000000800000000)
  eden space 178688K, 100% used [0x00000007aab00000,0x00000007b5980000,0x00000007b5980000)
  from space 61440K, 99% used [0x00000007b5980000,0x00000007b957dd08,0x00000007b9580000)
  to   space 74752K, 0% used [0x00000007bb080000,0x00000007bb080000,0x00000007bf980000)
 ParOldGen       total 524800K, used 345512K [0x0000000700000000, 0x0000000720080000, 0x00000007aab00000)
  object space 524800K, 65% used [0x0000000700000000,0x000000071516a2f0,0x0000000720080000)
 Metaspace       used 168099K, committed 169280K, reserved 622592K
  class space    used 21193K, committed 21760K, reserved 425984K
}
Event: 27.866 GC heap after
{Heap after GC invocations=42 (full 6):
 PSYoungGen      total 265728K, used 37100K [0x00000007aab00000, 0x00000007bf700000, 0x0000000800000000)
  eden space 193536K, 0% used [0x00000007aab00000,0x00000007aab00000,0x00000007b6800000)
  from space 72192K, 51% used [0x00000007bb080000,0x00000007bd4bb018,0x00000007bf700000)
  to   space 73216K, 0% used [0x00000007b6800000,0x00000007b6800000,0x00000007baf80000)
 ParOldGen       total 524800K, used 406198K [0x0000000700000000, 0x0000000720080000, 0x00000007aab00000)
  object space 524800K, 77% used [0x0000000700000000,0x0000000718cad958,0x0000000720080000)
 Metaspace       used 168099K, committed 169280K, reserved 622592K
  class space    used 21193K, committed 21760K, reserved 425984K
}
Event: 29.027 GC heap before
{Heap before GC invocations=43 (full 6):
 PSYoungGen      total 265728K, used 230636K [0x00000007aab00000, 0x00000007bf700000, 0x0000000800000000)
  eden space 193536K, 100% used [0x00000007aab00000,0x00000007b6800000,0x00000007b6800000)
  from space 72192K, 51% used [0x00000007bb080000,0x00000007bd4bb018,0x00000007bf700000)
  to   space 73216K, 0% used [0x00000007b6800000,0x00000007b6800000,0x00000007baf80000)
 ParOldGen       total 524800K, used 406198K [0x0000000700000000, 0x0000000720080000, 0x00000007aab00000)
  object space 524800K, 77% used [0x0000000700000000,0x0000000718cad958,0x0000000720080000)
 Metaspace       used 168797K, committed 169984K, reserved 622592K
  class space    used 21242K, committed 21824K, reserved 425984K
}
Event: 29.046 GC heap after
{Heap after GC invocations=43 (full 6):
 PSYoungGen      total 266752K, used 73203K [0x00000007aab00000, 0x00000007c2800000, 0x0000000800000000)
  eden space 193536K, 0% used [0x00000007aab00000,0x00000007aab00000,0x00000007b6800000)
  from space 73216K, 99% used [0x00000007b6800000,0x00000007baf7cc28,0x00000007baf80000)
  to   space 90624K, 0% used [0x00000007bcf80000,0x00000007bcf80000,0x00000007c2800000)
 ParOldGen       total 524800K, used 422152K [0x0000000700000000, 0x0000000720080000, 0x00000007aab00000)
  object space 524800K, 80% used [0x0000000700000000,0x0000000719c42028,0x0000000720080000)
 Metaspace       used 168797K, committed 169984K, reserved 622592K
  class space    used 21242K, committed 21824K, reserved 425984K
}
Event: 31.000 GC heap before
{Heap before GC invocations=44 (full 6):
 PSYoungGen      total 266752K, used 266739K [0x00000007aab00000, 0x00000007c2800000, 0x0000000800000000)
  eden space 193536K, 100% used [0x00000007aab00000,0x00000007b6800000,0x00000007b6800000)
  from space 73216K, 99% used [0x00000007b6800000,0x00000007baf7cc28,0x00000007baf80000)
  to   space 90624K, 0% used [0x00000007bcf80000,0x00000007bcf80000,0x00000007c2800000)
 ParOldGen       total 524800K, used 422152K [0x0000000700000000, 0x0000000720080000, 0x00000007aab00000)
  object space 524800K, 80% used [0x0000000700000000,0x0000000719c42028,0x0000000720080000)
 Metaspace       used 174137K, committed 175360K, reserved 622592K
  class space    used 21795K, committed 22400K, reserved 425984K
}
Event: 31.048 GC heap after
{Heap after GC invocations=44 (full 6):
 PSYoungGen      total 298496K, used 47599K [0x00000007aab00000, 0x00000007c2600000, 0x0000000800000000)
  eden space 209920K, 0% used [0x00000007aab00000,0x00000007aab00000,0x00000007b7800000)
  from space 88576K, 53% used [0x00000007bcf80000,0x00000007bfdfbc10,0x00000007c2600000)
  to   space 89088K, 0% used [0x00000007b7800000,0x00000007b7800000,0x00000007bcf00000)
 ParOldGen       total 524800K, used 495302K [0x0000000700000000, 0x0000000720080000, 0x00000007aab00000)
  object space 524800K, 94% used [0x0000000700000000,0x000000071e3b1b50,0x0000000720080000)
 Metaspace       used 174137K, committed 175360K, reserved 622592K
  class space    used 21795K, committed 22400K, reserved 425984K
}
Event: 33.145 GC heap before
{Heap before GC invocations=45 (full 7):
 PSYoungGen      total 298496K, used 257519K [0x00000007aab00000, 0x00000007c2600000, 0x0000000800000000)
  eden space 209920K, 100% used [0x00000007aab00000,0x00000007b7800000,0x00000007b7800000)
  from space 88576K, 53% used [0x00000007bcf80000,0x00000007bfdfbc10,0x00000007c2600000)
  to   space 89088K, 0% used [0x00000007b7800000,0x00000007b7800000,0x00000007bcf00000)
 ParOldGen       total 524800K, used 495302K [0x0000000700000000, 0x0000000720080000, 0x00000007aab00000)
  object space 524800K, 94% used [0x0000000700000000,0x000000071e3b1b50,0x0000000720080000)
 Metaspace       used 183191K, committed 184512K, reserved 622592K
  class space    used 22759K, committed 23424K, reserved 425984K
}
Event: 33.565 GC heap after
{Heap after GC invocations=45 (full 7):
 PSYoungGen      total 299008K, used 41281K [0x00000007aab00000, 0x00000007c3700000, 0x0000000800000000)
  eden space 210432K, 0% used [0x00000007aab00000,0x00000007aab00000,0x00000007b7880000)
  from space 88576K, 46% used [0x00000007bcf80000,0x00000007bf7d05c8,0x00000007c2600000)
  to   space 89088K, 0% used [0x00000007b7880000,0x00000007b7880000,0x00000007bcf80000)
 ParOldGen       total 841216K, used 524692K [0x0000000700000000, 0x0000000733580000, 0x00000007aab00000)
  object space 841216K, 62% used [0x0000000700000000,0x00000007200652f0,0x0000000733580000)
 Metaspace       used 183191K, committed 184512K, reserved 622592K
  class space    used 22759K, committed 23424K, reserved 425984K
}
Event: 34.830 GC heap before
{Heap before GC invocations=46 (full 7):
 PSYoungGen      total 299008K, used 251713K [0x00000007aab00000, 0x00000007c3700000, 0x0000000800000000)
  eden space 210432K, 100% used [0x00000007aab00000,0x00000007b7880000,0x00000007b7880000)
  from space 88576K, 46% used [0x00000007bcf80000,0x00000007bf7d05c8,0x00000007c2600000)
  to   space 89088K, 0% used [0x00000007b7880000,0x00000007b7880000,0x00000007bcf80000)
 ParOldGen       total 841216K, used 524692K [0x0000000700000000, 0x0000000733580000, 0x00000007aab00000)
  object space 841216K, 62% used [0x0000000700000000,0x00000007200652f0,0x0000000733580000)
 Metaspace       used 187007K, committed 188352K, reserved 622592K
  class space    used 23224K, committed 23872K, reserved 425984K
}
Event: 34.869 GC heap after
{Heap after GC invocations=46 (full 7):
 PSYoungGen      total 299520K, used 52404K [0x00000007aab00000, 0x00000007c3700000, 0x0000000800000000)
  eden space 210432K, 0% used [0x00000007aab00000,0x00000007aab00000,0x00000007b7880000)
  from space 89088K, 58% used [0x00000007b7880000,0x00000007babad3f0,0x00000007bcf80000)
  to   space 89600K, 0% used [0x00000007bdf80000,0x00000007bdf80000,0x00000007c3700000)
 ParOldGen       total 841216K, used 524700K [0x0000000700000000, 0x0000000733580000, 0x00000007aab00000)
  object space 841216K, 62% used [0x0000000700000000,0x00000007200672f0,0x0000000733580000)
 Metaspace       used 187007K, committed 188352K, reserved 622592K
  class space    used 23224K, committed 23872K, reserved 425984K
}
Event: 35.535 GC heap before
{Heap before GC invocations=47 (full 7):
 PSYoungGen      total 299520K, used 262836K [0x00000007aab00000, 0x00000007c3700000, 0x0000000800000000)
  eden space 210432K, 100% used [0x00000007aab00000,0x00000007b7880000,0x00000007b7880000)
  from space 89088K, 58% used [0x00000007b7880000,0x00000007babad3f0,0x00000007bcf80000)
  to   space 89600K, 0% used [0x00000007bdf80000,0x00000007bdf80000,0x00000007c3700000)
 ParOldGen       total 841216K, used 524700K [0x0000000700000000, 0x0000000733580000, 0x00000007aab00000)
  object space 841216K, 62% used [0x0000000700000000,0x00000007200672f0,0x0000000733580000)
 Metaspace       used 187796K, committed 189120K, reserved 622592K
  class space    used 23285K, committed 23936K, reserved 425984K
}
Event: 35.555 GC heap after
{Heap after GC invocations=47 (full 7):
 PSYoungGen      total 314368K, used 56868K [0x00000007aab00000, 0x00000007c3c00000, 0x0000000800000000)
  eden space 224768K, 0% used [0x00000007aab00000,0x00000007aab00000,0x00000007b8680000)
  from space 89600K, 63% used [0x00000007bdf80000,0x00000007c1709000,0x00000007c3700000)
  to   space 91136K, 0% used [0x00000007b8680000,0x00000007b8680000,0x00000007bdf80000)
 ParOldGen       total 841216K, used 524708K [0x0000000700000000, 0x0000000733580000, 0x00000007aab00000)
  object space 841216K, 62% used [0x0000000700000000,0x00000007200692f0,0x0000000733580000)
 Metaspace       used 187796K, committed 189120K, reserved 622592K
  class space    used 23285K, committed 23936K, reserved 425984K
}
Event: 36.107 GC heap before
{Heap before GC invocations=48 (full 7):
 PSYoungGen      total 314368K, used 281636K [0x00000007aab00000, 0x00000007c3c00000, 0x0000000800000000)
  eden space 224768K, 100% used [0x00000007aab00000,0x00000007b8680000,0x00000007b8680000)
  from space 89600K, 63% used [0x00000007bdf80000,0x00000007c1709000,0x00000007c3700000)
  to   space 91136K, 0% used [0x00000007b8680000,0x00000007b8680000,0x00000007bdf80000)
 ParOldGen       total 841216K, used 524708K [0x0000000700000000, 0x0000000733580000, 0x00000007aab00000)
  object space 841216K, 62% used [0x0000000700000000,0x00000007200692f0,0x0000000733580000)
 Metaspace       used 188002K, committed 189312K, reserved 622592K
  class space    used 23285K, committed 23936K, reserved 425984K
}
Event: 36.120 GC heap after
{Heap after GC invocations=48 (full 7):
 PSYoungGen      total 315904K, used 61047K [0x00000007aab00000, 0x00000007c4e80000, 0x0000000800000000)
  eden space 224768K, 0% used [0x00000007aab00000,0x00000007aab00000,0x00000007b8680000)
  from space 91136K, 66% used [0x00000007b8680000,0x00000007bc21df80,0x00000007bdf80000)
  to   space 93696K, 0% used [0x00000007bf300000,0x00000007bf300000,0x00000007c4e80000)
 ParOldGen       total 841216K, used 524716K [0x0000000700000000, 0x0000000733580000, 0x00000007aab00000)
  object space 841216K, 62% used [0x0000000700000000,0x000000072006b2f0,0x0000000733580000)
 Metaspace       used 188002K, committed 189312K, reserved 622592K
  class space    used 23285K, committed 23936K, reserved 425984K
}
Event: 36.491 GC heap before
{Heap before GC invocations=49 (full 7):
 PSYoungGen      total 315904K, used 285815K [0x00000007aab00000, 0x00000007c4e80000, 0x0000000800000000)
  eden space 224768K, 100% used [0x00000007aab00000,0x00000007b8680000,0x00000007b8680000)
  from space 91136K, 66% used [0x00000007b8680000,0x00000007bc21df80,0x00000007bdf80000)
  to   space 93696K, 0% used [0x00000007bf300000,0x00000007bf300000,0x00000007c4e80000)
 ParOldGen       total 841216K, used 524716K [0x0000000700000000, 0x0000000733580000, 0x00000007aab00000)
  object space 841216K, 62% used [0x0000000700000000,0x000000072006b2f0,0x0000000733580000)
 Metaspace       used 188072K, committed 189376K, reserved 622592K
  class space    used 23286K, committed 23936K, reserved 425984K
}
Event: 36.509 GC heap after
{Heap after GC invocations=49 (full 7):
 PSYoungGen      total 333312K, used 64005K [0x00000007aab00000, 0x00000007c5680000, 0x0000000800000000)
  eden space 239616K, 0% used [0x00000007aab00000,0x00000007aab00000,0x00000007b9500000)
  from space 93696K, 68% used [0x00000007bf300000,0x00000007c3181548,0x00000007c4e80000)
  to   space 96256K, 0% used [0x00000007b9500000,0x00000007b9500000,0x00000007bf300000)
 ParOldGen       total 841216K, used 524724K [0x0000000700000000, 0x0000000733580000, 0x00000007aab00000)
  object space 841216K, 62% used [0x0000000700000000,0x000000072006d2f0,0x0000000733580000)
 Metaspace       used 188072K, committed 189376K, reserved 622592K
  class space    used 23286K, committed 23936K, reserved 425984K
}
Event: 37.219 GC heap before
{Heap before GC invocations=50 (full 7):
 PSYoungGen      total 333312K, used 303621K [0x00000007aab00000, 0x00000007c5680000, 0x0000000800000000)
  eden space 239616K, 100% used [0x00000007aab00000,0x00000007b9500000,0x00000007b9500000)
  from space 93696K, 68% used [0x00000007bf300000,0x00000007c3181548,0x00000007c4e80000)
  to   space 96256K, 0% used [0x00000007b9500000,0x00000007b9500000,0x00000007bf300000)
 ParOldGen       total 841216K, used 524724K [0x0000000700000000, 0x0000000733580000, 0x00000007aab00000)
  object space 841216K, 62% used [0x0000000700000000,0x000000072006d2f0,0x0000000733580000)
 Metaspace       used 189766K, committed 191104K, reserved 622592K
  class space    used 23445K, committed 24128K, reserved 425984K
}
Event: 37.350 GC heap after
{Heap after GC invocations=50 (full 7):
 PSYoungGen      total 335872K, used 71053K [0x00000007aab00000, 0x00000007c6e80000, 0x0000000800000000)
  eden space 239616K, 0% used [0x00000007aab00000,0x00000007aab00000,0x00000007b9500000)
  from space 96256K, 73% used [0x00000007b9500000,0x00000007bda63438,0x00000007bf300000)
  to   space 100864K, 0% used [0x00000007c0c00000,0x00000007c0c00000,0x00000007c6e80000)
 ParOldGen       total 841216K, used 524732K [0x0000000700000000, 0x0000000733580000, 0x00000007aab00000)
  object space 841216K, 62% used [0x0000000700000000,0x000000072006f2f0,0x0000000733580000)
 Metaspace       used 189766K, committed 191104K, reserved 622592K
  class space    used 23445K, committed 24128K, reserved 425984K
}

