# JRE version: OpenJDK Runtime Environment Temurin-17.0.19+10 (17.0.19+10) (build 17.0.19+10)
# Java VM: OpenJDK 64-Bit Server VM Temurin-17.0.19+10 (17.0.19+10, mixed mode, sharing, tiered, compressed oops, compressed class ptrs, parallel gc, windows-amd64)
GC Precious Log:
 CPUs: 24 total, 24 available
 Memory: 14029M
 Large Page Support: Disabled
 NUMA Support: Disabled
 Compressed Oops: Enabled (Zero based)
 Alignments: Space 512K, Generation 512K, Heap 2M
 Heap Min Capacity: 256M
 Heap Initial Capacity: 256M
 Heap Max Capacity: 4G
 Pre-touch: Disabled
 Parallel Workers: 18
Heap:
 PSYoungGen      total 941568K, used 673875K [0x00000007aab00000, 0x00000007fea00000, 0x0000000800000000)
  eden space 507904K, 100% used [0x00000007aab00000,0x00000007c9b00000,0x00000007c9b00000)
  from space 433664K, 38% used [0x00000007e4280000,0x00000007ee494e20,0x00000007fea00000)
  to   space 433664K, 13% used [0x00000007c9b00000,0x00000007cd6448a0,0x00000007e4280000)
 ParOldGen       total 2019328K, used 1541858K [0x0000000700000000, 0x000000077b400000, 0x00000007aab00000)
  object space 2019328K, 76% used [0x0000000700000000,0x000000075e1ba980,0x000000077b400000)
 Metaspace       used 306986K, committed 308736K, reserved 753664K
  class space    used 37847K, committed 38656K, reserved 425984K
GC Heap History (20 events):
Event: 168.720 GC heap after
{Heap after GC invocations=81 (full 9):
 PSYoungGen      total 821760K, used 82774K [0x00000007aab00000, 0x00000007e7a00000, 0x0000000800000000)
  eden space 654336K, 0% used [0x00000007aab00000,0x00000007aab00000,0x00000007d2a00000)
  from space 167424K, 49% used [0x00000007dd680000,0x00000007e2755ae0,0x00000007e7a00000)
  to   space 172032K, 0% used [0x00000007d2a00000,0x00000007d2a00000,0x00000007dd200000)
 ParOldGen       total 1499136K, used 1099327K [0x0000000700000000, 0x000000075b800000, 0x00000007aab00000)
  object space 1499136K, 73% used [0x0000000700000000,0x000000074318fce0,0x000000075b800000)
 Metaspace       used 282751K, committed 284544K, reserved 688128K
  class space    used 34760K, committed 35584K, reserved 425984K
}
Event: 172.161 GC heap before
{Heap before GC invocations=82 (full 9):
 PSYoungGen      total 821760K, used 737110K [0x00000007aab00000, 0x00000007e7a00000, 0x0000000800000000)
  eden space 654336K, 100% used [0x00000007aab00000,0x00000007d2a00000,0x00000007d2a00000)
  from space 167424K, 49% used [0x00000007dd680000,0x00000007e2755ae0,0x00000007e7a00000)
  to   space 172032K, 0% used [0x00000007d2a00000,0x00000007d2a00000,0x00000007dd200000)
 ParOldGen       total 1499136K, used 1099327K [0x0000000700000000, 0x000000075b800000, 0x00000007aab00000)
  object space 1499136K, 73% used [0x0000000700000000,0x000000074318fce0,0x000000075b800000)
 Metaspace       used 287177K, committed 288896K, reserved 688128K
  class space    used 35303K, committed 36096K, reserved 425984K
}
Event: 172.239 GC heap after
{Heap after GC invocations=82 (full 9):
 PSYoungGen      total 826368K, used 160444K [0x00000007aab00000, 0x00000007ed900000, 0x0000000800000000)
  eden space 654336K, 0% used [0x00000007aab00000,0x00000007aab00000,0x00000007d2a00000)
  from space 172032K, 93% used [0x00000007d2a00000,0x00000007dc6af3a0,0x00000007dd200000)
  to   space 199680K, 0% used [0x00000007e1600000,0x00000007e1600000,0x00000007ed900000)
 ParOldGen       total 1499136K, used 1099335K [0x0000000700000000, 0x000000075b800000, 0x00000007aab00000)
  object space 1499136K, 73% used [0x0000000700000000,0x0000000743191ce0,0x000000075b800000)
 Metaspace       used 287177K, committed 288896K, reserved 688128K
  class space    used 35303K, committed 36096K, reserved 425984K
}
Event: 175.934 GC heap before
{Heap before GC invocations=83 (full 9):
 PSYoungGen      total 826368K, used 814780K [0x00000007aab00000, 0x00000007ed900000, 0x0000000800000000)
  eden space 654336K, 100% used [0x00000007aab00000,0x00000007d2a00000,0x00000007d2a00000)
  from space 172032K, 93% used [0x00000007d2a00000,0x00000007dc6af3a0,0x00000007dd200000)
  to   space 199680K, 0% used [0x00000007e1600000,0x00000007e1600000,0x00000007ed900000)
 ParOldGen       total 1499136K, used 1099335K [0x0000000700000000, 0x000000075b800000, 0x00000007aab00000)
  object space 1499136K, 73% used [0x0000000700000000,0x0000000743191ce0,0x000000075b800000)
 Metaspace       used 289444K, committed 291264K, reserved 688128K
  class space    used 35395K, committed 36224K, reserved 425984K
}
Event: 176.039 GC heap after
{Heap after GC invocations=83 (full 9):
 PSYoungGen      total 843264K, used 199659K [0x00000007aab00000, 0x00000007f3f00000, 0x0000000800000000)
  eden space 643584K, 0% used [0x00000007aab00000,0x00000007aab00000,0x00000007d1f80000)
  from space 199680K, 99% used [0x00000007e1600000,0x00000007ed8fad48,0x00000007ed900000)
  to   space 252416K, 0% used [0x00000007d1f80000,0x00000007d1f80000,0x00000007e1600000)
 ParOldGen       total 1499136K, used 1143092K [0x0000000700000000, 0x000000075b800000, 0x00000007aab00000)
  object space 1499136K, 76% used [0x0000000700000000,0x0000000745c4d0f8,0x000000075b800000)
 Metaspace       used 289444K, committed 291264K, reserved 688128K
  class space    used 35395K, committed 36224K, reserved 425984K
}
Event: 176.746 GC heap before
{Heap before GC invocations=84 (full 9):
 PSYoungGen      total 843264K, used 843243K [0x00000007aab00000, 0x00000007f3f00000, 0x0000000800000000)
  eden space 643584K, 100% used [0x00000007aab00000,0x00000007d1f80000,0x00000007d1f80000)
  from space 199680K, 99% used [0x00000007e1600000,0x00000007ed8fad48,0x00000007ed900000)
  to   space 252416K, 0% used [0x00000007d1f80000,0x00000007d1f80000,0x00000007e1600000)
 ParOldGen       total 1499136K, used 1143092K [0x0000000700000000, 0x000000075b800000, 0x00000007aab00000)
  object space 1499136K, 76% used [0x0000000700000000,0x0000000745c4d0f8,0x000000075b800000)
 Metaspace       used 290424K, committed 292224K, reserved 688128K
  class space    used 35481K, committed 36288K, reserved 425984K
}
Event: 176.805 GC heap after
{Heap after GC invocations=84 (full 9):
 PSYoungGen      total 896000K, used 252400K [0x00000007aab00000, 0x00000007fb000000, 0x0000000800000000)
  eden space 643584K, 0% used [0x00000007aab00000,0x00000007aab00000,0x00000007d1f80000)
  from space 252416K, 99% used [0x00000007d1f80000,0x00000007e15fc2d0,0x00000007e1600000)
  to   space 311296K, 0% used [0x00000007e8000000,0x00000007e8000000,0x00000007fb000000)
 ParOldGen       total 1499136K, used 1178679K [0x0000000700000000, 0x000000075b800000, 0x00000007aab00000)
  object space 1499136K, 78% used [0x0000000700000000,0x0000000747f0dea8,0x000000075b800000)
 Metaspace       used 290424K, committed 292224K, reserved 688128K
  class space    used 35481K, committed 36288K, reserved 425984K
}
Event: 177.420 GC heap before
{Heap before GC invocations=85 (full 9):
 PSYoungGen      total 896000K, used 895984K [0x00000007aab00000, 0x00000007fb000000, 0x0000000800000000)
  eden space 643584K, 100% used [0x00000007aab00000,0x00000007d1f80000,0x00000007d1f80000)
  from space 252416K, 99% used [0x00000007d1f80000,0x00000007e15fc2d0,0x00000007e1600000)
  to   space 311296K, 0% used [0x00000007e8000000,0x00000007e8000000,0x00000007fb000000)
 ParOldGen       total 1499136K, used 1178679K [0x0000000700000000, 0x000000075b800000, 0x00000007aab00000)
  object space 1499136K, 78% used [0x0000000700000000,0x0000000747f0dea8,0x000000075b800000)
 Metaspace       used 290951K, committed 292736K, reserved 688128K
  class space    used 35487K, committed 36288K, reserved 425984K
}
Event: 177.553 GC heap after
{Heap after GC invocations=85 (full 9):
 PSYoungGen      total 941056K, used 311295K [0x00000007aab00000, 0x0000000800000000, 0x0000000800000000)
  eden space 629760K, 0% used [0x00000007aab00000,0x00000007aab00000,0x00000007d1200000)
  from space 311296K, 99% used [0x00000007e8000000,0x00000007fafffe90,0x00000007fb000000)
  to   space 374784K, 0% used [0x00000007d1200000,0x00000007d1200000,0x00000007e8000000)
 ParOldGen       total 1499136K, used 1197778K [0x0000000700000000, 0x000000075b800000, 0x00000007aab00000)
  object space 1499136K, 79% used [0x0000000700000000,0x00000007491b4948,0x000000075b800000)
 Metaspace       used 290951K, committed 292736K, reserved 688128K
  class space    used 35487K, committed 36288K, reserved 425984K
}
Event: 178.502 GC heap before
{Heap before GC invocations=86 (full 9):
 PSYoungGen      total 941056K, used 941055K [0x00000007aab00000, 0x0000000800000000, 0x0000000800000000)
  eden space 629760K, 100% used [0x00000007aab00000,0x00000007d1200000,0x00000007d1200000)
  from space 311296K, 99% used [0x00000007e8000000,0x00000007fafffe90,0x00000007fb000000)
  to   space 374784K, 0% used [0x00000007d1200000,0x00000007d1200000,0x00000007e8000000)
 ParOldGen       total 1499136K, used 1197778K [0x0000000700000000, 0x000000075b800000, 0x00000007aab00000)
  object space 1499136K, 79% used [0x0000000700000000,0x00000007491b4948,0x000000075b800000)
 Metaspace       used 293948K, committed 295680K, reserved 688128K
  class space    used 35940K, committed 36736K, reserved 425984K
}
Event: 178.562 GC heap after
{Heap after GC invocations=86 (full 9):
 PSYoungGen      total 958976K, used 329051K [0x00000007aab00000, 0x0000000800000000, 0x0000000800000000)
  eden space 629760K, 0% used [0x00000007aab00000,0x00000007aab00000,0x00000007d1200000)
  from space 329216K, 99% used [0x00000007d1200000,0x00000007e5356f18,0x00000007e5380000)
  to   space 424960K, 0% used [0x00000007e6100000,0x00000007e6100000,0x0000000800000000)
 ParOldGen       total 1499136K, used 1225492K [0x0000000700000000, 0x000000075b800000, 0x00000007aab00000)
  object space 1499136K, 81% used [0x0000000700000000,0x000000074acc52a8,0x000000075b800000)
 Metaspace       used 293948K, committed 295680K, reserved 688128K
  class space    used 35940K, committed 36736K, reserved 425984K
}
Event: 179.999 GC heap before
{Heap before GC invocations=87 (full 9):
 PSYoungGen      total 958976K, used 958811K [0x00000007aab00000, 0x0000000800000000, 0x0000000800000000)
  eden space 629760K, 100% used [0x00000007aab00000,0x00000007d1200000,0x00000007d1200000)
  from space 329216K, 99% used [0x00000007d1200000,0x00000007e5356f18,0x00000007e5380000)
  to   space 424960K, 0% used [0x00000007e6100000,0x00000007e6100000,0x0000000800000000)
 ParOldGen       total 1499136K, used 1225492K [0x0000000700000000, 0x000000075b800000, 0x00000007aab00000)
  object space 1499136K, 81% used [0x0000000700000000,0x000000074acc52a8,0x000000075b800000)
 Metaspace       used 302564K, committed 304448K, reserved 753664K
  class space    used 37200K, committed 38080K, reserved 425984K
}
Event: 180.065 GC heap after
{Heap after GC invocations=87 (full 9):
 PSYoungGen      total 935936K, used 270480K [0x00000007aab00000, 0x0000000800000000, 0x0000000800000000)
  eden space 510976K, 0% used [0x00000007aab00000,0x00000007aab00000,0x00000007c9e00000)
  from space 424960K, 63% used [0x00000007e6100000,0x00000007f69241b8,0x0000000800000000)
  to   space 443392K, 0% used [0x00000007c9e00000,0x00000007c9e00000,0x00000007e4f00000)
 ParOldGen       total 1499136K, used 1306639K [0x0000000700000000, 0x000000075b800000, 0x00000007aab00000)
  object space 1499136K, 87% used [0x0000000700000000,0x000000074fc03cd8,0x000000075b800000)
 Metaspace       used 302564K, committed 304448K, reserved 753664K
  class space    used 37200K, committed 38080K, reserved 425984K
}
Event: 180.569 GC heap before
{Heap before GC invocations=88 (full 9):
 PSYoungGen      total 935936K, used 781456K [0x00000007aab00000, 0x0000000800000000, 0x0000000800000000)
  eden space 510976K, 100% used [0x00000007aab00000,0x00000007c9e00000,0x00000007c9e00000)
  from space 424960K, 63% used [0x00000007e6100000,0x00000007f69241b8,0x0000000800000000)
  to   space 443392K, 0% used [0x00000007c9e00000,0x00000007c9e00000,0x00000007e4f00000)
 ParOldGen       total 1499136K, used 1306639K [0x0000000700000000, 0x000000075b800000, 0x00000007aab00000)
  object space 1499136K, 87% used [0x0000000700000000,0x000000074fc03cd8,0x000000075b800000)
 Metaspace       used 304443K, committed 306304K, reserved 753664K
  class space    used 37476K, committed 38336K, reserved 425984K
}
Event: 180.628 GC heap after
{Heap after GC invocations=88 (full 9):
 PSYoungGen      total 781312K, used 269876K [0x00000007aab00000, 0x0000000800000000, 0x0000000800000000)
  eden space 510976K, 0% used [0x00000007aab00000,0x00000007aab00000,0x00000007c9e00000)
  from space 270336K, 99% used [0x00000007c9e00000,0x00000007da58d0b0,0x00000007da600000)
  to   space 456192K, 0% used [0x00000007e4280000,0x00000007e4280000,0x0000000800000000)
 ParOldGen       total 1499136K, used 1360494K [0x0000000700000000, 0x000000075b800000, 0x00000007aab00000)
  object space 1499136K, 90% used [0x0000000700000000,0x000000075309b8d8,0x000000075b800000)
 Metaspace       used 304443K, committed 306304K, reserved 753664K
  class space    used 37476K, committed 38336K, reserved 425984K
}
Event: 181.168 GC heap before
{Heap before GC invocations=89 (full 9):
 PSYoungGen      total 781312K, used 780852K [0x00000007aab00000, 0x0000000800000000, 0x0000000800000000)
  eden space 510976K, 100% used [0x00000007aab00000,0x00000007c9e00000,0x00000007c9e00000)
  from space 270336K, 99% used [0x00000007c9e00000,0x00000007da58d0b0,0x00000007da600000)
  to   space 456192K, 0% used [0x00000007e4280000,0x00000007e4280000,0x0000000800000000)
 ParOldGen       total 1499136K, used 1360494K [0x0000000700000000, 0x000000075b800000, 0x00000007aab00000)
  object space 1499136K, 90% used [0x0000000700000000,0x000000075309b8d8,0x000000075b800000)
 Metaspace       used 305508K, committed 307328K, reserved 753664K
  class space    used 37627K, committed 38464K, reserved 425984K
}
Event: 181.245 GC heap after
{Heap after GC invocations=89 (full 9):
 PSYoungGen      total 964096K, used 186271K [0x00000007aab00000, 0x0000000800000000, 0x0000000800000000)
  eden space 507904K, 0% used [0x00000007aab00000,0x00000007aab00000,0x00000007c9b00000)
  from space 456192K, 40% used [0x00000007e4280000,0x00000007ef867ec0,0x0000000800000000)
  to   space 433664K, 0% used [0x00000007c9b00000,0x00000007c9b00000,0x00000007e4280000)
 ParOldGen       total 1499136K, used 1485402K [0x0000000700000000, 0x000000075b800000, 0x00000007aab00000)
  object space 1499136K, 99% used [0x0000000700000000,0x000000075aa96978,0x000000075b800000)
 Metaspace       used 305508K, committed 307328K, reserved 753664K
  class space    used 37627K, committed 38464K, reserved 425984K
}
Event: 181.803 GC heap before
{Heap before GC invocations=90 (full 10):
 PSYoungGen      total 964096K, used 694175K [0x00000007aab00000, 0x0000000800000000, 0x0000000800000000)
  eden space 507904K, 100% used [0x00000007aab00000,0x00000007c9b00000,0x00000007c9b00000)
  from space 456192K, 40% used [0x00000007e4280000,0x00000007ef867ec0,0x0000000800000000)
  to   space 433664K, 0% used [0x00000007c9b00000,0x00000007c9b00000,0x00000007e4280000)
 ParOldGen       total 1499136K, used 1485402K [0x0000000700000000, 0x000000075b800000, 0x00000007aab00000)
  object space 1499136K, 99% used [0x0000000700000000,0x000000075aa96978,0x000000075b800000)
 Metaspace       used 306870K, committed 308672K, reserved 753664K
  class space    used 37817K, committed 38656K, reserved 425984K
}
Event: 183.210 GC heap after
{Heap after GC invocations=90 (full 10):
 PSYoungGen      total 941568K, used 165971K [0x00000007aab00000, 0x00000007fea00000, 0x0000000800000000)
  eden space 507904K, 0% used [0x00000007aab00000,0x00000007aab00000,0x00000007c9b00000)
  from space 433664K, 38% used [0x00000007e4280000,0x00000007ee494e20,0x00000007fea00000)
  to   space 433664K, 0% used [0x00000007c9b00000,0x00000007c9b00000,0x00000007e4280000)
 ParOldGen       total 2019328K, used 1498642K [0x0000000700000000, 0x000000077b400000, 0x00000007aab00000)
  object space 2019328K, 74% used [0x0000000700000000,0x000000075b784bd8,0x000000077b400000)
 Metaspace       used 306744K, committed 308672K, reserved 753664K
  class space    used 37780K, committed 38656K, reserved 425984K
}
Event: 183.881 GC heap before
{Heap before GC invocations=91 (full 10):
 PSYoungGen      total 941568K, used 673875K [0x00000007aab00000, 0x00000007fea00000, 0x0000000800000000)
  eden space 507904K, 100% used [0x00000007aab00000,0x00000007c9b00000,0x00000007c9b00000)
  from space 433664K, 38% used [0x00000007e4280000,0x00000007ee494e20,0x00000007fea00000)
  to   space 433664K, 0% used [0x00000007c9b00000,0x00000007c9b00000,0x00000007e4280000)
 ParOldGen       total 2019328K, used 1498642K [0x0000000700000000, 0x000000077b400000, 0x00000007aab00000)
  object space 2019328K, 74% used [0x0000000700000000,0x000000075b784bd8,0x000000077b400000)
 Metaspace       used 306986K, committed 308736K, reserved 753664K
  class space    used 37847K, committed 38656K, reserved 425984K
}

