# JRE version: OpenJDK Runtime Environment Temurin-17.0.19+10 (17.0.19+10) (build 17.0.19+10)
# Java VM: OpenJDK 64-Bit Server VM Temurin-17.0.19+10 (17.0.19+10, mixed mode, sharing, tiered, compressed oops, compressed class ptrs, parallel gc, windows-amd64)
GC Precious Log:
 CPUs: 24 total, 24 available
 Memory: 14029M
 Large Page Support: Disabled
 NUMA Support: Disabled
 Compressed Oops: Enabled (Zero based)
 Alignments: Space 512K, Generation 512K, Heap 2M
 Heap Min Capacity: 256M
 Heap Initial Capacity: 256M
 Heap Max Capacity: 4G
 Pre-touch: Disabled
 Parallel Workers: 18
Heap:
 PSYoungGen      total 197120K, used 47742K [0x00000007aab00000, 0x00000007bb000000, 0x0000000800000000)
  eden space 177152K, 26% used [0x00000007aab00000,0x00000007ad99f840,0x00000007b5800000)
  from space 19968K, 0% used [0x00000007b6d80000,0x00000007b6d80000,0x00000007b8100000)
  to   space 20992K, 0% used [0x00000007b5800000,0x00000007b5800000,0x00000007b6c80000)
 ParOldGen       total 193024K, used 193004K [0x0000000700000000, 0x000000070bc80000, 0x00000007aab00000)
  object space 193024K, 99% used [0x0000000700000000,0x000000070bc7b310,0x000000070bc80000)
 Metaspace       used 159428K, committed 161792K, reserved 622592K
  class space    used 20514K, committed 21760K, reserved 425984K
GC Heap History (20 events):
Event: 3703.907 GC heap before
{Heap before GC invocations=59 (full 6):
 PSYoungGen      total 150016K, used 139080K [0x00000007aab00000, 0x00000007b5780000, 0x0000000800000000)
  eden space 135680K, 100% used [0x00000007aab00000,0x00000007b2f80000,0x00000007b2f80000)
  from space 14336K, 23% used [0x00000007b4980000,0x00000007b4cd2070,0x00000007b5780000)
  to   space 20480K, 0% used [0x00000007b2f80000,0x00000007b2f80000,0x00000007b4380000)
 ParOldGen       total 193024K, used 151297K [0x0000000700000000, 0x000000070bc80000, 0x00000007aab00000)
  object space 193024K, 78% used [0x0000000700000000,0x00000007093c06c8,0x000000070bc80000)
 Metaspace       used 121413K, committed 123520K, reserved 557056K
  class space    used 15772K, committed 16832K, reserved 425984K
}
Event: 3703.927 GC heap after
{Heap after GC invocations=59 (full 6):
 PSYoungGen      total 135168K, used 3240K [0x00000007aab00000, 0x00000007b5280000, 0x0000000800000000)
  eden space 131584K, 0% used [0x00000007aab00000,0x00000007aab00000,0x00000007b2b80000)
  from space 3584K, 90% used [0x00000007b2f80000,0x00000007b32aa070,0x00000007b3300000)
  to   space 19968K, 0% used [0x00000007b3f00000,0x00000007b3f00000,0x00000007b5280000)
 ParOldGen       total 193024K, used 153191K [0x0000000700000000, 0x000000070bc80000, 0x00000007aab00000)
  object space 193024K, 79% used [0x0000000700000000,0x0000000709599f98,0x000000070bc80000)
 Metaspace       used 121413K, committed 123520K, reserved 557056K
  class space    used 15772K, committed 16832K, reserved 425984K
}
Event: 3713.469 GC heap before
{Heap before GC invocations=60 (full 6):
 PSYoungGen      total 135168K, used 134824K [0x00000007aab00000, 0x00000007b5280000, 0x0000000800000000)
  eden space 131584K, 100% used [0x00000007aab00000,0x00000007b2b80000,0x00000007b2b80000)
  from space 3584K, 90% used [0x00000007b2f80000,0x00000007b32aa070,0x00000007b3300000)
  to   space 19968K, 0% used [0x00000007b3f00000,0x00000007b3f00000,0x00000007b5280000)
 ParOldGen       total 193024K, used 153191K [0x0000000700000000, 0x000000070bc80000, 0x00000007aab00000)
  object space 193024K, 79% used [0x0000000700000000,0x0000000709599f98,0x000000070bc80000)
 Metaspace       used 121841K, committed 123904K, reserved 557056K
  class space    used 15784K, committed 16832K, reserved 425984K
}
Event: 3713.475 GC heap after
{Heap after GC invocations=60 (full 6):
 PSYoungGen      total 142336K, used 4936K [0x00000007aab00000, 0x00000007b4d80000, 0x0000000800000000)
  eden space 127488K, 0% used [0x00000007aab00000,0x00000007aab00000,0x00000007b2780000)
  from space 14848K, 33% used [0x00000007b3f00000,0x00000007b43d2070,0x00000007b4d80000)
  to   space 19456K, 0% used [0x00000007b2780000,0x00000007b2780000,0x00000007b3a80000)
 ParOldGen       total 193024K, used 154402K [0x0000000700000000, 0x000000070bc80000, 0x00000007aab00000)
  object space 193024K, 79% used [0x0000000700000000,0x00000007096c8818,0x000000070bc80000)
 Metaspace       used 121841K, committed 123904K, reserved 557056K
  class space    used 15784K, committed 16832K, reserved 425984K
}
Event: 3714.369 GC heap before
{Heap before GC invocations=61 (full 6):
 PSYoungGen      total 142336K, used 132411K [0x00000007aab00000, 0x00000007b4d80000, 0x0000000800000000)
  eden space 127488K, 99% used [0x00000007aab00000,0x00000007b277cba8,0x00000007b2780000)
  from space 14848K, 33% used [0x00000007b3f00000,0x00000007b43d2070,0x00000007b4d80000)
  to   space 19456K, 0% used [0x00000007b2780000,0x00000007b2780000,0x00000007b3a80000)
 ParOldGen       total 193024K, used 154402K [0x0000000700000000, 0x000000070bc80000, 0x00000007aab00000)
  object space 193024K, 79% used [0x0000000700000000,0x00000007096c8818,0x000000070bc80000)
 Metaspace       used 127434K, committed 129536K, reserved 557056K
  class space    used 16652K, committed 17728K, reserved 425984K
}
Event: 3714.382 GC heap after
{Heap after GC invocations=61 (full 6):
 PSYoungGen      total 137216K, used 13486K [0x00000007aab00000, 0x00000007b4b80000, 0x0000000800000000)
  eden space 123392K, 0% used [0x00000007aab00000,0x00000007aab00000,0x00000007b2380000)
  from space 13824K, 97% used [0x00000007b2780000,0x00000007b34ab9e0,0x00000007b3500000)
  to   space 20480K, 0% used [0x00000007b3780000,0x00000007b3780000,0x00000007b4b80000)
 ParOldGen       total 193024K, used 159040K [0x0000000700000000, 0x000000070bc80000, 0x00000007aab00000)
  object space 193024K, 82% used [0x0000000700000000,0x0000000709b500f8,0x000000070bc80000)
 Metaspace       used 127434K, committed 129536K, reserved 557056K
  class space    used 16652K, committed 17728K, reserved 425984K
}
Event: 3714.925 GC heap before
{Heap before GC invocations=62 (full 6):
 PSYoungGen      total 137216K, used 136878K [0x00000007aab00000, 0x00000007b4b80000, 0x0000000800000000)
  eden space 123392K, 100% used [0x00000007aab00000,0x00000007b2380000,0x00000007b2380000)
  from space 13824K, 97% used [0x00000007b2780000,0x00000007b34ab9e0,0x00000007b3500000)
  to   space 20480K, 0% used [0x00000007b3780000,0x00000007b3780000,0x00000007b4b80000)
 ParOldGen       total 193024K, used 159040K [0x0000000700000000, 0x000000070bc80000, 0x00000007aab00000)
  object space 193024K, 82% used [0x0000000700000000,0x0000000709b500f8,0x000000070bc80000)
 Metaspace       used 128211K, committed 130304K, reserved 557056K
  class space    used 16754K, committed 17856K, reserved 425984K
}
Event: 3714.946 GC heap after
{Heap after GC invocations=62 (full 6):
 PSYoungGen      total 143872K, used 11360K [0x00000007aab00000, 0x00000007b6480000, 0x0000000800000000)
  eden space 123392K, 0% used [0x00000007aab00000,0x00000007aab00000,0x00000007b2380000)
  from space 20480K, 55% used [0x00000007b3780000,0x00000007b4298050,0x00000007b4b80000)
  to   space 20480K, 0% used [0x00000007b2380000,0x00000007b2380000,0x00000007b3780000)
 ParOldGen       total 193024K, used 172044K [0x0000000700000000, 0x000000070bc80000, 0x00000007aab00000)
  object space 193024K, 89% used [0x0000000700000000,0x000000070a803188,0x000000070bc80000)
 Metaspace       used 128211K, committed 130304K, reserved 557056K
  class space    used 16754K, committed 17856K, reserved 425984K
}
Event: 3715.489 GC heap before
{Heap before GC invocations=63 (full 6):
 PSYoungGen      total 143872K, used 134752K [0x00000007aab00000, 0x00000007b6480000, 0x0000000800000000)
  eden space 123392K, 100% used [0x00000007aab00000,0x00000007b2380000,0x00000007b2380000)
  from space 20480K, 55% used [0x00000007b3780000,0x00000007b4298050,0x00000007b4b80000)
  to   space 20480K, 0% used [0x00000007b2380000,0x00000007b2380000,0x00000007b3780000)
 ParOldGen       total 193024K, used 172044K [0x0000000700000000, 0x000000070bc80000, 0x00000007aab00000)
  object space 193024K, 89% used [0x0000000700000000,0x000000070a803188,0x000000070bc80000)
 Metaspace       used 128831K, committed 131008K, reserved 557056K
  class space    used 16872K, committed 17984K, reserved 425984K
}
Event: 3715.495 GC heap after
{Heap after GC invocations=63 (full 6):
 PSYoungGen      total 143872K, used 10384K [0x00000007aab00000, 0x00000007b6180000, 0x0000000800000000)
  eden space 123392K, 0% used [0x00000007aab00000,0x00000007aab00000,0x00000007b2380000)
  from space 20480K, 50% used [0x00000007b2380000,0x00000007b2da4070,0x00000007b3780000)
  to   space 19456K, 0% used [0x00000007b4e80000,0x00000007b4e80000,0x00000007b6180000)
 ParOldGen       total 193024K, used 181572K [0x0000000700000000, 0x000000070bc80000, 0x00000007aab00000)
  object space 193024K, 94% used [0x0000000700000000,0x000000070b151250,0x000000070bc80000)
 Metaspace       used 128831K, committed 131008K, reserved 557056K
  class space    used 16872K, committed 17984K, reserved 425984K
}
Event: 3715.746 GC heap before
{Heap before GC invocations=64 (full 7):
 PSYoungGen      total 143872K, used 133776K [0x00000007aab00000, 0x00000007b6180000, 0x0000000800000000)
  eden space 123392K, 100% used [0x00000007aab00000,0x00000007b2380000,0x00000007b2380000)
  from space 20480K, 50% used [0x00000007b2380000,0x00000007b2da4070,0x00000007b3780000)
  to   space 19456K, 0% used [0x00000007b4e80000,0x00000007b4e80000,0x00000007b6180000)
 ParOldGen       total 193024K, used 181572K [0x0000000700000000, 0x000000070bc80000, 0x00000007aab00000)
  object space 193024K, 94% used [0x0000000700000000,0x000000070b151250,0x000000070bc80000)
 Metaspace       used 129009K, committed 131136K, reserved 557056K
  class space    used 16888K, committed 17984K, reserved 425984K
}
Event: 3719.862 GC heap after
{Heap after GC invocations=64 (full 7):
 PSYoungGen      total 167424K, used 0K [0x00000007aab00000, 0x00000007b6180000, 0x0000000800000000)
  eden space 147968K, 0% used [0x00000007aab00000,0x00000007aab00000,0x00000007b3b80000)
  from space 19456K, 0% used [0x00000007b4e80000,0x00000007b4e80000,0x00000007b6180000)
  to   space 19456K, 0% used [0x00000007b3b80000,0x00000007b3b80000,0x00000007b4e80000)
 ParOldGen       total 193024K, used 143817K [0x0000000700000000, 0x000000070bc80000, 0x00000007aab00000)
  object space 193024K, 74% used [0x0000000700000000,0x0000000708c72438,0x000000070bc80000)
 Metaspace       used 129009K, committed 131136K, reserved 557056K
  class space    used 16888K, committed 17984K, reserved 425984K
}
Event: 3728.796 GC heap before
{Heap before GC invocations=65 (full 7):
 PSYoungGen      total 167424K, used 147968K [0x00000007aab00000, 0x00000007b6180000, 0x0000000800000000)
  eden space 147968K, 100% used [0x00000007aab00000,0x00000007b3b80000,0x00000007b3b80000)
  from space 19456K, 0% used [0x00000007b4e80000,0x00000007b4e80000,0x00000007b6180000)
  to   space 19456K, 0% used [0x00000007b3b80000,0x00000007b3b80000,0x00000007b4e80000)
 ParOldGen       total 193024K, used 143817K [0x0000000700000000, 0x000000070bc80000, 0x00000007aab00000)
  object space 193024K, 74% used [0x0000000700000000,0x0000000708c72438,0x000000070bc80000)
 Metaspace       used 131135K, committed 133312K, reserved 557056K
  class space    used 17160K, committed 18240K, reserved 425984K
}
Event: 3728.804 GC heap after
{Heap after GC invocations=65 (full 7):
 PSYoungGen      total 167424K, used 17522K [0x00000007aab00000, 0x00000007b8300000, 0x0000000800000000)
  eden space 147968K, 0% used [0x00000007aab00000,0x00000007aab00000,0x00000007b3b80000)
  from space 19456K, 90% used [0x00000007b3b80000,0x00000007b4c9ca68,0x00000007b4e80000)
  to   space 22016K, 0% used [0x00000007b6d80000,0x00000007b6d80000,0x00000007b8300000)
 ParOldGen       total 193024K, used 143825K [0x0000000700000000, 0x000000070bc80000, 0x00000007aab00000)
  object space 193024K, 74% used [0x0000000700000000,0x0000000708c74438,0x000000070bc80000)
 Metaspace       used 131135K, committed 133312K, reserved 557056K
  class space    used 17160K, committed 18240K, reserved 425984K
}
Event: 3729.298 GC heap before
{Heap before GC invocations=66 (full 7):
 PSYoungGen      total 167424K, used 165490K [0x00000007aab00000, 0x00000007b8300000, 0x0000000800000000)
  eden space 147968K, 100% used [0x00000007aab00000,0x00000007b3b80000,0x00000007b3b80000)
  from space 19456K, 90% used [0x00000007b3b80000,0x00000007b4c9ca68,0x00000007b4e80000)
  to   space 22016K, 0% used [0x00000007b6d80000,0x00000007b6d80000,0x00000007b8300000)
 ParOldGen       total 193024K, used 143825K [0x0000000700000000, 0x000000070bc80000, 0x00000007aab00000)
  object space 193024K, 74% used [0x0000000700000000,0x0000000708c74438,0x000000070bc80000)
 Metaspace       used 132134K, committed 134272K, reserved 557056K
  class space    used 17248K, committed 18368K, reserved 425984K
}
Event: 3729.307 GC heap after
{Heap after GC invocations=66 (full 7):
 PSYoungGen      total 197120K, used 6360K [0x00000007aab00000, 0x00000007b8100000, 0x0000000800000000)
  eden space 177152K, 0% used [0x00000007aab00000,0x00000007aab00000,0x00000007b5800000)
  from space 19968K, 31% used [0x00000007b6d80000,0x00000007b73b6040,0x00000007b8100000)
  to   space 20992K, 0% used [0x00000007b5800000,0x00000007b5800000,0x00000007b6c80000)
 ParOldGen       total 193024K, used 155370K [0x0000000700000000, 0x000000070bc80000, 0x00000007aab00000)
  object space 193024K, 80% used [0x0000000700000000,0x00000007097bab70,0x000000070bc80000)
 Metaspace       used 132134K, committed 134272K, reserved 557056K
  class space    used 17248K, committed 18368K, reserved 425984K
}
Event: 3732.225 GC heap before
{Heap before GC invocations=67 (full 7):
 PSYoungGen      total 197120K, used 183512K [0x00000007aab00000, 0x00000007b8100000, 0x0000000800000000)
  eden space 177152K, 100% used [0x00000007aab00000,0x00000007b5800000,0x00000007b5800000)
  from space 19968K, 31% used [0x00000007b6d80000,0x00000007b73b6040,0x00000007b8100000)
  to   space 20992K, 0% used [0x00000007b5800000,0x00000007b5800000,0x00000007b6c80000)
 ParOldGen       total 193024K, used 155370K [0x0000000700000000, 0x000000070bc80000, 0x00000007aab00000)
  object space 193024K, 80% used [0x0000000700000000,0x00000007097bab70,0x000000070bc80000)
 Metaspace       used 151222K, committed 153536K, reserved 622592K
  class space    used 19698K, committed 20864K, reserved 425984K
}
Event: 3734.239 GC heap after
{Heap after GC invocations=67 (full 7):
 PSYoungGen      total 198144K, used 20982K [0x00000007aab00000, 0x00000007b8100000, 0x0000000800000000)
  eden space 177152K, 0% used [0x00000007aab00000,0x00000007aab00000,0x00000007b5800000)
  from space 20992K, 99% used [0x00000007b5800000,0x00000007b6c7daf0,0x00000007b6c80000)
  to   space 19968K, 0% used [0x00000007b6d80000,0x00000007b6d80000,0x00000007b8100000)
 ParOldGen       total 193024K, used 172374K [0x0000000700000000, 0x000000070bc80000, 0x00000007aab00000)
  object space 193024K, 89% used [0x0000000700000000,0x000000070a855bf0,0x000000070bc80000)
 Metaspace       used 151222K, committed 153536K, reserved 622592K
  class space    used 19698K, committed 20864K, reserved 425984K
}
Event: 3736.269 GC heap before
{Heap before GC invocations=68 (full 8):
 PSYoungGen      total 198144K, used 198134K [0x00000007aab00000, 0x00000007b8100000, 0x0000000800000000)
  eden space 177152K, 100% used [0x00000007aab00000,0x00000007b5800000,0x00000007b5800000)
  from space 20992K, 99% used [0x00000007b5800000,0x00000007b6c7daf0,0x00000007b6c80000)
  to   space 19968K, 0% used [0x00000007b6d80000,0x00000007b6d80000,0x00000007b8100000)
 ParOldGen       total 193024K, used 172374K [0x0000000700000000, 0x000000070bc80000, 0x00000007aab00000)
  object space 193024K, 89% used [0x0000000700000000,0x000000070a855bf0,0x000000070bc80000)
 Metaspace       used 159407K, committed 161792K, reserved 622592K
  class space    used 20511K, committed 21760K, reserved 425984K
}
Event: 3740.476 GC heap after
{Heap after GC invocations=68 (full 8):
 PSYoungGen      total 197120K, used 27059K [0x00000007aab00000, 0x00000007bb000000, 0x0000000800000000)
  eden space 177152K, 15% used [0x00000007aab00000,0x00000007ac56cdf8,0x00000007b5800000)
  from space 19968K, 0% used [0x00000007b6d80000,0x00000007b6d80000,0x00000007b8100000)
  to   space 20992K, 0% used [0x00000007b5800000,0x00000007b5800000,0x00000007b6c80000)
 ParOldGen       total 193024K, used 193004K [0x0000000700000000, 0x000000070bc80000, 0x00000007aab00000)
  object space 193024K, 99% used [0x0000000700000000,0x000000070bc7b310,0x000000070bc80000)
 Metaspace       used 159407K, committed 161792K, reserved 622592K
  class space    used 20511K, committed 21760K, reserved 425984K
}

