# JRE version: OpenJDK Runtime Environment Temurin-17.0.19+10 (17.0.19+10) (build 17.0.19+10)
# Java VM: OpenJDK 64-Bit Server VM Temurin-17.0.19+10 (17.0.19+10, mixed mode, sharing, tiered, compressed oops, compressed class ptrs, parallel gc, windows-amd64)
GC Precious Log:
 CPUs: 24 total, 24 available
 Memory: 14029M
 Large Page Support: Disabled
 NUMA Support: Disabled
 Compressed Oops: Enabled (Zero based)
 Alignments: Space 512K, Generation 512K, Heap 2M
 Heap Min Capacity: 256M
 Heap Initial Capacity: 256M
 Heap Max Capacity: 4G
 Pre-touch: Disabled
 Parallel Workers: 18
Heap:
 PSYoungGen      total 788480K, used 347327K [0x00000007aab00000, 0x00000007f5200000, 0x0000000800000000)
  eden space 571904K, 22% used [0x00000007aab00000,0x00000007b2ab45b8,0x00000007cd980000)
  from space 216576K, 99% used [0x00000007dec00000,0x00000007ebf7b9e0,0x00000007ebf80000)
  to   space 281088K, 0% used [0x00000007cd980000,0x00000007cd980000,0x00000007dec00000)
 ParOldGen       total 1041920K, used 736399K [0x0000000700000000, 0x000000073f980000, 0x00000007aab00000)
  object space 1041920K, 70% used [0x0000000700000000,0x000000072cf23cb0,0x000000073f980000)
 Metaspace       used 229904K, committed 231680K, reserved 688128K
  class space    used 28632K, committed 29504K, reserved 425984K
GC Heap History (20 events):
Event: 42.476 GC heap before
{Heap before GC invocations=29 (full 6):
 PSYoungGen      total 593920K, used 593897K [0x00000007aab00000, 0x00000007e7280000, 0x0000000800000000)
  eden space 562176K, 100% used [0x00000007aab00000,0x00000007cd000000,0x00000007cd000000)
  from space 31744K, 99% used [0x00000007d5280000,0x00000007d717a508,0x00000007d7180000)
  to   space 133632K, 0% used [0x00000007cd000000,0x00000007cd000000,0x00000007d5280000)
 ParOldGen       total 415232K, used 415207K [0x0000000700000000, 0x0000000719580000, 0x00000007aab00000)
  object space 415232K, 99% used [0x0000000700000000,0x0000000719579ed8,0x0000000719580000)
 Metaspace       used 177409K, committed 178688K, reserved 622592K
  class space    used 22330K, committed 22912K, reserved 425984K
}
Event: 42.993 GC heap after
{Heap after GC invocations=29 (full 6):
 PSYoungGen      total 695808K, used 163888K [0x00000007aab00000, 0x00000007e0f80000, 0x0000000800000000)
  eden space 562176K, 29% used [0x00000007aab00000,0x00000007b4b0c388,0x00000007cd000000)
  from space 133632K, 0% used [0x00000007cd000000,0x00000007cd000000,0x00000007d5280000)
  to   space 31744K, 0% used [0x00000007d5280000,0x00000007d5280000,0x00000007d7180000)
 ParOldGen       total 713728K, used 415147K [0x0000000700000000, 0x000000072b900000, 0x00000007aab00000)
  object space 713728K, 58% used [0x0000000700000000,0x000000071956ad70,0x000000072b900000)
 Metaspace       used 177409K, committed 178688K, reserved 622592K
  class space    used 22330K, committed 22912K, reserved 425984K
}
Event: 47.272 GC heap before
{Heap before GC invocations=30 (full 6):
 PSYoungGen      total 695808K, used 562176K [0x00000007aab00000, 0x00000007e0f80000, 0x0000000800000000)
  eden space 562176K, 100% used [0x00000007aab00000,0x00000007cd000000,0x00000007cd000000)
  from space 133632K, 0% used [0x00000007cd000000,0x00000007cd000000,0x00000007d5280000)
  to   space 31744K, 0% used [0x00000007d5280000,0x00000007d5280000,0x00000007d7180000)
 ParOldGen       total 713728K, used 415147K [0x0000000700000000, 0x000000072b900000, 0x00000007aab00000)
  object space 713728K, 58% used [0x0000000700000000,0x000000071956ad70,0x000000072b900000)
 Metaspace       used 189004K, committed 190400K, reserved 622592K
  class space    used 23579K, committed 24192K, reserved 425984K
}
Event: 47.422 GC heap after
{Heap after GC invocations=30 (full 6):
 PSYoungGen      total 547840K, used 31723K [0x00000007aab00000, 0x00000007e6a80000, 0x0000000800000000)
  eden space 516096K, 0% used [0x00000007aab00000,0x00000007aab00000,0x00000007ca300000)
  from space 31744K, 99% used [0x00000007d5280000,0x00000007d717ada0,0x00000007d7180000)
  to   space 179712K, 0% used [0x00000007ca300000,0x00000007ca300000,0x00000007d5280000)
 ParOldGen       total 713728K, used 575472K [0x0000000700000000, 0x000000072b900000, 0x00000007aab00000)
  object space 713728K, 80% used [0x0000000700000000,0x00000007231fc268,0x000000072b900000)
 Metaspace       used 189004K, committed 190400K, reserved 622592K
  class space    used 23579K, committed 24192K, reserved 425984K
}
Event: 49.853 GC heap before
{Heap before GC invocations=31 (full 7):
 PSYoungGen      total 547840K, used 547819K [0x00000007aab00000, 0x00000007e6a80000, 0x0000000800000000)
  eden space 516096K, 100% used [0x00000007aab00000,0x00000007ca300000,0x00000007ca300000)
  from space 31744K, 99% used [0x00000007d5280000,0x00000007d717ada0,0x00000007d7180000)
  to   space 179712K, 0% used [0x00000007ca300000,0x00000007ca300000,0x00000007d5280000)
 ParOldGen       total 713728K, used 575472K [0x0000000700000000, 0x000000072b900000, 0x00000007aab00000)
  object space 713728K, 80% used [0x0000000700000000,0x00000007231fc268,0x000000072b900000)
 Metaspace       used 189852K, committed 191232K, reserved 622592K
  class space    used 23632K, committed 24256K, reserved 425984K
}
Event: 50.175 GC heap after
{Heap after GC invocations=31 (full 7):
 PSYoungGen      total 695808K, used 0K [0x00000007aab00000, 0x00000007e2700000, 0x0000000800000000)
  eden space 516096K, 0% used [0x00000007aab00000,0x00000007aab00000,0x00000007ca300000)
  from space 179712K, 0% used [0x00000007ca300000,0x00000007ca300000,0x00000007d5280000)
  to   space 179712K, 0% used [0x00000007d7780000,0x00000007d7780000,0x00000007e2700000)
 ParOldGen       total 1041920K, used 616286K [0x0000000700000000, 0x000000073f980000, 0x00000007aab00000)
  object space 1041920K, 59% used [0x0000000700000000,0x00000007259d79c0,0x000000073f980000)
 Metaspace       used 189852K, committed 191232K, reserved 622592K
  class space    used 23632K, committed 24256K, reserved 425984K
}
Event: 52.270 GC heap before
{Heap before GC invocations=32 (full 7):
 PSYoungGen      total 695808K, used 516096K [0x00000007aab00000, 0x00000007e2700000, 0x0000000800000000)
  eden space 516096K, 100% used [0x00000007aab00000,0x00000007ca300000,0x00000007ca300000)
  from space 179712K, 0% used [0x00000007ca300000,0x00000007ca300000,0x00000007d5280000)
  to   space 179712K, 0% used [0x00000007d7780000,0x00000007d7780000,0x00000007e2700000)
 ParOldGen       total 1041920K, used 616286K [0x0000000700000000, 0x000000073f980000, 0x00000007aab00000)
  object space 1041920K, 59% used [0x0000000700000000,0x00000007259d79c0,0x000000073f980000)
 Metaspace       used 192893K, committed 194240K, reserved 622592K
  class space    used 23914K, committed 24512K, reserved 425984K
}
Event: 52.277 GC heap after
{Heap after GC invocations=32 (full 7):
 PSYoungGen      total 712192K, used 11568K [0x00000007aab00000, 0x00000007e1880000, 0x0000000800000000)
  eden space 547328K, 0% used [0x00000007aab00000,0x00000007aab00000,0x00000007cc180000)
  from space 164864K, 7% used [0x00000007d7780000,0x00000007d82cc020,0x00000007e1880000)
  to   space 175616K, 0% used [0x00000007cc180000,0x00000007cc180000,0x00000007d6d00000)
 ParOldGen       total 1041920K, used 616294K [0x0000000700000000, 0x000000073f980000, 0x00000007aab00000)
  object space 1041920K, 59% used [0x0000000700000000,0x00000007259d99c0,0x000000073f980000)
 Metaspace       used 192893K, committed 194240K, reserved 622592K
  class space    used 23914K, committed 24512K, reserved 425984K
}
Event: 53.778 GC heap before
{Heap before GC invocations=33 (full 7):
 PSYoungGen      total 712192K, used 558896K [0x00000007aab00000, 0x00000007e1880000, 0x0000000800000000)
  eden space 547328K, 100% used [0x00000007aab00000,0x00000007cc180000,0x00000007cc180000)
  from space 164864K, 7% used [0x00000007d7780000,0x00000007d82cc020,0x00000007e1880000)
  to   space 175616K, 0% used [0x00000007cc180000,0x00000007cc180000,0x00000007d6d00000)
 ParOldGen       total 1041920K, used 616294K [0x0000000700000000, 0x000000073f980000, 0x00000007aab00000)
  object space 1041920K, 59% used [0x0000000700000000,0x00000007259d99c0,0x000000073f980000)
 Metaspace       used 194335K, committed 195776K, reserved 622592K
  class space    used 24065K, committed 24768K, reserved 425984K
}
Event: 53.784 GC heap after
{Heap after GC invocations=33 (full 7):
 PSYoungGen      total 722944K, used 16495K [0x00000007aab00000, 0x00000007e2980000, 0x0000000800000000)
  eden space 547328K, 0% used [0x00000007aab00000,0x00000007aab00000,0x00000007cc180000)
  from space 175616K, 9% used [0x00000007cc180000,0x00000007cd19bfd8,0x00000007d6d00000)
  to   space 169472K, 0% used [0x00000007d8400000,0x00000007d8400000,0x00000007e2980000)
 ParOldGen       total 1041920K, used 616302K [0x0000000700000000, 0x000000073f980000, 0x00000007aab00000)
  object space 1041920K, 59% used [0x0000000700000000,0x00000007259db9c0,0x000000073f980000)
 Metaspace       used 194335K, committed 195776K, reserved 622592K
  class space    used 24065K, committed 24768K, reserved 425984K
}
Event: 62.255 GC heap before
{Heap before GC invocations=34 (full 7):
 PSYoungGen      total 722944K, used 563823K [0x00000007aab00000, 0x00000007e2980000, 0x0000000800000000)
  eden space 547328K, 100% used [0x00000007aab00000,0x00000007cc180000,0x00000007cc180000)
  from space 175616K, 9% used [0x00000007cc180000,0x00000007cd19bfd8,0x00000007d6d00000)
  to   space 169472K, 0% used [0x00000007d8400000,0x00000007d8400000,0x00000007e2980000)
 ParOldGen       total 1041920K, used 616302K [0x0000000700000000, 0x000000073f980000, 0x00000007aab00000)
  object space 1041920K, 59% used [0x0000000700000000,0x00000007259db9c0,0x000000073f980000)
 Metaspace       used 200834K, committed 202368K, reserved 622592K
  class space    used 24942K, committed 25664K, reserved 425984K
}
Event: 62.288 GC heap after
{Heap after GC invocations=34 (full 7):
 PSYoungGen      total 735232K, used 74429K [0x00000007aab00000, 0x00000007e2180000, 0x0000000800000000)
  eden space 573952K, 0% used [0x00000007aab00000,0x00000007aab00000,0x00000007cdb80000)
  from space 161280K, 46% used [0x00000007d8400000,0x00000007dccaf780,0x00000007e2180000)
  to   space 166912K, 0% used [0x00000007cdb80000,0x00000007cdb80000,0x00000007d7e80000)
 ParOldGen       total 1041920K, used 616310K [0x0000000700000000, 0x000000073f980000, 0x00000007aab00000)
  object space 1041920K, 59% used [0x0000000700000000,0x00000007259dd9c0,0x000000073f980000)
 Metaspace       used 200834K, committed 202368K, reserved 622592K
  class space    used 24942K, committed 25664K, reserved 425984K
}
Event: 64.941 GC heap before
{Heap before GC invocations=35 (full 7):
 PSYoungGen      total 735232K, used 648381K [0x00000007aab00000, 0x00000007e2180000, 0x0000000800000000)
  eden space 573952K, 100% used [0x00000007aab00000,0x00000007cdb80000,0x00000007cdb80000)
  from space 161280K, 46% used [0x00000007d8400000,0x00000007dccaf780,0x00000007e2180000)
  to   space 166912K, 0% used [0x00000007cdb80000,0x00000007cdb80000,0x00000007d7e80000)
 ParOldGen       total 1041920K, used 616310K [0x0000000700000000, 0x000000073f980000, 0x00000007aab00000)
  object space 1041920K, 59% used [0x0000000700000000,0x00000007259dd9c0,0x000000073f980000)
 Metaspace       used 216904K, committed 218432K, reserved 622592K
  class space    used 27220K, committed 27968K, reserved 425984K
}
Event: 64.959 GC heap after
{Heap after GC invocations=35 (full 7):
 PSYoungGen      total 740864K, used 71776K [0x00000007aab00000, 0x00000007e3400000, 0x0000000800000000)
  eden space 573952K, 0% used [0x00000007aab00000,0x00000007aab00000,0x00000007cdb80000)
  from space 166912K, 43% used [0x00000007cdb80000,0x00000007d2198090,0x00000007d7e80000)
  to   space 162304K, 0% used [0x00000007d9580000,0x00000007d9580000,0x00000007e3400000)
 ParOldGen       total 1041920K, used 616326K [0x0000000700000000, 0x000000073f980000, 0x00000007aab00000)
  object space 1041920K, 59% used [0x0000000700000000,0x00000007259e19c0,0x000000073f980000)
 Metaspace       used 216904K, committed 218432K, reserved 622592K
  class space    used 27220K, committed 27968K, reserved 425984K
}
Event: 670.811 GC heap before
{Heap before GC invocations=36 (full 7):
 PSYoungGen      total 740864K, used 645728K [0x00000007aab00000, 0x00000007e3400000, 0x0000000800000000)
  eden space 573952K, 100% used [0x00000007aab00000,0x00000007cdb80000,0x00000007cdb80000)
  from space 166912K, 43% used [0x00000007cdb80000,0x00000007d2198090,0x00000007d7e80000)
  to   space 162304K, 0% used [0x00000007d9580000,0x00000007d9580000,0x00000007e3400000)
 ParOldGen       total 1041920K, used 616326K [0x0000000700000000, 0x000000073f980000, 0x00000007aab00000)
  object space 1041920K, 59% used [0x0000000700000000,0x00000007259e19c0,0x000000073f980000)
 Metaspace       used 229401K, committed 231168K, reserved 688128K
  class space    used 28600K, committed 29440K, reserved 425984K
}
Event: 671.130 GC heap after
{Heap after GC invocations=36 (full 7):
 PSYoungGen      total 757760K, used 100368K [0x00000007aab00000, 0x00000007e3b80000, 0x0000000800000000)
  eden space 595456K, 0% used [0x00000007aab00000,0x00000007aab00000,0x00000007cf080000)
  from space 162304K, 61% used [0x00000007d9580000,0x00000007df784330,0x00000007e3400000)
  to   space 168960K, 0% used [0x00000007cf080000,0x00000007cf080000,0x00000007d9580000)
 ParOldGen       total 1041920K, used 616350K [0x0000000700000000, 0x000000073f980000, 0x00000007aab00000)
  object space 1041920K, 59% used [0x0000000700000000,0x00000007259e79c0,0x000000073f980000)
 Metaspace       used 229401K, committed 231168K, reserved 688128K
  class space    used 28600K, committed 29440K, reserved 425984K
}
Event: 675.434 GC heap before
{Heap before GC invocations=37 (full 7):
 PSYoungGen      total 757760K, used 695824K [0x00000007aab00000, 0x00000007e3b80000, 0x0000000800000000)
  eden space 595456K, 100% used [0x00000007aab00000,0x00000007cf080000,0x00000007cf080000)
  from space 162304K, 61% used [0x00000007d9580000,0x00000007df784330,0x00000007e3400000)
  to   space 168960K, 0% used [0x00000007cf080000,0x00000007cf080000,0x00000007d9580000)
 ParOldGen       total 1041920K, used 616350K [0x0000000700000000, 0x000000073f980000, 0x00000007aab00000)
  object space 1041920K, 59% used [0x0000000700000000,0x00000007259e79c0,0x000000073f980000)
 Metaspace       used 229584K, committed 231296K, reserved 688128K
  class space    used 28606K, committed 29440K, reserved 425984K
}
Event: 675.549 GC heap after
{Heap after GC invocations=37 (full 7):
 PSYoungGen      total 764416K, used 168956K [0x00000007aab00000, 0x00000007ebf80000, 0x0000000800000000)
  eden space 595456K, 0% used [0x00000007aab00000,0x00000007aab00000,0x00000007cf080000)
  from space 168960K, 99% used [0x00000007cf080000,0x00000007d957f208,0x00000007d9580000)
  to   space 216576K, 0% used [0x00000007dec00000,0x00000007dec00000,0x00000007ebf80000)
 ParOldGen       total 1041920K, used 664842K [0x0000000700000000, 0x000000073f980000, 0x00000007aab00000)
  object space 1041920K, 63% used [0x0000000700000000,0x00000007289428a8,0x000000073f980000)
 Metaspace       used 229584K, committed 231296K, reserved 688128K
  class space    used 28606K, committed 29440K, reserved 425984K
}
Event: 678.130 GC heap before
{Heap before GC invocations=38 (full 7):
 PSYoungGen      total 764416K, used 764412K [0x00000007aab00000, 0x00000007ebf80000, 0x0000000800000000)
  eden space 595456K, 100% used [0x00000007aab00000,0x00000007cf080000,0x00000007cf080000)
  from space 168960K, 99% used [0x00000007cf080000,0x00000007d957f208,0x00000007d9580000)
  to   space 216576K, 0% used [0x00000007dec00000,0x00000007dec00000,0x00000007ebf80000)
 ParOldGen       total 1041920K, used 664842K [0x0000000700000000, 0x000000073f980000, 0x00000007aab00000)
  object space 1041920K, 63% used [0x0000000700000000,0x00000007289428a8,0x000000073f980000)
 Metaspace       used 229871K, committed 231680K, reserved 688128K
  class space    used 28631K, committed 29504K, reserved 425984K
}
Event: 678.246 GC heap after
{Heap after GC invocations=38 (full 7):
 PSYoungGen      total 788480K, used 216558K [0x00000007aab00000, 0x00000007f5200000, 0x0000000800000000)
  eden space 571904K, 0% used [0x00000007aab00000,0x00000007aab00000,0x00000007cd980000)
  from space 216576K, 99% used [0x00000007dec00000,0x00000007ebf7b9e0,0x00000007ebf80000)
  to   space 281088K, 0% used [0x00000007cd980000,0x00000007cd980000,0x00000007dec00000)
 ParOldGen       total 1041920K, used 736399K [0x0000000700000000, 0x000000073f980000, 0x00000007aab00000)
  object space 1041920K, 70% used [0x0000000700000000,0x000000072cf23cb0,0x000000073f980000)
 Metaspace       used 229871K, committed 231680K, reserved 688128K
  class space    used 28631K, committed 29504K, reserved 425984K
}

