# JRE version: OpenJDK Runtime Environment Temurin-17.0.19+10 (17.0.19+10) (build 17.0.19+10)
# Java VM: OpenJDK 64-Bit Server VM Temurin-17.0.19+10 (17.0.19+10, mixed mode, sharing, tiered, compressed oops, compressed class ptrs, parallel gc, windows-amd64)
GC Precious Log:
 CPUs: 24 total, 24 available
 Memory: 14029M
 Large Page Support: Disabled
 NUMA Support: Disabled
 Compressed Oops: Enabled (Zero based)
 Alignments: Space 512K, Generation 512K, Heap 2M
 Heap Min Capacity: 256M
 Heap Initial Capacity: 256M
 Heap Max Capacity: 4G
 Pre-touch: Disabled
 Parallel Workers: 18
Heap:
 PSYoungGen      total 425472K, used 262289K [0x00000007aab00000, 0x00000007cbb80000, 0x0000000800000000)
  eden space 316416K, 62% used [0x00000007aab00000,0x00000007b6ceb4e8,0x00000007be000000)
  from space 109056K, 58% used [0x00000007c4d80000,0x00000007c8bb9148,0x00000007cb800000)
  to   space 112128K, 0% used [0x00000007be000000,0x00000007be000000,0x00000007c4d80000)
 ParOldGen       total 900096K, used 597367K [0x0000000700000000, 0x0000000736f00000, 0x00000007aab00000)
  object space 900096K, 66% used [0x0000000700000000,0x000000072475dfc8,0x0000000736f00000)
 Metaspace       used 208466K, committed 210240K, reserved 622592K
  class space    used 25747K, committed 26624K, reserved 425984K
GC Heap History (20 events):
Event: 44.160 GC heap before
{Heap before GC invocations=36 (full 6):
 PSYoungGen      total 334336K, used 326831K [0x00000007aab00000, 0x00000007c6080000, 0x0000000800000000)
  eden space 281088K, 100% used [0x00000007aab00000,0x00000007bbd80000,0x00000007bbd80000)
  from space 53248K, 85% used [0x00000007bbd80000,0x00000007bea2bd90,0x00000007bf180000)
  to   space 73728K, 0% used [0x00000007c1880000,0x00000007c1880000,0x00000007c6080000)
 ParOldGen       total 547328K, used 358821K [0x0000000700000000, 0x0000000721680000, 0x00000007aab00000)
  object space 547328K, 65% used [0x0000000700000000,0x0000000715e696a8,0x0000000721680000)
 Metaspace       used 169730K, committed 171008K, reserved 622592K
  class space    used 21516K, committed 22144K, reserved 425984K
}
Event: 44.196 GC heap after
{Heap after GC invocations=36 (full 6):
 PSYoungGen      total 350208K, used 73710K [0x00000007aab00000, 0x00000007c8e80000, 0x0000000800000000)
  eden space 276480K, 0% used [0x00000007aab00000,0x00000007aab00000,0x00000007bb900000)
  from space 73728K, 99% used [0x00000007c1880000,0x00000007c607bae0,0x00000007c6080000)
  to   space 97792K, 0% used [0x00000007bb900000,0x00000007bb900000,0x00000007c1880000)
 ParOldGen       total 547328K, used 390056K [0x0000000700000000, 0x0000000721680000, 0x00000007aab00000)
  object space 547328K, 71% used [0x0000000700000000,0x0000000717cea178,0x0000000721680000)
 Metaspace       used 169730K, committed 171008K, reserved 622592K
  class space    used 21516K, committed 22144K, reserved 425984K
}
Event: 46.833 GC heap before
{Heap before GC invocations=37 (full 6):
 PSYoungGen      total 350208K, used 350190K [0x00000007aab00000, 0x00000007c8e80000, 0x0000000800000000)
  eden space 276480K, 100% used [0x00000007aab00000,0x00000007bb900000,0x00000007bb900000)
  from space 73728K, 99% used [0x00000007c1880000,0x00000007c607bae0,0x00000007c6080000)
  to   space 97792K, 0% used [0x00000007bb900000,0x00000007bb900000,0x00000007c1880000)
 ParOldGen       total 547328K, used 390056K [0x0000000700000000, 0x0000000721680000, 0x00000007aab00000)
  object space 547328K, 71% used [0x0000000700000000,0x0000000717cea178,0x0000000721680000)
 Metaspace       used 173233K, committed 174528K, reserved 622592K
  class space    used 21877K, committed 22464K, reserved 425984K
}
Event: 46.875 GC heap after
{Heap after GC invocations=37 (full 6):
 PSYoungGen      total 374272K, used 72952K [0x00000007aab00000, 0x00000007c9a80000, 0x0000000800000000)
  eden space 276480K, 0% used [0x00000007aab00000,0x00000007aab00000,0x00000007bb900000)
  from space 97792K, 74% used [0x00000007bb900000,0x00000007c003e158,0x00000007c1880000)
  to   space 105472K, 0% used [0x00000007c3380000,0x00000007c3380000,0x00000007c9a80000)
 ParOldGen       total 547328K, used 463151K [0x0000000700000000, 0x0000000721680000, 0x00000007aab00000)
  object space 547328K, 84% used [0x0000000700000000,0x000000071c44bd10,0x0000000721680000)
 Metaspace       used 173233K, committed 174528K, reserved 622592K
  class space    used 21877K, committed 22464K, reserved 425984K
}
Event: 50.767 GC heap before
{Heap before GC invocations=38 (full 6):
 PSYoungGen      total 374272K, used 349432K [0x00000007aab00000, 0x00000007c9a80000, 0x0000000800000000)
  eden space 276480K, 100% used [0x00000007aab00000,0x00000007bb900000,0x00000007bb900000)
  from space 97792K, 74% used [0x00000007bb900000,0x00000007c003e158,0x00000007c1880000)
  to   space 105472K, 0% used [0x00000007c3380000,0x00000007c3380000,0x00000007c9a80000)
 ParOldGen       total 547328K, used 463151K [0x0000000700000000, 0x0000000721680000, 0x00000007aab00000)
  object space 547328K, 84% used [0x0000000700000000,0x000000071c44bd10,0x0000000721680000)
 Metaspace       used 184176K, committed 185472K, reserved 622592K
  class space    used 23052K, committed 23680K, reserved 425984K
}
Event: 50.844 GC heap after
{Heap after GC invocations=38 (full 6):
 PSYoungGen      total 376832K, used 105471K [0x00000007aab00000, 0x00000007cce00000, 0x0000000800000000)
  eden space 271360K, 0% used [0x00000007aab00000,0x00000007aab00000,0x00000007bb400000)
  from space 105472K, 99% used [0x00000007c3380000,0x00000007c9a7fe28,0x00000007c9a80000)
  to   space 130560K, 0% used [0x00000007bb400000,0x00000007bb400000,0x00000007c3380000)
 ParOldGen       total 547328K, used 481569K [0x0000000700000000, 0x0000000721680000, 0x00000007aab00000)
  object space 547328K, 87% used [0x0000000700000000,0x000000071d648720,0x0000000721680000)
 Metaspace       used 184176K, committed 185472K, reserved 622592K
  class space    used 23052K, committed 23680K, reserved 425984K
}
Event: 53.287 GC heap before
{Heap before GC invocations=39 (full 7):
 PSYoungGen      total 376832K, used 376831K [0x00000007aab00000, 0x00000007cce00000, 0x0000000800000000)
  eden space 271360K, 100% used [0x00000007aab00000,0x00000007bb400000,0x00000007bb400000)
  from space 105472K, 99% used [0x00000007c3380000,0x00000007c9a7fe28,0x00000007c9a80000)
  to   space 130560K, 0% used [0x00000007bb400000,0x00000007bb400000,0x00000007c3380000)
 ParOldGen       total 547328K, used 481569K [0x0000000700000000, 0x0000000721680000, 0x00000007aab00000)
  object space 547328K, 87% used [0x0000000700000000,0x000000071d648720,0x0000000721680000)
 Metaspace       used 189383K, committed 190720K, reserved 622592K
  class space    used 23563K, committed 24192K, reserved 425984K
}
Event: 53.738 GC heap after
{Heap after GC invocations=39 (full 7):
 PSYoungGen      total 376832K, used 49988K [0x00000007aab00000, 0x00000007cc600000, 0x0000000800000000)
  eden space 271360K, 0% used [0x00000007aab00000,0x00000007aab00000,0x00000007bb400000)
  from space 105472K, 47% used [0x00000007c3380000,0x00000007c6451260,0x00000007c9a80000)
  to   space 130560K, 0% used [0x00000007bb400000,0x00000007bb400000,0x00000007c3380000)
 ParOldGen       total 900096K, used 547022K [0x0000000700000000, 0x0000000736f00000, 0x00000007aab00000)
  object space 900096K, 60% used [0x0000000700000000,0x00000007216339b8,0x0000000736f00000)
 Metaspace       used 189383K, committed 190720K, reserved 622592K
  class space    used 23563K, committed 24192K, reserved 425984K
}
Event: 54.522 GC heap before
{Heap before GC invocations=40 (full 7):
 PSYoungGen      total 376832K, used 321348K [0x00000007aab00000, 0x00000007cc600000, 0x0000000800000000)
  eden space 271360K, 100% used [0x00000007aab00000,0x00000007bb400000,0x00000007bb400000)
  from space 105472K, 47% used [0x00000007c3380000,0x00000007c6451260,0x00000007c9a80000)
  to   space 130560K, 0% used [0x00000007bb400000,0x00000007bb400000,0x00000007c3380000)
 ParOldGen       total 900096K, used 547022K [0x0000000700000000, 0x0000000736f00000, 0x00000007aab00000)
  object space 900096K, 60% used [0x0000000700000000,0x00000007216339b8,0x0000000736f00000)
 Metaspace       used 189720K, committed 191040K, reserved 622592K
  class space    used 23611K, committed 24256K, reserved 425984K
}
Event: 54.569 GC heap after
{Heap after GC invocations=40 (full 7):
 PSYoungGen      total 401920K, used 5168K [0x00000007aab00000, 0x00000007cc400000, 0x0000000800000000)
  eden space 271360K, 0% used [0x00000007aab00000,0x00000007aab00000,0x00000007bb400000)
  from space 130560K, 3% used [0x00000007bb400000,0x00000007bb90c010,0x00000007c3380000)
  to   space 129536K, 0% used [0x00000007c4580000,0x00000007c4580000,0x00000007cc400000)
 ParOldGen       total 900096K, used 597327K [0x0000000700000000, 0x0000000736f00000, 0x00000007aab00000)
  object space 900096K, 66% used [0x0000000700000000,0x0000000724753fc8,0x0000000736f00000)
 Metaspace       used 189720K, committed 191040K, reserved 622592K
  class space    used 23611K, committed 24256K, reserved 425984K
}
Event: 55.286 GC heap before
{Heap before GC invocations=41 (full 7):
 PSYoungGen      total 401920K, used 276528K [0x00000007aab00000, 0x00000007cc400000, 0x0000000800000000)
  eden space 271360K, 100% used [0x00000007aab00000,0x00000007bb400000,0x00000007bb400000)
  from space 130560K, 3% used [0x00000007bb400000,0x00000007bb90c010,0x00000007c3380000)
  to   space 129536K, 0% used [0x00000007c4580000,0x00000007c4580000,0x00000007cc400000)
 ParOldGen       total 900096K, used 597327K [0x0000000700000000, 0x0000000736f00000, 0x00000007aab00000)
  object space 900096K, 66% used [0x0000000700000000,0x0000000724753fc8,0x0000000736f00000)
 Metaspace       used 189911K, committed 191232K, reserved 622592K
  class space    used 23611K, committed 24256K, reserved 425984K
}
Event: 55.289 GC heap after
{Heap after GC invocations=41 (full 7):
 PSYoungGen      total 409088K, used 10688K [0x00000007aab00000, 0x00000007cbb80000, 0x0000000800000000)
  eden space 288256K, 0% used [0x00000007aab00000,0x00000007aab00000,0x00000007bc480000)
  from space 120832K, 8% used [0x00000007c4580000,0x00000007c4ff0010,0x00000007cbb80000)
  to   space 126464K, 0% used [0x00000007bc480000,0x00000007bc480000,0x00000007c4000000)
 ParOldGen       total 900096K, used 597335K [0x0000000700000000, 0x0000000736f00000, 0x00000007aab00000)
  object space 900096K, 66% used [0x0000000700000000,0x0000000724755fc8,0x0000000736f00000)
 Metaspace       used 189911K, committed 191232K, reserved 622592K
  class space    used 23611K, committed 24256K, reserved 425984K
}
Event: 56.608 GC heap before
{Heap before GC invocations=42 (full 7):
 PSYoungGen      total 409088K, used 298944K [0x00000007aab00000, 0x00000007cbb80000, 0x0000000800000000)
  eden space 288256K, 100% used [0x00000007aab00000,0x00000007bc480000,0x00000007bc480000)
  from space 120832K, 8% used [0x00000007c4580000,0x00000007c4ff0010,0x00000007cbb80000)
  to   space 126464K, 0% used [0x00000007bc480000,0x00000007bc480000,0x00000007c4000000)
 ParOldGen       total 900096K, used 597335K [0x0000000700000000, 0x0000000736f00000, 0x00000007aab00000)
  object space 900096K, 66% used [0x0000000700000000,0x0000000724755fc8,0x0000000736f00000)
 Metaspace       used 191280K, committed 192640K, reserved 622592K
  class space    used 23763K, committed 24384K, reserved 425984K
}
Event: 56.614 GC heap after
{Heap after GC invocations=42 (full 7):
 PSYoungGen      total 414720K, used 18317K [0x00000007aab00000, 0x00000007cc100000, 0x0000000800000000)
  eden space 288256K, 0% used [0x00000007aab00000,0x00000007aab00000,0x00000007bc480000)
  from space 126464K, 14% used [0x00000007bc480000,0x00000007bd663450,0x00000007c4000000)
  to   space 121344K, 0% used [0x00000007c4a80000,0x00000007c4a80000,0x00000007cc100000)
 ParOldGen       total 900096K, used 597343K [0x0000000700000000, 0x0000000736f00000, 0x00000007aab00000)
  object space 900096K, 66% used [0x0000000700000000,0x0000000724757fc8,0x0000000736f00000)
 Metaspace       used 191280K, committed 192640K, reserved 622592K
  class space    used 23763K, committed 24384K, reserved 425984K
}
Event: 57.366 GC heap before
{Heap before GC invocations=43 (full 7):
 PSYoungGen      total 414720K, used 306573K [0x00000007aab00000, 0x00000007cc100000, 0x0000000800000000)
  eden space 288256K, 100% used [0x00000007aab00000,0x00000007bc480000,0x00000007bc480000)
  from space 126464K, 14% used [0x00000007bc480000,0x00000007bd663450,0x00000007c4000000)
  to   space 121344K, 0% used [0x00000007c4a80000,0x00000007c4a80000,0x00000007cc100000)
 ParOldGen       total 900096K, used 597343K [0x0000000700000000, 0x0000000736f00000, 0x00000007aab00000)
  object space 900096K, 66% used [0x0000000700000000,0x0000000724757fc8,0x0000000736f00000)
 Metaspace       used 193416K, committed 194752K, reserved 622592K
  class space    used 23942K, committed 24576K, reserved 425984K
}
Event: 57.372 GC heap after
{Heap after GC invocations=43 (full 7):
 PSYoungGen      total 411136K, used 25920K [0x00000007aab00000, 0x00000007cb380000, 0x0000000800000000)
  eden space 303616K, 0% used [0x00000007aab00000,0x00000007aab00000,0x00000007bd380000)
  from space 107520K, 24% used [0x00000007c4a80000,0x00000007c63d0040,0x00000007cb380000)
  to   space 114688K, 0% used [0x00000007bd380000,0x00000007bd380000,0x00000007c4380000)
 ParOldGen       total 900096K, used 597351K [0x0000000700000000, 0x0000000736f00000, 0x00000007aab00000)
  object space 900096K, 66% used [0x0000000700000000,0x0000000724759fc8,0x0000000736f00000)
 Metaspace       used 193416K, committed 194752K, reserved 622592K
  class space    used 23942K, committed 24576K, reserved 425984K
}
Event: 58.014 GC heap before
{Heap before GC invocations=44 (full 7):
 PSYoungGen      total 411136K, used 329536K [0x00000007aab00000, 0x00000007cb380000, 0x0000000800000000)
  eden space 303616K, 100% used [0x00000007aab00000,0x00000007bd380000,0x00000007bd380000)
  from space 107520K, 24% used [0x00000007c4a80000,0x00000007c63d0040,0x00000007cb380000)
  to   space 114688K, 0% used [0x00000007bd380000,0x00000007bd380000,0x00000007c4380000)
 ParOldGen       total 900096K, used 597351K [0x0000000700000000, 0x0000000736f00000, 0x00000007aab00000)
  object space 900096K, 66% used [0x0000000700000000,0x0000000724759fc8,0x0000000736f00000)
 Metaspace       used 194248K, committed 195648K, reserved 622592K
  class space    used 24046K, committed 24704K, reserved 425984K
}
Event: 58.020 GC heap after
{Heap after GC invocations=44 (full 7):
 PSYoungGen      total 418304K, used 24892K [0x00000007aab00000, 0x00000007cb800000, 0x0000000800000000)
  eden space 303616K, 0% used [0x00000007aab00000,0x00000007aab00000,0x00000007bd380000)
  from space 114688K, 21% used [0x00000007bd380000,0x00000007bebcf388,0x00000007c4380000)
  to   space 109056K, 0% used [0x00000007c4d80000,0x00000007c4d80000,0x00000007cb800000)
 ParOldGen       total 900096K, used 597359K [0x0000000700000000, 0x0000000736f00000, 0x00000007aab00000)
  object space 900096K, 66% used [0x0000000700000000,0x000000072475bfc8,0x0000000736f00000)
 Metaspace       used 194248K, committed 195648K, reserved 622592K
  class space    used 24046K, committed 24704K, reserved 425984K
}
Event: 84.644 GC heap before
{Heap before GC invocations=45 (full 7):
 PSYoungGen      total 418304K, used 328508K [0x00000007aab00000, 0x00000007cb800000, 0x0000000800000000)
  eden space 303616K, 100% used [0x00000007aab00000,0x00000007bd380000,0x00000007bd380000)
  from space 114688K, 21% used [0x00000007bd380000,0x00000007bebcf388,0x00000007c4380000)
  to   space 109056K, 0% used [0x00000007c4d80000,0x00000007c4d80000,0x00000007cb800000)
 ParOldGen       total 900096K, used 597359K [0x0000000700000000, 0x0000000736f00000, 0x00000007aab00000)
  object space 900096K, 66% used [0x0000000700000000,0x000000072475bfc8,0x0000000736f00000)
 Metaspace       used 201868K, committed 203328K, reserved 622592K
  class space    used 24993K, committed 25728K, reserved 425984K
}
Event: 84.674 GC heap after
{Heap after GC invocations=45 (full 7):
 PSYoungGen      total 425472K, used 63716K [0x00000007aab00000, 0x00000007cbb80000, 0x0000000800000000)
  eden space 316416K, 0% used [0x00000007aab00000,0x00000007aab00000,0x00000007be000000)
  from space 109056K, 58% used [0x00000007c4d80000,0x00000007c8bb9148,0x00000007cb800000)
  to   space 112128K, 0% used [0x00000007be000000,0x00000007be000000,0x00000007c4d80000)
 ParOldGen       total 900096K, used 597367K [0x0000000700000000, 0x0000000736f00000, 0x00000007aab00000)
  object space 900096K, 66% used [0x0000000700000000,0x000000072475dfc8,0x0000000736f00000)
 Metaspace       used 201868K, committed 203328K, reserved 622592K
  class space    used 24993K, committed 25728K, reserved 425984K
}

