# JRE version: OpenJDK Runtime Environment Temurin-17.0.19+10 (17.0.19+10) (build 17.0.19+10)
# Java VM: OpenJDK 64-Bit Server VM Temurin-17.0.19+10 (17.0.19+10, mixed mode, sharing, tiered, compressed oops, compressed class ptrs, parallel gc, windows-amd64)
GC Precious Log:
 CPUs: 24 total, 24 available
 Memory: 14029M
 Large Page Support: Disabled
 NUMA Support: Disabled
 Compressed Oops: Enabled (Zero based)
 Alignments: Space 512K, Generation 512K, Heap 2M
 Heap Min Capacity: 256M
 Heap Initial Capacity: 256M
 Heap Max Capacity: 4G
 Pre-touch: Disabled
 Parallel Workers: 18
Heap:
 PSYoungGen      total 924672K, used 295906K [0x00000007aab00000, 0x00000007f9500000, 0x0000000800000000)
  eden space 605184K, 33% used [0x00000007aab00000,0x00000007b70c7388,0x00000007cfa00000)
  from space 319488K, 29% used [0x00000007cfa00000,0x00000007d55316f8,0x00000007e3200000)
  to   space 303616K, 0% used [0x00000007e6c80000,0x00000007e6c80000,0x00000007f9500000)
 ParOldGen       total 1118208K, used 1035977K [0x0000000700000000, 0x0000000744400000, 0x00000007aab00000)
  object space 1118208K, 92% used [0x0000000700000000,0x000000073f3b2768,0x0000000744400000)
 Metaspace       used 234320K, committed 236224K, reserved 688128K
  class space    used 27958K, committed 28864K, reserved 425984K
GC Heap History (20 events):
Event: 1937.766 GC heap before
{Heap before GC invocations=105 (full 9):
 PSYoungGen      total 678912K, used 678903K [0x00000007aab00000, 0x00000007f1380000, 0x0000000800000000)
  eden space 388096K, 100% used [0x00000007aab00000,0x00000007c2600000,0x00000007c2600000)
  from space 290816K, 99% used [0x00000007c2600000,0x00000007d41fdd78,0x00000007d4200000)
  to   space 361472K, 0% used [0x00000007db280000,0x00000007db280000,0x00000007f1380000)
 ParOldGen       total 981504K, used 741620K [0x0000000700000000, 0x000000073be80000, 0x00000007aab00000)
  object space 981504K, 75% used [0x0000000700000000,0x000000072d43d128,0x000000073be80000)
 Metaspace       used 229409K, committed 231168K, reserved 688128K
  class space    used 27381K, committed 28224K, reserved 425984K
}
Event: 1937.889 GC heap after
{Heap after GC invocations=105 (full 9):
 PSYoungGen      total 754688K, used 296767K [0x00000007aab00000, 0x00000007f6180000, 0x0000000800000000)
  eden space 393216K, 0% used [0x00000007aab00000,0x00000007aab00000,0x00000007c2b00000)
  from space 361472K, 82% used [0x00000007db280000,0x00000007ed44ff80,0x00000007f1380000)
  to   space 400896K, 0% used [0x00000007c2b00000,0x00000007c2b00000,0x00000007db280000)
 ParOldGen       total 981504K, used 823892K [0x0000000700000000, 0x000000073be80000, 0x00000007aab00000)
  object space 981504K, 83% used [0x0000000700000000,0x0000000732495078,0x000000073be80000)
 Metaspace       used 229409K, committed 231168K, reserved 688128K
  class space    used 27381K, committed 28224K, reserved 425984K
}
Event: 1939.944 GC heap before
{Heap before GC invocations=106 (full 9):
 PSYoungGen      total 754688K, used 689983K [0x00000007aab00000, 0x00000007f6180000, 0x0000000800000000)
  eden space 393216K, 100% used [0x00000007aab00000,0x00000007c2b00000,0x00000007c2b00000)
  from space 361472K, 82% used [0x00000007db280000,0x00000007ed44ff80,0x00000007f1380000)
  to   space 400896K, 0% used [0x00000007c2b00000,0x00000007c2b00000,0x00000007db280000)
 ParOldGen       total 981504K, used 823892K [0x0000000700000000, 0x000000073be80000, 0x00000007aab00000)
  object space 981504K, 83% used [0x0000000700000000,0x0000000732495078,0x000000073be80000)
 Metaspace       used 233137K, committed 234880K, reserved 688128K
  class space    used 27825K, committed 28672K, reserved 425984K
}
Event: 1940.036 GC heap after
{Heap after GC invocations=106 (full 9):
 PSYoungGen      total 794112K, used 180492K [0x00000007aab00000, 0x00000007f4f00000, 0x0000000800000000)
  eden space 393216K, 0% used [0x00000007aab00000,0x00000007aab00000,0x00000007c2b00000)
  from space 400896K, 45% used [0x00000007c2b00000,0x00000007cdb43398,0x00000007db280000)
  to   space 388608K, 0% used [0x00000007dd380000,0x00000007dd380000,0x00000007f4f00000)
 ParOldGen       total 981504K, used 956288K [0x0000000700000000, 0x000000073be80000, 0x00000007aab00000)
  object space 981504K, 97% used [0x0000000700000000,0x000000073a5e01c0,0x000000073be80000)
 Metaspace       used 233137K, committed 234880K, reserved 688128K
  class space    used 27825K, committed 28672K, reserved 425984K
}
Event: 1940.814 GC heap before
{Heap before GC invocations=107 (full 10):
 PSYoungGen      total 794112K, used 573708K [0x00000007aab00000, 0x00000007f4f00000, 0x0000000800000000)
  eden space 393216K, 100% used [0x00000007aab00000,0x00000007c2b00000,0x00000007c2b00000)
  from space 400896K, 45% used [0x00000007c2b00000,0x00000007cdb43398,0x00000007db280000)
  to   space 388608K, 0% used [0x00000007dd380000,0x00000007dd380000,0x00000007f4f00000)
 ParOldGen       total 981504K, used 956288K [0x0000000700000000, 0x000000073be80000, 0x00000007aab00000)
  object space 981504K, 97% used [0x0000000700000000,0x000000073a5e01c0,0x000000073be80000)
 Metaspace       used 233288K, committed 235072K, reserved 688128K
  class space    used 27825K, committed 28672K, reserved 425984K
}
Event: 1942.216 GC heap after
{Heap after GC invocations=107 (full 10):
 PSYoungGen      total 827904K, used 0K [0x00000007aab00000, 0x00000007f5400000, 0x0000000800000000)
  eden space 439296K, 0% used [0x00000007aab00000,0x00000007aab00000,0x00000007c5800000)
  from space 388608K, 0% used [0x00000007dd380000,0x00000007dd380000,0x00000007f4f00000)
  to   space 388608K, 0% used [0x00000007c5800000,0x00000007c5800000,0x00000007dd380000)
 ParOldGen       total 1118208K, used 635021K [0x0000000700000000, 0x0000000744400000, 0x00000007aab00000)
  object space 1118208K, 56% used [0x0000000700000000,0x0000000726c23510,0x0000000744400000)
 Metaspace       used 222532K, committed 228160K, reserved 688128K
  class space    used 26665K, committed 28224K, reserved 425984K
}
Event: 1944.139 GC heap before
{Heap before GC invocations=108 (full 10):
 PSYoungGen      total 827904K, used 439296K [0x00000007aab00000, 0x00000007f5400000, 0x0000000800000000)
  eden space 439296K, 100% used [0x00000007aab00000,0x00000007c5800000,0x00000007c5800000)
  from space 388608K, 0% used [0x00000007dd380000,0x00000007dd380000,0x00000007f4f00000)
  to   space 388608K, 0% used [0x00000007c5800000,0x00000007c5800000,0x00000007dd380000)
 ParOldGen       total 1118208K, used 635021K [0x0000000700000000, 0x0000000744400000, 0x00000007aab00000)
  object space 1118208K, 56% used [0x0000000700000000,0x0000000726c23510,0x0000000744400000)
 Metaspace       used 225444K, committed 228160K, reserved 688128K
  class space    used 26933K, committed 28224K, reserved 425984K
}
Event: 1944.146 GC heap after
{Heap after GC invocations=108 (full 10):
 PSYoungGen      total 827904K, used 15760K [0x00000007aab00000, 0x00000007f7e00000, 0x0000000800000000)
  eden space 439296K, 0% used [0x00000007aab00000,0x00000007aab00000,0x00000007c5800000)
  from space 388608K, 4% used [0x00000007c5800000,0x00000007c6764020,0x00000007dd380000)
  to   space 387072K, 0% used [0x00000007e0400000,0x00000007e0400000,0x00000007f7e00000)
 ParOldGen       total 1118208K, used 635029K [0x0000000700000000, 0x0000000744400000, 0x00000007aab00000)
  object space 1118208K, 56% used [0x0000000700000000,0x0000000726c25510,0x0000000744400000)
 Metaspace       used 225444K, committed 228160K, reserved 688128K
  class space    used 26933K, committed 28224K, reserved 425984K
}
Event: 1945.137 GC heap before
{Heap before GC invocations=109 (full 10):
 PSYoungGen      total 827904K, used 455056K [0x00000007aab00000, 0x00000007f7e00000, 0x0000000800000000)
  eden space 439296K, 100% used [0x00000007aab00000,0x00000007c5800000,0x00000007c5800000)
  from space 388608K, 4% used [0x00000007c5800000,0x00000007c6764020,0x00000007dd380000)
  to   space 387072K, 0% used [0x00000007e0400000,0x00000007e0400000,0x00000007f7e00000)
 ParOldGen       total 1118208K, used 635029K [0x0000000700000000, 0x0000000744400000, 0x00000007aab00000)
  object space 1118208K, 56% used [0x0000000700000000,0x0000000726c25510,0x0000000744400000)
 Metaspace       used 226081K, committed 228224K, reserved 688128K
  class space    used 26994K, committed 28224K, reserved 425984K
}
Event: 1945.144 GC heap after
{Heap after GC invocations=109 (full 10):
 PSYoungGen      total 862208K, used 3680K [0x00000007aab00000, 0x00000007f7380000, 0x0000000800000000)
  eden space 485888K, 0% used [0x00000007aab00000,0x00000007aab00000,0x00000007c8580000)
  from space 376320K, 0% used [0x00000007e0400000,0x00000007e0798010,0x00000007f7380000)
  to   space 384000K, 0% used [0x00000007c8580000,0x00000007c8580000,0x00000007dfc80000)
 ParOldGen       total 1118208K, used 644205K [0x0000000700000000, 0x0000000744400000, 0x00000007aab00000)
  object space 1118208K, 57% used [0x0000000700000000,0x000000072751b6c0,0x0000000744400000)
 Metaspace       used 226081K, committed 228224K, reserved 688128K
  class space    used 26994K, committed 28224K, reserved 425984K
}
Event: 2163.147 GC heap before
{Heap before GC invocations=110 (full 10):
 PSYoungGen      total 862208K, used 489568K [0x00000007aab00000, 0x00000007f7380000, 0x0000000800000000)
  eden space 485888K, 100% used [0x00000007aab00000,0x00000007c8580000,0x00000007c8580000)
  from space 376320K, 0% used [0x00000007e0400000,0x00000007e0798010,0x00000007f7380000)
  to   space 384000K, 0% used [0x00000007c8580000,0x00000007c8580000,0x00000007dfc80000)
 ParOldGen       total 1118208K, used 644205K [0x0000000700000000, 0x0000000744400000, 0x00000007aab00000)
  object space 1118208K, 57% used [0x0000000700000000,0x000000072751b6c0,0x0000000744400000)
 Metaspace       used 227085K, committed 229184K, reserved 688128K
  class space    used 27111K, committed 28224K, reserved 425984K
}
Event: 2163.309 GC heap after
{Heap after GC invocations=110 (full 10):
 PSYoungGen      total 869888K, used 56581K [0x00000007aab00000, 0x00000007f8100000, 0x0000000800000000)
  eden space 485888K, 0% used [0x00000007aab00000,0x00000007aab00000,0x00000007c8580000)
  from space 384000K, 14% used [0x00000007c8580000,0x00000007cbcc15a0,0x00000007dfc80000)
  to   space 368640K, 0% used [0x00000007e1900000,0x00000007e1900000,0x00000007f8100000)
 ParOldGen       total 1118208K, used 647637K [0x0000000700000000, 0x0000000744400000, 0x00000007aab00000)
  object space 1118208K, 57% used [0x0000000700000000,0x00000007278756d0,0x0000000744400000)
 Metaspace       used 227085K, committed 229184K, reserved 688128K
  class space    used 27111K, committed 28224K, reserved 425984K
}
Event: 2165.352 GC heap before
{Heap before GC invocations=111 (full 10):
 PSYoungGen      total 869888K, used 542469K [0x00000007aab00000, 0x00000007f8100000, 0x0000000800000000)
  eden space 485888K, 100% used [0x00000007aab00000,0x00000007c8580000,0x00000007c8580000)
  from space 384000K, 14% used [0x00000007c8580000,0x00000007cbcc15a0,0x00000007dfc80000)
  to   space 368640K, 0% used [0x00000007e1900000,0x00000007e1900000,0x00000007f8100000)
 ParOldGen       total 1118208K, used 647637K [0x0000000700000000, 0x0000000744400000, 0x00000007aab00000)
  object space 1118208K, 57% used [0x0000000700000000,0x00000007278756d0,0x0000000744400000)
 Metaspace       used 227304K, committed 229376K, reserved 688128K
  class space    used 27149K, committed 28224K, reserved 425984K
}
Event: 2165.450 GC heap after
{Heap after GC invocations=111 (full 10):
 PSYoungGen      total 887808K, used 150436K [0x00000007aab00000, 0x00000007f6f80000, 0x0000000800000000)
  eden space 537088K, 0% used [0x00000007aab00000,0x00000007aab00000,0x00000007cb780000)
  from space 350720K, 42% used [0x00000007e1900000,0x00000007eabe9148,0x00000007f6f80000)
  to   space 356352K, 0% used [0x00000007cb780000,0x00000007cb780000,0x00000007e1380000)
 ParOldGen       total 1118208K, used 647645K [0x0000000700000000, 0x0000000744400000, 0x00000007aab00000)
  object space 1118208K, 57% used [0x0000000700000000,0x00000007278776d0,0x0000000744400000)
 Metaspace       used 227304K, committed 229376K, reserved 688128K
  class space    used 27149K, committed 28224K, reserved 425984K
}
Event: 2167.506 GC heap before
{Heap before GC invocations=112 (full 10):
 PSYoungGen      total 887808K, used 687524K [0x00000007aab00000, 0x00000007f6f80000, 0x0000000800000000)
  eden space 537088K, 100% used [0x00000007aab00000,0x00000007cb780000,0x00000007cb780000)
  from space 350720K, 42% used [0x00000007e1900000,0x00000007eabe9148,0x00000007f6f80000)
  to   space 356352K, 0% used [0x00000007cb780000,0x00000007cb780000,0x00000007e1380000)
 ParOldGen       total 1118208K, used 647645K [0x0000000700000000, 0x0000000744400000, 0x00000007aab00000)
  object space 1118208K, 57% used [0x0000000700000000,0x00000007278776d0,0x0000000744400000)
 Metaspace       used 227312K, committed 229376K, reserved 688128K
  class space    used 27150K, committed 28224K, reserved 425984K
}
Event: 2167.664 GC heap after
{Heap after GC invocations=112 (full 10):
 PSYoungGen      total 893440K, used 105208K [0x00000007aab00000, 0x00000007f8580000, 0x0000000800000000)
  eden space 537088K, 0% used [0x00000007aab00000,0x00000007aab00000,0x00000007cb780000)
  from space 356352K, 29% used [0x00000007cb780000,0x00000007d1e3e188,0x00000007e1380000)
  to   space 334848K, 0% used [0x00000007e3e80000,0x00000007e3e80000,0x00000007f8580000)
 ParOldGen       total 1118208K, used 797945K [0x0000000700000000, 0x0000000744400000, 0x00000007aab00000)
  object space 1118208K, 71% used [0x0000000700000000,0x0000000730b3e530,0x0000000744400000)
 Metaspace       used 227312K, committed 229376K, reserved 688128K
  class space    used 27150K, committed 28224K, reserved 425984K
}
Event: 2169.768 GC heap before
{Heap before GC invocations=113 (full 10):
 PSYoungGen      total 893440K, used 642296K [0x00000007aab00000, 0x00000007f8580000, 0x0000000800000000)
  eden space 537088K, 100% used [0x00000007aab00000,0x00000007cb780000,0x00000007cb780000)
  from space 356352K, 29% used [0x00000007cb780000,0x00000007d1e3e188,0x00000007e1380000)
  to   space 334848K, 0% used [0x00000007e3e80000,0x00000007e3e80000,0x00000007f8580000)
 ParOldGen       total 1118208K, used 797945K [0x0000000700000000, 0x0000000744400000, 0x00000007aab00000)
  object space 1118208K, 71% used [0x0000000700000000,0x0000000730b3e530,0x0000000744400000)
 Metaspace       used 227565K, committed 229632K, reserved 688128K
  class space    used 27176K, committed 28224K, reserved 425984K
}
Event: 2169.882 GC heap after
{Heap after GC invocations=113 (full 10):
 PSYoungGen      total 911872K, used 133807K [0x00000007aab00000, 0x00000007f6a00000, 0x0000000800000000)
  eden space 605184K, 0% used [0x00000007aab00000,0x00000007aab00000,0x00000007cfa00000)
  from space 306688K, 43% used [0x00000007e3e80000,0x00000007ec12bd98,0x00000007f6a00000)
  to   space 319488K, 0% used [0x00000007cfa00000,0x00000007cfa00000,0x00000007e3200000)
 ParOldGen       total 1118208K, used 903255K [0x0000000700000000, 0x0000000744400000, 0x00000007aab00000)
  object space 1118208K, 80% used [0x0000000700000000,0x0000000737215c78,0x0000000744400000)
 Metaspace       used 227565K, committed 229632K, reserved 688128K
  class space    used 27176K, committed 28224K, reserved 425984K
}
Event: 2172.514 GC heap before
{Heap before GC invocations=114 (full 10):
 PSYoungGen      total 911872K, used 738991K [0x00000007aab00000, 0x00000007f6a00000, 0x0000000800000000)
  eden space 605184K, 100% used [0x00000007aab00000,0x00000007cfa00000,0x00000007cfa00000)
  from space 306688K, 43% used [0x00000007e3e80000,0x00000007ec12bd98,0x00000007f6a00000)
  to   space 319488K, 0% used [0x00000007cfa00000,0x00000007cfa00000,0x00000007e3200000)
 ParOldGen       total 1118208K, used 903255K [0x0000000700000000, 0x0000000744400000, 0x00000007aab00000)
  object space 1118208K, 80% used [0x0000000700000000,0x0000000737215c78,0x0000000744400000)
 Metaspace       used 233901K, committed 235776K, reserved 688128K
  class space    used 27916K, committed 28800K, reserved 425984K
}
Event: 2172.614 GC heap after
{Heap after GC invocations=114 (full 10):
 PSYoungGen      total 924672K, used 93381K [0x00000007aab00000, 0x00000007f9500000, 0x0000000800000000)
  eden space 605184K, 0% used [0x00000007aab00000,0x00000007aab00000,0x00000007cfa00000)
  from space 319488K, 29% used [0x00000007cfa00000,0x00000007d55316f8,0x00000007e3200000)
  to   space 303616K, 0% used [0x00000007e6c80000,0x00000007e6c80000,0x00000007f9500000)
 ParOldGen       total 1118208K, used 1035977K [0x0000000700000000, 0x0000000744400000, 0x00000007aab00000)
  object space 1118208K, 92% used [0x0000000700000000,0x000000073f3b2768,0x0000000744400000)
 Metaspace       used 233901K, committed 235776K, reserved 688128K
  class space    used 27916K, committed 28800K, reserved 425984K
}

