# JRE version: OpenJDK Runtime Environment Temurin-17.0.19+10 (17.0.19+10) (build 17.0.19+10)
# Java VM: OpenJDK 64-Bit Server VM Temurin-17.0.19+10 (17.0.19+10, mixed mode, sharing, tiered, compressed oops, compressed class ptrs, parallel gc, windows-amd64)
GC Precious Log:
 CPUs: 24 total, 24 available
 Memory: 14029M
 Large Page Support: Disabled
 NUMA Support: Disabled
 Compressed Oops: Enabled (Zero based)
 Alignments: Space 512K, Generation 512K, Heap 2M
 Heap Min Capacity: 256M
 Heap Initial Capacity: 256M
 Heap Max Capacity: 4G
 Pre-touch: Disabled
 Parallel Workers: 18
Heap:
 PSYoungGen      total 74752K, used 21189K [0x00000007aab00000, 0x00000007b0f80000, 0x0000000800000000)
  eden space 64000K, 24% used [0x00000007aab00000,0x00000007aba291f8,0x00000007ae980000)
  from space 10752K, 52% used [0x00000007aeb00000,0x00000007af088348,0x00000007af580000)
  to   space 19456K, 0% used [0x00000007afc80000,0x00000007afc80000,0x00000007b0f80000)
 ParOldGen       total 175104K, used 22606K [0x0000000700000000, 0x000000070ab00000, 0x00000007aab00000)
  object space 175104K, 12% used [0x0000000700000000,0x0000000701613908,0x000000070ab00000)
 Metaspace       used 31146K, committed 31552K, reserved 491520K
  class space    used 4339K, committed 4544K, reserved 425984K
GC Heap History (12 events):
Event: 0.791 GC heap before
{Heap before GC invocations=1 (full 0):
 PSYoungGen      total 76288K, used 65536K [0x00000007aab00000, 0x00000007b0000000, 0x0000000800000000)
  eden space 65536K, 100% used [0x00000007aab00000,0x00000007aeb00000,0x00000007aeb00000)
  from space 10752K, 0% used [0x00000007af580000,0x00000007af580000,0x00000007b0000000)
  to   space 10752K, 0% used [0x00000007aeb00000,0x00000007aeb00000,0x00000007af580000)
 ParOldGen       total 175104K, used 0K [0x0000000700000000, 0x000000070ab00000, 0x00000007aab00000)
  object space 175104K, 0% used [0x0000000700000000,0x0000000700000000,0x000000070ab00000)
 Metaspace       used 4460K, committed 4672K, reserved 491520K
  class space    used 552K, committed 640K, reserved 425984K
}
Event: 0.794 GC heap after
{Heap after GC invocations=1 (full 0):
 PSYoungGen      total 76288K, used 10750K [0x00000007aab00000, 0x00000007b0000000, 0x0000000800000000)
  eden space 65536K, 0% used [0x00000007aab00000,0x00000007aab00000,0x00000007aeb00000)
  from space 10752K, 99% used [0x00000007aeb00000,0x00000007af57fa68,0x00000007af580000)
  to   space 10752K, 0% used [0x00000007af580000,0x00000007af580000,0x00000007b0000000)
 ParOldGen       total 175104K, used 136K [0x0000000700000000, 0x000000070ab00000, 0x00000007aab00000)
  object space 175104K, 0% used [0x0000000700000000,0x0000000700022000,0x000000070ab00000)
 Metaspace       used 4460K, committed 4672K, reserved 491520K
  class space    used 552K, committed 640K, reserved 425984K
}
Event: 1.676 GC heap before
{Heap before GC invocations=2 (full 0):
 PSYoungGen      total 76288K, used 76286K [0x00000007aab00000, 0x00000007b0000000, 0x0000000800000000)
  eden space 65536K, 100% used [0x00000007aab00000,0x00000007aeb00000,0x00000007aeb00000)
  from space 10752K, 99% used [0x00000007aeb00000,0x00000007af57fa68,0x00000007af580000)
  to   space 10752K, 0% used [0x00000007af580000,0x00000007af580000,0x00000007b0000000)
 ParOldGen       total 175104K, used 136K [0x0000000700000000, 0x000000070ab00000, 0x00000007aab00000)
  object space 175104K, 0% used [0x0000000700000000,0x0000000700022000,0x000000070ab00000)
 Metaspace       used 7823K, committed 8064K, reserved 491520K
  class space    used 1049K, committed 1152K, reserved 425984K
}
Event: 1.681 GC heap after
{Heap after GC invocations=2 (full 0):
 PSYoungGen      total 76288K, used 10745K [0x00000007aab00000, 0x00000007b0000000, 0x0000000800000000)
  eden space 65536K, 0% used [0x00000007aab00000,0x00000007aab00000,0x00000007aeb00000)
  from space 10752K, 99% used [0x00000007af580000,0x00000007afffe7b0,0x00000007b0000000)
  to   space 10752K, 0% used [0x00000007aeb00000,0x00000007aeb00000,0x00000007af580000)
 ParOldGen       total 175104K, used 6542K [0x0000000700000000, 0x000000070ab00000, 0x00000007aab00000)
  object space 175104K, 3% used [0x0000000700000000,0x0000000700663b48,0x000000070ab00000)
 Metaspace       used 7823K, committed 8064K, reserved 491520K
  class space    used 1049K, committed 1152K, reserved 425984K
}
Event: 2.608 GC heap before
{Heap before GC invocations=3 (full 0):
 PSYoungGen      total 76288K, used 76281K [0x00000007aab00000, 0x00000007b0000000, 0x0000000800000000)
  eden space 65536K, 100% used [0x00000007aab00000,0x00000007aeb00000,0x00000007aeb00000)
  from space 10752K, 99% used [0x00000007af580000,0x00000007afffe7b0,0x00000007b0000000)
  to   space 10752K, 0% used [0x00000007aeb00000,0x00000007aeb00000,0x00000007af580000)
 ParOldGen       total 175104K, used 6542K [0x0000000700000000, 0x000000070ab00000, 0x00000007aab00000)
  object space 175104K, 3% used [0x0000000700000000,0x0000000700663b48,0x000000070ab00000)
 Metaspace       used 17979K, committed 18240K, reserved 491520K
  class space    used 2568K, committed 2688K, reserved 425984K
}
Event: 2.615 GC heap after
{Heap after GC invocations=3 (full 0):
 PSYoungGen      total 76288K, used 10749K [0x00000007aab00000, 0x00000007b0000000, 0x0000000800000000)
  eden space 65536K, 0% used [0x00000007aab00000,0x00000007aab00000,0x00000007aeb00000)
  from space 10752K, 99% used [0x00000007aeb00000,0x00000007af57f6c8,0x00000007af580000)
  to   space 10752K, 0% used [0x00000007af580000,0x00000007af580000,0x00000007b0000000)
 ParOldGen       total 175104K, used 10547K [0x0000000700000000, 0x000000070ab00000, 0x00000007aab00000)
  object space 175104K, 6% used [0x0000000700000000,0x0000000700a4cfb8,0x000000070ab00000)
 Metaspace       used 17979K, committed 18240K, reserved 491520K
  class space    used 2568K, committed 2688K, reserved 425984K
}
Event: 3.010 GC heap before
{Heap before GC invocations=4 (full 0):
 PSYoungGen      total 76288K, used 40928K [0x00000007aab00000, 0x00000007b0000000, 0x0000000800000000)
  eden space 65536K, 46% used [0x00000007aab00000,0x00000007ac878998,0x00000007aeb00000)
  from space 10752K, 99% used [0x00000007aeb00000,0x00000007af57f6c8,0x00000007af580000)
  to   space 10752K, 0% used [0x00000007af580000,0x00000007af580000,0x00000007b0000000)
 ParOldGen       total 175104K, used 10547K [0x0000000700000000, 0x000000070ab00000, 0x00000007aab00000)
  object space 175104K, 6% used [0x0000000700000000,0x0000000700a4cfb8,0x000000070ab00000)
 Metaspace       used 21161K, committed 21504K, reserved 491520K
  class space    used 3045K, committed 3264K, reserved 425984K
}
Event: 3.012 GC heap after
{Heap after GC invocations=4 (full 0):
 PSYoungGen      total 76288K, used 10726K [0x00000007aab00000, 0x00000007b0000000, 0x0000000800000000)
  eden space 65536K, 0% used [0x00000007aab00000,0x00000007aab00000,0x00000007aeb00000)
  from space 10752K, 99% used [0x00000007af580000,0x00000007afff9b10,0x00000007b0000000)
  to   space 10752K, 0% used [0x00000007aeb00000,0x00000007aeb00000,0x00000007af580000)
 ParOldGen       total 175104K, used 12449K [0x0000000700000000, 0x000000070ab00000, 0x00000007aab00000)
  object space 175104K, 7% used [0x0000000700000000,0x0000000700c287a8,0x000000070ab00000)
 Metaspace       used 21161K, committed 21504K, reserved 491520K
  class space    used 3045K, committed 3264K, reserved 425984K
}
Event: 3.012 GC heap before
{Heap before GC invocations=5 (full 1):
 PSYoungGen      total 76288K, used 10726K [0x00000007aab00000, 0x00000007b0000000, 0x0000000800000000)
  eden space 65536K, 0% used [0x00000007aab00000,0x00000007aab00000,0x00000007aeb00000)
  from space 10752K, 99% used [0x00000007af580000,0x00000007afff9b10,0x00000007b0000000)
  to   space 10752K, 0% used [0x00000007aeb00000,0x00000007aeb00000,0x00000007af580000)
 ParOldGen       total 175104K, used 12449K [0x0000000700000000, 0x000000070ab00000, 0x00000007aab00000)
  object space 175104K, 7% used [0x0000000700000000,0x0000000700c287a8,0x000000070ab00000)
 Metaspace       used 21161K, committed 21504K, reserved 491520K
  class space    used 3045K, committed 3264K, reserved 425984K
}
Event: 3.030 GC heap after
{Heap after GC invocations=5 (full 1):
 PSYoungGen      total 76288K, used 0K [0x00000007aab00000, 0x00000007b0000000, 0x0000000800000000)
  eden space 65536K, 0% used [0x00000007aab00000,0x00000007aab00000,0x00000007aeb00000)
  from space 10752K, 0% used [0x00000007af580000,0x00000007af580000,0x00000007b0000000)
  to   space 10752K, 0% used [0x00000007aeb00000,0x00000007aeb00000,0x00000007af580000)
 ParOldGen       total 175104K, used 22598K [0x0000000700000000, 0x000000070ab00000, 0x00000007aab00000)
  object space 175104K, 12% used [0x0000000700000000,0x0000000701611908,0x000000070ab00000)
 Metaspace       used 21161K, committed 21504K, reserved 491520K
  class space    used 3045K, committed 3264K, reserved 425984K
}
Event: 3.964 GC heap before
{Heap before GC invocations=6 (full 1):
 PSYoungGen      total 76288K, used 65536K [0x00000007aab00000, 0x00000007b0000000, 0x0000000800000000)
  eden space 65536K, 100% used [0x00000007aab00000,0x00000007aeb00000,0x00000007aeb00000)
  from space 10752K, 0% used [0x00000007af580000,0x00000007af580000,0x00000007b0000000)
  to   space 10752K, 0% used [0x00000007aeb00000,0x00000007aeb00000,0x00000007af580000)
 ParOldGen       total 175104K, used 22598K [0x0000000700000000, 0x000000070ab00000, 0x00000007aab00000)
  object space 175104K, 12% used [0x0000000700000000,0x0000000701611908,0x000000070ab00000)
 Metaspace       used 31038K, committed 31488K, reserved 491520K
  class space    used 4333K, committed 4544K, reserved 425984K
}
Event: 3.966 GC heap after
{Heap after GC invocations=6 (full 1):
 PSYoungGen      total 74752K, used 5664K [0x00000007aab00000, 0x00000007b0f80000, 0x0000000800000000)
  eden space 64000K, 0% used [0x00000007aab00000,0x00000007aab00000,0x00000007ae980000)
  from space 10752K, 52% used [0x00000007aeb00000,0x00000007af088348,0x00000007af580000)
  to   space 19456K, 0% used [0x00000007afc80000,0x00000007afc80000,0x00000007b0f80000)
 ParOldGen       total 175104K, used 22606K [0x0000000700000000, 0x000000070ab00000, 0x00000007aab00000)
  object space 175104K, 12% used [0x0000000700000000,0x0000000701613908,0x000000070ab00000)
 Metaspace       used 31038K, committed 31488K, reserved 491520K
  class space    used 4333K, committed 4544K, reserved 425984K
}

