# JRE version: OpenJDK Runtime Environment Temurin-17.0.19+10 (17.0.19+10) (build 17.0.19+10)
# Java VM: OpenJDK 64-Bit Server VM Temurin-17.0.19+10 (17.0.19+10, mixed mode, sharing, tiered, compressed oops, compressed class ptrs, parallel gc, windows-amd64)
GC Precious Log:
 CPUs: 24 total, 24 available
 Memory: 14029M
 Large Page Support: Disabled
 NUMA Support: Disabled
 Compressed Oops: Enabled (Zero based)
 Alignments: Space 512K, Generation 512K, Heap 2M
 Heap Min Capacity: 256M
 Heap Initial Capacity: 256M
 Heap Max Capacity: 4G
 Pre-touch: Disabled
 Parallel Workers: 18
Heap:
 PSYoungGen      total 175104K, used 32834K [0x00000007aab00000, 0x00000007b6880000, 0x0000000800000000)
  eden space 158208K, 15% used [0x00000007aab00000,0x00000007ac3a0108,0x00000007b4580000)
  from space 16896K, 45% used [0x00000007b5800000,0x00000007b5f70aa8,0x00000007b6880000)
  to   space 17920K, 0% used [0x00000007b4580000,0x00000007b4580000,0x00000007b5700000)
 ParOldGen       total 175104K, used 73131K [0x0000000700000000, 0x000000070ab00000, 0x00000007aab00000)
  object space 175104K, 41% used [0x0000000700000000,0x000000070476afa8,0x000000070ab00000)
 Metaspace       used 78552K, committed 79360K, reserved 557056K
  class space    used 10602K, committed 11008K, reserved 425984K
GC Heap History (20 events):
Event: 6.015 GC heap before
{Heap before GC invocations=10 (full 2):
 PSYoungGen      total 67072K, used 66765K [0x00000007aab00000, 0x00000007b0e00000, 0x0000000800000000)
  eden space 62464K, 100% used [0x00000007aab00000,0x00000007ae800000,0x00000007ae800000)
  from space 4608K, 93% used [0x00000007ae980000,0x00000007aedb36a8,0x00000007aee00000)
  to   space 19456K, 0% used [0x00000007afb00000,0x00000007afb00000,0x00000007b0e00000)
 ParOldGen       total 175104K, used 31123K [0x0000000700000000, 0x000000070ab00000, 0x00000007aab00000)
  object space 175104K, 17% used [0x0000000700000000,0x0000000701e64e50,0x000000070ab00000)
 Metaspace       used 47669K, committed 48256K, reserved 491520K
  class space    used 6552K, committed 6784K, reserved 425984K
}
Event: 6.019 GC heap after
{Heap after GC invocations=10 (full 2):
 PSYoungGen      total 78848K, used 8180K [0x00000007aab00000, 0x00000007b0c00000, 0x0000000800000000)
  eden space 61440K, 0% used [0x00000007aab00000,0x00000007aab00000,0x00000007ae700000)
  from space 17408K, 46% used [0x00000007afb00000,0x00000007b02fd3a0,0x00000007b0c00000)
  to   space 18944K, 0% used [0x00000007ae700000,0x00000007ae700000,0x00000007af980000)
 ParOldGen       total 175104K, used 31131K [0x0000000700000000, 0x000000070ab00000, 0x00000007aab00000)
  object space 175104K, 17% used [0x0000000700000000,0x0000000701e66e50,0x000000070ab00000)
 Metaspace       used 47669K, committed 48256K, reserved 491520K
  class space    used 6552K, committed 6784K, reserved 425984K
}
Event: 6.716 GC heap before
{Heap before GC invocations=11 (full 2):
 PSYoungGen      total 78848K, used 69620K [0x00000007aab00000, 0x00000007b0c00000, 0x0000000800000000)
  eden space 61440K, 100% used [0x00000007aab00000,0x00000007ae700000,0x00000007ae700000)
  from space 17408K, 46% used [0x00000007afb00000,0x00000007b02fd3a0,0x00000007b0c00000)
  to   space 18944K, 0% used [0x00000007ae700000,0x00000007ae700000,0x00000007af980000)
 ParOldGen       total 175104K, used 31131K [0x0000000700000000, 0x000000070ab00000, 0x00000007aab00000)
  object space 175104K, 17% used [0x0000000700000000,0x0000000701e66e50,0x000000070ab00000)
 Metaspace       used 51209K, committed 51776K, reserved 491520K
  class space    used 7072K, committed 7360K, reserved 425984K
}
Event: 6.719 GC heap after
{Heap after GC invocations=11 (full 2):
 PSYoungGen      total 74240K, used 13780K [0x00000007aab00000, 0x00000007b0c00000, 0x0000000800000000)
  eden space 60416K, 0% used [0x00000007aab00000,0x00000007aab00000,0x00000007ae600000)
  from space 13824K, 99% used [0x00000007ae700000,0x00000007af4753c0,0x00000007af480000)
  to   space 19456K, 0% used [0x00000007af900000,0x00000007af900000,0x00000007b0c00000)
 ParOldGen       total 175104K, used 31139K [0x0000000700000000, 0x000000070ab00000, 0x00000007aab00000)
  object space 175104K, 17% used [0x0000000700000000,0x0000000701e68e50,0x000000070ab00000)
 Metaspace       used 51209K, committed 51776K, reserved 491520K
  class space    used 7072K, committed 7360K, reserved 425984K
}
Event: 6.821 GC heap before
{Heap before GC invocations=12 (full 2):
 PSYoungGen      total 74240K, used 74196K [0x00000007aab00000, 0x00000007b0c00000, 0x0000000800000000)
  eden space 60416K, 100% used [0x00000007aab00000,0x00000007ae600000,0x00000007ae600000)
  from space 13824K, 99% used [0x00000007ae700000,0x00000007af4753c0,0x00000007af480000)
  to   space 19456K, 0% used [0x00000007af900000,0x00000007af900000,0x00000007b0c00000)
 ParOldGen       total 175104K, used 31139K [0x0000000700000000, 0x000000070ab00000, 0x00000007aab00000)
  object space 175104K, 17% used [0x0000000700000000,0x0000000701e68e50,0x000000070ab00000)
 Metaspace       used 51700K, committed 52288K, reserved 491520K
  class space    used 7097K, committed 7360K, reserved 425984K
}
Event: 6.825 GC heap after
{Heap after GC invocations=12 (full 2):
 PSYoungGen      total 80384K, used 8608K [0x00000007aab00000, 0x00000007b2e80000, 0x0000000800000000)
  eden space 60928K, 0% used [0x00000007aab00000,0x00000007aab00000,0x00000007ae680000)
  from space 19456K, 44% used [0x00000007af900000,0x00000007b0168020,0x00000007b0c00000)
  to   space 18944K, 0% used [0x00000007ae680000,0x00000007ae680000,0x00000007af900000)
 ParOldGen       total 175104K, used 38606K [0x0000000700000000, 0x000000070ab00000, 0x00000007aab00000)
  object space 175104K, 22% used [0x0000000700000000,0x00000007025b38c8,0x000000070ab00000)
 Metaspace       used 51700K, committed 52288K, reserved 491520K
  class space    used 7097K, committed 7360K, reserved 425984K
}
Event: 6.951 GC heap before
{Heap before GC invocations=13 (full 2):
 PSYoungGen      total 80384K, used 69536K [0x00000007aab00000, 0x00000007b2e80000, 0x0000000800000000)
  eden space 60928K, 100% used [0x00000007aab00000,0x00000007ae680000,0x00000007ae680000)
  from space 19456K, 44% used [0x00000007af900000,0x00000007b0168020,0x00000007b0c00000)
  to   space 18944K, 0% used [0x00000007ae680000,0x00000007ae680000,0x00000007af900000)
 ParOldGen       total 175104K, used 38606K [0x0000000700000000, 0x000000070ab00000, 0x00000007aab00000)
  object space 175104K, 22% used [0x0000000700000000,0x00000007025b38c8,0x000000070ab00000)
 Metaspace       used 51848K, committed 52416K, reserved 491520K
  class space    used 7117K, committed 7360K, reserved 425984K
}
Event: 6.955 GC heap after
{Heap after GC invocations=13 (full 2):
 PSYoungGen      total 79872K, used 12409K [0x00000007aab00000, 0x00000007b2f80000, 0x0000000800000000)
  eden space 60928K, 0% used [0x00000007aab00000,0x00000007aab00000,0x00000007ae680000)
  from space 18944K, 65% used [0x00000007ae680000,0x00000007af29e7b0,0x00000007af900000)
  to   space 18944K, 0% used [0x00000007b1d00000,0x00000007b1d00000,0x00000007b2f80000)
 ParOldGen       total 175104K, used 46010K [0x0000000700000000, 0x000000070ab00000, 0x00000007aab00000)
  object space 175104K, 26% used [0x0000000700000000,0x0000000702cee948,0x000000070ab00000)
 Metaspace       used 51848K, committed 52416K, reserved 491520K
  class space    used 7117K, committed 7360K, reserved 425984K
}
Event: 7.379 GC heap before
{Heap before GC invocations=14 (full 2):
 PSYoungGen      total 79872K, used 73337K [0x00000007aab00000, 0x00000007b2f80000, 0x0000000800000000)
  eden space 60928K, 100% used [0x00000007aab00000,0x00000007ae680000,0x00000007ae680000)
  from space 18944K, 65% used [0x00000007ae680000,0x00000007af29e7b0,0x00000007af900000)
  to   space 18944K, 0% used [0x00000007b1d00000,0x00000007b1d00000,0x00000007b2f80000)
 ParOldGen       total 175104K, used 46010K [0x0000000700000000, 0x000000070ab00000, 0x00000007aab00000)
  object space 175104K, 26% used [0x0000000700000000,0x0000000702cee948,0x000000070ab00000)
 Metaspace       used 56010K, committed 56704K, reserved 491520K
  class space    used 7571K, committed 7872K, reserved 425984K
}
Event: 7.383 GC heap after
{Heap after GC invocations=14 (full 2):
 PSYoungGen      total 115712K, used 8238K [0x00000007aab00000, 0x00000007b2e80000, 0x0000000800000000)
  eden space 97792K, 0% used [0x00000007aab00000,0x00000007aab00000,0x00000007b0a80000)
  from space 17920K, 45% used [0x00000007b1d00000,0x00000007b250b848,0x00000007b2e80000)
  to   space 18432K, 0% used [0x00000007b0a80000,0x00000007b0a80000,0x00000007b1c80000)
 ParOldGen       total 175104K, used 57145K [0x0000000700000000, 0x000000070ab00000, 0x00000007aab00000)
  object space 175104K, 32% used [0x0000000700000000,0x00000007037ce5e0,0x000000070ab00000)
 Metaspace       used 56010K, committed 56704K, reserved 491520K
  class space    used 7571K, committed 7872K, reserved 425984K
}
Event: 7.641 GC heap before
{Heap before GC invocations=15 (full 2):
 PSYoungGen      total 115712K, used 40602K [0x00000007aab00000, 0x00000007b2e80000, 0x0000000800000000)
  eden space 97792K, 33% used [0x00000007aab00000,0x00000007aca9b248,0x00000007b0a80000)
  from space 17920K, 45% used [0x00000007b1d00000,0x00000007b250b848,0x00000007b2e80000)
  to   space 18432K, 0% used [0x00000007b0a80000,0x00000007b0a80000,0x00000007b1c80000)
 ParOldGen       total 175104K, used 57145K [0x0000000700000000, 0x000000070ab00000, 0x00000007aab00000)
  object space 175104K, 32% used [0x0000000700000000,0x00000007037ce5e0,0x000000070ab00000)
 Metaspace       used 59117K, committed 59776K, reserved 491520K
  class space    used 7898K, committed 8192K, reserved 425984K
}
Event: 7.644 GC heap after
{Heap after GC invocations=15 (full 2):
 PSYoungGen      total 116224K, used 1184K [0x00000007aab00000, 0x00000007b3080000, 0x0000000800000000)
  eden space 97792K, 0% used [0x00000007aab00000,0x00000007aab00000,0x00000007b0a80000)
  from space 18432K, 6% used [0x00000007b0a80000,0x00000007b0ba8000,0x00000007b1c80000)
  to   space 19456K, 0% used [0x00000007b1d80000,0x00000007b1d80000,0x00000007b3080000)
 ParOldGen       total 175104K, used 65028K [0x0000000700000000, 0x000000070ab00000, 0x00000007aab00000)
  object space 175104K, 37% used [0x0000000700000000,0x0000000703f812b8,0x000000070ab00000)
 Metaspace       used 59117K, committed 59776K, reserved 491520K
  class space    used 7898K, committed 8192K, reserved 425984K
}
Event: 7.644 GC heap before
{Heap before GC invocations=16 (full 3):
 PSYoungGen      total 116224K, used 1184K [0x00000007aab00000, 0x00000007b3080000, 0x0000000800000000)
  eden space 97792K, 0% used [0x00000007aab00000,0x00000007aab00000,0x00000007b0a80000)
  from space 18432K, 6% used [0x00000007b0a80000,0x00000007b0ba8000,0x00000007b1c80000)
  to   space 19456K, 0% used [0x00000007b1d80000,0x00000007b1d80000,0x00000007b3080000)
 ParOldGen       total 175104K, used 65028K [0x0000000700000000, 0x000000070ab00000, 0x00000007aab00000)
  object space 175104K, 37% used [0x0000000700000000,0x0000000703f812b8,0x000000070ab00000)
 Metaspace       used 59117K, committed 59776K, reserved 491520K
  class space    used 7898K, committed 8192K, reserved 425984K
}
Event: 7.691 GC heap after
{Heap after GC invocations=16 (full 3):
 PSYoungGen      total 116224K, used 0K [0x00000007aab00000, 0x00000007b3080000, 0x0000000800000000)
  eden space 97792K, 0% used [0x00000007aab00000,0x00000007aab00000,0x00000007b0a80000)
  from space 18432K, 0% used [0x00000007b0a80000,0x00000007b0a80000,0x00000007b1c80000)
  to   space 19456K, 0% used [0x00000007b1d80000,0x00000007b1d80000,0x00000007b3080000)
 ParOldGen       total 175104K, used 62581K [0x0000000700000000, 0x000000070ab00000, 0x00000007aab00000)
  object space 175104K, 35% used [0x0000000700000000,0x0000000703d1d538,0x000000070ab00000)
 Metaspace       used 59117K, committed 59776K, reserved 491520K
  class space    used 7898K, committed 8192K, reserved 425984K
}
Event: 8.505 GC heap before
{Heap before GC invocations=17 (full 3):
 PSYoungGen      total 116224K, used 97792K [0x00000007aab00000, 0x00000007b3080000, 0x0000000800000000)
  eden space 97792K, 100% used [0x00000007aab00000,0x00000007b0a80000,0x00000007b0a80000)
  from space 18432K, 0% used [0x00000007b0a80000,0x00000007b0a80000,0x00000007b1c80000)
  to   space 19456K, 0% used [0x00000007b1d80000,0x00000007b1d80000,0x00000007b3080000)
 ParOldGen       total 175104K, used 62581K [0x0000000700000000, 0x000000070ab00000, 0x00000007aab00000)
  object space 175104K, 35% used [0x0000000700000000,0x0000000703d1d538,0x000000070ab00000)
 Metaspace       used 66235K, committed 67008K, reserved 491520K
  class space    used 8865K, committed 9216K, reserved 425984K
}
Event: 8.508 GC heap after
{Heap after GC invocations=17 (full 3):
 PSYoungGen      total 118272K, used 7943K [0x00000007aab00000, 0x00000007b6800000, 0x0000000800000000)
  eden space 98816K, 0% used [0x00000007aab00000,0x00000007aab00000,0x00000007b0b80000)
  from space 19456K, 40% used [0x00000007b1d80000,0x00000007b2541ed8,0x00000007b3080000)
  to   space 18432K, 0% used [0x00000007b0b80000,0x00000007b0b80000,0x00000007b1d80000)
 ParOldGen       total 175104K, used 62589K [0x0000000700000000, 0x000000070ab00000, 0x00000007aab00000)
  object space 175104K, 35% used [0x0000000700000000,0x0000000703d1f538,0x000000070ab00000)
 Metaspace       used 66235K, committed 67008K, reserved 491520K
  class space    used 8865K, committed 9216K, reserved 425984K
}
Event: 9.247 GC heap before
{Heap before GC invocations=18 (full 3):
 PSYoungGen      total 118272K, used 106759K [0x00000007aab00000, 0x00000007b6800000, 0x0000000800000000)
  eden space 98816K, 100% used [0x00000007aab00000,0x00000007b0b80000,0x00000007b0b80000)
  from space 19456K, 40% used [0x00000007b1d80000,0x00000007b2541ed8,0x00000007b3080000)
  to   space 18432K, 0% used [0x00000007b0b80000,0x00000007b0b80000,0x00000007b1d80000)
 ParOldGen       total 175104K, used 62589K [0x0000000700000000, 0x000000070ab00000, 0x00000007aab00000)
  object space 175104K, 35% used [0x0000000700000000,0x0000000703d1f538,0x000000070ab00000)
 Metaspace       used 75440K, committed 76160K, reserved 557056K
  class space    used 10134K, committed 10432K, reserved 425984K
}
Event: 9.253 GC heap after
{Heap after GC invocations=18 (full 3):
 PSYoungGen      total 117248K, used 3359K [0x00000007aab00000, 0x00000007b6a80000, 0x0000000800000000)
  eden space 98816K, 0% used [0x00000007aab00000,0x00000007aab00000,0x00000007b0b80000)
  from space 18432K, 18% used [0x00000007b0b80000,0x00000007b0ec7d08,0x00000007b1d80000)
  to   space 18944K, 0% used [0x00000007b5800000,0x00000007b5800000,0x00000007b6a80000)
 ParOldGen       total 175104K, used 70088K [0x0000000700000000, 0x000000070ab00000, 0x00000007aab00000)
  object space 175104K, 40% used [0x0000000700000000,0x00000007044722d0,0x000000070ab00000)
 Metaspace       used 75440K, committed 76160K, reserved 557056K
  class space    used 10134K, committed 10432K, reserved 425984K
}
Event: 10.048 GC heap before
{Heap before GC invocations=19 (full 3):
 PSYoungGen      total 117248K, used 102175K [0x00000007aab00000, 0x00000007b6a80000, 0x0000000800000000)
  eden space 98816K, 100% used [0x00000007aab00000,0x00000007b0b80000,0x00000007b0b80000)
  from space 18432K, 18% used [0x00000007b0b80000,0x00000007b0ec7d08,0x00000007b1d80000)
  to   space 18944K, 0% used [0x00000007b5800000,0x00000007b5800000,0x00000007b6a80000)
 ParOldGen       total 175104K, used 70088K [0x0000000700000000, 0x000000070ab00000, 0x00000007aab00000)
  object space 175104K, 40% used [0x0000000700000000,0x00000007044722d0,0x000000070ab00000)
 Metaspace       used 78415K, committed 79232K, reserved 557056K
  class space    used 10580K, committed 10944K, reserved 425984K
}
Event: 10.056 GC heap after
{Heap after GC invocations=19 (full 3):
 PSYoungGen      total 175104K, used 7618K [0x00000007aab00000, 0x00000007b6880000, 0x0000000800000000)
  eden space 158208K, 0% used [0x00000007aab00000,0x00000007aab00000,0x00000007b4580000)
  from space 16896K, 45% used [0x00000007b5800000,0x00000007b5f70aa8,0x00000007b6880000)
  to   space 17920K, 0% used [0x00000007b4580000,0x00000007b4580000,0x00000007b5700000)
 ParOldGen       total 175104K, used 73131K [0x0000000700000000, 0x000000070ab00000, 0x00000007aab00000)
  object space 175104K, 41% used [0x0000000700000000,0x000000070476afa8,0x000000070ab00000)
 Metaspace       used 78415K, committed 79232K, reserved 557056K
  class space    used 10580K, committed 10944K, reserved 425984K
}

