# JRE version: OpenJDK Runtime Environment Temurin-17.0.19+10 (17.0.19+10) (build 17.0.19+10)
# Java VM: OpenJDK 64-Bit Server VM Temurin-17.0.19+10 (17.0.19+10, mixed mode, sharing, tiered, compressed oops, compressed class ptrs, parallel gc, windows-amd64)
GC Precious Log:
 CPUs: 24 total, 24 available
 Memory: 14029M
 Large Page Support: Disabled
 NUMA Support: Disabled
 Compressed Oops: Enabled (Zero based)
 Alignments: Space 512K, Generation 512K, Heap 2M
 Heap Min Capacity: 256M
 Heap Initial Capacity: 256M
 Heap Max Capacity: 4G
 Pre-touch: Disabled
 Parallel Workers: 18
Heap:
 PSYoungGen      total 218112K, used 49805K [0x00000007aab00000, 0x00000007bbd80000, 0x0000000800000000)
  eden space 198144K, 15% used [0x00000007aab00000,0x00000007ac823800,0x00000007b6c80000)
  from space 19968K, 99% used [0x00000007b8e00000,0x00000007ba17ff98,0x00000007ba180000)
  to   space 34304K, 0% used [0x00000007b6c80000,0x00000007b6c80000,0x00000007b8e00000)
 ParOldGen       total 181248K, used 181122K [0x0000000700000000, 0x000000070b100000, 0x00000007aab00000)
  object space 181248K, 99% used [0x0000000700000000,0x000000070b0e0b80,0x000000070b100000)
 Metaspace       used 139183K, committed 140352K, reserved 557056K
  class space    used 18498K, committed 19072K, reserved 425984K
GC Heap History (20 events):
Event: 13.979 GC heap before
{Heap before GC invocations=23 (full 4):
 PSYoungGen      total 166400K, used 3817K [0x00000007aab00000, 0x00000007b6000000, 0x0000000800000000)
  eden space 147456K, 0% used [0x00000007aab00000,0x00000007aab00000,0x00000007b3b00000)
  from space 18944K, 20% used [0x00000007b3b00000,0x00000007b3eba740,0x00000007b4d80000)
  to   space 18944K, 0% used [0x00000007b4d80000,0x00000007b4d80000,0x00000007b6000000)
 ParOldGen       total 175104K, used 105334K [0x0000000700000000, 0x000000070ab00000, 0x00000007aab00000)
  object space 175104K, 60% used [0x0000000700000000,0x00000007066dda30,0x000000070ab00000)
 Metaspace       used 98782K, committed 99648K, reserved 557056K
  class space    used 13551K, committed 13952K, reserved 425984K
}
Event: 14.045 GC heap after
{Heap after GC invocations=23 (full 4):
 PSYoungGen      total 166400K, used 0K [0x00000007aab00000, 0x00000007b6000000, 0x0000000800000000)
  eden space 147456K, 0% used [0x00000007aab00000,0x00000007aab00000,0x00000007b3b00000)
  from space 18944K, 0% used [0x00000007b3b00000,0x00000007b3b00000,0x00000007b4d80000)
  to   space 18944K, 0% used [0x00000007b4d80000,0x00000007b4d80000,0x00000007b6000000)
 ParOldGen       total 175104K, used 105283K [0x0000000700000000, 0x000000070ab00000, 0x00000007aab00000)
  object space 175104K, 60% used [0x0000000700000000,0x00000007066d0ec0,0x000000070ab00000)
 Metaspace       used 98782K, committed 99648K, reserved 557056K
  class space    used 13551K, committed 13952K, reserved 425984K
}
Event: 15.317 GC heap before
{Heap before GC invocations=24 (full 4):
 PSYoungGen      total 166400K, used 147456K [0x00000007aab00000, 0x00000007b6000000, 0x0000000800000000)
  eden space 147456K, 100% used [0x00000007aab00000,0x00000007b3b00000,0x00000007b3b00000)
  from space 18944K, 0% used [0x00000007b3b00000,0x00000007b3b00000,0x00000007b4d80000)
  to   space 18944K, 0% used [0x00000007b4d80000,0x00000007b4d80000,0x00000007b6000000)
 ParOldGen       total 175104K, used 105283K [0x0000000700000000, 0x000000070ab00000, 0x00000007aab00000)
  object space 175104K, 60% used [0x0000000700000000,0x00000007066d0ec0,0x000000070ab00000)
 Metaspace       used 107973K, committed 108864K, reserved 557056K
  class space    used 14699K, committed 15104K, reserved 425984K
}
Event: 15.323 GC heap after
{Heap after GC invocations=24 (full 4):
 PSYoungGen      total 158208K, used 12120K [0x00000007aab00000, 0x00000007b5c80000, 0x0000000800000000)
  eden space 142848K, 0% used [0x00000007aab00000,0x00000007aab00000,0x00000007b3680000)
  from space 15360K, 78% used [0x00000007b4d80000,0x00000007b59563f0,0x00000007b5c80000)
  to   space 19456K, 0% used [0x00000007b3680000,0x00000007b3680000,0x00000007b4980000)
 ParOldGen       total 175104K, used 105363K [0x0000000700000000, 0x000000070ab00000, 0x00000007aab00000)
  object space 175104K, 60% used [0x0000000700000000,0x00000007066e4ed0,0x000000070ab00000)
 Metaspace       used 107973K, committed 108864K, reserved 557056K
  class space    used 14699K, committed 15104K, reserved 425984K
}
Event: 16.179 GC heap before
{Heap before GC invocations=25 (full 4):
 PSYoungGen      total 158208K, used 154968K [0x00000007aab00000, 0x00000007b5c80000, 0x0000000800000000)
  eden space 142848K, 100% used [0x00000007aab00000,0x00000007b3680000,0x00000007b3680000)
  from space 15360K, 78% used [0x00000007b4d80000,0x00000007b59563f0,0x00000007b5c80000)
  to   space 19456K, 0% used [0x00000007b3680000,0x00000007b3680000,0x00000007b4980000)
 ParOldGen       total 175104K, used 105363K [0x0000000700000000, 0x000000070ab00000, 0x00000007aab00000)
  object space 175104K, 60% used [0x0000000700000000,0x00000007066e4ed0,0x000000070ab00000)
 Metaspace       used 110375K, committed 111296K, reserved 557056K
  class space    used 15078K, committed 15488K, reserved 425984K
}
Event: 16.188 GC heap after
{Heap after GC invocations=25 (full 4):
 PSYoungGen      total 148992K, used 10368K [0x00000007aab00000, 0x00000007b5700000, 0x0000000800000000)
  eden space 138240K, 0% used [0x00000007aab00000,0x00000007aab00000,0x00000007b3200000)
  from space 10752K, 96% used [0x00000007b3680000,0x00000007b40a00b0,0x00000007b4100000)
  to   space 18944K, 0% used [0x00000007b4480000,0x00000007b4480000,0x00000007b5700000)
 ParOldGen       total 175104K, used 117214K [0x0000000700000000, 0x000000070ab00000, 0x00000007aab00000)
  object space 175104K, 66% used [0x0000000700000000,0x0000000707277aa8,0x000000070ab00000)
 Metaspace       used 110375K, committed 111296K, reserved 557056K
  class space    used 15078K, committed 15488K, reserved 425984K
}
Event: 16.775 GC heap before
{Heap before GC invocations=26 (full 4):
 PSYoungGen      total 148992K, used 148608K [0x00000007aab00000, 0x00000007b5700000, 0x0000000800000000)
  eden space 138240K, 100% used [0x00000007aab00000,0x00000007b3200000,0x00000007b3200000)
  from space 10752K, 96% used [0x00000007b3680000,0x00000007b40a00b0,0x00000007b4100000)
  to   space 18944K, 0% used [0x00000007b4480000,0x00000007b4480000,0x00000007b5700000)
 ParOldGen       total 175104K, used 117214K [0x0000000700000000, 0x000000070ab00000, 0x00000007aab00000)
  object space 175104K, 66% used [0x0000000700000000,0x0000000707277aa8,0x000000070ab00000)
 Metaspace       used 110822K, committed 111808K, reserved 557056K
  class space    used 15116K, committed 15552K, reserved 425984K
}
Event: 16.783 GC heap after
{Heap after GC invocations=26 (full 4):
 PSYoungGen      total 145920K, used 8256K [0x00000007aab00000, 0x00000007b5080000, 0x0000000800000000)
  eden space 133632K, 0% used [0x00000007aab00000,0x00000007aab00000,0x00000007b2d80000)
  from space 12288K, 67% used [0x00000007b4480000,0x00000007b4c90000,0x00000007b5080000)
  to   space 17920K, 0% used [0x00000007b2d80000,0x00000007b2d80000,0x00000007b3f00000)
 ParOldGen       total 175104K, used 124926K [0x0000000700000000, 0x000000070ab00000, 0x00000007aab00000)
  object space 175104K, 71% used [0x0000000700000000,0x00000007079ffae0,0x000000070ab00000)
 Metaspace       used 110822K, committed 111808K, reserved 557056K
  class space    used 15116K, committed 15552K, reserved 425984K
}
Event: 17.217 GC heap before
{Heap before GC invocations=27 (full 4):
 PSYoungGen      total 145920K, used 141888K [0x00000007aab00000, 0x00000007b5080000, 0x0000000800000000)
  eden space 133632K, 100% used [0x00000007aab00000,0x00000007b2d80000,0x00000007b2d80000)
  from space 12288K, 67% used [0x00000007b4480000,0x00000007b4c90000,0x00000007b5080000)
  to   space 17920K, 0% used [0x00000007b2d80000,0x00000007b2d80000,0x00000007b3f00000)
 ParOldGen       total 175104K, used 124926K [0x0000000700000000, 0x000000070ab00000, 0x00000007aab00000)
  object space 175104K, 71% used [0x0000000700000000,0x00000007079ffae0,0x000000070ab00000)
 Metaspace       used 111694K, committed 112704K, reserved 557056K
  class space    used 15211K, committed 15680K, reserved 425984K
}
Event: 17.222 GC heap after
{Heap after GC invocations=27 (full 4):
 PSYoungGen      total 137216K, used 7184K [0x00000007aab00000, 0x00000007b4b80000, 0x0000000800000000)
  eden space 129536K, 0% used [0x00000007aab00000,0x00000007aab00000,0x00000007b2980000)
  from space 7680K, 93% used [0x00000007b2d80000,0x00000007b3484010,0x00000007b3500000)
  to   space 17408K, 0% used [0x00000007b3a80000,0x00000007b3a80000,0x00000007b4b80000)
 ParOldGen       total 175104K, used 130642K [0x0000000700000000, 0x000000070ab00000, 0x00000007aab00000)
  object space 175104K, 74% used [0x0000000700000000,0x0000000707f94b60,0x000000070ab00000)
 Metaspace       used 111694K, committed 112704K, reserved 557056K
  class space    used 15211K, committed 15680K, reserved 425984K
}
Event: 17.854 GC heap before
{Heap before GC invocations=28 (full 4):
 PSYoungGen      total 137216K, used 136720K [0x00000007aab00000, 0x00000007b4b80000, 0x0000000800000000)
  eden space 129536K, 100% used [0x00000007aab00000,0x00000007b2980000,0x00000007b2980000)
  from space 7680K, 93% used [0x00000007b2d80000,0x00000007b3484010,0x00000007b3500000)
  to   space 17408K, 0% used [0x00000007b3a80000,0x00000007b3a80000,0x00000007b4b80000)
 ParOldGen       total 175104K, used 130642K [0x0000000700000000, 0x000000070ab00000, 0x00000007aab00000)
  object space 175104K, 74% used [0x0000000700000000,0x0000000707f94b60,0x000000070ab00000)
 Metaspace       used 111729K, committed 112768K, reserved 557056K
  class space    used 15211K, committed 15680K, reserved 425984K
}
Event: 17.861 GC heap after
{Heap after GC invocations=28 (full 4):
 PSYoungGen      total 137728K, used 9504K [0x00000007aab00000, 0x00000007b4680000, 0x0000000800000000)
  eden space 125440K, 0% used [0x00000007aab00000,0x00000007aab00000,0x00000007b2580000)
  from space 12288K, 77% used [0x00000007b3a80000,0x00000007b43c8060,0x00000007b4680000)
  to   space 16896K, 0% used [0x00000007b2580000,0x00000007b2580000,0x00000007b3600000)
 ParOldGen       total 175104K, used 135346K [0x0000000700000000, 0x000000070ab00000, 0x00000007aab00000)
  object space 175104K, 77% used [0x0000000700000000,0x000000070842cbc0,0x000000070ab00000)
 Metaspace       used 111729K, committed 112768K, reserved 557056K
  class space    used 15211K, committed 15680K, reserved 425984K
}
Event: 18.129 GC heap before
{Heap before GC invocations=29 (full 4):
 PSYoungGen      total 137728K, used 134944K [0x00000007aab00000, 0x00000007b4680000, 0x0000000800000000)
  eden space 125440K, 100% used [0x00000007aab00000,0x00000007b2580000,0x00000007b2580000)
  from space 12288K, 77% used [0x00000007b3a80000,0x00000007b43c8060,0x00000007b4680000)
  to   space 16896K, 0% used [0x00000007b2580000,0x00000007b2580000,0x00000007b3600000)
 ParOldGen       total 175104K, used 135346K [0x0000000700000000, 0x000000070ab00000, 0x00000007aab00000)
  object space 175104K, 77% used [0x0000000700000000,0x000000070842cbc0,0x000000070ab00000)
 Metaspace       used 111800K, committed 112768K, reserved 557056K
  class space    used 15214K, committed 15680K, reserved 425984K
}
Event: 18.134 GC heap after
{Heap after GC invocations=29 (full 4):
 PSYoungGen      total 142336K, used 6208K [0x00000007aab00000, 0x00000007b6b80000, 0x0000000800000000)
  eden space 125440K, 0% used [0x00000007aab00000,0x00000007aab00000,0x00000007b2580000)
  from space 16896K, 36% used [0x00000007b2580000,0x00000007b2b90040,0x00000007b3600000)
  to   space 16896K, 0% used [0x00000007b5b00000,0x00000007b5b00000,0x00000007b6b80000)
 ParOldGen       total 175104K, used 142157K [0x0000000700000000, 0x000000070ab00000, 0x00000007aab00000)
  object space 175104K, 81% used [0x0000000700000000,0x0000000708ad37b0,0x000000070ab00000)
 Metaspace       used 111800K, committed 112768K, reserved 557056K
  class space    used 15214K, committed 15680K, reserved 425984K
}
Event: 18.446 GC heap before
{Heap before GC invocations=30 (full 4):
 PSYoungGen      total 142336K, used 131648K [0x00000007aab00000, 0x00000007b6b80000, 0x0000000800000000)
  eden space 125440K, 100% used [0x00000007aab00000,0x00000007b2580000,0x00000007b2580000)
  from space 16896K, 36% used [0x00000007b2580000,0x00000007b2b90040,0x00000007b3600000)
  to   space 16896K, 0% used [0x00000007b5b00000,0x00000007b5b00000,0x00000007b6b80000)
 ParOldGen       total 175104K, used 142157K [0x0000000700000000, 0x000000070ab00000, 0x00000007aab00000)
  object space 175104K, 81% used [0x0000000700000000,0x0000000708ad37b0,0x000000070ab00000)
 Metaspace       used 111905K, committed 112960K, reserved 557056K
  class space    used 15225K, committed 15744K, reserved 425984K
}
Event: 18.451 GC heap after
{Heap after GC invocations=30 (full 4):
 PSYoungGen      total 179200K, used 7220K [0x00000007aab00000, 0x00000007b6a80000, 0x0000000800000000)
  eden space 163328K, 0% used [0x00000007aab00000,0x00000007aab00000,0x00000007b4a80000)
  from space 15872K, 45% used [0x00000007b5b00000,0x00000007b620d148,0x00000007b6a80000)
  to   space 16384K, 0% used [0x00000007b4a80000,0x00000007b4a80000,0x00000007b5a80000)
 ParOldGen       total 175104K, used 145666K [0x0000000700000000, 0x000000070ab00000, 0x00000007aab00000)
  object space 175104K, 83% used [0x0000000700000000,0x0000000708e40850,0x000000070ab00000)
 Metaspace       used 111905K, committed 112960K, reserved 557056K
  class space    used 15225K, committed 15744K, reserved 425984K
}
Event: 19.590 GC heap before
{Heap before GC invocations=31 (full 4):
 PSYoungGen      total 179200K, used 170534K [0x00000007aab00000, 0x00000007b6a80000, 0x0000000800000000)
  eden space 163328K, 99% used [0x00000007aab00000,0x00000007b4a7c790,0x00000007b4a80000)
  from space 15872K, 45% used [0x00000007b5b00000,0x00000007b620d148,0x00000007b6a80000)
  to   space 16384K, 0% used [0x00000007b4a80000,0x00000007b4a80000,0x00000007b5a80000)
 ParOldGen       total 175104K, used 145666K [0x0000000700000000, 0x000000070ab00000, 0x00000007aab00000)
  object space 175104K, 83% used [0x0000000700000000,0x0000000708e40850,0x000000070ab00000)
 Metaspace       used 123961K, committed 125120K, reserved 557056K
  class space    used 16935K, committed 17472K, reserved 425984K
}
Event: 19.601 GC heap after
{Heap after GC invocations=31 (full 4):
 PSYoungGen      total 179712K, used 16354K [0x00000007aab00000, 0x00000007ba180000, 0x0000000800000000)
  eden space 163328K, 0% used [0x00000007aab00000,0x00000007aab00000,0x00000007b4a80000)
  from space 16384K, 99% used [0x00000007b4a80000,0x00000007b5a788a8,0x00000007b5a80000)
  to   space 19968K, 0% used [0x00000007b8e00000,0x00000007b8e00000,0x00000007ba180000)
 ParOldGen       total 175104K, used 150422K [0x0000000700000000, 0x000000070ab00000, 0x00000007aab00000)
  object space 175104K, 85% used [0x0000000700000000,0x00000007092e58b0,0x000000070ab00000)
 Metaspace       used 123961K, committed 125120K, reserved 557056K
  class space    used 16935K, committed 17472K, reserved 425984K
}
Event: 22.165 GC heap before
{Heap before GC invocations=32 (full 4):
 PSYoungGen      total 179712K, used 179682K [0x00000007aab00000, 0x00000007ba180000, 0x0000000800000000)
  eden space 163328K, 100% used [0x00000007aab00000,0x00000007b4a80000,0x00000007b4a80000)
  from space 16384K, 99% used [0x00000007b4a80000,0x00000007b5a788a8,0x00000007b5a80000)
  to   space 19968K, 0% used [0x00000007b8e00000,0x00000007b8e00000,0x00000007ba180000)
 ParOldGen       total 175104K, used 150422K [0x0000000700000000, 0x000000070ab00000, 0x00000007aab00000)
  object space 175104K, 85% used [0x0000000700000000,0x00000007092e58b0,0x000000070ab00000)
 Metaspace       used 138878K, committed 140032K, reserved 557056K
  class space    used 18475K, committed 19008K, reserved 425984K
}
Event: 22.185 GC heap after
{Heap after GC invocations=32 (full 4):
 PSYoungGen      total 218112K, used 19967K [0x00000007aab00000, 0x00000007bbd80000, 0x0000000800000000)
  eden space 198144K, 0% used [0x00000007aab00000,0x00000007aab00000,0x00000007b6c80000)
  from space 19968K, 99% used [0x00000007b8e00000,0x00000007ba17ff98,0x00000007ba180000)
  to   space 34304K, 0% used [0x00000007b6c80000,0x00000007b6c80000,0x00000007b8e00000)
 ParOldGen       total 181248K, used 181122K [0x0000000700000000, 0x000000070b100000, 0x00000007aab00000)
  object space 181248K, 99% used [0x0000000700000000,0x000000070b0e0b80,0x000000070b100000)
 Metaspace       used 138878K, committed 140032K, reserved 557056K
  class space    used 18475K, committed 19008K, reserved 425984K
}

