# JRE version: OpenJDK Runtime Environment Temurin-17.0.19+10 (17.0.19+10) (build 17.0.19+10)
# Java VM: OpenJDK 64-Bit Server VM Temurin-17.0.19+10 (17.0.19+10, mixed mode, sharing, tiered, compressed oops, compressed class ptrs, parallel gc, windows-amd64)
GC Precious Log:
 CPUs: 24 total, 24 available
 Memory: 14029M
 Large Page Support: Disabled
 NUMA Support: Disabled
 Compressed Oops: Enabled (Zero based)
 Alignments: Space 512K, Generation 512K, Heap 2M
 Heap Min Capacity: 256M
 Heap Initial Capacity: 256M
 Heap Max Capacity: 4G
 Pre-touch: Disabled
 Parallel Workers: 18
Heap:
 PSYoungGen      total 446976K, used 205185K [0x00000007aab00000, 0x00000007c7900000, 0x0000000800000000)
  eden space 421888K, 48% used [0x00000007aab00000,0x00000007b7360578,0x00000007c4700000)
  from space 25088K, 0% used [0x00000007c6080000,0x00000007c6080000,0x00000007c7900000)
  to   space 25600K, 0% used [0x00000007c4700000,0x00000007c4700000,0x00000007c6000000)
 ParOldGen       total 175104K, used 104926K [0x0000000700000000, 0x000000070ab00000, 0x00000007aab00000)
  object space 175104K, 59% used [0x0000000700000000,0x0000000706677ae0,0x000000070ab00000)
 Metaspace       used 110267K, committed 111232K, reserved 557056K
  class space    used 15048K, committed 15488K, reserved 425984K
GC Heap History (20 events):
Event: 14.405 GC heap before
{Heap before GC invocations=7 (full 2):
 PSYoungGen      total 141824K, used 8724K [0x00000007aab00000, 0x00000007b4f00000, 0x0000000800000000)
  eden space 131072K, 0% used [0x00000007aab00000,0x00000007aab00000,0x00000007b2b00000)
  from space 10752K, 81% used [0x00000007b2b00000,0x00000007b3385348,0x00000007b3580000)
  to   space 18432K, 0% used [0x00000007b3d00000,0x00000007b3d00000,0x00000007b4f00000)
 ParOldGen       total 175104K, used 22566K [0x0000000700000000, 0x000000070ab00000, 0x00000007aab00000)
  object space 175104K, 12% used [0x0000000700000000,0x0000000701609808,0x000000070ab00000)
 Metaspace       used 35394K, committed 35840K, reserved 491520K
  class space    used 4891K, committed 5120K, reserved 425984K
}
Event: 14.468 GC heap after
{Heap after GC invocations=7 (full 2):
 PSYoungGen      total 141824K, used 0K [0x00000007aab00000, 0x00000007b4f00000, 0x0000000800000000)
  eden space 131072K, 0% used [0x00000007aab00000,0x00000007aab00000,0x00000007b2b00000)
  from space 10752K, 0% used [0x00000007b2b00000,0x00000007b2b00000,0x00000007b3580000)
  to   space 18432K, 0% used [0x00000007b3d00000,0x00000007b3d00000,0x00000007b4f00000)
 ParOldGen       total 175104K, used 30667K [0x0000000700000000, 0x000000070ab00000, 0x00000007aab00000)
  object space 175104K, 17% used [0x0000000700000000,0x0000000701df2e88,0x000000070ab00000)
 Metaspace       used 35394K, committed 35840K, reserved 491520K
  class space    used 4891K, committed 5120K, reserved 425984K
}
Event: 16.628 GC heap before
{Heap before GC invocations=8 (full 2):
 PSYoungGen      total 141824K, used 131072K [0x00000007aab00000, 0x00000007b4f00000, 0x0000000800000000)
  eden space 131072K, 100% used [0x00000007aab00000,0x00000007b2b00000,0x00000007b2b00000)
  from space 10752K, 0% used [0x00000007b2b00000,0x00000007b2b00000,0x00000007b3580000)
  to   space 18432K, 0% used [0x00000007b3d00000,0x00000007b3d00000,0x00000007b4f00000)
 ParOldGen       total 175104K, used 30667K [0x0000000700000000, 0x000000070ab00000, 0x00000007aab00000)
  object space 175104K, 17% used [0x0000000700000000,0x0000000701df2e88,0x000000070ab00000)
 Metaspace       used 48061K, committed 48576K, reserved 491520K
  class space    used 6611K, committed 6848K, reserved 425984K
}
Event: 16.632 GC heap after
{Heap after GC invocations=8 (full 2):
 PSYoungGen      total 149504K, used 9416K [0x00000007aab00000, 0x00000007bcf00000, 0x0000000800000000)
  eden space 131072K, 0% used [0x00000007aab00000,0x00000007aab00000,0x00000007b2b00000)
  from space 18432K, 51% used [0x00000007b3d00000,0x00000007b4632070,0x00000007b4f00000)
  to   space 18432K, 0% used [0x00000007b2b00000,0x00000007b2b00000,0x00000007b3d00000)
 ParOldGen       total 175104K, used 30675K [0x0000000700000000, 0x000000070ab00000, 0x00000007aab00000)
  object space 175104K, 17% used [0x0000000700000000,0x0000000701df4e88,0x000000070ab00000)
 Metaspace       used 48061K, committed 48576K, reserved 491520K
  class space    used 6611K, committed 6848K, reserved 425984K
}
Event: 17.465 GC heap before
{Heap before GC invocations=9 (full 2):
 PSYoungGen      total 149504K, used 140488K [0x00000007aab00000, 0x00000007bcf00000, 0x0000000800000000)
  eden space 131072K, 100% used [0x00000007aab00000,0x00000007b2b00000,0x00000007b2b00000)
  from space 18432K, 51% used [0x00000007b3d00000,0x00000007b4632070,0x00000007b4f00000)
  to   space 18432K, 0% used [0x00000007b2b00000,0x00000007b2b00000,0x00000007b3d00000)
 ParOldGen       total 175104K, used 30675K [0x0000000700000000, 0x000000070ab00000, 0x00000007aab00000)
  object space 175104K, 17% used [0x0000000700000000,0x0000000701df4e88,0x000000070ab00000)
 Metaspace       used 51427K, committed 51968K, reserved 491520K
  class space    used 7052K, committed 7296K, reserved 425984K
}
Event: 17.468 GC heap after
{Heap after GC invocations=9 (full 2):
 PSYoungGen      total 149504K, used 16660K [0x00000007aab00000, 0x00000007bd200000, 0x0000000800000000)
  eden space 131072K, 0% used [0x00000007aab00000,0x00000007aab00000,0x00000007b2b00000)
  from space 18432K, 90% used [0x00000007b2b00000,0x00000007b3b453c0,0x00000007b3d00000)
  to   space 19968K, 0% used [0x00000007bbe80000,0x00000007bbe80000,0x00000007bd200000)
 ParOldGen       total 175104K, used 30683K [0x0000000700000000, 0x000000070ab00000, 0x00000007aab00000)
  object space 175104K, 17% used [0x0000000700000000,0x0000000701df6e88,0x000000070ab00000)
 Metaspace       used 51427K, committed 51968K, reserved 491520K
  class space    used 7052K, committed 7296K, reserved 425984K
}
Event: 19.083 GC heap before
{Heap before GC invocations=10 (full 2):
 PSYoungGen      total 149504K, used 147732K [0x00000007aab00000, 0x00000007bd200000, 0x0000000800000000)
  eden space 131072K, 100% used [0x00000007aab00000,0x00000007b2b00000,0x00000007b2b00000)
  from space 18432K, 90% used [0x00000007b2b00000,0x00000007b3b453c0,0x00000007b3d00000)
  to   space 19968K, 0% used [0x00000007bbe80000,0x00000007bbe80000,0x00000007bd200000)
 ParOldGen       total 175104K, used 30683K [0x0000000700000000, 0x000000070ab00000, 0x00000007aab00000)
  object space 175104K, 17% used [0x0000000700000000,0x0000000701df6e88,0x000000070ab00000)
 Metaspace       used 53823K, committed 54400K, reserved 491520K
  class space    used 7319K, committed 7552K, reserved 425984K
}
Event: 19.105 GC heap after
{Heap after GC invocations=10 (full 2):
 PSYoungGen      total 273408K, used 19955K [0x00000007aab00000, 0x00000007be300000, 0x0000000800000000)
  eden space 253440K, 0% used [0x00000007aab00000,0x00000007aab00000,0x00000007ba280000)
  from space 19968K, 99% used [0x00000007bbe80000,0x00000007bd1fce58,0x00000007bd200000)
  to   space 28672K, 0% used [0x00000007ba280000,0x00000007ba280000,0x00000007bbe80000)
 ParOldGen       total 175104K, used 45710K [0x0000000700000000, 0x000000070ab00000, 0x00000007aab00000)
  object space 175104K, 26% used [0x0000000700000000,0x0000000702ca3a80,0x000000070ab00000)
 Metaspace       used 53823K, committed 54400K, reserved 491520K
  class space    used 7319K, committed 7552K, reserved 425984K
}
Event: 20.077 GC heap before
{Heap before GC invocations=11 (full 2):
 PSYoungGen      total 273408K, used 78437K [0x00000007aab00000, 0x00000007be300000, 0x0000000800000000)
  eden space 253440K, 23% used [0x00000007aab00000,0x00000007ae41c840,0x00000007ba280000)
  from space 19968K, 99% used [0x00000007bbe80000,0x00000007bd1fce58,0x00000007bd200000)
  to   space 28672K, 0% used [0x00000007ba280000,0x00000007ba280000,0x00000007bbe80000)
 ParOldGen       total 175104K, used 45710K [0x0000000700000000, 0x000000070ab00000, 0x00000007aab00000)
  object space 175104K, 26% used [0x0000000700000000,0x0000000702ca3a80,0x000000070ab00000)
 Metaspace       used 59126K, committed 59776K, reserved 491520K
  class space    used 7861K, committed 8192K, reserved 425984K
}
Event: 20.091 GC heap after
{Heap after GC invocations=11 (full 2):
 PSYoungGen      total 282112K, used 17305K [0x00000007aab00000, 0x00000007be200000, 0x0000000800000000)
  eden space 253440K, 0% used [0x00000007aab00000,0x00000007aab00000,0x00000007ba280000)
  from space 28672K, 60% used [0x00000007ba280000,0x00000007bb366610,0x00000007bbe80000)
  to   space 28160K, 0% used [0x00000007bc680000,0x00000007bc680000,0x00000007be200000)
 ParOldGen       total 175104K, used 50249K [0x0000000700000000, 0x000000070ab00000, 0x00000007aab00000)
  object space 175104K, 28% used [0x0000000700000000,0x00000007031125b8,0x000000070ab00000)
 Metaspace       used 59126K, committed 59776K, reserved 491520K
  class space    used 7861K, committed 8192K, reserved 425984K
}
Event: 20.091 GC heap before
{Heap before GC invocations=12 (full 3):
 PSYoungGen      total 282112K, used 17305K [0x00000007aab00000, 0x00000007be200000, 0x0000000800000000)
  eden space 253440K, 0% used [0x00000007aab00000,0x00000007aab00000,0x00000007ba280000)
  from space 28672K, 60% used [0x00000007ba280000,0x00000007bb366610,0x00000007bbe80000)
  to   space 28160K, 0% used [0x00000007bc680000,0x00000007bc680000,0x00000007be200000)
 ParOldGen       total 175104K, used 50249K [0x0000000700000000, 0x000000070ab00000, 0x00000007aab00000)
  object space 175104K, 28% used [0x0000000700000000,0x00000007031125b8,0x000000070ab00000)
 Metaspace       used 59126K, committed 59776K, reserved 491520K
  class space    used 7861K, committed 8192K, reserved 425984K
}
Event: 20.177 GC heap after
{Heap after GC invocations=12 (full 3):
 PSYoungGen      total 282112K, used 0K [0x00000007aab00000, 0x00000007be200000, 0x0000000800000000)
  eden space 253440K, 0% used [0x00000007aab00000,0x00000007aab00000,0x00000007ba280000)
  from space 28672K, 0% used [0x00000007ba280000,0x00000007ba280000,0x00000007bbe80000)
  to   space 28160K, 0% used [0x00000007bc680000,0x00000007bc680000,0x00000007be200000)
 ParOldGen       total 175104K, used 65328K [0x0000000700000000, 0x000000070ab00000, 0x00000007aab00000)
  object space 175104K, 37% used [0x0000000700000000,0x0000000703fcc190,0x000000070ab00000)
 Metaspace       used 59126K, committed 59776K, reserved 491520K
  class space    used 7861K, committed 8192K, reserved 425984K
}
Event: 25.790 GC heap before
{Heap before GC invocations=13 (full 3):
 PSYoungGen      total 282112K, used 253440K [0x00000007aab00000, 0x00000007be200000, 0x0000000800000000)
  eden space 253440K, 100% used [0x00000007aab00000,0x00000007ba280000,0x00000007ba280000)
  from space 28672K, 0% used [0x00000007ba280000,0x00000007ba280000,0x00000007bbe80000)
  to   space 28160K, 0% used [0x00000007bc680000,0x00000007bc680000,0x00000007be200000)
 ParOldGen       total 175104K, used 65328K [0x0000000700000000, 0x000000070ab00000, 0x00000007aab00000)
  object space 175104K, 37% used [0x0000000700000000,0x0000000703fcc190,0x000000070ab00000)
 Metaspace       used 77708K, committed 78464K, reserved 557056K
  class space    used 10454K, committed 10816K, reserved 425984K
}
Event: 25.802 GC heap after
{Heap after GC invocations=13 (full 3):
 PSYoungGen      total 291840K, used 16113K [0x00000007aab00000, 0x00000007c6b00000, 0x0000000800000000)
  eden space 263680K, 0% used [0x00000007aab00000,0x00000007aab00000,0x00000007bac80000)
  from space 28160K, 57% used [0x00000007bc680000,0x00000007bd63c748,0x00000007be200000)
  to   space 26624K, 0% used [0x00000007bac80000,0x00000007bac80000,0x00000007bc680000)
 ParOldGen       total 175104K, used 65336K [0x0000000700000000, 0x000000070ab00000, 0x00000007aab00000)
  object space 175104K, 37% used [0x0000000700000000,0x0000000703fce190,0x000000070ab00000)
 Metaspace       used 77708K, committed 78464K, reserved 557056K
  class space    used 10454K, committed 10816K, reserved 425984K
}
Event: 30.637 GC heap before
{Heap before GC invocations=14 (full 3):
 PSYoungGen      total 291840K, used 279793K [0x00000007aab00000, 0x00000007c6b00000, 0x0000000800000000)
  eden space 263680K, 100% used [0x00000007aab00000,0x00000007bac80000,0x00000007bac80000)
  from space 28160K, 57% used [0x00000007bc680000,0x00000007bd63c748,0x00000007be200000)
  to   space 26624K, 0% used [0x00000007bac80000,0x00000007bac80000,0x00000007bc680000)
 ParOldGen       total 175104K, used 65336K [0x0000000700000000, 0x000000070ab00000, 0x00000007aab00000)
  object space 175104K, 37% used [0x0000000700000000,0x0000000703fce190,0x000000070ab00000)
 Metaspace       used 90991K, committed 91776K, reserved 557056K
  class space    used 12444K, committed 12800K, reserved 425984K
}
Event: 30.662 GC heap after
{Heap after GC invocations=14 (full 3):
 PSYoungGen      total 290304K, used 14612K [0x00000007aab00000, 0x00000007c7a00000, 0x0000000800000000)
  eden space 263680K, 0% used [0x00000007aab00000,0x00000007aab00000,0x00000007bac80000)
  from space 26624K, 54% used [0x00000007bac80000,0x00000007bbac5218,0x00000007bc680000)
  to   space 26112K, 0% used [0x00000007c6080000,0x00000007c6080000,0x00000007c7a00000)
 ParOldGen       total 175104K, used 81173K [0x0000000700000000, 0x000000070ab00000, 0x00000007aab00000)
  object space 175104K, 46% used [0x0000000700000000,0x0000000704f45438,0x000000070ab00000)
 Metaspace       used 90991K, committed 91776K, reserved 557056K
  class space    used 12444K, committed 12800K, reserved 425984K
}
Event: 33.592 GC heap before
{Heap before GC invocations=15 (full 3):
 PSYoungGen      total 290304K, used 160928K [0x00000007aab00000, 0x00000007c7a00000, 0x0000000800000000)
  eden space 263680K, 55% used [0x00000007aab00000,0x00000007b39e2f10,0x00000007bac80000)
  from space 26624K, 54% used [0x00000007bac80000,0x00000007bbac5218,0x00000007bc680000)
  to   space 26112K, 0% used [0x00000007c6080000,0x00000007c6080000,0x00000007c7a00000)
 ParOldGen       total 175104K, used 81173K [0x0000000700000000, 0x000000070ab00000, 0x00000007aab00000)
  object space 175104K, 46% used [0x0000000700000000,0x0000000704f45438,0x000000070ab00000)
 Metaspace       used 98771K, committed 99648K, reserved 557056K
  class space    used 13535K, committed 13952K, reserved 425984K
}
Event: 33.613 GC heap after
{Heap after GC invocations=15 (full 3):
 PSYoungGen      total 446976K, used 12377K [0x00000007aab00000, 0x00000007c7900000, 0x0000000800000000)
  eden space 421888K, 0% used [0x00000007aab00000,0x00000007aab00000,0x00000007c4700000)
  from space 25088K, 49% used [0x00000007c6080000,0x00000007c6c96740,0x00000007c7900000)
  to   space 25600K, 0% used [0x00000007c4700000,0x00000007c4700000,0x00000007c6000000)
 ParOldGen       total 175104K, used 95545K [0x0000000700000000, 0x000000070ab00000, 0x00000007aab00000)
  object space 175104K, 54% used [0x0000000700000000,0x0000000705d4e6f0,0x000000070ab00000)
 Metaspace       used 98771K, committed 99648K, reserved 557056K
  class space    used 13535K, committed 13952K, reserved 425984K
}
Event: 33.613 GC heap before
{Heap before GC invocations=16 (full 4):
 PSYoungGen      total 446976K, used 12377K [0x00000007aab00000, 0x00000007c7900000, 0x0000000800000000)
  eden space 421888K, 0% used [0x00000007aab00000,0x00000007aab00000,0x00000007c4700000)
  from space 25088K, 49% used [0x00000007c6080000,0x00000007c6c96740,0x00000007c7900000)
  to   space 25600K, 0% used [0x00000007c4700000,0x00000007c4700000,0x00000007c6000000)
 ParOldGen       total 175104K, used 95545K [0x0000000700000000, 0x000000070ab00000, 0x00000007aab00000)
  object space 175104K, 54% used [0x0000000700000000,0x0000000705d4e6f0,0x000000070ab00000)
 Metaspace       used 98771K, committed 99648K, reserved 557056K
  class space    used 13535K, committed 13952K, reserved 425984K
}
Event: 33.764 GC heap after
{Heap after GC invocations=16 (full 4):
 PSYoungGen      total 446976K, used 0K [0x00000007aab00000, 0x00000007c7900000, 0x0000000800000000)
  eden space 421888K, 0% used [0x00000007aab00000,0x00000007aab00000,0x00000007c4700000)
  from space 25088K, 0% used [0x00000007c6080000,0x00000007c6080000,0x00000007c7900000)
  to   space 25600K, 0% used [0x00000007c4700000,0x00000007c4700000,0x00000007c6000000)
 ParOldGen       total 175104K, used 104926K [0x0000000700000000, 0x000000070ab00000, 0x00000007aab00000)
  object space 175104K, 59% used [0x0000000700000000,0x0000000706677ae0,0x000000070ab00000)
 Metaspace       used 98771K, committed 99648K, reserved 557056K
  class space    used 13535K, committed 13952K, reserved 425984K
}

