# JRE version: OpenJDK Runtime Environment Temurin-17.0.19+10 (17.0.19+10) (build 17.0.19+10)
# Java VM: OpenJDK 64-Bit Server VM Temurin-17.0.19+10 (17.0.19+10, mixed mode, sharing, tiered, compressed oops, compressed class ptrs, parallel gc, windows-amd64)
GC Precious Log:
 CPUs: 24 total, 24 available
 Memory: 14029M
 Large Page Support: Disabled
 NUMA Support: Disabled
 Compressed Oops: Enabled (Zero based)
 Alignments: Space 512K, Generation 512K, Heap 2M
 Heap Min Capacity: 256M
 Heap Initial Capacity: 256M
 Heap Max Capacity: 4G
 Pre-touch: Disabled
 Parallel Workers: 18
Heap:
 PSYoungGen      total 300032K, used 288241K [0x00000007aab00000, 0x00000007be280000, 0x0000000800000000)
  eden space 281088K, 95% used [0x00000007aab00000,0x00000007bb1febb0,0x00000007bbd80000)
  from space 18944K, 99% used [0x00000007bbd80000,0x00000007bcffdaf0,0x00000007bd000000)
  to   space 18432K, 0% used [0x00000007bd080000,0x00000007bd080000,0x00000007be280000)
 ParOldGen       total 192512K, used 192419K [0x0000000700000000, 0x000000070bc00000, 0x00000007aab00000)
  object space 192512K, 99% used [0x0000000700000000,0x000000070bbe8e68,0x000000070bc00000)
 Metaspace       used 117482K, committed 118528K, reserved 557056K
  class space    used 15630K, committed 16128K, reserved 425984K
GC Heap History (20 events):
Event: 8.229 GC heap before
{Heap before GC invocations=18 (full 3):
 PSYoungGen      total 117248K, used 106195K [0x00000007aab00000, 0x00000007b6800000, 0x0000000800000000)
  eden space 98304K, 100% used [0x00000007aab00000,0x00000007b0b00000,0x00000007b0b00000)
  from space 18944K, 41% used [0x00000007b1d00000,0x00000007b24b4f08,0x00000007b2f80000)
  to   space 18432K, 0% used [0x00000007b0b00000,0x00000007b0b00000,0x00000007b1d00000)
 ParOldGen       total 175104K, used 64413K [0x0000000700000000, 0x000000070ab00000, 0x00000007aab00000)
  object space 175104K, 36% used [0x0000000700000000,0x0000000703ee7650,0x000000070ab00000)
 Metaspace       used 75404K, committed 76160K, reserved 557056K
  class space    used 10100K, committed 10496K, reserved 425984K
}
Event: 8.236 GC heap after
{Heap after GC invocations=18 (full 3):
 PSYoungGen      total 116736K, used 3263K [0x00000007aab00000, 0x00000007b6900000, 0x0000000800000000)
  eden space 98304K, 0% used [0x00000007aab00000,0x00000007aab00000,0x00000007b0b00000)
  from space 18432K, 17% used [0x00000007b0b00000,0x00000007b0e2fd08,0x00000007b1d00000)
  to   space 18432K, 0% used [0x00000007b5700000,0x00000007b5700000,0x00000007b6900000)
 ParOldGen       total 175104K, used 72100K [0x0000000700000000, 0x000000070ab00000, 0x00000007aab00000)
  object space 175104K, 41% used [0x0000000700000000,0x0000000704669318,0x000000070ab00000)
 Metaspace       used 75404K, committed 76160K, reserved 557056K
  class space    used 10100K, committed 10496K, reserved 425984K
}
Event: 8.803 GC heap before
{Heap before GC invocations=19 (full 3):
 PSYoungGen      total 116736K, used 101567K [0x00000007aab00000, 0x00000007b6900000, 0x0000000800000000)
  eden space 98304K, 100% used [0x00000007aab00000,0x00000007b0b00000,0x00000007b0b00000)
  from space 18432K, 17% used [0x00000007b0b00000,0x00000007b0e2fd08,0x00000007b1d00000)
  to   space 18432K, 0% used [0x00000007b5700000,0x00000007b5700000,0x00000007b6900000)
 ParOldGen       total 175104K, used 72100K [0x0000000700000000, 0x000000070ab00000, 0x00000007aab00000)
  object space 175104K, 41% used [0x0000000700000000,0x0000000704669318,0x000000070ab00000)
 Metaspace       used 78259K, committed 79104K, reserved 557056K
  class space    used 10526K, committed 10944K, reserved 425984K
}
Event: 8.809 GC heap after
{Heap after GC invocations=19 (full 3):
 PSYoungGen      total 175104K, used 8339K [0x00000007aab00000, 0x00000007b6800000, 0x0000000800000000)
  eden space 157696K, 0% used [0x00000007aab00000,0x00000007aab00000,0x00000007b4500000)
  from space 17408K, 47% used [0x00000007b5700000,0x00000007b5f24dc0,0x00000007b6800000)
  to   space 17920K, 0% used [0x00000007b4500000,0x00000007b4500000,0x00000007b5680000)
 ParOldGen       total 175104K, used 75055K [0x0000000700000000, 0x000000070ab00000, 0x00000007aab00000)
  object space 175104K, 42% used [0x0000000700000000,0x000000070494bff0,0x000000070ab00000)
 Metaspace       used 78259K, committed 79104K, reserved 557056K
  class space    used 10526K, committed 10944K, reserved 425984K
}
Event: 9.934 GC heap before
{Heap before GC invocations=20 (full 3):
 PSYoungGen      total 175104K, used 166035K [0x00000007aab00000, 0x00000007b6800000, 0x0000000800000000)
  eden space 157696K, 100% used [0x00000007aab00000,0x00000007b4500000,0x00000007b4500000)
  from space 17408K, 47% used [0x00000007b5700000,0x00000007b5f24dc0,0x00000007b6800000)
  to   space 17920K, 0% used [0x00000007b4500000,0x00000007b4500000,0x00000007b5680000)
 ParOldGen       total 175104K, used 75055K [0x0000000700000000, 0x000000070ab00000, 0x00000007aab00000)
  object space 175104K, 42% used [0x0000000700000000,0x000000070494bff0,0x000000070ab00000)
 Metaspace       used 87453K, committed 88256K, reserved 557056K
  class space    used 11941K, committed 12288K, reserved 425984K
}
Event: 9.944 GC heap after
{Heap after GC invocations=20 (full 3):
 PSYoungGen      total 175616K, used 8048K [0x00000007aab00000, 0x00000007ba400000, 0x0000000800000000)
  eden space 157696K, 0% used [0x00000007aab00000,0x00000007aab00000,0x00000007b4500000)
  from space 17920K, 44% used [0x00000007b4500000,0x00000007b4cdc2e8,0x00000007b5680000)
  to   space 16896K, 0% used [0x00000007b9380000,0x00000007b9380000,0x00000007ba400000)
 ParOldGen       total 175104K, used 83133K [0x0000000700000000, 0x000000070ab00000, 0x00000007aab00000)
  object space 175104K, 47% used [0x0000000700000000,0x000000070512f5b8,0x000000070ab00000)
 Metaspace       used 87453K, committed 88256K, reserved 557056K
  class space    used 11941K, committed 12288K, reserved 425984K
}
Event: 11.149 GC heap before
{Heap before GC invocations=21 (full 3):
 PSYoungGen      total 175616K, used 165744K [0x00000007aab00000, 0x00000007ba400000, 0x0000000800000000)
  eden space 157696K, 100% used [0x00000007aab00000,0x00000007b4500000,0x00000007b4500000)
  from space 17920K, 44% used [0x00000007b4500000,0x00000007b4cdc2e8,0x00000007b5680000)
  to   space 16896K, 0% used [0x00000007b9380000,0x00000007b9380000,0x00000007ba400000)
 ParOldGen       total 175104K, used 83133K [0x0000000700000000, 0x000000070ab00000, 0x00000007aab00000)
  object space 175104K, 47% used [0x0000000700000000,0x000000070512f5b8,0x000000070ab00000)
 Metaspace       used 95881K, committed 96832K, reserved 557056K
  class space    used 13196K, committed 13632K, reserved 425984K
}
Event: 11.158 GC heap after
{Heap after GC invocations=21 (full 3):
 PSYoungGen      total 164864K, used 12160K [0x00000007aab00000, 0x00000007b9f80000, 0x0000000800000000)
  eden space 152576K, 0% used [0x00000007aab00000,0x00000007aab00000,0x00000007b4000000)
  from space 12288K, 98% used [0x00000007b9380000,0x00000007b9f60058,0x00000007b9f80000)
  to   space 17408K, 0% used [0x00000007b7d80000,0x00000007b7d80000,0x00000007b8e80000)
 ParOldGen       total 175104K, used 90939K [0x0000000700000000, 0x000000070ab00000, 0x00000007aab00000)
  object space 175104K, 51% used [0x0000000700000000,0x00000007058cef58,0x000000070ab00000)
 Metaspace       used 95881K, committed 96832K, reserved 557056K
  class space    used 13196K, committed 13632K, reserved 425984K
}
Event: 11.399 GC heap before
{Heap before GC invocations=22 (full 3):
 PSYoungGen      total 164864K, used 43800K [0x00000007aab00000, 0x00000007b9f80000, 0x0000000800000000)
  eden space 152576K, 20% used [0x00000007aab00000,0x00000007ac9e6290,0x00000007b4000000)
  from space 12288K, 98% used [0x00000007b9380000,0x00000007b9f60058,0x00000007b9f80000)
  to   space 17408K, 0% used [0x00000007b7d80000,0x00000007b7d80000,0x00000007b8e80000)
 ParOldGen       total 175104K, used 90939K [0x0000000700000000, 0x000000070ab00000, 0x00000007aab00000)
  object space 175104K, 51% used [0x0000000700000000,0x00000007058cef58,0x000000070ab00000)
 Metaspace       used 98750K, committed 99648K, reserved 557056K
  class space    used 13598K, committed 14016K, reserved 425984K
}
Event: 11.409 GC heap after
{Heap after GC invocations=22 (full 3):
 PSYoungGen      total 154112K, used 1443K [0x00000007aab00000, 0x00000007b9400000, 0x0000000800000000)
  eden space 152576K, 0% used [0x00000007aab00000,0x00000007aab00000,0x00000007b4000000)
  from space 1536K, 93% used [0x00000007b7d80000,0x00000007b7ee8c80,0x00000007b7f00000)
  to   space 17920K, 0% used [0x00000007b8280000,0x00000007b8280000,0x00000007b9400000)
 ParOldGen       total 175104K, used 102900K [0x0000000700000000, 0x000000070ab00000, 0x00000007aab00000)
  object space 175104K, 58% used [0x0000000700000000,0x000000070647d108,0x000000070ab00000)
 Metaspace       used 98750K, committed 99648K, reserved 557056K
  class space    used 13598K, committed 14016K, reserved 425984K
}
Event: 11.409 GC heap before
{Heap before GC invocations=23 (full 4):
 PSYoungGen      total 154112K, used 1443K [0x00000007aab00000, 0x00000007b9400000, 0x0000000800000000)
  eden space 152576K, 0% used [0x00000007aab00000,0x00000007aab00000,0x00000007b4000000)
  from space 1536K, 93% used [0x00000007b7d80000,0x00000007b7ee8c80,0x00000007b7f00000)
  to   space 17920K, 0% used [0x00000007b8280000,0x00000007b8280000,0x00000007b9400000)
 ParOldGen       total 175104K, used 102900K [0x0000000700000000, 0x000000070ab00000, 0x00000007aab00000)
  object space 175104K, 58% used [0x0000000700000000,0x000000070647d108,0x000000070ab00000)
 Metaspace       used 98750K, committed 99648K, reserved 557056K
  class space    used 13598K, committed 14016K, reserved 425984K
}
Event: 11.470 GC heap after
{Heap after GC invocations=23 (full 4):
 PSYoungGen      total 154112K, used 0K [0x00000007aab00000, 0x00000007b9400000, 0x0000000800000000)
  eden space 152576K, 0% used [0x00000007aab00000,0x00000007aab00000,0x00000007b4000000)
  from space 1536K, 0% used [0x00000007b7d80000,0x00000007b7d80000,0x00000007b7f00000)
  to   space 17920K, 0% used [0x00000007b8280000,0x00000007b8280000,0x00000007b9400000)
 ParOldGen       total 175104K, used 102050K [0x0000000700000000, 0x000000070ab00000, 0x00000007aab00000)
  object space 175104K, 58% used [0x0000000700000000,0x00000007063a8a50,0x000000070ab00000)
 Metaspace       used 98750K, committed 99648K, reserved 557056K
  class space    used 13598K, committed 14016K, reserved 425984K
}
Event: 12.646 GC heap before
{Heap before GC invocations=24 (full 4):
 PSYoungGen      total 154112K, used 152576K [0x00000007aab00000, 0x00000007b9400000, 0x0000000800000000)
  eden space 152576K, 100% used [0x00000007aab00000,0x00000007b4000000,0x00000007b4000000)
  from space 1536K, 0% used [0x00000007b7d80000,0x00000007b7d80000,0x00000007b7f00000)
  to   space 17920K, 0% used [0x00000007b8280000,0x00000007b8280000,0x00000007b9400000)
 ParOldGen       total 175104K, used 102050K [0x0000000700000000, 0x000000070ab00000, 0x00000007aab00000)
  object space 175104K, 58% used [0x0000000700000000,0x00000007063a8a50,0x000000070ab00000)
 Metaspace       used 105929K, committed 106944K, reserved 557056K
  class space    used 14389K, committed 14848K, reserved 425984K
}
Event: 12.651 GC heap after
{Heap after GC invocations=24 (full 4):
 PSYoungGen      total 218624K, used 16213K [0x00000007aab00000, 0x00000007ba300000, 0x0000000800000000)
  eden space 200704K, 0% used [0x00000007aab00000,0x00000007aab00000,0x00000007b6f00000)
  from space 17920K, 90% used [0x00000007b8280000,0x00000007b9255530,0x00000007b9400000)
  to   space 19968K, 0% used [0x00000007b6f00000,0x00000007b6f00000,0x00000007b8280000)
 ParOldGen       total 175104K, used 102122K [0x0000000700000000, 0x000000070ab00000, 0x00000007aab00000)
  object space 175104K, 58% used [0x0000000700000000,0x00000007063baa60,0x000000070ab00000)
 Metaspace       used 105929K, committed 106944K, reserved 557056K
  class space    used 14389K, committed 14848K, reserved 425984K
}
Event: 13.355 GC heap before
{Heap before GC invocations=25 (full 4):
 PSYoungGen      total 218624K, used 216917K [0x00000007aab00000, 0x00000007ba300000, 0x0000000800000000)
  eden space 200704K, 100% used [0x00000007aab00000,0x00000007b6f00000,0x00000007b6f00000)
  from space 17920K, 90% used [0x00000007b8280000,0x00000007b9255530,0x00000007b9400000)
  to   space 19968K, 0% used [0x00000007b6f00000,0x00000007b6f00000,0x00000007b8280000)
 ParOldGen       total 175104K, used 102122K [0x0000000700000000, 0x000000070ab00000, 0x00000007aab00000)
  object space 175104K, 58% used [0x0000000700000000,0x00000007063baa60,0x000000070ab00000)
 Metaspace       used 107273K, committed 108224K, reserved 557056K
  class space    used 14600K, committed 15040K, reserved 425984K
}
Event: 13.366 GC heap after
{Heap after GC invocations=25 (full 4):
 PSYoungGen      total 220672K, used 10099K [0x00000007aab00000, 0x00000007be380000, 0x0000000800000000)
  eden space 200704K, 0% used [0x00000007aab00000,0x00000007aab00000,0x00000007b6f00000)
  from space 19968K, 50% used [0x00000007b6f00000,0x00000007b78dcef0,0x00000007b8280000)
  to   space 19456K, 0% used [0x00000007bd080000,0x00000007bd080000,0x00000007be380000)
 ParOldGen       total 175104K, used 118078K [0x0000000700000000, 0x000000070ab00000, 0x00000007aab00000)
  object space 175104K, 67% used [0x0000000700000000,0x000000070734fbf0,0x000000070ab00000)
 Metaspace       used 107273K, committed 108224K, reserved 557056K
  class space    used 14600K, committed 15040K, reserved 425984K
}
Event: 14.684 GC heap before
{Heap before GC invocations=26 (full 4):
 PSYoungGen      total 220672K, used 210803K [0x00000007aab00000, 0x00000007be380000, 0x0000000800000000)
  eden space 200704K, 100% used [0x00000007aab00000,0x00000007b6f00000,0x00000007b6f00000)
  from space 19968K, 50% used [0x00000007b6f00000,0x00000007b78dcef0,0x00000007b8280000)
  to   space 19456K, 0% used [0x00000007bd080000,0x00000007bd080000,0x00000007be380000)
 ParOldGen       total 175104K, used 118078K [0x0000000700000000, 0x000000070ab00000, 0x00000007aab00000)
  object space 175104K, 67% used [0x0000000700000000,0x000000070734fbf0,0x000000070ab00000)
 Metaspace       used 110142K, committed 111168K, reserved 557056K
  class space    used 14945K, committed 15424K, reserved 425984K
}
Event: 14.689 GC heap after
{Heap after GC invocations=26 (full 4):
 PSYoungGen      total 299520K, used 10575K [0x00000007aab00000, 0x00000007be280000, 0x0000000800000000)
  eden space 281088K, 0% used [0x00000007aab00000,0x00000007aab00000,0x00000007bbd80000)
  from space 18432K, 57% used [0x00000007bd080000,0x00000007bdad3d38,0x00000007be280000)
  to   space 18944K, 0% used [0x00000007bbd80000,0x00000007bbd80000,0x00000007bd000000)
 ParOldGen       total 175104K, used 124194K [0x0000000700000000, 0x000000070ab00000, 0x00000007aab00000)
  object space 175104K, 70% used [0x0000000700000000,0x0000000707948bd0,0x000000070ab00000)
 Metaspace       used 110142K, committed 111168K, reserved 557056K
  class space    used 14945K, committed 15424K, reserved 425984K
}
Event: 16.558 GC heap before
{Heap before GC invocations=27 (full 4):
 PSYoungGen      total 299520K, used 291663K [0x00000007aab00000, 0x00000007be280000, 0x0000000800000000)
  eden space 281088K, 100% used [0x00000007aab00000,0x00000007bbd80000,0x00000007bbd80000)
  from space 18432K, 57% used [0x00000007bd080000,0x00000007bdad3d38,0x00000007be280000)
  to   space 18944K, 0% used [0x00000007bbd80000,0x00000007bbd80000,0x00000007bd000000)
 ParOldGen       total 175104K, used 124194K [0x0000000700000000, 0x000000070ab00000, 0x00000007aab00000)
  object space 175104K, 70% used [0x0000000700000000,0x0000000707948bd0,0x000000070ab00000)
 Metaspace       used 116447K, committed 117568K, reserved 557056K
  class space    used 15578K, committed 16128K, reserved 425984K
}
Event: 17.737 GC heap after
{Heap after GC invocations=27 (full 4):
 PSYoungGen      total 300032K, used 18934K [0x00000007aab00000, 0x00000007be280000, 0x0000000800000000)
  eden space 281088K, 0% used [0x00000007aab00000,0x00000007aab00000,0x00000007bbd80000)
  from space 18944K, 99% used [0x00000007bbd80000,0x00000007bcffdaf0,0x00000007bd000000)
  to   space 18432K, 0% used [0x00000007bd080000,0x00000007bd080000,0x00000007be280000)
 ParOldGen       total 192512K, used 192419K [0x0000000700000000, 0x000000070bc00000, 0x00000007aab00000)
  object space 192512K, 99% used [0x0000000700000000,0x000000070bbe8e68,0x000000070bc00000)
 Metaspace       used 116447K, committed 117568K, reserved 557056K
  class space    used 15578K, committed 16128K, reserved 425984K
}

