# JRE version: OpenJDK Runtime Environment Temurin-17.0.19+10 (17.0.19+10) (build 17.0.19+10)
# Java VM: OpenJDK 64-Bit Server VM Temurin-17.0.19+10 (17.0.19+10, mixed mode, sharing, tiered, compressed oops, compressed class ptrs, parallel gc, windows-amd64)
GC Precious Log:
 CPUs: 24 total, 24 available
 Memory: 14029M
 Large Page Support: Disabled
 NUMA Support: Disabled
 Compressed Oops: Enabled (Zero based)
 Alignments: Space 512K, Generation 512K, Heap 2M
 Heap Min Capacity: 256M
 Heap Initial Capacity: 256M
 Heap Max Capacity: 4G
 Pre-touch: Disabled
 Parallel Workers: 18
Heap:
 PSYoungGen      total 967680K, used 10752K [0x00000007aab00000, 0x00000007ffe80000, 0x0000000800000000)
  eden space 551936K, 0% used [0x00000007aab00000,0x00000007aab00000,0x00000007cc600000)
  from space 415744K, 2% used [0x00000007e6880000,0x00000007e7300000,0x00000007ffe80000)
  to   space 415744K, 0% used [0x00000007cc600000,0x00000007cc600000,0x00000007e5c00000)
 ParOldGen       total 1777664K, used 1297467K [0x0000000700000000, 0x000000076c800000, 0x00000007aab00000)
  object space 1777664K, 72% used [0x0000000700000000,0x000000074f30eff0,0x000000076c800000)
 Metaspace       used 271919K, committed 273728K, reserved 688128K
  class space    used 36784K, committed 37568K, reserved 425984K
GC Heap History (20 events):
Event: 113.458 GC heap before
{Heap before GC invocations=201 (full 11):
 PSYoungGen      total 963584K, used 963197K [0x00000007aab00000, 0x0000000800000000, 0x0000000800000000)
  eden space 695296K, 100% used [0x00000007aab00000,0x00000007d5200000,0x00000007d5200000)
  from space 268288K, 99% used [0x00000007d5200000,0x00000007e579f7a8,0x00000007e5800000)
  to   space 370176K, 0% used [0x00000007e9680000,0x00000007e9680000,0x0000000800000000)
 ParOldGen       total 1777664K, used 1521261K [0x0000000700000000, 0x000000076c800000, 0x00000007aab00000)
  object space 1777664K, 85% used [0x0000000700000000,0x000000075cd9b518,0x000000076c800000)
 Metaspace       used 268155K, committed 269824K, reserved 688128K
  class space    used 36185K, committed 36928K, reserved 425984K
}
Event: 113.502 GC heap after
{Heap after GC invocations=201 (full 11):
 PSYoungGen      total 995840K, used 270915K [0x00000007aab00000, 0x0000000800000000, 0x0000000800000000)
  eden space 625664K, 0% used [0x00000007aab00000,0x00000007aab00000,0x00000007d0e00000)
  from space 370176K, 73% used [0x00000007e9680000,0x00000007f9f10f68,0x0000000800000000)
  to   space 386048K, 0% used [0x00000007d0e00000,0x00000007d0e00000,0x00000007e8700000)
 ParOldGen       total 1777664K, used 1521269K [0x0000000700000000, 0x000000076c800000, 0x00000007aab00000)
  object space 1777664K, 85% used [0x0000000700000000,0x000000075cd9d518,0x000000076c800000)
 Metaspace       used 268155K, committed 269824K, reserved 688128K
  class space    used 36185K, committed 36928K, reserved 425984K
}
Event: 113.895 GC heap before
{Heap before GC invocations=202 (full 11):
 PSYoungGen      total 995840K, used 896579K [0x00000007aab00000, 0x0000000800000000, 0x0000000800000000)
  eden space 625664K, 100% used [0x00000007aab00000,0x00000007d0e00000,0x00000007d0e00000)
  from space 370176K, 73% used [0x00000007e9680000,0x00000007f9f10f68,0x0000000800000000)
  to   space 386048K, 0% used [0x00000007d0e00000,0x00000007d0e00000,0x00000007e8700000)
 ParOldGen       total 1777664K, used 1521269K [0x0000000700000000, 0x000000076c800000, 0x00000007aab00000)
  object space 1777664K, 85% used [0x0000000700000000,0x000000075cd9d518,0x000000076c800000)
 Metaspace       used 268193K, committed 269824K, reserved 688128K
  class space    used 36190K, committed 36928K, reserved 425984K
}
Event: 113.943 GC heap after
{Heap after GC invocations=202 (full 11):
 PSYoungGen      total 910336K, used 284636K [0x00000007aab00000, 0x0000000800000000, 0x0000000800000000)
  eden space 625664K, 0% used [0x00000007aab00000,0x00000007aab00000,0x00000007d0e00000)
  from space 284672K, 99% used [0x00000007d0e00000,0x00000007e23f7260,0x00000007e2400000)
  to   space 402432K, 0% used [0x00000007e7700000,0x00000007e7700000,0x0000000800000000)
 ParOldGen       total 1777664K, used 1521269K [0x0000000700000000, 0x000000076c800000, 0x00000007aab00000)
  object space 1777664K, 85% used [0x0000000700000000,0x000000075cd9d518,0x000000076c800000)
 Metaspace       used 268193K, committed 269824K, reserved 688128K
  class space    used 36190K, committed 36928K, reserved 425984K
}
Event: 114.100 GC heap before
{Heap before GC invocations=203 (full 11):
 PSYoungGen      total 910336K, used 910300K [0x00000007aab00000, 0x0000000800000000, 0x0000000800000000)
  eden space 625664K, 100% used [0x00000007aab00000,0x00000007d0e00000,0x00000007d0e00000)
  from space 284672K, 99% used [0x00000007d0e00000,0x00000007e23f7260,0x00000007e2400000)
  to   space 402432K, 0% used [0x00000007e7700000,0x00000007e7700000,0x0000000800000000)
 ParOldGen       total 1777664K, used 1521269K [0x0000000700000000, 0x000000076c800000, 0x00000007aab00000)
  object space 1777664K, 85% used [0x0000000700000000,0x000000075cd9d518,0x000000076c800000)
 Metaspace       used 268194K, committed 269824K, reserved 688128K
  class space    used 36190K, committed 36928K, reserved 425984K
}
Event: 114.148 GC heap after
{Heap after GC invocations=203 (full 11):
 PSYoungGen      total 969728K, used 286883K [0x00000007aab00000, 0x0000000800000000, 0x0000000800000000)
  eden space 567296K, 0% used [0x00000007aab00000,0x00000007aab00000,0x00000007cd500000)
  from space 402432K, 71% used [0x00000007e7700000,0x00000007f8f28eb0,0x0000000800000000)
  to   space 415232K, 0% used [0x00000007cd500000,0x00000007cd500000,0x00000007e6a80000)
 ParOldGen       total 1777664K, used 1521277K [0x0000000700000000, 0x000000076c800000, 0x00000007aab00000)
  object space 1777664K, 85% used [0x0000000700000000,0x000000075cd9f518,0x000000076c800000)
 Metaspace       used 268194K, committed 269824K, reserved 688128K
  class space    used 36190K, committed 36928K, reserved 425984K
}
Event: 114.420 GC heap before
{Heap before GC invocations=204 (full 11):
 PSYoungGen      total 969728K, used 854179K [0x00000007aab00000, 0x0000000800000000, 0x0000000800000000)
  eden space 567296K, 100% used [0x00000007aab00000,0x00000007cd500000,0x00000007cd500000)
  from space 402432K, 71% used [0x00000007e7700000,0x00000007f8f28eb0,0x0000000800000000)
  to   space 415232K, 0% used [0x00000007cd500000,0x00000007cd500000,0x00000007e6a80000)
 ParOldGen       total 1777664K, used 1521277K [0x0000000700000000, 0x000000076c800000, 0x00000007aab00000)
  object space 1777664K, 85% used [0x0000000700000000,0x000000075cd9f518,0x000000076c800000)
 Metaspace       used 268412K, committed 270080K, reserved 688128K
  class space    used 36237K, committed 36992K, reserved 425984K
}
Event: 114.467 GC heap after
{Heap after GC invocations=204 (full 11):
 PSYoungGen      total 844800K, used 277219K [0x00000007aab00000, 0x0000000800000000, 0x0000000800000000)
  eden space 567296K, 0% used [0x00000007aab00000,0x00000007aab00000,0x00000007cd500000)
  from space 277504K, 99% used [0x00000007cd500000,0x00000007de3b8c58,0x00000007de400000)
  to   space 421376K, 0% used [0x00000007e6480000,0x00000007e6480000,0x0000000800000000)
 ParOldGen       total 1777664K, used 1521285K [0x0000000700000000, 0x000000076c800000, 0x00000007aab00000)
  object space 1777664K, 85% used [0x0000000700000000,0x000000075cda1518,0x000000076c800000)
 Metaspace       used 268412K, committed 270080K, reserved 688128K
  class space    used 36237K, committed 36992K, reserved 425984K
}
Event: 114.843 GC heap before
{Heap before GC invocations=205 (full 11):
 PSYoungGen      total 844800K, used 844515K [0x00000007aab00000, 0x0000000800000000, 0x0000000800000000)
  eden space 567296K, 100% used [0x00000007aab00000,0x00000007cd500000,0x00000007cd500000)
  from space 277504K, 99% used [0x00000007cd500000,0x00000007de3b8c58,0x00000007de400000)
  to   space 421376K, 0% used [0x00000007e6480000,0x00000007e6480000,0x0000000800000000)
 ParOldGen       total 1777664K, used 1521285K [0x0000000700000000, 0x000000076c800000, 0x00000007aab00000)
  object space 1777664K, 85% used [0x0000000700000000,0x000000075cda1518,0x000000076c800000)
 Metaspace       used 268518K, committed 270208K, reserved 688128K
  class space    used 36245K, committed 36992K, reserved 425984K
}
Event: 114.887 GC heap after
{Heap after GC invocations=205 (full 11):
 PSYoungGen      total 975360K, used 270634K [0x00000007aab00000, 0x0000000800000000, 0x0000000800000000)
  eden space 553984K, 0% used [0x00000007aab00000,0x00000007aab00000,0x00000007cc800000)
  from space 421376K, 64% used [0x00000007e6480000,0x00000007f6cca9f0,0x0000000800000000)
  to   space 421888K, 0% used [0x00000007cc800000,0x00000007cc800000,0x00000007e6400000)
 ParOldGen       total 1777664K, used 1521285K [0x0000000700000000, 0x000000076c800000, 0x00000007aab00000)
  object space 1777664K, 85% used [0x0000000700000000,0x000000075cda1518,0x000000076c800000)
 Metaspace       used 268518K, committed 270208K, reserved 688128K
  class space    used 36245K, committed 36992K, reserved 425984K
}
Event: 115.690 GC heap before
{Heap before GC invocations=206 (full 11):
 PSYoungGen      total 975360K, used 824618K [0x00000007aab00000, 0x0000000800000000, 0x0000000800000000)
  eden space 553984K, 100% used [0x00000007aab00000,0x00000007cc800000,0x00000007cc800000)
  from space 421376K, 64% used [0x00000007e6480000,0x00000007f6cca9f0,0x0000000800000000)
  to   space 421888K, 0% used [0x00000007cc800000,0x00000007cc800000,0x00000007e6400000)
 ParOldGen       total 1777664K, used 1521285K [0x0000000700000000, 0x000000076c800000, 0x00000007aab00000)
  object space 1777664K, 85% used [0x0000000700000000,0x000000075cda1518,0x000000076c800000)
 Metaspace       used 268915K, committed 270592K, reserved 688128K
  class space    used 36288K, committed 37056K, reserved 425984K
}
Event: 115.750 GC heap after
{Heap after GC invocations=206 (full 11):
 PSYoungGen      total 837120K, used 282764K [0x00000007aab00000, 0x0000000800000000, 0x0000000800000000)
  eden space 553984K, 0% used [0x00000007aab00000,0x00000007aab00000,0x00000007cc800000)
  from space 283136K, 99% used [0x00000007cc800000,0x00000007ddc23328,0x00000007ddc80000)
  to   space 425472K, 0% used [0x00000007e6080000,0x00000007e6080000,0x0000000800000000)
 ParOldGen       total 1777664K, used 1598068K [0x0000000700000000, 0x000000076c800000, 0x00000007aab00000)
  object space 1777664K, 89% used [0x0000000700000000,0x000000076189d060,0x000000076c800000)
 Metaspace       used 268915K, committed 270592K, reserved 688128K
  class space    used 36288K, committed 37056K, reserved 425984K
}
Event: 116.545 GC heap before
{Heap before GC invocations=207 (full 11):
 PSYoungGen      total 837120K, used 836748K [0x00000007aab00000, 0x0000000800000000, 0x0000000800000000)
  eden space 553984K, 100% used [0x00000007aab00000,0x00000007cc800000,0x00000007cc800000)
  from space 283136K, 99% used [0x00000007cc800000,0x00000007ddc23328,0x00000007ddc80000)
  to   space 425472K, 0% used [0x00000007e6080000,0x00000007e6080000,0x0000000800000000)
 ParOldGen       total 1777664K, used 1598068K [0x0000000700000000, 0x000000076c800000, 0x00000007aab00000)
  object space 1777664K, 89% used [0x0000000700000000,0x000000076189d060,0x000000076c800000)
 Metaspace       used 271825K, committed 273536K, reserved 688128K
  class space    used 36805K, committed 37568K, reserved 425984K
}
Event: 116.604 GC heap after
{Heap after GC invocations=207 (full 11):
 PSYoungGen      total 975872K, used 128446K [0x00000007aab00000, 0x0000000800000000, 0x0000000800000000)
  eden space 550400K, 0% used [0x00000007aab00000,0x00000007aab00000,0x00000007cc480000)
  from space 425472K, 30% used [0x00000007e6080000,0x00000007eddef958,0x0000000800000000)
  to   space 421888K, 0% used [0x00000007cc480000,0x00000007cc480000,0x00000007e6080000)
 ParOldGen       total 1777664K, used 1665852K [0x0000000700000000, 0x000000076c800000, 0x00000007aab00000)
  object space 1777664K, 93% used [0x0000000700000000,0x0000000765acf250,0x000000076c800000)
 Metaspace       used 271825K, committed 273536K, reserved 688128K
  class space    used 36805K, committed 37568K, reserved 425984K
}
Event: 116.798 GC heap before
{Heap before GC invocations=208 (full 11):
 PSYoungGen      total 975872K, used 678846K [0x00000007aab00000, 0x0000000800000000, 0x0000000800000000)
  eden space 550400K, 100% used [0x00000007aab00000,0x00000007cc480000,0x00000007cc480000)
  from space 425472K, 30% used [0x00000007e6080000,0x00000007eddef958,0x0000000800000000)
  to   space 421888K, 0% used [0x00000007cc480000,0x00000007cc480000,0x00000007e6080000)
 ParOldGen       total 1777664K, used 1665852K [0x0000000700000000, 0x000000076c800000, 0x00000007aab00000)
  object space 1777664K, 93% used [0x0000000700000000,0x0000000765acf250,0x000000076c800000)
 Metaspace       used 271974K, committed 273664K, reserved 688128K
  class space    used 36828K, committed 37568K, reserved 425984K
}
Event: 116.825 GC heap after
{Heap after GC invocations=208 (full 11):
 PSYoungGen      total 669696K, used 119003K [0x00000007aab00000, 0x00000007ff380000, 0x0000000800000000)
  eden space 550400K, 0% used [0x00000007aab00000,0x00000007aab00000,0x00000007cc480000)
  from space 119296K, 99% used [0x00000007cc480000,0x00000007d38b6ea8,0x00000007d3900000)
  to   space 417280K, 0% used [0x00000007e5c00000,0x00000007e5c00000,0x00000007ff380000)
 ParOldGen       total 1777664K, used 1678394K [0x0000000700000000, 0x000000076c800000, 0x00000007aab00000)
  object space 1777664K, 94% used [0x0000000700000000,0x000000076670eb18,0x000000076c800000)
 Metaspace       used 271974K, committed 273664K, reserved 688128K
  class space    used 36828K, committed 37568K, reserved 425984K
}
Event: 116.988 GC heap before
{Heap before GC invocations=209 (full 11):
 PSYoungGen      total 669696K, used 669403K [0x00000007aab00000, 0x00000007ff380000, 0x0000000800000000)
  eden space 550400K, 100% used [0x00000007aab00000,0x00000007cc480000,0x00000007cc480000)
  from space 119296K, 99% used [0x00000007cc480000,0x00000007d38b6ea8,0x00000007d3900000)
  to   space 417280K, 0% used [0x00000007e5c00000,0x00000007e5c00000,0x00000007ff380000)
 ParOldGen       total 1777664K, used 1678394K [0x0000000700000000, 0x000000076c800000, 0x00000007aab00000)
  object space 1777664K, 94% used [0x0000000700000000,0x000000076670eb18,0x000000076c800000)
 Metaspace       used 272027K, committed 273664K, reserved 688128K
  class space    used 36828K, committed 37568K, reserved 425984K
}
Event: 117.015 GC heap after
{Heap after GC invocations=209 (full 11):
 PSYoungGen      total 969216K, used 89500K [0x00000007aab00000, 0x0000000800000000, 0x0000000800000000)
  eden space 551936K, 0% used [0x00000007aab00000,0x00000007aab00000,0x00000007cc600000)
  from space 417280K, 21% used [0x00000007e5c00000,0x00000007eb367260,0x00000007ff380000)
  to   space 415744K, 0% used [0x00000007cc600000,0x00000007cc600000,0x00000007e5c00000)
 ParOldGen       total 1777664K, used 1717605K [0x0000000700000000, 0x000000076c800000, 0x00000007aab00000)
  object space 1777664K, 96% used [0x0000000700000000,0x0000000768d59568,0x000000076c800000)
 Metaspace       used 272027K, committed 273664K, reserved 688128K
  class space    used 36828K, committed 37568K, reserved 425984K
}
Event: 117.179 GC heap before
{Heap before GC invocations=210 (full 12):
 PSYoungGen      total 969216K, used 641436K [0x00000007aab00000, 0x0000000800000000, 0x0000000800000000)
  eden space 551936K, 100% used [0x00000007aab00000,0x00000007cc600000,0x00000007cc600000)
  from space 417280K, 21% used [0x00000007e5c00000,0x00000007eb367260,0x00000007ff380000)
  to   space 415744K, 0% used [0x00000007cc600000,0x00000007cc600000,0x00000007e5c00000)
 ParOldGen       total 1777664K, used 1717605K [0x0000000700000000, 0x000000076c800000, 0x00000007aab00000)
  object space 1777664K, 96% used [0x0000000700000000,0x0000000768d59568,0x000000076c800000)
 Metaspace       used 272067K, committed 273728K, reserved 688128K
  class space    used 36828K, committed 37568K, reserved 425984K
}
Event: 122.389 GC heap after
{Heap after GC invocations=210 (full 12):
 PSYoungGen      total 967680K, used 0K [0x00000007aab00000, 0x00000007ffe80000, 0x0000000800000000)
  eden space 551936K, 0% used [0x00000007aab00000,0x00000007aab00000,0x00000007cc600000)
  from space 415744K, 0% used [0x00000007cc600000,0x00000007cc600000,0x00000007e5c00000)
  to   space 415744K, 0% used [0x00000007e6880000,0x00000007e6880000,0x00000007ffe80000)
 ParOldGen       total 1777664K, used 1297467K [0x0000000700000000, 0x000000076c800000, 0x00000007aab00000)
  object space 1777664K, 72% used [0x0000000700000000,0x000000074f30eff0,0x000000076c800000)
 Metaspace       used 271912K, committed 273728K, reserved 688128K
  class space    used 36784K, committed 37568K, reserved 425984K
}

