# JRE version: OpenJDK Runtime Environment Temurin-17.0.19+10 (17.0.19+10) (build 17.0.19+10)
# Java VM: OpenJDK 64-Bit Server VM Temurin-17.0.19+10 (17.0.19+10, mixed mode, sharing, tiered, compressed oops, compressed class ptrs, parallel gc, windows-amd64)
GC Precious Log:
 CPUs: 24 total, 24 available
 Memory: 14029M
 Large Page Support: Disabled
 NUMA Support: Disabled
 Compressed Oops: Enabled (Zero based)
 Alignments: Space 512K, Generation 512K, Heap 2M
 Heap Min Capacity: 256M
 Heap Initial Capacity: 256M
 Heap Max Capacity: 4G
 Pre-touch: Disabled
 Parallel Workers: 18
Heap:
 PSYoungGen      total 76288K, used 4109K [0x00000007aab00000, 0x00000007b0000000, 0x0000000800000000)
  eden space 65536K, 6% used [0x00000007aab00000,0x00000007aaf03760,0x00000007aeb00000)
  from space 10752K, 0% used [0x00000007af580000,0x00000007af580000,0x00000007b0000000)
  to   space 10752K, 0% used [0x00000007aeb00000,0x00000007aeb00000,0x00000007af580000)
 ParOldGen       total 175104K, used 22579K [0x0000000700000000, 0x000000070ab00000, 0x00000007aab00000)
  object space 175104K, 12% used [0x0000000700000000,0x000000070160ccb0,0x000000070ab00000)
 Metaspace       used 21452K, committed 21824K, reserved 491520K
  class space    used 3110K, committed 3328K, reserved 425984K
GC Heap History (10 events):
Event: 0.575 GC heap before
{Heap before GC invocations=1 (full 0):
 PSYoungGen      total 76288K, used 65536K [0x00000007aab00000, 0x00000007b0000000, 0x0000000800000000)
  eden space 65536K, 100% used [0x00000007aab00000,0x00000007aeb00000,0x00000007aeb00000)
  from space 10752K, 0% used [0x00000007af580000,0x00000007af580000,0x00000007b0000000)
  to   space 10752K, 0% used [0x00000007aeb00000,0x00000007aeb00000,0x00000007af580000)
 ParOldGen       total 175104K, used 0K [0x0000000700000000, 0x000000070ab00000, 0x00000007aab00000)
  object space 175104K, 0% used [0x0000000700000000,0x0000000700000000,0x000000070ab00000)
 Metaspace       used 4464K, committed 4672K, reserved 491520K
  class space    used 553K, committed 640K, reserved 425984K
}
Event: 0.578 GC heap after
{Heap after GC invocations=1 (full 0):
 PSYoungGen      total 76288K, used 10732K [0x00000007aab00000, 0x00000007b0000000, 0x0000000800000000)
  eden space 65536K, 0% used [0x00000007aab00000,0x00000007aab00000,0x00000007aeb00000)
  from space 10752K, 99% used [0x00000007aeb00000,0x00000007af57b250,0x00000007af580000)
  to   space 10752K, 0% used [0x00000007af580000,0x00000007af580000,0x00000007b0000000)
 ParOldGen       total 175104K, used 163K [0x0000000700000000, 0x000000070ab00000, 0x00000007aab00000)
  object space 175104K, 0% used [0x0000000700000000,0x0000000700028e58,0x000000070ab00000)
 Metaspace       used 4464K, committed 4672K, reserved 491520K
  class space    used 553K, committed 640K, reserved 425984K
}
Event: 1.308 GC heap before
{Heap before GC invocations=2 (full 0):
 PSYoungGen      total 76288K, used 76268K [0x00000007aab00000, 0x00000007b0000000, 0x0000000800000000)
  eden space 65536K, 100% used [0x00000007aab00000,0x00000007aeb00000,0x00000007aeb00000)
  from space 10752K, 99% used [0x00000007aeb00000,0x00000007af57b250,0x00000007af580000)
  to   space 10752K, 0% used [0x00000007af580000,0x00000007af580000,0x00000007b0000000)
 ParOldGen       total 175104K, used 163K [0x0000000700000000, 0x000000070ab00000, 0x00000007aab00000)
  object space 175104K, 0% used [0x0000000700000000,0x0000000700028e58,0x000000070ab00000)
 Metaspace       used 7839K, committed 8064K, reserved 491520K
  class space    used 1050K, committed 1152K, reserved 425984K
}
Event: 1.313 GC heap after
{Heap after GC invocations=2 (full 0):
 PSYoungGen      total 76288K, used 10721K [0x00000007aab00000, 0x00000007b0000000, 0x0000000800000000)
  eden space 65536K, 0% used [0x00000007aab00000,0x00000007aab00000,0x00000007aeb00000)
  from space 10752K, 99% used [0x00000007af580000,0x00000007afff8578,0x00000007b0000000)
  to   space 10752K, 0% used [0x00000007aeb00000,0x00000007aeb00000,0x00000007af580000)
 ParOldGen       total 175104K, used 6647K [0x0000000700000000, 0x000000070ab00000, 0x00000007aab00000)
  object space 175104K, 3% used [0x0000000700000000,0x000000070067dd08,0x000000070ab00000)
 Metaspace       used 7839K, committed 8064K, reserved 491520K
  class space    used 1050K, committed 1152K, reserved 425984K
}
Event: 2.105 GC heap before
{Heap before GC invocations=3 (full 0):
 PSYoungGen      total 76288K, used 76257K [0x00000007aab00000, 0x00000007b0000000, 0x0000000800000000)
  eden space 65536K, 100% used [0x00000007aab00000,0x00000007aeb00000,0x00000007aeb00000)
  from space 10752K, 99% used [0x00000007af580000,0x00000007afff8578,0x00000007b0000000)
  to   space 10752K, 0% used [0x00000007aeb00000,0x00000007aeb00000,0x00000007af580000)
 ParOldGen       total 175104K, used 6647K [0x0000000700000000, 0x000000070ab00000, 0x00000007aab00000)
  object space 175104K, 3% used [0x0000000700000000,0x000000070067dd08,0x000000070ab00000)
 Metaspace       used 18040K, committed 18368K, reserved 491520K
  class space    used 2577K, committed 2752K, reserved 425984K
}
Event: 2.112 GC heap after
{Heap after GC invocations=3 (full 0):
 PSYoungGen      total 76288K, used 10742K [0x00000007aab00000, 0x00000007b0000000, 0x0000000800000000)
  eden space 65536K, 0% used [0x00000007aab00000,0x00000007aab00000,0x00000007aeb00000)
  from space 10752K, 99% used [0x00000007aeb00000,0x00000007af57db50,0x00000007af580000)
  to   space 10752K, 0% used [0x00000007af580000,0x00000007af580000,0x00000007b0000000)
 ParOldGen       total 175104K, used 10567K [0x0000000700000000, 0x000000070ab00000, 0x00000007aab00000)
  object space 175104K, 6% used [0x0000000700000000,0x0000000700a51f18,0x000000070ab00000)
 Metaspace       used 18040K, committed 18368K, reserved 491520K
  class space    used 2577K, committed 2752K, reserved 425984K
}
Event: 2.431 GC heap before
{Heap before GC invocations=4 (full 0):
 PSYoungGen      total 76288K, used 40100K [0x00000007aab00000, 0x00000007b0000000, 0x0000000800000000)
  eden space 65536K, 44% used [0x00000007aab00000,0x00000007ac7ab850,0x00000007aeb00000)
  from space 10752K, 99% used [0x00000007aeb00000,0x00000007af57db50,0x00000007af580000)
  to   space 10752K, 0% used [0x00000007af580000,0x00000007af580000,0x00000007b0000000)
 ParOldGen       total 175104K, used 10567K [0x0000000700000000, 0x000000070ab00000, 0x00000007aab00000)
  object space 175104K, 6% used [0x0000000700000000,0x0000000700a51f18,0x000000070ab00000)
 Metaspace       used 21127K, committed 21504K, reserved 491520K
  class space    used 3040K, committed 3264K, reserved 425984K
}
Event: 2.433 GC heap after
{Heap after GC invocations=4 (full 0):
 PSYoungGen      total 76288K, used 10742K [0x00000007aab00000, 0x00000007b0000000, 0x0000000800000000)
  eden space 65536K, 0% used [0x00000007aab00000,0x00000007aab00000,0x00000007aeb00000)
  from space 10752K, 99% used [0x00000007af580000,0x00000007afffdb70,0x00000007b0000000)
  to   space 10752K, 0% used [0x00000007aeb00000,0x00000007aeb00000,0x00000007af580000)
 ParOldGen       total 175104K, used 12558K [0x0000000700000000, 0x000000070ab00000, 0x00000007aab00000)
  object space 175104K, 7% used [0x0000000700000000,0x0000000700c43a28,0x000000070ab00000)
 Metaspace       used 21127K, committed 21504K, reserved 491520K
  class space    used 3040K, committed 3264K, reserved 425984K
}
Event: 2.433 GC heap before
{Heap before GC invocations=5 (full 1):
 PSYoungGen      total 76288K, used 10742K [0x00000007aab00000, 0x00000007b0000000, 0x0000000800000000)
  eden space 65536K, 0% used [0x00000007aab00000,0x00000007aab00000,0x00000007aeb00000)
  from space 10752K, 99% used [0x00000007af580000,0x00000007afffdb70,0x00000007b0000000)
  to   space 10752K, 0% used [0x00000007aeb00000,0x00000007aeb00000,0x00000007af580000)
 ParOldGen       total 175104K, used 12558K [0x0000000700000000, 0x000000070ab00000, 0x00000007aab00000)
  object space 175104K, 7% used [0x0000000700000000,0x0000000700c43a28,0x000000070ab00000)
 Metaspace       used 21127K, committed 21504K, reserved 491520K
  class space    used 3040K, committed 3264K, reserved 425984K
}
Event: 2.449 GC heap after
{Heap after GC invocations=5 (full 1):
 PSYoungGen      total 76288K, used 0K [0x00000007aab00000, 0x00000007b0000000, 0x0000000800000000)
  eden space 65536K, 0% used [0x00000007aab00000,0x00000007aab00000,0x00000007aeb00000)
  from space 10752K, 0% used [0x00000007af580000,0x00000007af580000,0x00000007b0000000)
  to   space 10752K, 0% used [0x00000007aeb00000,0x00000007aeb00000,0x00000007af580000)
 ParOldGen       total 175104K, used 22579K [0x0000000700000000, 0x000000070ab00000, 0x00000007aab00000)
  object space 175104K, 12% used [0x0000000700000000,0x000000070160ccb0,0x000000070ab00000)
 Metaspace       used 21127K, committed 21504K, reserved 491520K
  class space    used 3040K, committed 3264K, reserved 425984K
}

