# JRE version: OpenJDK Runtime Environment Temurin-17.0.19+10 (17.0.19+10) (build 17.0.19+10)
# Java VM: OpenJDK 64-Bit Server VM Temurin-17.0.19+10 (17.0.19+10, mixed mode, sharing, tiered, compressed oops, compressed class ptrs, parallel gc, windows-amd64)
GC Precious Log:
 CPUs: 24 total, 24 available
 Memory: 14029M
 Large Page Support: Disabled
 NUMA Support: Disabled
 Compressed Oops: Enabled (32-bit)
 Alignments: Space 512K, Generation 512K, Heap 2M
 Heap Min Capacity: 256M
 Heap Initial Capacity: 256M
 Heap Max Capacity: 2G
 Pre-touch: Disabled
 Parallel Workers: 18
Heap:
 PSYoungGen      total 242176K, used 143437K [0x00000000d5580000, 0x00000000e7c00000, 0x0000000100000000)
  eden space 200192K, 59% used [0x00000000d5580000,0x00000000dc9ebb80,0x00000000e1900000)
  from space 41984K, 57% used [0x00000000e1900000,0x00000000e30a7b48,0x00000000e4200000)
  to   space 42496K, 0% used [0x00000000e5280000,0x00000000e5280000,0x00000000e7c00000)
 ParOldGen       total 310272K, used 271949K [0x0000000080000000, 0x0000000092f00000, 0x00000000d5580000)
  object space 310272K, 87% used [0x0000000080000000,0x00000000909934d8,0x0000000092f00000)
 Metaspace       used 140128K, committed 141248K, reserved 557056K
  class space    used 18123K, committed 18688K, reserved 425984K
GC Heap History (20 events):
Event: 18.874 GC heap before
{Heap before GC invocations=32 (full 5):
 PSYoungGen      total 176640K, used 135680K [0x00000000d5580000, 0x00000000e3800000, 0x0000000100000000)
  eden space 135680K, 100% used [0x00000000d5580000,0x00000000dda00000,0x00000000dda00000)
  from space 40960K, 0% used [0x00000000dda00000,0x00000000dda00000,0x00000000e0200000)
  to   space 27136K, 0% used [0x00000000e0200000,0x00000000e0200000,0x00000000e1c80000)
 ParOldGen       total 310272K, used 175096K [0x0000000080000000, 0x0000000092f00000, 0x00000000d5580000)
  object space 310272K, 56% used [0x0000000080000000,0x000000008aafe020,0x0000000092f00000)
 Metaspace       used 116758K, committed 118016K, reserved 557056K
  class space    used 15588K, committed 16192K, reserved 425984K
}
Event: 18.891 GC heap after
{Heap after GC invocations=32 (full 5):
 PSYoungGen      total 164352K, used 8902K [0x00000000d5580000, 0x00000000e3480000, 0x0000000100000000)
  eden space 137216K, 0% used [0x00000000d5580000,0x00000000d5580000,0x00000000ddb80000)
  from space 27136K, 32% used [0x00000000e0200000,0x00000000e0ab1860,0x00000000e1c80000)
  to   space 39424K, 0% used [0x00000000ddb80000,0x00000000ddb80000,0x00000000e0200000)
 ParOldGen       total 310272K, used 200165K [0x0000000080000000, 0x0000000092f00000, 0x00000000d5580000)
  object space 310272K, 64% used [0x0000000080000000,0x000000008c379548,0x0000000092f00000)
 Metaspace       used 116758K, committed 118016K, reserved 557056K
  class space    used 15588K, committed 16192K, reserved 425984K
}
Event: 19.276 GC heap before
{Heap before GC invocations=33 (full 5):
 PSYoungGen      total 164352K, used 146118K [0x00000000d5580000, 0x00000000e3480000, 0x0000000100000000)
  eden space 137216K, 100% used [0x00000000d5580000,0x00000000ddb80000,0x00000000ddb80000)
  from space 27136K, 32% used [0x00000000e0200000,0x00000000e0ab1860,0x00000000e1c80000)
  to   space 39424K, 0% used [0x00000000ddb80000,0x00000000ddb80000,0x00000000e0200000)
 ParOldGen       total 310272K, used 200165K [0x0000000080000000, 0x0000000092f00000, 0x00000000d5580000)
  object space 310272K, 64% used [0x0000000080000000,0x000000008c379548,0x0000000092f00000)
 Metaspace       used 117348K, committed 118464K, reserved 557056K
  class space    used 15631K, committed 16192K, reserved 425984K
}
Event: 19.284 GC heap after
{Heap after GC invocations=33 (full 5):
 PSYoungGen      total 176640K, used 22165K [0x00000000d5580000, 0x00000000e3800000, 0x0000000100000000)
  eden space 137216K, 0% used [0x00000000d5580000,0x00000000d5580000,0x00000000ddb80000)
  from space 39424K, 56% used [0x00000000ddb80000,0x00000000df1254a8,0x00000000e0200000)
  to   space 39936K, 0% used [0x00000000e1100000,0x00000000e1100000,0x00000000e3800000)
 ParOldGen       total 310272K, used 200173K [0x0000000080000000, 0x0000000092f00000, 0x00000000d5580000)
  object space 310272K, 64% used [0x0000000080000000,0x000000008c37b548,0x0000000092f00000)
 Metaspace       used 117348K, committed 118464K, reserved 557056K
  class space    used 15631K, committed 16192K, reserved 425984K
}
Event: 19.418 GC heap before
{Heap before GC invocations=34 (full 5):
 PSYoungGen      total 176640K, used 159381K [0x00000000d5580000, 0x00000000e3800000, 0x0000000100000000)
  eden space 137216K, 100% used [0x00000000d5580000,0x00000000ddb80000,0x00000000ddb80000)
  from space 39424K, 56% used [0x00000000ddb80000,0x00000000df1254a8,0x00000000e0200000)
  to   space 39936K, 0% used [0x00000000e1100000,0x00000000e1100000,0x00000000e3800000)
 ParOldGen       total 310272K, used 200173K [0x0000000080000000, 0x0000000092f00000, 0x00000000d5580000)
  object space 310272K, 64% used [0x0000000080000000,0x000000008c37b548,0x0000000092f00000)
 Metaspace       used 119019K, committed 120064K, reserved 557056K
  class space    used 15793K, committed 16320K, reserved 425984K
}
Event: 19.435 GC heap after
{Heap after GC invocations=34 (full 5):
 PSYoungGen      total 180224K, used 39909K [0x00000000d5580000, 0x00000000e5780000, 0x0000000100000000)
  eden space 140288K, 0% used [0x00000000d5580000,0x00000000d5580000,0x00000000dde80000)
  from space 39936K, 99% used [0x00000000e1100000,0x00000000e37f9580,0x00000000e3800000)
  to   space 51712K, 0% used [0x00000000dde80000,0x00000000dde80000,0x00000000e1100000)
 ParOldGen       total 310272K, used 213898K [0x0000000080000000, 0x0000000092f00000, 0x00000000d5580000)
  object space 310272K, 68% used [0x0000000080000000,0x000000008d0e2980,0x0000000092f00000)
 Metaspace       used 119019K, committed 120064K, reserved 557056K
  class space    used 15793K, committed 16320K, reserved 425984K
}
Event: 19.630 GC heap before
{Heap before GC invocations=35 (full 5):
 PSYoungGen      total 180224K, used 180197K [0x00000000d5580000, 0x00000000e5780000, 0x0000000100000000)
  eden space 140288K, 100% used [0x00000000d5580000,0x00000000dde80000,0x00000000dde80000)
  from space 39936K, 99% used [0x00000000e1100000,0x00000000e37f9580,0x00000000e3800000)
  to   space 51712K, 0% used [0x00000000dde80000,0x00000000dde80000,0x00000000e1100000)
 ParOldGen       total 310272K, used 213898K [0x0000000080000000, 0x0000000092f00000, 0x00000000d5580000)
  object space 310272K, 68% used [0x0000000080000000,0x000000008d0e2980,0x0000000092f00000)
 Metaspace       used 120858K, committed 121920K, reserved 557056K
  class space    used 15967K, committed 16448K, reserved 425984K
}
Event: 19.639 GC heap after
{Heap after GC invocations=35 (full 5):
 PSYoungGen      total 192000K, used 27728K [0x00000000d5580000, 0x00000000e5b80000, 0x0000000100000000)
  eden space 140288K, 0% used [0x00000000d5580000,0x00000000d5580000,0x00000000dde80000)
  from space 51712K, 53% used [0x00000000dde80000,0x00000000df994330,0x00000000e1100000)
  to   space 51712K, 0% used [0x00000000e2900000,0x00000000e2900000,0x00000000e5b80000)
 ParOldGen       total 310272K, used 232929K [0x0000000080000000, 0x0000000092f00000, 0x00000000d5580000)
  object space 310272K, 75% used [0x0000000080000000,0x000000008e378400,0x0000000092f00000)
 Metaspace       used 120858K, committed 121920K, reserved 557056K
  class space    used 15967K, committed 16448K, reserved 425984K
}
Event: 19.864 GC heap before
{Heap before GC invocations=36 (full 5):
 PSYoungGen      total 192000K, used 168016K [0x00000000d5580000, 0x00000000e5b80000, 0x0000000100000000)
  eden space 140288K, 100% used [0x00000000d5580000,0x00000000dde80000,0x00000000dde80000)
  from space 51712K, 53% used [0x00000000dde80000,0x00000000df994330,0x00000000e1100000)
  to   space 51712K, 0% used [0x00000000e2900000,0x00000000e2900000,0x00000000e5b80000)
 ParOldGen       total 310272K, used 232929K [0x0000000080000000, 0x0000000092f00000, 0x00000000d5580000)
  object space 310272K, 75% used [0x0000000080000000,0x000000008e378400,0x0000000092f00000)
 Metaspace       used 121464K, committed 122496K, reserved 557056K
  class space    used 16013K, committed 16512K, reserved 425984K
}
Event: 19.873 GC heap after
{Heap after GC invocations=36 (full 5):
 PSYoungGen      total 211456K, used 11472K [0x00000000d5580000, 0x00000000e5700000, 0x0000000100000000)
  eden space 164352K, 0% used [0x00000000d5580000,0x00000000d5580000,0x00000000df600000)
  from space 47104K, 24% used [0x00000000e2900000,0x00000000e3434010,0x00000000e5700000)
  to   space 49664K, 0% used [0x00000000df600000,0x00000000df600000,0x00000000e2680000)
 ParOldGen       total 310272K, used 251789K [0x0000000080000000, 0x0000000092f00000, 0x00000000d5580000)
  object space 310272K, 81% used [0x0000000080000000,0x000000008f5e3588,0x0000000092f00000)
 Metaspace       used 121464K, committed 122496K, reserved 557056K
  class space    used 16013K, committed 16512K, reserved 425984K
}
Event: 20.777 GC heap before
{Heap before GC invocations=37 (full 5):
 PSYoungGen      total 211456K, used 175811K [0x00000000d5580000, 0x00000000e5700000, 0x0000000100000000)
  eden space 164352K, 99% used [0x00000000d5580000,0x00000000df5fcda8,0x00000000df600000)
  from space 47104K, 24% used [0x00000000e2900000,0x00000000e3434010,0x00000000e5700000)
  to   space 49664K, 0% used [0x00000000df600000,0x00000000df600000,0x00000000e2680000)
 ParOldGen       total 310272K, used 251789K [0x0000000080000000, 0x0000000092f00000, 0x00000000d5580000)
  object space 310272K, 81% used [0x0000000080000000,0x000000008f5e3588,0x0000000092f00000)
 Metaspace       used 121843K, committed 122880K, reserved 557056K
  class space    used 16047K, committed 16576K, reserved 425984K
}
Event: 20.782 GC heap after
{Heap after GC invocations=37 (full 5):
 PSYoungGen      total 214016K, used 17157K [0x00000000d5580000, 0x00000000e6a80000, 0x0000000100000000)
  eden space 164352K, 0% used [0x00000000d5580000,0x00000000d5580000,0x00000000df600000)
  from space 49664K, 34% used [0x00000000df600000,0x00000000e06c14c8,0x00000000e2680000)
  to   space 47104K, 0% used [0x00000000e3c80000,0x00000000e3c80000,0x00000000e6a80000)
 ParOldGen       total 310272K, used 255784K [0x0000000080000000, 0x0000000092f00000, 0x00000000d5580000)
  object space 310272K, 82% used [0x0000000080000000,0x000000008f9ca0f8,0x0000000092f00000)
 Metaspace       used 121843K, committed 122880K, reserved 557056K
  class space    used 16047K, committed 16576K, reserved 425984K
}
Event: 21.866 GC heap before
{Heap before GC invocations=38 (full 5):
 PSYoungGen      total 214016K, used 181509K [0x00000000d5580000, 0x00000000e6a80000, 0x0000000100000000)
  eden space 164352K, 100% used [0x00000000d5580000,0x00000000df600000,0x00000000df600000)
  from space 49664K, 34% used [0x00000000df600000,0x00000000e06c14c8,0x00000000e2680000)
  to   space 47104K, 0% used [0x00000000e3c80000,0x00000000e3c80000,0x00000000e6a80000)
 ParOldGen       total 310272K, used 255784K [0x0000000080000000, 0x0000000092f00000, 0x00000000d5580000)
  object space 310272K, 82% used [0x0000000080000000,0x000000008f9ca0f8,0x0000000092f00000)
 Metaspace       used 122986K, committed 124032K, reserved 557056K
  class space    used 16162K, committed 16640K, reserved 425984K
}
Event: 21.874 GC heap after
{Heap after GC invocations=38 (full 5):
 PSYoungGen      total 223232K, used 5680K [0x00000000d5580000, 0x00000000e6380000, 0x0000000100000000)
  eden space 183296K, 0% used [0x00000000d5580000,0x00000000d5580000,0x00000000e0880000)
  from space 39936K, 14% used [0x00000000e3c80000,0x00000000e420c030,0x00000000e6380000)
  to   space 46592K, 0% used [0x00000000e0880000,0x00000000e0880000,0x00000000e3600000)
 ParOldGen       total 310272K, used 271925K [0x0000000080000000, 0x0000000092f00000, 0x00000000d5580000)
  object space 310272K, 87% used [0x0000000080000000,0x000000009098d4d8,0x0000000092f00000)
 Metaspace       used 122986K, committed 124032K, reserved 557056K
  class space    used 16162K, committed 16640K, reserved 425984K
}
Event: 22.489 GC heap before
{Heap before GC invocations=39 (full 5):
 PSYoungGen      total 223232K, used 188976K [0x00000000d5580000, 0x00000000e6380000, 0x0000000100000000)
  eden space 183296K, 100% used [0x00000000d5580000,0x00000000e0880000,0x00000000e0880000)
  from space 39936K, 14% used [0x00000000e3c80000,0x00000000e420c030,0x00000000e6380000)
  to   space 46592K, 0% used [0x00000000e0880000,0x00000000e0880000,0x00000000e3600000)
 ParOldGen       total 310272K, used 271925K [0x0000000080000000, 0x0000000092f00000, 0x00000000d5580000)
  object space 310272K, 87% used [0x0000000080000000,0x000000009098d4d8,0x0000000092f00000)
 Metaspace       used 125956K, committed 127104K, reserved 557056K
  class space    used 16492K, committed 17024K, reserved 425984K
}
Event: 22.493 GC heap after
{Heap after GC invocations=39 (full 5):
 PSYoungGen      total 229888K, used 15057K [0x00000000d5580000, 0x00000000e7080000, 0x0000000100000000)
  eden space 183296K, 0% used [0x00000000d5580000,0x00000000d5580000,0x00000000e0880000)
  from space 46592K, 32% used [0x00000000e0880000,0x00000000e1734740,0x00000000e3600000)
  to   space 44032K, 0% used [0x00000000e4580000,0x00000000e4580000,0x00000000e7080000)
 ParOldGen       total 310272K, used 271933K [0x0000000080000000, 0x0000000092f00000, 0x00000000d5580000)
  object space 310272K, 87% used [0x0000000080000000,0x000000009098f4d8,0x0000000092f00000)
 Metaspace       used 125956K, committed 127104K, reserved 557056K
  class space    used 16492K, committed 17024K, reserved 425984K
}
Event: 23.426 GC heap before
{Heap before GC invocations=40 (full 5):
 PSYoungGen      total 229888K, used 198353K [0x00000000d5580000, 0x00000000e7080000, 0x0000000100000000)
  eden space 183296K, 99% used [0x00000000d5580000,0x00000000e087ffb0,0x00000000e0880000)
  from space 46592K, 32% used [0x00000000e0880000,0x00000000e1734740,0x00000000e3600000)
  to   space 44032K, 0% used [0x00000000e4580000,0x00000000e4580000,0x00000000e7080000)
 ParOldGen       total 310272K, used 271933K [0x0000000080000000, 0x0000000092f00000, 0x00000000d5580000)
  object space 310272K, 87% used [0x0000000080000000,0x000000009098f4d8,0x0000000092f00000)
 Metaspace       used 127723K, committed 128768K, reserved 557056K
  class space    used 16656K, committed 17152K, reserved 425984K
}
Event: 23.434 GC heap after
{Heap after GC invocations=40 (full 5):
 PSYoungGen      total 238592K, used 19196K [0x00000000d5580000, 0x00000000e6b00000, 0x0000000100000000)
  eden space 200192K, 0% used [0x00000000d5580000,0x00000000d5580000,0x00000000e1900000)
  from space 38400K, 49% used [0x00000000e4580000,0x00000000e583f250,0x00000000e6b00000)
  to   space 41984K, 0% used [0x00000000e1900000,0x00000000e1900000,0x00000000e4200000)
 ParOldGen       total 310272K, used 271941K [0x0000000080000000, 0x0000000092f00000, 0x00000000d5580000)
  object space 310272K, 87% used [0x0000000080000000,0x00000000909914d8,0x0000000092f00000)
 Metaspace       used 127723K, committed 128768K, reserved 557056K
  class space    used 16656K, committed 17152K, reserved 425984K
}
Event: 24.276 GC heap before
{Heap before GC invocations=41 (full 5):
 PSYoungGen      total 238592K, used 219388K [0x00000000d5580000, 0x00000000e6b00000, 0x0000000100000000)
  eden space 200192K, 100% used [0x00000000d5580000,0x00000000e1900000,0x00000000e1900000)
  from space 38400K, 49% used [0x00000000e4580000,0x00000000e583f250,0x00000000e6b00000)
  to   space 41984K, 0% used [0x00000000e1900000,0x00000000e1900000,0x00000000e4200000)
 ParOldGen       total 310272K, used 271941K [0x0000000080000000, 0x0000000092f00000, 0x00000000d5580000)
  object space 310272K, 87% used [0x0000000080000000,0x00000000909914d8,0x0000000092f00000)
 Metaspace       used 130554K, committed 131648K, reserved 557056K
  class space    used 16995K, committed 17536K, reserved 425984K
}
Event: 24.280 GC heap after
{Heap after GC invocations=41 (full 5):
 PSYoungGen      total 242176K, used 24222K [0x00000000d5580000, 0x00000000e7c00000, 0x0000000100000000)
  eden space 200192K, 0% used [0x00000000d5580000,0x00000000d5580000,0x00000000e1900000)
  from space 41984K, 57% used [0x00000000e1900000,0x00000000e30a7b48,0x00000000e4200000)
  to   space 42496K, 0% used [0x00000000e5280000,0x00000000e5280000,0x00000000e7c00000)
 ParOldGen       total 310272K, used 271949K [0x0000000080000000, 0x0000000092f00000, 0x00000000d5580000)
  object space 310272K, 87% used [0x0000000080000000,0x00000000909934d8,0x0000000092f00000)
 Metaspace       used 130554K, committed 131648K, reserved 557056K
  class space    used 16995K, committed 17536K, reserved 425984K
}

