# JRE version: OpenJDK Runtime Environment Temurin-17.0.19+10 (17.0.19+10) (build 17.0.19+10)
# Java VM: OpenJDK 64-Bit Server VM Temurin-17.0.19+10 (17.0.19+10, mixed mode, sharing, tiered, compressed oops, compressed class ptrs, parallel gc, windows-amd64)
GC Precious Log:
 CPUs: 24 total, 24 available
 Memory: 14029M
 Large Page Support: Disabled
 NUMA Support: Disabled
 Compressed Oops: Enabled (Zero based)
 Alignments: Space 512K, Generation 512K, Heap 2M
 Heap Min Capacity: 256M
 Heap Initial Capacity: 256M
 Heap Max Capacity: 4G
 Pre-touch: Disabled
 Parallel Workers: 18
Heap:
 PSYoungGen      total 1090560K, used 398823K [0x00000007aab00000, 0x00000007ff880000, 0x0000000800000000)
  eden space 812032K, 41% used [0x00000007aab00000,0x00000007bf6edb50,0x00000007dc400000)
  from space 278528K, 21% used [0x00000007dc400000,0x00000007dfd8c290,0x00000007ed400000)
  to   space 268288K, 0% used [0x00000007ef280000,0x00000007ef280000,0x00000007ff880000)
 ParOldGen       total 2255872K, used 1512866K [0x0000000700000000, 0x0000000789b00000, 0x00000007aab00000)
  object space 2255872K, 67% used [0x0000000700000000,0x000000075c568800,0x0000000789b00000)
 Metaspace       used 370869K, committed 372672K, reserved 753664K
  class space    used 47662K, committed 48512K, reserved 425984K
GC Heap History (20 events):
Event: 496.509 GC heap before
{Heap before GC invocations=248 (full 12):
 PSYoungGen      total 1145344K, used 1032581K [0x00000007aab00000, 0x00000007ffd80000, 0x0000000800000000)
  eden space 926208K, 100% used [0x00000007aab00000,0x00000007e3380000,0x00000007e3380000)
  from space 219136K, 48% used [0x00000007e3380000,0x00000007e9b616c8,0x00000007f0980000)
  to   space 213504K, 0% used [0x00000007f2d00000,0x00000007f2d00000,0x00000007ffd80000)
 ParOldGen       total 2235392K, used 2094767K [0x0000000700000000, 0x0000000788700000, 0x00000007aab00000)
  object space 2235392K, 93% used [0x0000000700000000,0x000000077fdabd58,0x0000000788700000)
 Metaspace       used 357892K, committed 359744K, reserved 753664K
  class space    used 46148K, committed 47040K, reserved 425984K
}
Event: 496.560 GC heap after
{Heap after GC invocations=248 (full 12):
 PSYoungGen      total 1174528K, used 120038K [0x00000007aab00000, 0x00000007ff980000, 0x0000000800000000)
  eden space 965120K, 0% used [0x00000007aab00000,0x00000007aab00000,0x00000007e5980000)
  from space 209408K, 57% used [0x00000007f2d00000,0x00000007fa239928,0x00000007ff980000)
  to   space 212992K, 0% used [0x00000007e5980000,0x00000007e5980000,0x00000007f2980000)
 ParOldGen       total 2235392K, used 2094767K [0x0000000700000000, 0x0000000788700000, 0x00000007aab00000)
  object space 2235392K, 93% used [0x0000000700000000,0x000000077fdabd58,0x0000000788700000)
 Metaspace       used 357892K, committed 359744K, reserved 753664K
  class space    used 46148K, committed 47040K, reserved 425984K
}
Event: 498.261 GC heap before
{Heap before GC invocations=249 (full 12):
 PSYoungGen      total 1174528K, used 1085158K [0x00000007aab00000, 0x00000007ff980000, 0x0000000800000000)
  eden space 965120K, 100% used [0x00000007aab00000,0x00000007e5980000,0x00000007e5980000)
  from space 209408K, 57% used [0x00000007f2d00000,0x00000007fa239928,0x00000007ff980000)
  to   space 212992K, 0% used [0x00000007e5980000,0x00000007e5980000,0x00000007f2980000)
 ParOldGen       total 2235392K, used 2094767K [0x0000000700000000, 0x0000000788700000, 0x00000007aab00000)
  object space 2235392K, 93% used [0x0000000700000000,0x000000077fdabd58,0x0000000788700000)
 Metaspace       used 357929K, committed 359808K, reserved 753664K
  class space    used 46151K, committed 47040K, reserved 425984K
}
Event: 498.314 GC heap after
{Heap after GC invocations=249 (full 12):
 PSYoungGen      total 1178112K, used 134789K [0x00000007aab00000, 0x0000000800000000, 0x0000000800000000)
  eden space 965120K, 0% used [0x00000007aab00000,0x00000007aab00000,0x00000007e5980000)
  from space 212992K, 63% used [0x00000007e5980000,0x00000007edd21470,0x00000007f2980000)
  to   space 217088K, 0% used [0x00000007f2c00000,0x00000007f2c00000,0x0000000800000000)
 ParOldGen       total 2235392K, used 2094767K [0x0000000700000000, 0x0000000788700000, 0x00000007aab00000)
  object space 2235392K, 93% used [0x0000000700000000,0x000000077fdabd58,0x0000000788700000)
 Metaspace       used 357929K, committed 359808K, reserved 753664K
  class space    used 46151K, committed 47040K, reserved 425984K
}
Event: 503.045 GC heap before
{Heap before GC invocations=250 (full 12):
 PSYoungGen      total 1178112K, used 1095549K [0x00000007aab00000, 0x0000000800000000, 0x0000000800000000)
  eden space 965120K, 99% used [0x00000007aab00000,0x00000007e553e330,0x00000007e5980000)
  from space 212992K, 63% used [0x00000007e5980000,0x00000007edd21470,0x00000007f2980000)
  to   space 217088K, 0% used [0x00000007f2c00000,0x00000007f2c00000,0x0000000800000000)
 ParOldGen       total 2235392K, used 2094767K [0x0000000700000000, 0x0000000788700000, 0x00000007aab00000)
  object space 2235392K, 93% used [0x0000000700000000,0x000000077fdabd58,0x0000000788700000)
 Metaspace       used 358509K, committed 360384K, reserved 753664K
  class space    used 46211K, committed 47104K, reserved 425984K
}
Event: 503.116 GC heap after
{Heap after GC invocations=250 (full 12):
 PSYoungGen      total 1129472K, used 198067K [0x00000007aab00000, 0x0000000800000000, 0x0000000800000000)
  eden space 912384K, 0% used [0x00000007aab00000,0x00000007aab00000,0x00000007e2600000)
  from space 217088K, 91% used [0x00000007f2c00000,0x00000007fed6cc00,0x0000000800000000)
  to   space 242688K, 0% used [0x00000007e2600000,0x00000007e2600000,0x00000007f1300000)
 ParOldGen       total 2235392K, used 2094775K [0x0000000700000000, 0x0000000788700000, 0x00000007aab00000)
  object space 2235392K, 93% used [0x0000000700000000,0x000000077fdadd58,0x0000000788700000)
 Metaspace       used 358509K, committed 360384K, reserved 753664K
  class space    used 46211K, committed 47104K, reserved 425984K
}
Event: 506.823 GC heap before
{Heap before GC invocations=251 (full 12):
 PSYoungGen      total 1129472K, used 1110400K [0x00000007aab00000, 0x0000000800000000, 0x0000000800000000)
  eden space 912384K, 99% used [0x00000007aab00000,0x00000007e25f3688,0x00000007e2600000)
  from space 217088K, 91% used [0x00000007f2c00000,0x00000007fed6cc00,0x0000000800000000)
  to   space 242688K, 0% used [0x00000007e2600000,0x00000007e2600000,0x00000007f1300000)
 ParOldGen       total 2235392K, used 2094775K [0x0000000700000000, 0x0000000788700000, 0x00000007aab00000)
  object space 2235392K, 93% used [0x0000000700000000,0x000000077fdadd58,0x0000000788700000)
 Metaspace       used 361725K, committed 363584K, reserved 753664K
  class space    used 46533K, committed 47424K, reserved 425984K
}
Event: 507.009 GC heap after
{Heap after GC invocations=251 (full 12):
 PSYoungGen      total 1155072K, used 242657K [0x00000007aab00000, 0x0000000800000000, 0x0000000800000000)
  eden space 912384K, 0% used [0x00000007aab00000,0x00000007aab00000,0x00000007e2600000)
  from space 242688K, 99% used [0x00000007e2600000,0x00000007f12f8680,0x00000007f1300000)
  to   space 242688K, 0% used [0x00000007f1300000,0x00000007f1300000,0x0000000800000000)
 ParOldGen       total 2235392K, used 2174916K [0x0000000700000000, 0x0000000788700000, 0x00000007aab00000)
  object space 2235392K, 97% used [0x0000000700000000,0x0000000784bf1100,0x0000000788700000)
 Metaspace       used 361725K, committed 363584K, reserved 753664K
  class space    used 46533K, committed 47424K, reserved 425984K
}
Event: 514.154 GC heap before
{Heap before GC invocations=252 (full 13):
 PSYoungGen      total 1155072K, used 1155041K [0x00000007aab00000, 0x0000000800000000, 0x0000000800000000)
  eden space 912384K, 100% used [0x00000007aab00000,0x00000007e2600000,0x00000007e2600000)
  from space 242688K, 99% used [0x00000007e2600000,0x00000007f12f8680,0x00000007f1300000)
  to   space 242688K, 0% used [0x00000007f1300000,0x00000007f1300000,0x0000000800000000)
 ParOldGen       total 2235392K, used 2174916K [0x0000000700000000, 0x0000000788700000, 0x00000007aab00000)
  object space 2235392K, 97% used [0x0000000700000000,0x0000000784bf1100,0x0000000788700000)
 Metaspace       used 364887K, committed 366720K, reserved 753664K
  class space    used 47051K, committed 47936K, reserved 425984K
}
Event: 516.189 GC heap after
{Heap after GC invocations=252 (full 13):
 PSYoungGen      total 1020928K, used 0K [0x00000007aab00000, 0x0000000800000000, 0x0000000800000000)
  eden space 778240K, 0% used [0x00000007aab00000,0x00000007aab00000,0x00000007da300000)
  from space 242688K, 0% used [0x00000007f1300000,0x00000007f1300000,0x0000000800000000)
  to   space 309760K, 0% used [0x00000007da300000,0x00000007da300000,0x00000007ed180000)
 ParOldGen       total 2255872K, used 1512842K [0x0000000700000000, 0x0000000789b00000, 0x00000007aab00000)
  object space 2255872K, 67% used [0x0000000700000000,0x000000075c562800,0x0000000789b00000)
 Metaspace       used 364887K, committed 366720K, reserved 753664K
  class space    used 47051K, committed 47936K, reserved 425984K
}
Event: 525.141 GC heap before
{Heap before GC invocations=253 (full 13):
 PSYoungGen      total 1020928K, used 778240K [0x00000007aab00000, 0x0000000800000000, 0x0000000800000000)
  eden space 778240K, 100% used [0x00000007aab00000,0x00000007da300000,0x00000007da300000)
  from space 242688K, 0% used [0x00000007f1300000,0x00000007f1300000,0x0000000800000000)
  to   space 309760K, 0% used [0x00000007da300000,0x00000007da300000,0x00000007ed180000)
 ParOldGen       total 2255872K, used 1512842K [0x0000000700000000, 0x0000000789b00000, 0x00000007aab00000)
  object space 2255872K, 67% used [0x0000000700000000,0x000000075c562800,0x0000000789b00000)
 Metaspace       used 370759K, committed 372544K, reserved 753664K
  class space    used 47651K, committed 48512K, reserved 425984K
}
Event: 525.167 GC heap after
{Heap after GC invocations=253 (full 13):
 PSYoungGen      total 1088000K, used 49044K [0x00000007aab00000, 0x0000000800000000, 0x0000000800000000)
  eden space 778240K, 0% used [0x00000007aab00000,0x00000007aab00000,0x00000007da300000)
  from space 309760K, 15% used [0x00000007da300000,0x00000007dd2e5360,0x00000007ed180000)
  to   space 304640K, 0% used [0x00000007ed680000,0x00000007ed680000,0x0000000800000000)
 ParOldGen       total 2255872K, used 1512850K [0x0000000700000000, 0x0000000789b00000, 0x00000007aab00000)
  object space 2255872K, 67% used [0x0000000700000000,0x000000075c564800,0x0000000789b00000)
 Metaspace       used 370759K, committed 372544K, reserved 753664K
  class space    used 47651K, committed 48512K, reserved 425984K
}
Event: 531.339 GC heap before
{Heap before GC invocations=254 (full 13):
 PSYoungGen      total 1088000K, used 827284K [0x00000007aab00000, 0x0000000800000000, 0x0000000800000000)
  eden space 778240K, 100% used [0x00000007aab00000,0x00000007da300000,0x00000007da300000)
  from space 309760K, 15% used [0x00000007da300000,0x00000007dd2e5360,0x00000007ed180000)
  to   space 304640K, 0% used [0x00000007ed680000,0x00000007ed680000,0x0000000800000000)
 ParOldGen       total 2255872K, used 1512850K [0x0000000700000000, 0x0000000789b00000, 0x00000007aab00000)
  object space 2255872K, 67% used [0x0000000700000000,0x000000075c564800,0x0000000789b00000)
 Metaspace       used 370829K, committed 372608K, reserved 753664K
  class space    used 47661K, committed 48512K, reserved 425984K
}
Event: 531.370 GC heap after
{Heap after GC invocations=254 (full 13):
 PSYoungGen      total 1068544K, used 52404K [0x00000007aab00000, 0x00000007fed00000, 0x0000000800000000)
  eden space 783360K, 0% used [0x00000007aab00000,0x00000007aab00000,0x00000007da800000)
  from space 285184K, 18% used [0x00000007ed680000,0x00000007f09ad148,0x00000007fed00000)
  to   space 297472K, 0% used [0x00000007da800000,0x00000007da800000,0x00000007eca80000)
 ParOldGen       total 2255872K, used 1512858K [0x0000000700000000, 0x0000000789b00000, 0x00000007aab00000)
  object space 2255872K, 67% used [0x0000000700000000,0x000000075c566800,0x0000000789b00000)
 Metaspace       used 370829K, committed 372608K, reserved 753664K
  class space    used 47661K, committed 48512K, reserved 425984K
}
Event: 535.005 GC heap before
{Heap before GC invocations=255 (full 13):
 PSYoungGen      total 1068544K, used 835764K [0x00000007aab00000, 0x00000007fed00000, 0x0000000800000000)
  eden space 783360K, 100% used [0x00000007aab00000,0x00000007da800000,0x00000007da800000)
  from space 285184K, 18% used [0x00000007ed680000,0x00000007f09ad148,0x00000007fed00000)
  to   space 297472K, 0% used [0x00000007da800000,0x00000007da800000,0x00000007eca80000)
 ParOldGen       total 2255872K, used 1512858K [0x0000000700000000, 0x0000000789b00000, 0x00000007aab00000)
  object space 2255872K, 67% used [0x0000000700000000,0x000000075c566800,0x0000000789b00000)
 Metaspace       used 370855K, committed 372672K, reserved 753664K
  class space    used 47661K, committed 48512K, reserved 425984K
}
Event: 535.034 GC heap after
{Heap after GC invocations=255 (full 13):
 PSYoungGen      total 1080832K, used 57543K [0x00000007aab00000, 0x00000007ffa00000, 0x0000000800000000)
  eden space 783360K, 0% used [0x00000007aab00000,0x00000007aab00000,0x00000007da800000)
  from space 297472K, 19% used [0x00000007da800000,0x00000007de031cb8,0x00000007eca80000)
  to   space 288256K, 0% used [0x00000007ee080000,0x00000007ee080000,0x00000007ffa00000)
 ParOldGen       total 2255872K, used 1512866K [0x0000000700000000, 0x0000000789b00000, 0x00000007aab00000)
  object space 2255872K, 67% used [0x0000000700000000,0x000000075c568800,0x0000000789b00000)
 Metaspace       used 370855K, committed 372672K, reserved 753664K
  class space    used 47661K, committed 48512K, reserved 425984K
}
Event: 538.543 GC heap before
{Heap before GC invocations=256 (full 13):
 PSYoungGen      total 1080832K, used 840903K [0x00000007aab00000, 0x00000007ffa00000, 0x0000000800000000)
  eden space 783360K, 100% used [0x00000007aab00000,0x00000007da800000,0x00000007da800000)
  from space 297472K, 19% used [0x00000007da800000,0x00000007de031cb8,0x00000007eca80000)
  to   space 288256K, 0% used [0x00000007ee080000,0x00000007ee080000,0x00000007ffa00000)
 ParOldGen       total 2255872K, used 1512866K [0x0000000700000000, 0x0000000789b00000, 0x00000007aab00000)
  object space 2255872K, 67% used [0x0000000700000000,0x000000075c568800,0x0000000789b00000)
 Metaspace       used 370859K, committed 372672K, reserved 753664K
  class space    used 47662K, committed 48512K, reserved 425984K
}
Event: 538.570 GC heap after
{Heap after GC invocations=256 (full 13):
 PSYoungGen      total 1077760K, used 60698K [0x00000007aab00000, 0x00000007fe400000, 0x0000000800000000)
  eden space 812032K, 0% used [0x00000007aab00000,0x00000007aab00000,0x00000007dc400000)
  from space 265728K, 22% used [0x00000007ee080000,0x00000007f1bc6a18,0x00000007fe400000)
  to   space 278528K, 0% used [0x00000007dc400000,0x00000007dc400000,0x00000007ed400000)
 ParOldGen       total 2255872K, used 1512866K [0x0000000700000000, 0x0000000789b00000, 0x00000007aab00000)
  object space 2255872K, 67% used [0x0000000700000000,0x000000075c568800,0x0000000789b00000)
 Metaspace       used 370859K, committed 372672K, reserved 753664K
  class space    used 47662K, committed 48512K, reserved 425984K
}
Event: 541.153 GC heap before
{Heap before GC invocations=257 (full 13):
 PSYoungGen      total 1077760K, used 872730K [0x00000007aab00000, 0x00000007fe400000, 0x0000000800000000)
  eden space 812032K, 100% used [0x00000007aab00000,0x00000007dc400000,0x00000007dc400000)
  from space 265728K, 22% used [0x00000007ee080000,0x00000007f1bc6a18,0x00000007fe400000)
  to   space 278528K, 0% used [0x00000007dc400000,0x00000007dc400000,0x00000007ed400000)
 ParOldGen       total 2255872K, used 1512866K [0x0000000700000000, 0x0000000789b00000, 0x00000007aab00000)
  object space 2255872K, 67% used [0x0000000700000000,0x000000075c568800,0x0000000789b00000)
 Metaspace       used 370868K, committed 372672K, reserved 753664K
  class space    used 47662K, committed 48512K, reserved 425984K
}
Event: 541.189 GC heap after
{Heap after GC invocations=257 (full 13):
 PSYoungGen      total 1090560K, used 58928K [0x00000007aab00000, 0x00000007ff880000, 0x0000000800000000)
  eden space 812032K, 0% used [0x00000007aab00000,0x00000007aab00000,0x00000007dc400000)
  from space 278528K, 21% used [0x00000007dc400000,0x00000007dfd8c290,0x00000007ed400000)
  to   space 268288K, 0% used [0x00000007ef280000,0x00000007ef280000,0x00000007ff880000)
 ParOldGen       total 2255872K, used 1512866K [0x0000000700000000, 0x0000000789b00000, 0x00000007aab00000)
  object space 2255872K, 67% used [0x0000000700000000,0x000000075c568800,0x0000000789b00000)
 Metaspace       used 370868K, committed 372672K, reserved 753664K
  class space    used 47662K, committed 48512K, reserved 425984K
}

