# JRE version: OpenJDK Runtime Environment Temurin-17.0.19+10 (17.0.19+10) (build 17.0.19+10)
# Java VM: OpenJDK 64-Bit Server VM Temurin-17.0.19+10 (17.0.19+10, mixed mode, sharing, tiered, compressed oops, compressed class ptrs, parallel gc, windows-amd64)
GC Precious Log:
 CPUs: 24 total, 24 available
 Memory: 14029M
 Large Page Support: Disabled
 NUMA Support: Disabled
 Compressed Oops: Enabled (Zero based)
 Alignments: Space 512K, Generation 512K, Heap 2M
 Heap Min Capacity: 256M
 Heap Initial Capacity: 256M
 Heap Max Capacity: 4G
 Pre-touch: Disabled
 Parallel Workers: 18
Heap:
 PSYoungGen      total 281088K, used 77970K [0x00000007aab00000, 0x00000007c1500000, 0x0000000800000000)
  eden space 215040K, 21% used [0x00000007aab00000,0x00000007ad8da180,0x00000007b7d00000)
  from space 66048K, 46% used [0x00000007bbd00000,0x00000007bdb4a7c0,0x00000007bfd80000)
  to   space 65536K, 0% used [0x00000007b7d00000,0x00000007b7d00000,0x00000007bbd00000)
 ParOldGen       total 569344K, used 381238K [0x0000000700000000, 0x0000000722c00000, 0x00000007aab00000)
  object space 569344K, 66% used [0x0000000700000000,0x000000071744d910,0x0000000722c00000)
 Metaspace       used 175829K, committed 177280K, reserved 622592K
  class space    used 22282K, committed 22976K, reserved 425984K
GC Heap History (20 events):
Event: 394.291 GC heap before
{Heap before GC invocations=32 (full 5):
 PSYoungGen      total 194048K, used 193941K [0x00000007aab00000, 0x00000007bc800000, 0x0000000800000000)
  eden space 178176K, 100% used [0x00000007aab00000,0x00000007b5900000,0x00000007b5900000)
  from space 15872K, 99% used [0x00000007bad00000,0x00000007bbc655e0,0x00000007bbc80000)
  to   space 11776K, 0% used [0x00000007bbc80000,0x00000007bbc80000,0x00000007bc800000)
 ParOldGen       total 175104K, used 170379K [0x0000000700000000, 0x000000070ab00000, 0x00000007aab00000)
  object space 175104K, 97% used [0x0000000700000000,0x000000070a662ec0,0x000000070ab00000)
 Metaspace       used 121480K, committed 122624K, reserved 557056K
  class space    used 16141K, committed 16704K, reserved 425984K
}
Event: 394.587 GC heap after
{Heap after GC invocations=32 (full 5):
 PSYoungGen      total 172544K, used 0K [0x00000007aab00000, 0x00000007bbd00000, 0x0000000800000000)
  eden space 172032K, 0% used [0x00000007aab00000,0x00000007aab00000,0x00000007b5300000)
  from space 512K, 0% used [0x00000007bbc80000,0x00000007bbc80000,0x00000007bbd00000)
  to   space 22528K, 0% used [0x00000007b9100000,0x00000007b9100000,0x00000007ba700000)
 ParOldGen       total 238080K, used 153733K [0x0000000700000000, 0x000000070e880000, 0x00000007aab00000)
  object space 238080K, 64% used [0x0000000700000000,0x0000000709621678,0x000000070e880000)
 Metaspace       used 121480K, committed 122624K, reserved 557056K
  class space    used 16141K, committed 16704K, reserved 425984K
}
Event: 398.951 GC heap before
{Heap before GC invocations=33 (full 5):
 PSYoungGen      total 172544K, used 172032K [0x00000007aab00000, 0x00000007bbd00000, 0x0000000800000000)
  eden space 172032K, 100% used [0x00000007aab00000,0x00000007b5300000,0x00000007b5300000)
  from space 512K, 0% used [0x00000007bbc80000,0x00000007bbc80000,0x00000007bbd00000)
  to   space 22528K, 0% used [0x00000007b9100000,0x00000007b9100000,0x00000007ba700000)
 ParOldGen       total 238080K, used 153733K [0x0000000700000000, 0x000000070e880000, 0x00000007aab00000)
  object space 238080K, 64% used [0x0000000700000000,0x0000000709621678,0x000000070e880000)
 Metaspace       used 123800K, committed 124928K, reserved 557056K
  class space    used 16354K, committed 16896K, reserved 425984K
}
Event: 398.962 GC heap after
{Heap after GC invocations=33 (full 5):
 PSYoungGen      total 184320K, used 17995K [0x00000007aab00000, 0x00000007bbd00000, 0x0000000800000000)
  eden space 165888K, 0% used [0x00000007aab00000,0x00000007aab00000,0x00000007b4d00000)
  from space 18432K, 97% used [0x00000007b9100000,0x00000007ba292d98,0x00000007ba300000)
  to   space 24064K, 0% used [0x00000007ba580000,0x00000007ba580000,0x00000007bbd00000)
 ParOldGen       total 238080K, used 153741K [0x0000000700000000, 0x000000070e880000, 0x00000007aab00000)
  object space 238080K, 64% used [0x0000000700000000,0x0000000709623678,0x000000070e880000)
 Metaspace       used 123800K, committed 124928K, reserved 557056K
  class space    used 16354K, committed 16896K, reserved 425984K
}
Event: 400.288 GC heap before
{Heap before GC invocations=34 (full 5):
 PSYoungGen      total 184320K, used 183883K [0x00000007aab00000, 0x00000007bbd00000, 0x0000000800000000)
  eden space 165888K, 100% used [0x00000007aab00000,0x00000007b4d00000,0x00000007b4d00000)
  from space 18432K, 97% used [0x00000007b9100000,0x00000007ba292d98,0x00000007ba300000)
  to   space 24064K, 0% used [0x00000007ba580000,0x00000007ba580000,0x00000007bbd00000)
 ParOldGen       total 238080K, used 153741K [0x0000000700000000, 0x000000070e880000, 0x00000007aab00000)
  object space 238080K, 64% used [0x0000000700000000,0x0000000709623678,0x000000070e880000)
 Metaspace       used 137259K, committed 138624K, reserved 557056K
  class space    used 18181K, committed 18816K, reserved 425984K
}
Event: 400.299 GC heap after
{Heap after GC invocations=34 (full 5):
 PSYoungGen      total 179200K, used 18854K [0x00000007aab00000, 0x00000007bb800000, 0x0000000800000000)
  eden space 160256K, 0% used [0x00000007aab00000,0x00000007aab00000,0x00000007b4780000)
  from space 18944K, 99% used [0x00000007ba580000,0x00000007bb7e99f8,0x00000007bb800000)
  to   space 25088K, 0% used [0x00000007b8700000,0x00000007b8700000,0x00000007b9f80000)
 ParOldGen       total 238080K, used 167845K [0x0000000700000000, 0x000000070e880000, 0x00000007aab00000)
  object space 238080K, 70% used [0x0000000700000000,0x000000070a3e9478,0x000000070e880000)
 Metaspace       used 137259K, committed 138624K, reserved 557056K
  class space    used 18181K, committed 18816K, reserved 425984K
}
Event: 402.431 GC heap before
{Heap before GC invocations=35 (full 5):
 PSYoungGen      total 179200K, used 179110K [0x00000007aab00000, 0x00000007bb800000, 0x0000000800000000)
  eden space 160256K, 100% used [0x00000007aab00000,0x00000007b4780000,0x00000007b4780000)
  from space 18944K, 99% used [0x00000007ba580000,0x00000007bb7e99f8,0x00000007bb800000)
  to   space 25088K, 0% used [0x00000007b8700000,0x00000007b8700000,0x00000007b9f80000)
 ParOldGen       total 238080K, used 167845K [0x0000000700000000, 0x000000070e880000, 0x00000007aab00000)
  object space 238080K, 70% used [0x0000000700000000,0x000000070a3e9478,0x000000070e880000)
 Metaspace       used 150619K, committed 151936K, reserved 622592K
  class space    used 19574K, committed 20224K, reserved 425984K
}
Event: 402.453 GC heap after
{Heap after GC invocations=35 (full 5):
 PSYoungGen      total 179712K, used 25063K [0x00000007aab00000, 0x00000007ba600000, 0x0000000800000000)
  eden space 154624K, 0% used [0x00000007aab00000,0x00000007aab00000,0x00000007b4200000)
  from space 25088K, 99% used [0x00000007b8700000,0x00000007b9f79cb8,0x00000007b9f80000)
  to   space 6656K, 0% used [0x00000007b9f80000,0x00000007b9f80000,0x00000007ba600000)
 ParOldGen       total 238080K, used 195556K [0x0000000700000000, 0x000000070e880000, 0x00000007aab00000)
  object space 238080K, 82% used [0x0000000700000000,0x000000070bef9170,0x000000070e880000)
 Metaspace       used 150619K, committed 151936K, reserved 622592K
  class space    used 19574K, committed 20224K, reserved 425984K
}
Event: 403.392 GC heap before
{Heap before GC invocations=36 (full 5):
 PSYoungGen      total 179712K, used 179687K [0x00000007aab00000, 0x00000007ba600000, 0x0000000800000000)
  eden space 154624K, 100% used [0x00000007aab00000,0x00000007b4200000,0x00000007b4200000)
  from space 25088K, 99% used [0x00000007b8700000,0x00000007b9f79cb8,0x00000007b9f80000)
  to   space 6656K, 0% used [0x00000007b9f80000,0x00000007b9f80000,0x00000007ba600000)
 ParOldGen       total 238080K, used 195556K [0x0000000700000000, 0x000000070e880000, 0x00000007aab00000)
  object space 238080K, 82% used [0x0000000700000000,0x000000070bef9170,0x000000070e880000)
 Metaspace       used 151024K, committed 152384K, reserved 622592K
  class space    used 19595K, committed 20288K, reserved 425984K
}
Event: 403.415 GC heap after
{Heap after GC invocations=36 (full 5):
 PSYoungGen      total 204800K, used 6634K [0x00000007aab00000, 0x00000007bcf80000, 0x0000000800000000)
  eden space 198144K, 0% used [0x00000007aab00000,0x00000007aab00000,0x00000007b6c80000)
  from space 6656K, 99% used [0x00000007b9f80000,0x00000007ba5fabf0,0x00000007ba600000)
  to   space 50688K, 0% used [0x00000007b6c80000,0x00000007b6c80000,0x00000007b9e00000)
 ParOldGen       total 243712K, used 243266K [0x0000000700000000, 0x000000070ee00000, 0x00000007aab00000)
  object space 243712K, 99% used [0x0000000700000000,0x000000070ed909e0,0x000000070ee00000)
 Metaspace       used 151024K, committed 152384K, reserved 622592K
  class space    used 19595K, committed 20288K, reserved 425984K
}
Event: 404.282 GC heap before
{Heap before GC invocations=37 (full 6):
 PSYoungGen      total 204800K, used 204778K [0x00000007aab00000, 0x00000007bcf80000, 0x0000000800000000)
  eden space 198144K, 100% used [0x00000007aab00000,0x00000007b6c80000,0x00000007b6c80000)
  from space 6656K, 99% used [0x00000007b9f80000,0x00000007ba5fabf0,0x00000007ba600000)
  to   space 50688K, 0% used [0x00000007b6c80000,0x00000007b6c80000,0x00000007b9e00000)
 ParOldGen       total 243712K, used 243266K [0x0000000700000000, 0x000000070ee00000, 0x00000007aab00000)
  object space 243712K, 99% used [0x0000000700000000,0x000000070ed909e0,0x000000070ee00000)
 Metaspace       used 151244K, committed 152704K, reserved 622592K
  class space    used 19605K, committed 20288K, reserved 425984K
}
Event: 404.497 GC heap after
{Heap after GC invocations=37 (full 6):
 PSYoungGen      total 248832K, used 39369K [0x00000007aab00000, 0x00000007bec80000, 0x0000000800000000)
  eden space 198144K, 19% used [0x00000007aab00000,0x00000007ad1727b0,0x00000007b6c80000)
  from space 50688K, 0% used [0x00000007b6c80000,0x00000007b6c80000,0x00000007b9e00000)
  to   space 6656K, 0% used [0x00000007b9f80000,0x00000007b9f80000,0x00000007ba600000)
 ParOldGen       total 381440K, used 243679K [0x0000000700000000, 0x0000000717480000, 0x00000007aab00000)
  object space 381440K, 63% used [0x0000000700000000,0x000000070edf7d60,0x0000000717480000)
 Metaspace       used 151244K, committed 152704K, reserved 622592K
  class space    used 19605K, committed 20288K, reserved 425984K
}
Event: 405.060 GC heap before
{Heap before GC invocations=38 (full 6):
 PSYoungGen      total 248832K, used 198144K [0x00000007aab00000, 0x00000007bec80000, 0x0000000800000000)
  eden space 198144K, 100% used [0x00000007aab00000,0x00000007b6c80000,0x00000007b6c80000)
  from space 50688K, 0% used [0x00000007b6c80000,0x00000007b6c80000,0x00000007b9e00000)
  to   space 6656K, 0% used [0x00000007b9f80000,0x00000007b9f80000,0x00000007ba600000)
 ParOldGen       total 381440K, used 243679K [0x0000000700000000, 0x0000000717480000, 0x00000007aab00000)
  object space 381440K, 63% used [0x0000000700000000,0x000000070edf7d60,0x0000000717480000)
 Metaspace       used 151245K, committed 152704K, reserved 622592K
  class space    used 19605K, committed 20288K, reserved 425984K
}
Event: 405.097 GC heap after
{Heap after GC invocations=38 (full 6):
 PSYoungGen      total 190976K, used 6652K [0x00000007aab00000, 0x00000007c0e00000, 0x0000000800000000)
  eden space 184320K, 0% used [0x00000007aab00000,0x00000007aab00000,0x00000007b5f00000)
  from space 6656K, 99% used [0x00000007b9f80000,0x00000007ba5ff3f0,0x00000007ba600000)
  to   space 66048K, 0% used [0x00000007b5f00000,0x00000007b5f00000,0x00000007b9f80000)
 ParOldGen       total 381440K, used 307112K [0x0000000700000000, 0x0000000717480000, 0x00000007aab00000)
  object space 381440K, 80% used [0x0000000700000000,0x0000000712bea170,0x0000000717480000)
 Metaspace       used 151245K, committed 152704K, reserved 622592K
  class space    used 19605K, committed 20288K, reserved 425984K
}
Event: 405.731 GC heap before
{Heap before GC invocations=39 (full 6):
 PSYoungGen      total 190976K, used 190972K [0x00000007aab00000, 0x00000007c0e00000, 0x0000000800000000)
  eden space 184320K, 100% used [0x00000007aab00000,0x00000007b5f00000,0x00000007b5f00000)
  from space 6656K, 99% used [0x00000007b9f80000,0x00000007ba5ff3f0,0x00000007ba600000)
  to   space 66048K, 0% used [0x00000007b5f00000,0x00000007b5f00000,0x00000007b9f80000)
 ParOldGen       total 381440K, used 307112K [0x0000000700000000, 0x0000000717480000, 0x00000007aab00000)
  object space 381440K, 80% used [0x0000000700000000,0x0000000712bea170,0x0000000717480000)
 Metaspace       used 151251K, committed 152704K, reserved 622592K
  class space    used 19605K, committed 20288K, reserved 425984K
}
Event: 405.759 GC heap after
{Heap after GC invocations=39 (full 6):
 PSYoungGen      total 250368K, used 36229K [0x00000007aab00000, 0x00000007bfd80000, 0x0000000800000000)
  eden space 184320K, 0% used [0x00000007aab00000,0x00000007aab00000,0x00000007b5f00000)
  from space 66048K, 54% used [0x00000007b5f00000,0x00000007b8261668,0x00000007b9f80000)
  to   space 66048K, 0% used [0x00000007bbd00000,0x00000007bbd00000,0x00000007bfd80000)
 ParOldGen       total 381440K, used 313855K [0x0000000700000000, 0x0000000717480000, 0x00000007aab00000)
  object space 381440K, 82% used [0x0000000700000000,0x000000071327fd58,0x0000000717480000)
 Metaspace       used 151251K, committed 152704K, reserved 622592K
  class space    used 19605K, committed 20288K, reserved 425984K
}
Event: 406.403 GC heap before
{Heap before GC invocations=40 (full 6):
 PSYoungGen      total 250368K, used 220549K [0x00000007aab00000, 0x00000007bfd80000, 0x0000000800000000)
  eden space 184320K, 100% used [0x00000007aab00000,0x00000007b5f00000,0x00000007b5f00000)
  from space 66048K, 54% used [0x00000007b5f00000,0x00000007b8261668,0x00000007b9f80000)
  to   space 66048K, 0% used [0x00000007bbd00000,0x00000007bbd00000,0x00000007bfd80000)
 ParOldGen       total 381440K, used 313855K [0x0000000700000000, 0x0000000717480000, 0x00000007aab00000)
  object space 381440K, 82% used [0x0000000700000000,0x000000071327fd58,0x0000000717480000)
 Metaspace       used 151258K, committed 152704K, reserved 622592K
  class space    used 19606K, committed 20288K, reserved 425984K
}
Event: 406.428 GC heap after
{Heap after GC invocations=40 (full 6):
 PSYoungGen      total 281088K, used 36027K [0x00000007aab00000, 0x00000007bfe80000, 0x0000000800000000)
  eden space 215040K, 0% used [0x00000007aab00000,0x00000007aab00000,0x00000007b7d00000)
  from space 66048K, 54% used [0x00000007bbd00000,0x00000007be02ec68,0x00000007bfd80000)
  to   space 65536K, 0% used [0x00000007b7d00000,0x00000007b7d00000,0x00000007bbd00000)
 ParOldGen       total 381440K, used 349914K [0x0000000700000000, 0x0000000717480000, 0x00000007aab00000)
  object space 381440K, 91% used [0x0000000700000000,0x00000007155b69d0,0x0000000717480000)
 Metaspace       used 151258K, committed 152704K, reserved 622592K
  class space    used 19606K, committed 20288K, reserved 425984K
}
Event: 408.370 GC heap before
{Heap before GC invocations=41 (full 7):
 PSYoungGen      total 281088K, used 251067K [0x00000007aab00000, 0x00000007bfe80000, 0x0000000800000000)
  eden space 215040K, 100% used [0x00000007aab00000,0x00000007b7d00000,0x00000007b7d00000)
  from space 66048K, 54% used [0x00000007bbd00000,0x00000007be02ec68,0x00000007bfd80000)
  to   space 65536K, 0% used [0x00000007b7d00000,0x00000007b7d00000,0x00000007bbd00000)
 ParOldGen       total 381440K, used 349914K [0x0000000700000000, 0x0000000717480000, 0x00000007aab00000)
  object space 381440K, 91% used [0x0000000700000000,0x00000007155b69d0,0x0000000717480000)
 Metaspace       used 172299K, committed 173696K, reserved 622592K
  class space    used 21893K, committed 22592K, reserved 425984K
}
Event: 408.651 GC heap after
{Heap after GC invocations=41 (full 7):
 PSYoungGen      total 281088K, used 31017K [0x00000007aab00000, 0x00000007c1500000, 0x0000000800000000)
  eden space 215040K, 0% used [0x00000007aab00000,0x00000007aab00000,0x00000007b7d00000)
  from space 66048K, 46% used [0x00000007bbd00000,0x00000007bdb4a7c0,0x00000007bfd80000)
  to   space 65536K, 0% used [0x00000007b7d00000,0x00000007b7d00000,0x00000007bbd00000)
 ParOldGen       total 569344K, used 381238K [0x0000000700000000, 0x0000000722c00000, 0x00000007aab00000)
  object space 569344K, 66% used [0x0000000700000000,0x000000071744d910,0x0000000722c00000)
 Metaspace       used 172299K, committed 173696K, reserved 622592K
  class space    used 21893K, committed 22592K, reserved 425984K
}

