# JRE version: OpenJDK Runtime Environment Temurin-17.0.19+10 (17.0.19+10) (build 17.0.19+10)
# Java VM: OpenJDK 64-Bit Server VM Temurin-17.0.19+10 (17.0.19+10, mixed mode, sharing, tiered, compressed oops, compressed class ptrs, parallel gc, windows-amd64)
GC Precious Log:
 CPUs: 24 total, 24 available
 Memory: 14029M
 Large Page Support: Disabled
 NUMA Support: Disabled
 Compressed Oops: Enabled (Zero based)
 Alignments: Space 512K, Generation 512K, Heap 2M
 Heap Min Capacity: 256M
 Heap Initial Capacity: 256M
 Heap Max Capacity: 4G
 Pre-touch: Disabled
 Parallel Workers: 18
Heap:
 PSYoungGen      total 157184K, used 27251K [0x00000007aab00000, 0x00000007b5c80000, 0x0000000800000000)
  eden space 142848K, 10% used [0x00000007aab00000,0x00000007ab9cecc8,0x00000007b3680000)
  from space 14336K, 84% used [0x00000007b4e80000,0x00000007b5a4e168,0x00000007b5c80000)
  to   space 19456K, 0% used [0x00000007b3680000,0x00000007b3680000,0x00000007b4980000)
 ParOldGen       total 175104K, used 104963K [0x0000000700000000, 0x000000070ab00000, 0x00000007aab00000)
  object space 175104K, 59% used [0x0000000700000000,0x0000000706680f28,0x000000070ab00000)
 Metaspace       used 109425K, committed 110336K, reserved 557056K
  class space    used 14963K, committed 15360K, reserved 425984K
GC Heap History (20 events):
Event: 9.713 GC heap before
{Heap before GC invocations=15 (full 2):
 PSYoungGen      total 114688K, used 92981K [0x00000007aab00000, 0x00000007b3580000, 0x0000000800000000)
  eden space 95232K, 78% used [0x00000007aab00000,0x00000007af3ec788,0x00000007b0800000)
  from space 19456K, 94% used [0x00000007b1d80000,0x00000007b2f61008,0x00000007b3080000)
  to   space 22016K, 0% used [0x00000007b0800000,0x00000007b0800000,0x00000007b1d80000)
 ParOldGen       total 175104K, used 45708K [0x0000000700000000, 0x000000070ab00000, 0x00000007aab00000)
  object space 175104K, 26% used [0x0000000700000000,0x0000000702ca30d8,0x000000070ab00000)
 Metaspace       used 59161K, committed 59776K, reserved 491520K
  class space    used 7861K, committed 8192K, reserved 425984K
}
Event: 9.721 GC heap after
{Heap after GC invocations=15 (full 2):
 PSYoungGen      total 117248K, used 4103K [0x00000007aab00000, 0x00000007b3580000, 0x0000000800000000)
  eden space 95232K, 0% used [0x00000007aab00000,0x00000007aab00000,0x00000007b0800000)
  from space 22016K, 18% used [0x00000007b0800000,0x00000007b0c01f50,0x00000007b1d80000)
  to   space 22016K, 0% used [0x00000007b2000000,0x00000007b2000000,0x00000007b3580000)
 ParOldGen       total 175104K, used 63577K [0x0000000700000000, 0x000000070ab00000, 0x00000007aab00000)
  object space 175104K, 36% used [0x0000000700000000,0x0000000703e16690,0x000000070ab00000)
 Metaspace       used 59161K, committed 59776K, reserved 491520K
  class space    used 7861K, committed 8192K, reserved 425984K
}
Event: 9.721 GC heap before
{Heap before GC invocations=16 (full 3):
 PSYoungGen      total 117248K, used 4103K [0x00000007aab00000, 0x00000007b3580000, 0x0000000800000000)
  eden space 95232K, 0% used [0x00000007aab00000,0x00000007aab00000,0x00000007b0800000)
  from space 22016K, 18% used [0x00000007b0800000,0x00000007b0c01f50,0x00000007b1d80000)
  to   space 22016K, 0% used [0x00000007b2000000,0x00000007b2000000,0x00000007b3580000)
 ParOldGen       total 175104K, used 63577K [0x0000000700000000, 0x000000070ab00000, 0x00000007aab00000)
  object space 175104K, 36% used [0x0000000700000000,0x0000000703e16690,0x000000070ab00000)
 Metaspace       used 59161K, committed 59776K, reserved 491520K
  class space    used 7861K, committed 8192K, reserved 425984K
}
Event: 9.772 GC heap after
{Heap after GC invocations=16 (full 3):
 PSYoungGen      total 117248K, used 0K [0x00000007aab00000, 0x00000007b3580000, 0x0000000800000000)
  eden space 95232K, 0% used [0x00000007aab00000,0x00000007aab00000,0x00000007b0800000)
  from space 22016K, 0% used [0x00000007b0800000,0x00000007b0800000,0x00000007b1d80000)
  to   space 22016K, 0% used [0x00000007b2000000,0x00000007b2000000,0x00000007b3580000)
 ParOldGen       total 175104K, used 65480K [0x0000000700000000, 0x000000070ab00000, 0x00000007aab00000)
  object space 175104K, 37% used [0x0000000700000000,0x0000000703ff22c0,0x000000070ab00000)
 Metaspace       used 59161K, committed 59776K, reserved 491520K
  class space    used 7861K, committed 8192K, reserved 425984K
}
Event: 10.754 GC heap before
{Heap before GC invocations=17 (full 3):
 PSYoungGen      total 117248K, used 95232K [0x00000007aab00000, 0x00000007b3580000, 0x0000000800000000)
  eden space 95232K, 100% used [0x00000007aab00000,0x00000007b0800000,0x00000007b0800000)
  from space 22016K, 0% used [0x00000007b0800000,0x00000007b0800000,0x00000007b1d80000)
  to   space 22016K, 0% used [0x00000007b2000000,0x00000007b2000000,0x00000007b3580000)
 ParOldGen       total 175104K, used 65480K [0x0000000700000000, 0x000000070ab00000, 0x00000007aab00000)
  object space 175104K, 37% used [0x0000000700000000,0x0000000703ff22c0,0x000000070ab00000)
 Metaspace       used 65921K, committed 66624K, reserved 491520K
  class space    used 8779K, committed 9088K, reserved 425984K
}
Event: 10.757 GC heap after
{Heap after GC invocations=17 (full 3):
 PSYoungGen      total 120832K, used 7672K [0x00000007aab00000, 0x00000007b6900000, 0x0000000800000000)
  eden space 98816K, 0% used [0x00000007aab00000,0x00000007aab00000,0x00000007b0b80000)
  from space 22016K, 34% used [0x00000007b2000000,0x00000007b277e098,0x00000007b3580000)
  to   space 20992K, 0% used [0x00000007b0b80000,0x00000007b0b80000,0x00000007b2000000)
 ParOldGen       total 175104K, used 65488K [0x0000000700000000, 0x000000070ab00000, 0x00000007aab00000)
  object space 175104K, 37% used [0x0000000700000000,0x0000000703ff42c0,0x000000070ab00000)
 Metaspace       used 65921K, committed 66624K, reserved 491520K
  class space    used 8779K, committed 9088K, reserved 425984K
}
Event: 11.767 GC heap before
{Heap before GC invocations=18 (full 3):
 PSYoungGen      total 120832K, used 106488K [0x00000007aab00000, 0x00000007b6900000, 0x0000000800000000)
  eden space 98816K, 100% used [0x00000007aab00000,0x00000007b0b80000,0x00000007b0b80000)
  from space 22016K, 34% used [0x00000007b2000000,0x00000007b277e098,0x00000007b3580000)
  to   space 20992K, 0% used [0x00000007b0b80000,0x00000007b0b80000,0x00000007b2000000)
 ParOldGen       total 175104K, used 65488K [0x0000000700000000, 0x000000070ab00000, 0x00000007aab00000)
  object space 175104K, 37% used [0x0000000700000000,0x0000000703ff42c0,0x000000070ab00000)
 Metaspace       used 75239K, committed 75904K, reserved 557056K
  class space    used 10075K, committed 10432K, reserved 425984K
}
Event: 11.773 GC heap after
{Heap after GC invocations=18 (full 3):
 PSYoungGen      total 119808K, used 3327K [0x00000007aab00000, 0x00000007b6e80000, 0x0000000800000000)
  eden space 98816K, 0% used [0x00000007aab00000,0x00000007aab00000,0x00000007b0b80000)
  from space 20992K, 15% used [0x00000007b0b80000,0x00000007b0ebfd08,0x00000007b2000000)
  to   space 20992K, 0% used [0x00000007b5a00000,0x00000007b5a00000,0x00000007b6e80000)
 ParOldGen       total 175104K, used 72872K [0x0000000700000000, 0x000000070ab00000, 0x00000007aab00000)
  object space 175104K, 41% used [0x0000000700000000,0x000000070472a048,0x000000070ab00000)
 Metaspace       used 75239K, committed 75904K, reserved 557056K
  class space    used 10075K, committed 10432K, reserved 425984K
}
Event: 12.597 GC heap before
{Heap before GC invocations=19 (full 3):
 PSYoungGen      total 119808K, used 102143K [0x00000007aab00000, 0x00000007b6e80000, 0x0000000800000000)
  eden space 98816K, 100% used [0x00000007aab00000,0x00000007b0b80000,0x00000007b0b80000)
  from space 20992K, 15% used [0x00000007b0b80000,0x00000007b0ebfd08,0x00000007b2000000)
  to   space 20992K, 0% used [0x00000007b5a00000,0x00000007b5a00000,0x00000007b6e80000)
 ParOldGen       total 175104K, used 72872K [0x0000000700000000, 0x000000070ab00000, 0x00000007aab00000)
  object space 175104K, 41% used [0x0000000700000000,0x000000070472a048,0x000000070ab00000)
 Metaspace       used 78147K, committed 78912K, reserved 557056K
  class space    used 10506K, committed 10880K, reserved 425984K
}
Event: 12.605 GC heap after
{Heap after GC invocations=19 (full 3):
 PSYoungGen      total 177152K, used 8898K [0x00000007aab00000, 0x00000007b6c80000, 0x0000000800000000)
  eden space 158208K, 0% used [0x00000007aab00000,0x00000007aab00000,0x00000007b4580000)
  from space 18944K, 46% used [0x00000007b5a00000,0x00000007b62b0ab8,0x00000007b6c80000)
  to   space 19968K, 0% used [0x00000007b4580000,0x00000007b4580000,0x00000007b5900000)
 ParOldGen       total 175104K, used 75957K [0x0000000700000000, 0x000000070ab00000, 0x00000007aab00000)
  object space 175104K, 43% used [0x0000000700000000,0x0000000704a2d420,0x000000070ab00000)
 Metaspace       used 78147K, committed 78912K, reserved 557056K
  class space    used 10506K, committed 10880K, reserved 425984K
}
Event: 14.197 GC heap before
{Heap before GC invocations=20 (full 3):
 PSYoungGen      total 177152K, used 167106K [0x00000007aab00000, 0x00000007b6c80000, 0x0000000800000000)
  eden space 158208K, 100% used [0x00000007aab00000,0x00000007b4580000,0x00000007b4580000)
  from space 18944K, 46% used [0x00000007b5a00000,0x00000007b62b0ab8,0x00000007b6c80000)
  to   space 19968K, 0% used [0x00000007b4580000,0x00000007b4580000,0x00000007b5900000)
 ParOldGen       total 175104K, used 75957K [0x0000000700000000, 0x000000070ab00000, 0x00000007aab00000)
  object space 175104K, 43% used [0x0000000700000000,0x0000000704a2d420,0x000000070ab00000)
 Metaspace       used 87204K, committed 88000K, reserved 557056K
  class space    used 11907K, committed 12288K, reserved 425984K
}
Event: 14.206 GC heap after
{Heap after GC invocations=20 (full 3):
 PSYoungGen      total 161792K, used 8432K [0x00000007aab00000, 0x00000007b6580000, 0x0000000800000000)
  eden space 153088K, 0% used [0x00000007aab00000,0x00000007aab00000,0x00000007b4080000)
  from space 8704K, 96% used [0x00000007b4580000,0x00000007b4dbc2e8,0x00000007b4e00000)
  to   space 18944K, 0% used [0x00000007b5300000,0x00000007b5300000,0x00000007b6580000)
 ParOldGen       total 175104K, used 84564K [0x0000000700000000, 0x000000070ab00000, 0x00000007aab00000)
  object space 175104K, 48% used [0x0000000700000000,0x0000000705295280,0x000000070ab00000)
 Metaspace       used 87204K, committed 88000K, reserved 557056K
  class space    used 11907K, committed 12288K, reserved 425984K
}
Event: 15.714 GC heap before
{Heap before GC invocations=21 (full 3):
 PSYoungGen      total 161792K, used 161520K [0x00000007aab00000, 0x00000007b6580000, 0x0000000800000000)
  eden space 153088K, 100% used [0x00000007aab00000,0x00000007b4080000,0x00000007b4080000)
  from space 8704K, 96% used [0x00000007b4580000,0x00000007b4dbc2e8,0x00000007b4e00000)
  to   space 18944K, 0% used [0x00000007b5300000,0x00000007b5300000,0x00000007b6580000)
 ParOldGen       total 175104K, used 84564K [0x0000000700000000, 0x000000070ab00000, 0x00000007aab00000)
  object space 175104K, 48% used [0x0000000700000000,0x0000000705295280,0x000000070ab00000)
 Metaspace       used 95214K, committed 96128K, reserved 557056K
  class space    used 13064K, committed 13504K, reserved 425984K
}
Event: 15.722 GC heap after
{Heap after GC invocations=21 (full 3):
 PSYoungGen      total 162816K, used 12435K [0x00000007aab00000, 0x00000007b6180000, 0x0000000800000000)
  eden space 147968K, 0% used [0x00000007aab00000,0x00000007aab00000,0x00000007b3b80000)
  from space 14848K, 83% used [0x00000007b5300000,0x00000007b5f24f50,0x00000007b6180000)
  to   space 19456K, 0% used [0x00000007b3b80000,0x00000007b3b80000,0x00000007b4e80000)
 ParOldGen       total 175104K, used 92713K [0x0000000700000000, 0x000000070ab00000, 0x00000007aab00000)
  object space 175104K, 52% used [0x0000000700000000,0x0000000705a8a460,0x000000070ab00000)
 Metaspace       used 95214K, committed 96128K, reserved 557056K
  class space    used 13064K, committed 13504K, reserved 425984K
}
Event: 16.440 GC heap before
{Heap before GC invocations=22 (full 3):
 PSYoungGen      total 162816K, used 65162K [0x00000007aab00000, 0x00000007b6180000, 0x0000000800000000)
  eden space 147968K, 35% used [0x00000007aab00000,0x00000007ade7daa8,0x00000007b3b80000)
  from space 14848K, 83% used [0x00000007b5300000,0x00000007b5f24f50,0x00000007b6180000)
  to   space 19456K, 0% used [0x00000007b3b80000,0x00000007b3b80000,0x00000007b4e80000)
 ParOldGen       total 175104K, used 92713K [0x0000000700000000, 0x000000070ab00000, 0x00000007aab00000)
  object space 175104K, 52% used [0x0000000700000000,0x0000000705a8a460,0x000000070ab00000)
 Metaspace       used 98755K, committed 99648K, reserved 557056K
  class space    used 13521K, committed 13952K, reserved 425984K
}
Event: 16.452 GC heap after
{Heap after GC invocations=22 (full 3):
 PSYoungGen      total 167424K, used 3625K [0x00000007aab00000, 0x00000007b6180000, 0x0000000800000000)
  eden space 147968K, 0% used [0x00000007aab00000,0x00000007aab00000,0x00000007b3b80000)
  from space 19456K, 18% used [0x00000007b3b80000,0x00000007b3f0a720,0x00000007b4e80000)
  to   space 19456K, 0% used [0x00000007b4e80000,0x00000007b4e80000,0x00000007b6180000)
 ParOldGen       total 175104K, used 104877K [0x0000000700000000, 0x000000070ab00000, 0x00000007aab00000)
  object space 175104K, 59% used [0x0000000700000000,0x000000070666b588,0x000000070ab00000)
 Metaspace       used 98755K, committed 99648K, reserved 557056K
  class space    used 13521K, committed 13952K, reserved 425984K
}
Event: 16.452 GC heap before
{Heap before GC invocations=23 (full 4):
 PSYoungGen      total 167424K, used 3625K [0x00000007aab00000, 0x00000007b6180000, 0x0000000800000000)
  eden space 147968K, 0% used [0x00000007aab00000,0x00000007aab00000,0x00000007b3b80000)
  from space 19456K, 18% used [0x00000007b3b80000,0x00000007b3f0a720,0x00000007b4e80000)
  to   space 19456K, 0% used [0x00000007b4e80000,0x00000007b4e80000,0x00000007b6180000)
 ParOldGen       total 175104K, used 104877K [0x0000000700000000, 0x000000070ab00000, 0x00000007aab00000)
  object space 175104K, 59% used [0x0000000700000000,0x000000070666b588,0x000000070ab00000)
 Metaspace       used 98755K, committed 99648K, reserved 557056K
  class space    used 13521K, committed 13952K, reserved 425984K
}
Event: 16.537 GC heap after
{Heap after GC invocations=23 (full 4):
 PSYoungGen      total 167424K, used 0K [0x00000007aab00000, 0x00000007b6180000, 0x0000000800000000)
  eden space 147968K, 0% used [0x00000007aab00000,0x00000007aab00000,0x00000007b3b80000)
  from space 19456K, 0% used [0x00000007b3b80000,0x00000007b3b80000,0x00000007b4e80000)
  to   space 19456K, 0% used [0x00000007b4e80000,0x00000007b4e80000,0x00000007b6180000)
 ParOldGen       total 175104K, used 104883K [0x0000000700000000, 0x000000070ab00000, 0x00000007aab00000)
  object space 175104K, 59% used [0x0000000700000000,0x000000070666cf18,0x000000070ab00000)
 Metaspace       used 98755K, committed 99648K, reserved 557056K
  class space    used 13521K, committed 13952K, reserved 425984K
}
Event: 17.920 GC heap before
{Heap before GC invocations=24 (full 4):
 PSYoungGen      total 167424K, used 147968K [0x00000007aab00000, 0x00000007b6180000, 0x0000000800000000)
  eden space 147968K, 100% used [0x00000007aab00000,0x00000007b3b80000,0x00000007b3b80000)
  from space 19456K, 0% used [0x00000007b3b80000,0x00000007b3b80000,0x00000007b4e80000)
  to   space 19456K, 0% used [0x00000007b4e80000,0x00000007b4e80000,0x00000007b6180000)
 ParOldGen       total 175104K, used 104883K [0x0000000700000000, 0x000000070ab00000, 0x00000007aab00000)
  object space 175104K, 59% used [0x0000000700000000,0x000000070666cf18,0x000000070ab00000)
 Metaspace       used 107866K, committed 108864K, reserved 557056K
  class space    used 14661K, committed 15104K, reserved 425984K
}
Event: 17.927 GC heap after
{Heap after GC invocations=24 (full 4):
 PSYoungGen      total 157184K, used 12088K [0x00000007aab00000, 0x00000007b5c80000, 0x0000000800000000)
  eden space 142848K, 0% used [0x00000007aab00000,0x00000007aab00000,0x00000007b3680000)
  from space 14336K, 84% used [0x00000007b4e80000,0x00000007b5a4e168,0x00000007b5c80000)
  to   space 19456K, 0% used [0x00000007b3680000,0x00000007b3680000,0x00000007b4980000)
 ParOldGen       total 175104K, used 104963K [0x0000000700000000, 0x000000070ab00000, 0x00000007aab00000)
  object space 175104K, 59% used [0x0000000700000000,0x0000000706680f28,0x000000070ab00000)
 Metaspace       used 107866K, committed 108864K, reserved 557056K
  class space    used 14661K, committed 15104K, reserved 425984K
}

