# JRE version: OpenJDK Runtime Environment Temurin-17.0.19+10 (17.0.19+10) (build 17.0.19+10)
# Java VM: OpenJDK 64-Bit Server VM Temurin-17.0.19+10 (17.0.19+10, mixed mode, sharing, tiered, compressed oops, compressed class ptrs, parallel gc, windows-amd64)
GC Precious Log:
 CPUs: 24 total, 24 available
 Memory: 14029M
 Large Page Support: Disabled
 NUMA Support: Disabled
 Compressed Oops: Enabled (Zero based)
 Alignments: Space 512K, Generation 512K, Heap 2M
 Heap Min Capacity: 256M
 Heap Initial Capacity: 256M
 Heap Max Capacity: 4G
 Pre-touch: Disabled
 Parallel Workers: 18
Heap:
 PSYoungGen      total 75776K, used 32015K [0x00000007aab00000, 0x00000007b2e80000, 0x0000000800000000)
  eden space 61440K, 31% used [0x00000007aab00000,0x00000007abe06058,0x00000007ae700000)
  from space 14336K, 87% used [0x00000007ae700000,0x00000007af33dc40,0x00000007af500000)
  to   space 18944K, 0% used [0x00000007b1c00000,0x00000007b1c00000,0x00000007b2e80000)
 ParOldGen       total 175104K, used 45592K [0x0000000700000000, 0x000000070ab00000, 0x00000007aab00000)
  object space 175104K, 26% used [0x0000000700000000,0x0000000702c86200,0x000000070ab00000)
 Metaspace       used 52637K, committed 53248K, reserved 491520K
  class space    used 7199K, committed 7488K, reserved 425984K
GC Heap History (20 events):
Event: 2.428 GC heap before
{Heap before GC invocations=4 (full 0):
 PSYoungGen      total 76288K, used 40106K [0x00000007aab00000, 0x00000007b0000000, 0x0000000800000000)
  eden space 65536K, 44% used [0x00000007aab00000,0x00000007ac7ad298,0x00000007aeb00000)
  from space 10752K, 99% used [0x00000007aeb00000,0x00000007af57d7f8,0x00000007af580000)
  to   space 10752K, 0% used [0x00000007af580000,0x00000007af580000,0x00000007b0000000)
 ParOldGen       total 175104K, used 10505K [0x0000000700000000, 0x000000070ab00000, 0x00000007aab00000)
  object space 175104K, 5% used [0x0000000700000000,0x0000000700a42718,0x000000070ab00000)
 Metaspace       used 21105K, committed 21504K, reserved 491520K
  class space    used 3038K, committed 3200K, reserved 425984K
}
Event: 2.431 GC heap after
{Heap after GC invocations=4 (full 0):
 PSYoungGen      total 76288K, used 10751K [0x00000007aab00000, 0x00000007b0000000, 0x0000000800000000)
  eden space 65536K, 0% used [0x00000007aab00000,0x00000007aab00000,0x00000007aeb00000)
  from space 10752K, 99% used [0x00000007af580000,0x00000007affffda8,0x00000007b0000000)
  to   space 10752K, 0% used [0x00000007aeb00000,0x00000007aeb00000,0x00000007af580000)
 ParOldGen       total 175104K, used 12431K [0x0000000700000000, 0x000000070ab00000, 0x00000007aab00000)
  object space 175104K, 7% used [0x0000000700000000,0x0000000700c23eb8,0x000000070ab00000)
 Metaspace       used 21105K, committed 21504K, reserved 491520K
  class space    used 3038K, committed 3200K, reserved 425984K
}
Event: 2.431 GC heap before
{Heap before GC invocations=5 (full 1):
 PSYoungGen      total 76288K, used 10751K [0x00000007aab00000, 0x00000007b0000000, 0x0000000800000000)
  eden space 65536K, 0% used [0x00000007aab00000,0x00000007aab00000,0x00000007aeb00000)
  from space 10752K, 99% used [0x00000007af580000,0x00000007affffda8,0x00000007b0000000)
  to   space 10752K, 0% used [0x00000007aeb00000,0x00000007aeb00000,0x00000007af580000)
 ParOldGen       total 175104K, used 12431K [0x0000000700000000, 0x000000070ab00000, 0x00000007aab00000)
  object space 175104K, 7% used [0x0000000700000000,0x0000000700c23eb8,0x000000070ab00000)
 Metaspace       used 21105K, committed 21504K, reserved 491520K
  class space    used 3038K, committed 3200K, reserved 425984K
}
Event: 2.450 GC heap after
{Heap after GC invocations=5 (full 1):
 PSYoungGen      total 76288K, used 0K [0x00000007aab00000, 0x00000007b0000000, 0x0000000800000000)
  eden space 65536K, 0% used [0x00000007aab00000,0x00000007aab00000,0x00000007aeb00000)
  from space 10752K, 0% used [0x00000007af580000,0x00000007af580000,0x00000007b0000000)
  to   space 10752K, 0% used [0x00000007aeb00000,0x00000007aeb00000,0x00000007af580000)
 ParOldGen       total 175104K, used 22523K [0x0000000700000000, 0x000000070ab00000, 0x00000007aab00000)
  object space 175104K, 12% used [0x0000000700000000,0x00000007015feea8,0x000000070ab00000)
 Metaspace       used 21105K, committed 21504K, reserved 491520K
  class space    used 3038K, committed 3200K, reserved 425984K
}
Event: 3.118 GC heap before
{Heap before GC invocations=6 (full 1):
 PSYoungGen      total 76288K, used 65536K [0x00000007aab00000, 0x00000007b0000000, 0x0000000800000000)
  eden space 65536K, 100% used [0x00000007aab00000,0x00000007aeb00000,0x00000007aeb00000)
  from space 10752K, 0% used [0x00000007af580000,0x00000007af580000,0x00000007b0000000)
  to   space 10752K, 0% used [0x00000007aeb00000,0x00000007aeb00000,0x00000007af580000)
 ParOldGen       total 175104K, used 22523K [0x0000000700000000, 0x000000070ab00000, 0x00000007aab00000)
  object space 175104K, 12% used [0x0000000700000000,0x00000007015feea8,0x000000070ab00000)
 Metaspace       used 29942K, committed 30336K, reserved 491520K
  class space    used 4129K, committed 4288K, reserved 425984K
}
Event: 3.120 GC heap after
{Heap after GC invocations=6 (full 1):
 PSYoungGen      total 74752K, used 5848K [0x00000007aab00000, 0x00000007b0e80000, 0x0000000800000000)
  eden space 64000K, 0% used [0x00000007aab00000,0x00000007aab00000,0x00000007ae980000)
  from space 10752K, 54% used [0x00000007aeb00000,0x00000007af0b61b0,0x00000007af580000)
  to   space 18944K, 0% used [0x00000007afc00000,0x00000007afc00000,0x00000007b0e80000)
 ParOldGen       total 175104K, used 22531K [0x0000000700000000, 0x000000070ab00000, 0x00000007aab00000)
  object space 175104K, 12% used [0x0000000700000000,0x0000000701600ea8,0x000000070ab00000)
 Metaspace       used 29942K, committed 30336K, reserved 491520K
  class space    used 4129K, committed 4288K, reserved 425984K
}
Event: 5.750 GC heap before
{Heap before GC invocations=7 (full 1):
 PSYoungGen      total 74752K, used 62117K [0x00000007aab00000, 0x00000007b0e80000, 0x0000000800000000)
  eden space 64000K, 87% used [0x00000007aab00000,0x00000007ae1f3280,0x00000007ae980000)
  from space 10752K, 54% used [0x00000007aeb00000,0x00000007af0b61b0,0x00000007af580000)
  to   space 18944K, 0% used [0x00000007afc00000,0x00000007afc00000,0x00000007b0e80000)
 ParOldGen       total 175104K, used 22531K [0x0000000700000000, 0x000000070ab00000, 0x00000007aab00000)
  object space 175104K, 12% used [0x0000000700000000,0x0000000701600ea8,0x000000070ab00000)
 Metaspace       used 35407K, committed 35840K, reserved 491520K
  class space    used 4894K, committed 5056K, reserved 425984K
}
Event: 5.757 GC heap after
{Heap after GC invocations=7 (full 1):
 PSYoungGen      total 82944K, used 8244K [0x00000007aab00000, 0x00000007b0e80000, 0x0000000800000000)
  eden space 64000K, 0% used [0x00000007aab00000,0x00000007aab00000,0x00000007ae980000)
  from space 18944K, 43% used [0x00000007afc00000,0x00000007b040d088,0x00000007b0e80000)
  to   space 18944K, 0% used [0x00000007ae980000,0x00000007ae980000,0x00000007afc00000)
 ParOldGen       total 175104K, used 22539K [0x0000000700000000, 0x000000070ab00000, 0x00000007aab00000)
  object space 175104K, 12% used [0x0000000700000000,0x0000000701602ea8,0x000000070ab00000)
 Metaspace       used 35407K, committed 35840K, reserved 491520K
  class space    used 4894K, committed 5056K, reserved 425984K
}
Event: 5.757 GC heap before
{Heap before GC invocations=8 (full 2):
 PSYoungGen      total 82944K, used 8244K [0x00000007aab00000, 0x00000007b0e80000, 0x0000000800000000)
  eden space 64000K, 0% used [0x00000007aab00000,0x00000007aab00000,0x00000007ae980000)
  from space 18944K, 43% used [0x00000007afc00000,0x00000007b040d088,0x00000007b0e80000)
  to   space 18944K, 0% used [0x00000007ae980000,0x00000007ae980000,0x00000007afc00000)
 ParOldGen       total 175104K, used 22539K [0x0000000700000000, 0x000000070ab00000, 0x00000007aab00000)
  object space 175104K, 12% used [0x0000000700000000,0x0000000701602ea8,0x000000070ab00000)
 Metaspace       used 35407K, committed 35840K, reserved 491520K
  class space    used 4894K, committed 5056K, reserved 425984K
}
Event: 5.782 GC heap after
{Heap after GC invocations=8 (full 2):
 PSYoungGen      total 82944K, used 0K [0x00000007aab00000, 0x00000007b0e80000, 0x0000000800000000)
  eden space 64000K, 0% used [0x00000007aab00000,0x00000007aab00000,0x00000007ae980000)
  from space 18944K, 0% used [0x00000007afc00000,0x00000007afc00000,0x00000007b0e80000)
  to   space 18944K, 0% used [0x00000007ae980000,0x00000007ae980000,0x00000007afc00000)
 ParOldGen       total 175104K, used 30089K [0x0000000700000000, 0x000000070ab00000, 0x00000007aab00000)
  object space 175104K, 17% used [0x0000000700000000,0x0000000701d62578,0x000000070ab00000)
 Metaspace       used 35407K, committed 35840K, reserved 491520K
  class space    used 4894K, committed 5056K, reserved 425984K
}
Event: 6.330 GC heap before
{Heap before GC invocations=9 (full 2):
 PSYoungGen      total 82944K, used 64000K [0x00000007aab00000, 0x00000007b0e80000, 0x0000000800000000)
  eden space 64000K, 100% used [0x00000007aab00000,0x00000007ae980000,0x00000007ae980000)
  from space 18944K, 0% used [0x00000007afc00000,0x00000007afc00000,0x00000007b0e80000)
  to   space 18944K, 0% used [0x00000007ae980000,0x00000007ae980000,0x00000007afc00000)
 ParOldGen       total 175104K, used 30089K [0x0000000700000000, 0x000000070ab00000, 0x00000007aab00000)
  object space 175104K, 17% used [0x0000000700000000,0x0000000701d62578,0x000000070ab00000)
 Metaspace       used 41583K, committed 42048K, reserved 491520K
  class space    used 5751K, committed 5952K, reserved 425984K
}
Event: 6.332 GC heap after
{Heap after GC invocations=9 (full 2):
 PSYoungGen      total 67072K, used 4485K [0x00000007aab00000, 0x00000007b0e00000, 0x0000000800000000)
  eden space 62464K, 0% used [0x00000007aab00000,0x00000007aab00000,0x00000007ae800000)
  from space 4608K, 97% used [0x00000007ae980000,0x00000007aede1460,0x00000007aee00000)
  to   space 19456K, 0% used [0x00000007afb00000,0x00000007afb00000,0x00000007b0e00000)
 ParOldGen       total 175104K, used 30097K [0x0000000700000000, 0x000000070ab00000, 0x00000007aab00000)
  object space 175104K, 17% used [0x0000000700000000,0x0000000701d64578,0x000000070ab00000)
 Metaspace       used 41583K, committed 42048K, reserved 491520K
  class space    used 5751K, committed 5952K, reserved 425984K
}
Event: 6.996 GC heap before
{Heap before GC invocations=10 (full 2):
 PSYoungGen      total 67072K, used 66949K [0x00000007aab00000, 0x00000007b0e00000, 0x0000000800000000)
  eden space 62464K, 100% used [0x00000007aab00000,0x00000007ae800000,0x00000007ae800000)
  from space 4608K, 97% used [0x00000007ae980000,0x00000007aede1460,0x00000007aee00000)
  to   space 19456K, 0% used [0x00000007afb00000,0x00000007afb00000,0x00000007b0e00000)
 ParOldGen       total 175104K, used 30097K [0x0000000700000000, 0x000000070ab00000, 0x00000007aab00000)
  object space 175104K, 17% used [0x0000000700000000,0x0000000701d64578,0x000000070ab00000)
 Metaspace       used 47589K, committed 48128K, reserved 491520K
  class space    used 6540K, committed 6784K, reserved 425984K
}
Event: 7.000 GC heap after
{Heap after GC invocations=10 (full 2):
 PSYoungGen      total 78848K, used 8628K [0x00000007aab00000, 0x00000007b0c00000, 0x0000000800000000)
  eden space 61440K, 0% used [0x00000007aab00000,0x00000007aab00000,0x00000007ae700000)
  from space 17408K, 49% used [0x00000007afb00000,0x00000007b036d3a0,0x00000007b0c00000)
  to   space 18944K, 0% used [0x00000007ae700000,0x00000007ae700000,0x00000007af980000)
 ParOldGen       total 175104K, used 30105K [0x0000000700000000, 0x000000070ab00000, 0x00000007aab00000)
  object space 175104K, 17% used [0x0000000700000000,0x0000000701d66578,0x000000070ab00000)
 Metaspace       used 47589K, committed 48128K, reserved 491520K
  class space    used 6540K, committed 6784K, reserved 425984K
}
Event: 7.513 GC heap before
{Heap before GC invocations=11 (full 2):
 PSYoungGen      total 78848K, used 70068K [0x00000007aab00000, 0x00000007b0c00000, 0x0000000800000000)
  eden space 61440K, 100% used [0x00000007aab00000,0x00000007ae700000,0x00000007ae700000)
  from space 17408K, 49% used [0x00000007afb00000,0x00000007b036d3a0,0x00000007b0c00000)
  to   space 18944K, 0% used [0x00000007ae700000,0x00000007ae700000,0x00000007af980000)
 ParOldGen       total 175104K, used 30105K [0x0000000700000000, 0x000000070ab00000, 0x00000007aab00000)
  object space 175104K, 17% used [0x0000000700000000,0x0000000701d66578,0x000000070ab00000)
 Metaspace       used 51086K, committed 51648K, reserved 491520K
  class space    used 7060K, committed 7296K, reserved 425984K
}
Event: 7.518 GC heap after
{Heap after GC invocations=11 (full 2):
 PSYoungGen      total 74752K, used 14164K [0x00000007aab00000, 0x00000007b0c00000, 0x0000000800000000)
  eden space 60416K, 0% used [0x00000007aab00000,0x00000007aab00000,0x00000007ae600000)
  from space 14336K, 98% used [0x00000007ae700000,0x00000007af4d53c0,0x00000007af500000)
  to   space 19456K, 0% used [0x00000007af900000,0x00000007af900000,0x00000007b0c00000)
 ParOldGen       total 175104K, used 30113K [0x0000000700000000, 0x000000070ab00000, 0x00000007aab00000)
  object space 175104K, 17% used [0x0000000700000000,0x0000000701d68578,0x000000070ab00000)
 Metaspace       used 51086K, committed 51648K, reserved 491520K
  class space    used 7060K, committed 7296K, reserved 425984K
}
Event: 7.634 GC heap before
{Heap before GC invocations=12 (full 2):
 PSYoungGen      total 74752K, used 74580K [0x00000007aab00000, 0x00000007b0c00000, 0x0000000800000000)
  eden space 60416K, 99% used [0x00000007aab00000,0x00000007ae5ffff0,0x00000007ae600000)
  from space 14336K, 98% used [0x00000007ae700000,0x00000007af4d53c0,0x00000007af500000)
  to   space 19456K, 0% used [0x00000007af900000,0x00000007af900000,0x00000007b0c00000)
 ParOldGen       total 175104K, used 30113K [0x0000000700000000, 0x000000070ab00000, 0x00000007aab00000)
  object space 175104K, 17% used [0x0000000700000000,0x0000000701d68578,0x000000070ab00000)
 Metaspace       used 51579K, committed 52160K, reserved 491520K
  class space    used 7084K, committed 7360K, reserved 425984K
}
Event: 9.640 GC heap after
{Heap after GC invocations=12 (full 2):
 PSYoungGen      total 79872K, used 7664K [0x00000007aab00000, 0x00000007b0c00000, 0x0000000800000000)
  eden space 60416K, 0% used [0x00000007aab00000,0x00000007aab00000,0x00000007ae600000)
  from space 19456K, 39% used [0x00000007af900000,0x00000007b007c030,0x00000007b0c00000)
  to   space 14336K, 0% used [0x00000007ae700000,0x00000007ae700000,0x00000007af500000)
 ParOldGen       total 175104K, used 38468K [0x0000000700000000, 0x000000070ab00000, 0x00000007aab00000)
  object space 175104K, 21% used [0x0000000700000000,0x0000000702591180,0x000000070ab00000)
 Metaspace       used 51579K, committed 52160K, reserved 491520K
  class space    used 7084K, committed 7360K, reserved 425984K
}
Event: 10.906 GC heap before
{Heap before GC invocations=13 (full 2):
 PSYoungGen      total 79872K, used 68080K [0x00000007aab00000, 0x00000007b0c00000, 0x0000000800000000)
  eden space 60416K, 100% used [0x00000007aab00000,0x00000007ae600000,0x00000007ae600000)
  from space 19456K, 39% used [0x00000007af900000,0x00000007b007c030,0x00000007b0c00000)
  to   space 14336K, 0% used [0x00000007ae700000,0x00000007ae700000,0x00000007af500000)
 ParOldGen       total 175104K, used 38468K [0x0000000700000000, 0x000000070ab00000, 0x00000007aab00000)
  object space 175104K, 21% used [0x0000000700000000,0x0000000702591180,0x000000070ab00000)
 Metaspace       used 51750K, committed 52352K, reserved 491520K
  class space    used 7106K, committed 7360K, reserved 425984K
}
Event: 10.912 GC heap after
{Heap after GC invocations=13 (full 2):
 PSYoungGen      total 75776K, used 12535K [0x00000007aab00000, 0x00000007b2e80000, 0x0000000800000000)
  eden space 61440K, 0% used [0x00000007aab00000,0x00000007aab00000,0x00000007ae700000)
  from space 14336K, 87% used [0x00000007ae700000,0x00000007af33dc40,0x00000007af500000)
  to   space 18944K, 0% used [0x00000007b1c00000,0x00000007b1c00000,0x00000007b2e80000)
 ParOldGen       total 175104K, used 45592K [0x0000000700000000, 0x000000070ab00000, 0x00000007aab00000)
  object space 175104K, 26% used [0x0000000700000000,0x0000000702c86200,0x000000070ab00000)
 Metaspace       used 51750K, committed 52352K, reserved 491520K
  class space    used 7106K, committed 7360K, reserved 425984K
}

