# JRE version: OpenJDK Runtime Environment Temurin-17.0.19+10 (17.0.19+10) (build 17.0.19+10)
# Java VM: OpenJDK 64-Bit Server VM Temurin-17.0.19+10 (17.0.19+10, mixed mode, sharing, tiered, compressed oops, compressed class ptrs, parallel gc, windows-amd64)
GC Precious Log:
 CPUs: 24 total, 24 available
 Memory: 14029M
 Large Page Support: Disabled
 NUMA Support: Disabled
 Compressed Oops: Enabled (Zero based)
 Alignments: Space 512K, Generation 512K, Heap 2M
 Heap Min Capacity: 256M
 Heap Initial Capacity: 256M
 Heap Max Capacity: 4G
 Pre-touch: Disabled
 Parallel Workers: 18
Heap:
 PSYoungGen      total 495104K, used 243833K [0x00000007aab00000, 0x00000007e5e80000, 0x0000000800000000)
  eden space 315904K, 52% used [0x00000007aab00000,0x00000007b4c13f60,0x00000007bdf80000)
  from space 179200K, 44% used [0x00000007cf180000,0x00000007d3e8b2d0,0x00000007da080000)
  to   space 280576K, 0% used [0x00000007bdf80000,0x00000007bdf80000,0x00000007cf180000)
 ParOldGen       total 2796544K, used 873244K [0x0000000700000000, 0x00000007aab00000, 0x00000007aab00000)
  object space 2796544K, 31% used [0x0000000700000000,0x00000007354c7290,0x00000007aab00000)
 Metaspace       used 353803K, committed 355648K, reserved 753664K
  class space    used 42551K, committed 43456K, reserved 425984K
GC Heap History (20 events):
Event: 597.691 GC heap before
{Heap before GC invocations=126 (full 74):
 PSYoungGen      total 557056K, used 377856K [0x00000007aab00000, 0x00000007daf00000, 0x0000000800000000)
  eden space 377856K, 100% used [0x00000007aab00000,0x00000007c1c00000,0x00000007c1c00000)
  from space 179200K, 0% used [0x00000007cf180000,0x00000007cf180000,0x00000007da080000)
  to   space 191488K, 0% used [0x00000007c1c00000,0x00000007c1c00000,0x00000007cd700000)
 ParOldGen       total 489984K, used 489846K [0x0000000700000000, 0x000000071de80000, 0x00000007aab00000)
  object space 489984K, 99% used [0x0000000700000000,0x000000071de5da10,0x000000071de80000)
 Metaspace       used 353780K, committed 355648K, reserved 753664K
  class space    used 42550K, committed 43456K, reserved 425984K
}
Event: 602.027 GC heap after
{Heap after GC invocations=126 (full 74):
 PSYoungGen      total 569344K, used 377416K [0x00000007aab00000, 0x00000007daf80000, 0x0000000800000000)
  eden space 377856K, 99% used [0x00000007aab00000,0x00000007c1b92360,0x00000007c1c00000)
  from space 191488K, 0% used [0x00000007c1c00000,0x00000007c1c00000,0x00000007cd700000)
  to   space 179200K, 0% used [0x00000007cf180000,0x00000007cf180000,0x00000007da080000)
 ParOldGen       total 489984K, used 489846K [0x0000000700000000, 0x000000071de80000, 0x00000007aab00000)
  object space 489984K, 99% used [0x0000000700000000,0x000000071de5da10,0x000000071de80000)
 Metaspace       used 353780K, committed 355648K, reserved 753664K
  class space    used 42550K, committed 43456K, reserved 425984K
}
Event: 602.031 GC heap before
{Heap before GC invocations=127 (full 75):
 PSYoungGen      total 569344K, used 377855K [0x00000007aab00000, 0x00000007daf80000, 0x0000000800000000)
  eden space 377856K, 99% used [0x00000007aab00000,0x00000007c1bffff0,0x00000007c1c00000)
  from space 191488K, 0% used [0x00000007c1c00000,0x00000007c1c00000,0x00000007cd700000)
  to   space 179200K, 0% used [0x00000007cf180000,0x00000007cf180000,0x00000007da080000)
 ParOldGen       total 489984K, used 489846K [0x0000000700000000, 0x000000071de80000, 0x00000007aab00000)
  object space 489984K, 99% used [0x0000000700000000,0x000000071de5da10,0x000000071de80000)
 Metaspace       used 353780K, committed 355648K, reserved 753664K
  class space    used 42550K, committed 43456K, reserved 425984K
}
Event: 606.335 GC heap after
{Heap after GC invocations=127 (full 75):
 PSYoungGen      total 557056K, used 377439K [0x00000007aab00000, 0x00000007db080000, 0x0000000800000000)
  eden space 377856K, 99% used [0x00000007aab00000,0x00000007c1b97c08,0x00000007c1c00000)
  from space 179200K, 0% used [0x00000007cf180000,0x00000007cf180000,0x00000007da080000)
  to   space 191488K, 0% used [0x00000007c1c00000,0x00000007c1c00000,0x00000007cd700000)
 ParOldGen       total 489984K, used 489846K [0x0000000700000000, 0x000000071de80000, 0x00000007aab00000)
  object space 489984K, 99% used [0x0000000700000000,0x000000071de5da10,0x000000071de80000)
 Metaspace       used 353780K, committed 355648K, reserved 753664K
  class space    used 42550K, committed 43456K, reserved 425984K
}
Event: 606.341 GC heap before
{Heap before GC invocations=128 (full 76):
 PSYoungGen      total 557056K, used 377856K [0x00000007aab00000, 0x00000007db080000, 0x0000000800000000)
  eden space 377856K, 100% used [0x00000007aab00000,0x00000007c1c00000,0x00000007c1c00000)
  from space 179200K, 0% used [0x00000007cf180000,0x00000007cf180000,0x00000007da080000)
  to   space 191488K, 0% used [0x00000007c1c00000,0x00000007c1c00000,0x00000007cd700000)
 ParOldGen       total 489984K, used 489846K [0x0000000700000000, 0x000000071de80000, 0x00000007aab00000)
  object space 489984K, 99% used [0x0000000700000000,0x000000071de5da10,0x000000071de80000)
 Metaspace       used 353780K, committed 355648K, reserved 753664K
  class space    used 42550K, committed 43456K, reserved 425984K
}
Event: 610.656 GC heap after
{Heap after GC invocations=128 (full 76):
 PSYoungGen      total 569344K, used 377494K [0x00000007aab00000, 0x00000007db100000, 0x0000000800000000)
  eden space 377856K, 99% used [0x00000007aab00000,0x00000007c1ba5b30,0x00000007c1c00000)
  from space 191488K, 0% used [0x00000007c1c00000,0x00000007c1c00000,0x00000007cd700000)
  to   space 179200K, 0% used [0x00000007cf180000,0x00000007cf180000,0x00000007da080000)
 ParOldGen       total 489984K, used 489846K [0x0000000700000000, 0x000000071de80000, 0x00000007aab00000)
  object space 489984K, 99% used [0x0000000700000000,0x000000071de5da10,0x000000071de80000)
 Metaspace       used 353780K, committed 355648K, reserved 753664K
  class space    used 42550K, committed 43456K, reserved 425984K
}
Event: 610.659 GC heap before
{Heap before GC invocations=129 (full 77):
 PSYoungGen      total 569344K, used 377856K [0x00000007aab00000, 0x00000007db100000, 0x0000000800000000)
  eden space 377856K, 100% used [0x00000007aab00000,0x00000007c1c00000,0x00000007c1c00000)
  from space 191488K, 0% used [0x00000007c1c00000,0x00000007c1c00000,0x00000007cd700000)
  to   space 179200K, 0% used [0x00000007cf180000,0x00000007cf180000,0x00000007da080000)
 ParOldGen       total 489984K, used 489846K [0x0000000700000000, 0x000000071de80000, 0x00000007aab00000)
  object space 489984K, 99% used [0x0000000700000000,0x000000071de5da10,0x000000071de80000)
 Metaspace       used 353780K, committed 355648K, reserved 753664K
  class space    used 42550K, committed 43456K, reserved 425984K
}
Event: 614.955 GC heap after
{Heap after GC invocations=129 (full 77):
 PSYoungGen      total 557056K, used 377576K [0x00000007aab00000, 0x00000007db200000, 0x0000000800000000)
  eden space 377856K, 99% used [0x00000007aab00000,0x00000007c1bba118,0x00000007c1c00000)
  from space 179200K, 0% used [0x00000007cf180000,0x00000007cf180000,0x00000007da080000)
  to   space 191488K, 0% used [0x00000007c1c00000,0x00000007c1c00000,0x00000007cd700000)
 ParOldGen       total 489984K, used 489846K [0x0000000700000000, 0x000000071de80000, 0x00000007aab00000)
  object space 489984K, 99% used [0x0000000700000000,0x000000071de5da10,0x000000071de80000)
 Metaspace       used 353780K, committed 355648K, reserved 753664K
  class space    used 42550K, committed 43456K, reserved 425984K
}
Event: 614.957 GC heap before
{Heap before GC invocations=130 (full 78):
 PSYoungGen      total 557056K, used 377855K [0x00000007aab00000, 0x00000007db200000, 0x0000000800000000)
  eden space 377856K, 99% used [0x00000007aab00000,0x00000007c1bfffd0,0x00000007c1c00000)
  from space 179200K, 0% used [0x00000007cf180000,0x00000007cf180000,0x00000007da080000)
  to   space 191488K, 0% used [0x00000007c1c00000,0x00000007c1c00000,0x00000007cd700000)
 ParOldGen       total 489984K, used 489846K [0x0000000700000000, 0x000000071de80000, 0x00000007aab00000)
  object space 489984K, 99% used [0x0000000700000000,0x000000071de5da10,0x000000071de80000)
 Metaspace       used 353780K, committed 355648K, reserved 753664K
  class space    used 42550K, committed 43456K, reserved 425984K
}
Event: 619.235 GC heap after
{Heap after GC invocations=130 (full 78):
 PSYoungGen      total 569344K, used 377598K [0x00000007aab00000, 0x00000007db280000, 0x0000000800000000)
  eden space 377856K, 99% used [0x00000007aab00000,0x00000007c1bbf9d0,0x00000007c1c00000)
  from space 191488K, 0% used [0x00000007c1c00000,0x00000007c1c00000,0x00000007cd700000)
  to   space 179200K, 0% used [0x00000007cf180000,0x00000007cf180000,0x00000007da080000)
 ParOldGen       total 489984K, used 489846K [0x0000000700000000, 0x000000071de80000, 0x00000007aab00000)
  object space 489984K, 99% used [0x0000000700000000,0x000000071de5da10,0x000000071de80000)
 Metaspace       used 353780K, committed 355648K, reserved 753664K
  class space    used 42550K, committed 43456K, reserved 425984K
}
Event: 619.236 GC heap before
{Heap before GC invocations=131 (full 79):
 PSYoungGen      total 569344K, used 377856K [0x00000007aab00000, 0x00000007db280000, 0x0000000800000000)
  eden space 377856K, 100% used [0x00000007aab00000,0x00000007c1c00000,0x00000007c1c00000)
  from space 191488K, 0% used [0x00000007c1c00000,0x00000007c1c00000,0x00000007cd700000)
  to   space 179200K, 0% used [0x00000007cf180000,0x00000007cf180000,0x00000007da080000)
 ParOldGen       total 489984K, used 489846K [0x0000000700000000, 0x000000071de80000, 0x00000007aab00000)
  object space 489984K, 99% used [0x0000000700000000,0x000000071de5da10,0x000000071de80000)
 Metaspace       used 353780K, committed 355648K, reserved 753664K
  class space    used 42550K, committed 43456K, reserved 425984K
}
Event: 623.582 GC heap after
{Heap after GC invocations=131 (full 79):
 PSYoungGen      total 557056K, used 377652K [0x00000007aab00000, 0x00000007db280000, 0x0000000800000000)
  eden space 377856K, 99% used [0x00000007aab00000,0x00000007c1bcd0a0,0x00000007c1c00000)
  from space 179200K, 0% used [0x00000007cf180000,0x00000007cf180000,0x00000007da080000)
  to   space 191488K, 0% used [0x00000007c1c00000,0x00000007c1c00000,0x00000007cd700000)
 ParOldGen       total 489984K, used 489844K [0x0000000700000000, 0x000000071de80000, 0x00000007aab00000)
  object space 489984K, 99% used [0x0000000700000000,0x000000071de5d300,0x000000071de80000)
 Metaspace       used 353780K, committed 355648K, reserved 753664K
  class space    used 42550K, committed 43456K, reserved 425984K
}
Event: 623.585 GC heap before
{Heap before GC invocations=132 (full 80):
 PSYoungGen      total 557056K, used 377856K [0x00000007aab00000, 0x00000007db280000, 0x0000000800000000)
  eden space 377856K, 100% used [0x00000007aab00000,0x00000007c1c00000,0x00000007c1c00000)
  from space 179200K, 0% used [0x00000007cf180000,0x00000007cf180000,0x00000007da080000)
  to   space 191488K, 0% used [0x00000007c1c00000,0x00000007c1c00000,0x00000007cd700000)
 ParOldGen       total 489984K, used 489844K [0x0000000700000000, 0x000000071de80000, 0x00000007aab00000)
  object space 489984K, 99% used [0x0000000700000000,0x000000071de5d300,0x000000071de80000)
 Metaspace       used 353780K, committed 355648K, reserved 753664K
  class space    used 42550K, committed 43456K, reserved 425984K
}
Event: 627.876 GC heap after
{Heap after GC invocations=132 (full 80):
 PSYoungGen      total 569344K, used 377679K [0x00000007aab00000, 0x00000007db300000, 0x0000000800000000)
  eden space 377856K, 99% used [0x00000007aab00000,0x00000007c1bd3fd8,0x00000007c1c00000)
  from space 191488K, 0% used [0x00000007c1c00000,0x00000007c1c00000,0x00000007cd700000)
  to   space 179200K, 0% used [0x00000007cf180000,0x00000007cf180000,0x00000007da080000)
 ParOldGen       total 489984K, used 489844K [0x0000000700000000, 0x000000071de80000, 0x00000007aab00000)
  object space 489984K, 99% used [0x0000000700000000,0x000000071de5d300,0x000000071de80000)
 Metaspace       used 353780K, committed 355648K, reserved 753664K
  class space    used 42550K, committed 43456K, reserved 425984K
}
Event: 627.881 GC heap before
{Heap before GC invocations=133 (full 81):
 PSYoungGen      total 569344K, used 377856K [0x00000007aab00000, 0x00000007db300000, 0x0000000800000000)
  eden space 377856K, 100% used [0x00000007aab00000,0x00000007c1c00000,0x00000007c1c00000)
  from space 191488K, 0% used [0x00000007c1c00000,0x00000007c1c00000,0x00000007cd700000)
  to   space 179200K, 0% used [0x00000007cf180000,0x00000007cf180000,0x00000007da080000)
 ParOldGen       total 489984K, used 489844K [0x0000000700000000, 0x000000071de80000, 0x00000007aab00000)
  object space 489984K, 99% used [0x0000000700000000,0x000000071de5d300,0x000000071de80000)
 Metaspace       used 353780K, committed 355648K, reserved 753664K
  class space    used 42550K, committed 43456K, reserved 425984K
}
Event: 629.312 GC heap after
{Heap after GC invocations=133 (full 81):
 PSYoungGen      total 557056K, used 377674K [0x00000007aab00000, 0x00000007db380000, 0x0000000800000000)
  eden space 377856K, 99% used [0x00000007aab00000,0x00000007c1bd2838,0x00000007c1c00000)
  from space 179200K, 0% used [0x00000007cf180000,0x00000007cf180000,0x00000007da080000)
  to   space 191488K, 0% used [0x00000007c1c00000,0x00000007c1c00000,0x00000007cd700000)
 ParOldGen       total 2796544K, used 489844K [0x0000000700000000, 0x00000007aab00000, 0x00000007aab00000)
  object space 2796544K, 17% used [0x0000000700000000,0x000000071de5d2e0,0x00000007aab00000)
 Metaspace       used 353780K, committed 355648K, reserved 753664K
  class space    used 42550K, committed 43456K, reserved 425984K
}
Event: 629.316 GC heap before
{Heap before GC invocations=134 (full 81):
 PSYoungGen      total 557056K, used 377856K [0x00000007aab00000, 0x00000007db380000, 0x0000000800000000)
  eden space 377856K, 100% used [0x00000007aab00000,0x00000007c1c00000,0x00000007c1c00000)
  from space 179200K, 0% used [0x00000007cf180000,0x00000007cf180000,0x00000007da080000)
  to   space 191488K, 0% used [0x00000007c1c00000,0x00000007c1c00000,0x00000007cd700000)
 ParOldGen       total 2796544K, used 489844K [0x0000000700000000, 0x00000007aab00000, 0x00000007aab00000)
  object space 2796544K, 17% used [0x0000000700000000,0x000000071de5d2e0,0x00000007aab00000)
 Metaspace       used 353780K, committed 355648K, reserved 753664K
  class space    used 42550K, committed 43456K, reserved 425984K
}
Event: 630.625 GC heap after
{Heap after GC invocations=134 (full 81):
 PSYoungGen      total 569344K, used 191477K [0x00000007aab00000, 0x00000007db380000, 0x0000000800000000)
  eden space 377856K, 0% used [0x00000007aab00000,0x00000007aab00000,0x00000007c1c00000)
  from space 191488K, 99% used [0x00000007c1c00000,0x00000007cd6fd450,0x00000007cd700000)
  to   space 179200K, 0% used [0x00000007cf180000,0x00000007cf180000,0x00000007da080000)
 ParOldGen       total 2796544K, used 683621K [0x0000000700000000, 0x00000007aab00000, 0x00000007aab00000)
  object space 2796544K, 24% used [0x0000000700000000,0x0000000729b997f8,0x00000007aab00000)
 Metaspace       used 353780K, committed 355648K, reserved 753664K
  class space    used 42550K, committed 43456K, reserved 425984K
}
Event: 631.103 GC heap before
{Heap before GC invocations=135 (full 81):
 PSYoungGen      total 569344K, used 569333K [0x00000007aab00000, 0x00000007db380000, 0x0000000800000000)
  eden space 377856K, 99% used [0x00000007aab00000,0x00000007c1bffff8,0x00000007c1c00000)
  from space 191488K, 99% used [0x00000007c1c00000,0x00000007cd6fd450,0x00000007cd700000)
  to   space 179200K, 0% used [0x00000007cf180000,0x00000007cf180000,0x00000007da080000)
 ParOldGen       total 2796544K, used 683621K [0x0000000700000000, 0x00000007aab00000, 0x00000007aab00000)
  object space 2796544K, 24% used [0x0000000700000000,0x0000000729b997f8,0x00000007aab00000)
 Metaspace       used 353785K, committed 355648K, reserved 753664K
  class space    used 42550K, committed 43456K, reserved 425984K
}
Event: 631.206 GC heap after
{Heap after GC invocations=135 (full 81):
 PSYoungGen      total 495104K, used 78892K [0x00000007aab00000, 0x00000007e5e80000, 0x0000000800000000)
  eden space 315904K, 0% used [0x00000007aab00000,0x00000007aab00000,0x00000007bdf80000)
  from space 179200K, 44% used [0x00000007cf180000,0x00000007d3e8b2d0,0x00000007da080000)
  to   space 280576K, 0% used [0x00000007bdf80000,0x00000007bdf80000,0x00000007cf180000)
 ParOldGen       total 2796544K, used 873244K [0x0000000700000000, 0x00000007aab00000, 0x00000007aab00000)
  object space 2796544K, 31% used [0x0000000700000000,0x00000007354c7290,0x00000007aab00000)
 Metaspace       used 353785K, committed 355648K, reserved 753664K
  class space    used 42550K, committed 43456K, reserved 425984K
}

