# JRE version: OpenJDK Runtime Environment Temurin-17.0.19+10 (17.0.19+10) (build 17.0.19+10)
# Java VM: OpenJDK 64-Bit Server VM Temurin-17.0.19+10 (17.0.19+10, mixed mode, sharing, tiered, compressed oops, compressed class ptrs, parallel gc, windows-amd64)
GC Precious Log:
 CPUs: 24 total, 24 available
 Memory: 14029M
 Large Page Support: Disabled
 NUMA Support: Disabled
 Compressed Oops: Enabled (Zero based)
 Alignments: Space 512K, Generation 512K, Heap 2M
 Heap Min Capacity: 256M
 Heap Initial Capacity: 256M
 Heap Max Capacity: 4G
 Pre-touch: Disabled
 Parallel Workers: 18
Heap:
 PSYoungGen      total 185856K, used 74668K [0x00000007aab00000, 0x00000007bad80000, 0x0000000800000000)
  eden space 169472K, 34% used [0x00000007aab00000,0x00000007ae3f22c8,0x00000007b5080000)
  from space 16384K, 99% used [0x00000007b5080000,0x00000007b6078e90,0x00000007b6080000)
  to   space 22016K, 0% used [0x00000007b9800000,0x00000007b9800000,0x00000007bad80000)
 ParOldGen       total 175104K, used 157599K [0x0000000700000000, 0x000000070ab00000, 0x00000007aab00000)
  object space 175104K, 90% used [0x0000000700000000,0x00000007099e7e28,0x000000070ab00000)
 Metaspace       used 131154K, committed 132224K, reserved 557056K
  class space    used 17677K, committed 18176K, reserved 425984K
GC Heap History (20 events):
Event: 13.735 GC heap before
{Heap before GC invocations=22 (full 3):
 PSYoungGen      total 162304K, used 67769K [0x00000007aab00000, 0x00000007b6180000, 0x0000000800000000)
  eden space 147968K, 37% used [0x00000007aab00000,0x00000007ae101518,0x00000007b3b80000)
  from space 14336K, 86% used [0x00000007b5380000,0x00000007b5facf50,0x00000007b6180000)
  to   space 19456K, 0% used [0x00000007b3b80000,0x00000007b3b80000,0x00000007b4e80000)
 ParOldGen       total 175104K, used 93038K [0x0000000700000000, 0x000000070ab00000, 0x00000007aab00000)
  object space 175104K, 53% used [0x0000000700000000,0x0000000705adbb58,0x000000070ab00000)
 Metaspace       used 98760K, committed 99648K, reserved 557056K
  class space    used 13534K, committed 13952K, reserved 425984K
}
Event: 13.741 GC heap after
{Heap after GC invocations=22 (full 3):
 PSYoungGen      total 167424K, used 3577K [0x00000007aab00000, 0x00000007b6180000, 0x0000000800000000)
  eden space 147968K, 0% used [0x00000007aab00000,0x00000007aab00000,0x00000007b3b80000)
  from space 19456K, 18% used [0x00000007b3b80000,0x00000007b3efe710,0x00000007b4e80000)
  to   space 19456K, 0% used [0x00000007b4e80000,0x00000007b4e80000,0x00000007b6180000)
 ParOldGen       total 175104K, used 105298K [0x0000000700000000, 0x000000070ab00000, 0x00000007aab00000)
  object space 175104K, 60% used [0x0000000700000000,0x00000007066d4b28,0x000000070ab00000)
 Metaspace       used 98760K, committed 99648K, reserved 557056K
  class space    used 13534K, committed 13952K, reserved 425984K
}
Event: 13.741 GC heap before
{Heap before GC invocations=23 (full 4):
 PSYoungGen      total 167424K, used 3577K [0x00000007aab00000, 0x00000007b6180000, 0x0000000800000000)
  eden space 147968K, 0% used [0x00000007aab00000,0x00000007aab00000,0x00000007b3b80000)
  from space 19456K, 18% used [0x00000007b3b80000,0x00000007b3efe710,0x00000007b4e80000)
  to   space 19456K, 0% used [0x00000007b4e80000,0x00000007b4e80000,0x00000007b6180000)
 ParOldGen       total 175104K, used 105298K [0x0000000700000000, 0x000000070ab00000, 0x00000007aab00000)
  object space 175104K, 60% used [0x0000000700000000,0x00000007066d4b28,0x000000070ab00000)
 Metaspace       used 98760K, committed 99648K, reserved 557056K
  class space    used 13534K, committed 13952K, reserved 425984K
}
Event: 13.815 GC heap after
{Heap after GC invocations=23 (full 4):
 PSYoungGen      total 167424K, used 0K [0x00000007aab00000, 0x00000007b6180000, 0x0000000800000000)
  eden space 147968K, 0% used [0x00000007aab00000,0x00000007aab00000,0x00000007b3b80000)
  from space 19456K, 0% used [0x00000007b3b80000,0x00000007b3b80000,0x00000007b4e80000)
  to   space 19456K, 0% used [0x00000007b4e80000,0x00000007b4e80000,0x00000007b6180000)
 ParOldGen       total 175104K, used 105163K [0x0000000700000000, 0x000000070ab00000, 0x00000007aab00000)
  object space 175104K, 60% used [0x0000000700000000,0x00000007066b2e10,0x000000070ab00000)
 Metaspace       used 98760K, committed 99648K, reserved 557056K
  class space    used 13534K, committed 13952K, reserved 425984K
}
Event: 14.919 GC heap before
{Heap before GC invocations=24 (full 4):
 PSYoungGen      total 167424K, used 147968K [0x00000007aab00000, 0x00000007b6180000, 0x0000000800000000)
  eden space 147968K, 100% used [0x00000007aab00000,0x00000007b3b80000,0x00000007b3b80000)
  from space 19456K, 0% used [0x00000007b3b80000,0x00000007b3b80000,0x00000007b4e80000)
  to   space 19456K, 0% used [0x00000007b4e80000,0x00000007b4e80000,0x00000007b6180000)
 ParOldGen       total 175104K, used 105163K [0x0000000700000000, 0x000000070ab00000, 0x00000007aab00000)
  object space 175104K, 60% used [0x0000000700000000,0x00000007066b2e10,0x000000070ab00000)
 Metaspace       used 107899K, committed 108864K, reserved 557056K
  class space    used 14677K, committed 15104K, reserved 425984K
}
Event: 14.924 GC heap after
{Heap after GC invocations=24 (full 4):
 PSYoungGen      total 157184K, used 12072K [0x00000007aab00000, 0x00000007b5c80000, 0x0000000800000000)
  eden space 142848K, 0% used [0x00000007aab00000,0x00000007aab00000,0x00000007b3680000)
  from space 14336K, 84% used [0x00000007b4e80000,0x00000007b5a4a1a0,0x00000007b5c80000)
  to   space 19456K, 0% used [0x00000007b3680000,0x00000007b3680000,0x00000007b4980000)
 ParOldGen       total 175104K, used 105235K [0x0000000700000000, 0x000000070ab00000, 0x00000007aab00000)
  object space 175104K, 60% used [0x0000000700000000,0x00000007066c4e20,0x000000070ab00000)
 Metaspace       used 107899K, committed 108864K, reserved 557056K
  class space    used 14677K, committed 15104K, reserved 425984K
}
Event: 15.757 GC heap before
{Heap before GC invocations=25 (full 4):
 PSYoungGen      total 157184K, used 154920K [0x00000007aab00000, 0x00000007b5c80000, 0x0000000800000000)
  eden space 142848K, 100% used [0x00000007aab00000,0x00000007b3680000,0x00000007b3680000)
  from space 14336K, 84% used [0x00000007b4e80000,0x00000007b5a4a1a0,0x00000007b5c80000)
  to   space 19456K, 0% used [0x00000007b3680000,0x00000007b3680000,0x00000007b4980000)
 ParOldGen       total 175104K, used 105235K [0x0000000700000000, 0x000000070ab00000, 0x00000007aab00000)
  object space 175104K, 60% used [0x0000000700000000,0x00000007066c4e20,0x000000070ab00000)
 Metaspace       used 110314K, committed 111296K, reserved 557056K
  class space    used 15055K, committed 15488K, reserved 425984K
}
Event: 15.766 GC heap after
{Heap after GC invocations=25 (full 4):
 PSYoungGen      total 148992K, used 10336K [0x00000007aab00000, 0x00000007b5700000, 0x0000000800000000)
  eden space 138240K, 0% used [0x00000007aab00000,0x00000007aab00000,0x00000007b3200000)
  from space 10752K, 96% used [0x00000007b3680000,0x00000007b4098090,0x00000007b4100000)
  to   space 18944K, 0% used [0x00000007b4480000,0x00000007b4480000,0x00000007b5700000)
 ParOldGen       total 175104K, used 117099K [0x0000000700000000, 0x000000070ab00000, 0x00000007aab00000)
  object space 175104K, 66% used [0x0000000700000000,0x000000070725ac40,0x000000070ab00000)
 Metaspace       used 110314K, committed 111296K, reserved 557056K
  class space    used 15055K, committed 15488K, reserved 425984K
}
Event: 16.319 GC heap before
{Heap before GC invocations=26 (full 4):
 PSYoungGen      total 148992K, used 148576K [0x00000007aab00000, 0x00000007b5700000, 0x0000000800000000)
  eden space 138240K, 100% used [0x00000007aab00000,0x00000007b3200000,0x00000007b3200000)
  from space 10752K, 96% used [0x00000007b3680000,0x00000007b4098090,0x00000007b4100000)
  to   space 18944K, 0% used [0x00000007b4480000,0x00000007b4480000,0x00000007b5700000)
 ParOldGen       total 175104K, used 117099K [0x0000000700000000, 0x000000070ab00000, 0x00000007aab00000)
  object space 175104K, 66% used [0x0000000700000000,0x000000070725ac40,0x000000070ab00000)
 Metaspace       used 110790K, committed 111744K, reserved 557056K
  class space    used 15097K, committed 15552K, reserved 425984K
}
Event: 16.325 GC heap after
{Heap after GC invocations=26 (full 4):
 PSYoungGen      total 146944K, used 8512K [0x00000007aab00000, 0x00000007b5180000, 0x0000000800000000)
  eden space 133632K, 0% used [0x00000007aab00000,0x00000007aab00000,0x00000007b2d80000)
  from space 13312K, 63% used [0x00000007b4480000,0x00000007b4cd0000,0x00000007b5180000)
  to   space 18432K, 0% used [0x00000007b2d80000,0x00000007b2d80000,0x00000007b3f80000)
 ParOldGen       total 175104K, used 124887K [0x0000000700000000, 0x000000070ab00000, 0x00000007aab00000)
  object space 175104K, 71% used [0x0000000700000000,0x00000007079f5c88,0x000000070ab00000)
 Metaspace       used 110790K, committed 111744K, reserved 557056K
  class space    used 15097K, committed 15552K, reserved 425984K
}
Event: 16.796 GC heap before
{Heap before GC invocations=27 (full 4):
 PSYoungGen      total 146944K, used 142144K [0x00000007aab00000, 0x00000007b5180000, 0x0000000800000000)
  eden space 133632K, 100% used [0x00000007aab00000,0x00000007b2d80000,0x00000007b2d80000)
  from space 13312K, 63% used [0x00000007b4480000,0x00000007b4cd0000,0x00000007b5180000)
  to   space 18432K, 0% used [0x00000007b2d80000,0x00000007b2d80000,0x00000007b3f80000)
 ParOldGen       total 175104K, used 124887K [0x0000000700000000, 0x000000070ab00000, 0x00000007aab00000)
  object space 175104K, 71% used [0x0000000700000000,0x00000007079f5c88,0x000000070ab00000)
 Metaspace       used 111631K, committed 112640K, reserved 557056K
  class space    used 15185K, committed 15616K, reserved 425984K
}
Event: 16.802 GC heap after
{Heap after GC invocations=27 (full 4):
 PSYoungGen      total 137216K, used 7504K [0x00000007aab00000, 0x00000007b4c80000, 0x0000000800000000)
  eden space 129536K, 0% used [0x00000007aab00000,0x00000007aab00000,0x00000007b2980000)
  from space 7680K, 97% used [0x00000007b2d80000,0x00000007b34d4040,0x00000007b3500000)
  to   space 17920K, 0% used [0x00000007b3b00000,0x00000007b3b00000,0x00000007b4c80000)
 ParOldGen       total 175104K, used 130947K [0x0000000700000000, 0x000000070ab00000, 0x00000007aab00000)
  object space 175104K, 74% used [0x0000000700000000,0x0000000707fe0d68,0x000000070ab00000)
 Metaspace       used 111631K, committed 112640K, reserved 557056K
  class space    used 15185K, committed 15616K, reserved 425984K
}
Event: 17.427 GC heap before
{Heap before GC invocations=28 (full 4):
 PSYoungGen      total 137216K, used 137040K [0x00000007aab00000, 0x00000007b4c80000, 0x0000000800000000)
  eden space 129536K, 100% used [0x00000007aab00000,0x00000007b2980000,0x00000007b2980000)
  from space 7680K, 97% used [0x00000007b2d80000,0x00000007b34d4040,0x00000007b3500000)
  to   space 17920K, 0% used [0x00000007b3b00000,0x00000007b3b00000,0x00000007b4c80000)
 ParOldGen       total 175104K, used 130947K [0x0000000700000000, 0x000000070ab00000, 0x00000007aab00000)
  object space 175104K, 74% used [0x0000000700000000,0x0000000707fe0d68,0x000000070ab00000)
 Metaspace       used 111659K, committed 112640K, reserved 557056K
  class space    used 15185K, committed 15616K, reserved 425984K
}
Event: 17.438 GC heap after
{Heap after GC invocations=28 (full 4):
 PSYoungGen      total 147968K, used 10353K [0x00000007aab00000, 0x00000007b7e80000, 0x0000000800000000)
  eden space 130048K, 0% used [0x00000007aab00000,0x00000007aab00000,0x00000007b2a00000)
  from space 17920K, 57% used [0x00000007b3b00000,0x00000007b451c550,0x00000007b4c80000)
  to   space 17408K, 0% used [0x00000007b2a00000,0x00000007b2a00000,0x00000007b3b00000)
 ParOldGen       total 175104K, used 136067K [0x0000000700000000, 0x000000070ab00000, 0x00000007aab00000)
  object space 175104K, 77% used [0x0000000700000000,0x00000007084e0dd8,0x000000070ab00000)
 Metaspace       used 111659K, committed 112640K, reserved 557056K
  class space    used 15185K, committed 15616K, reserved 425984K
}
Event: 17.689 GC heap before
{Heap before GC invocations=29 (full 4):
 PSYoungGen      total 147968K, used 140401K [0x00000007aab00000, 0x00000007b7e80000, 0x0000000800000000)
  eden space 130048K, 100% used [0x00000007aab00000,0x00000007b2a00000,0x00000007b2a00000)
  from space 17920K, 57% used [0x00000007b3b00000,0x00000007b451c550,0x00000007b4c80000)
  to   space 17408K, 0% used [0x00000007b2a00000,0x00000007b2a00000,0x00000007b3b00000)
 ParOldGen       total 175104K, used 136067K [0x0000000700000000, 0x000000070ab00000, 0x00000007aab00000)
  object space 175104K, 77% used [0x0000000700000000,0x00000007084e0dd8,0x000000070ab00000)
 Metaspace       used 111729K, committed 112704K, reserved 557056K
  class space    used 15189K, committed 15616K, reserved 425984K
}
Event: 17.695 GC heap after
{Heap after GC invocations=29 (full 4):
 PSYoungGen      total 147456K, used 6817K [0x00000007aab00000, 0x00000007b7180000, 0x0000000800000000)
  eden space 130048K, 0% used [0x00000007aab00000,0x00000007aab00000,0x00000007b2a00000)
  from space 17408K, 39% used [0x00000007b2a00000,0x00000007b30a85d0,0x00000007b3b00000)
  to   space 16896K, 0% used [0x00000007b6100000,0x00000007b6100000,0x00000007b7180000)
 ParOldGen       total 175104K, used 143898K [0x0000000700000000, 0x000000070ab00000, 0x00000007aab00000)
  object space 175104K, 82% used [0x0000000700000000,0x0000000708c86a38,0x000000070ab00000)
 Metaspace       used 111729K, committed 112704K, reserved 557056K
  class space    used 15189K, committed 15616K, reserved 425984K
}
Event: 18.013 GC heap before
{Heap before GC invocations=30 (full 4):
 PSYoungGen      total 147456K, used 136865K [0x00000007aab00000, 0x00000007b7180000, 0x0000000800000000)
  eden space 130048K, 100% used [0x00000007aab00000,0x00000007b2a00000,0x00000007b2a00000)
  from space 17408K, 39% used [0x00000007b2a00000,0x00000007b30a85d0,0x00000007b3b00000)
  to   space 16896K, 0% used [0x00000007b6100000,0x00000007b6100000,0x00000007b7180000)
 ParOldGen       total 175104K, used 143898K [0x0000000700000000, 0x000000070ab00000, 0x00000007aab00000)
  object space 175104K, 82% used [0x0000000700000000,0x0000000708c86a38,0x000000070ab00000)
 Metaspace       used 111837K, committed 112768K, reserved 557056K
  class space    used 15200K, committed 15616K, reserved 425984K
}
Event: 18.017 GC heap after
{Heap after GC invocations=30 (full 4):
 PSYoungGen      total 185344K, used 8320K [0x00000007aab00000, 0x00000007b7080000, 0x0000000800000000)
  eden space 169472K, 0% used [0x00000007aab00000,0x00000007aab00000,0x00000007b5080000)
  from space 15872K, 52% used [0x00000007b6100000,0x00000007b69200b0,0x00000007b7080000)
  to   space 16384K, 0% used [0x00000007b5080000,0x00000007b5080000,0x00000007b6080000)
 ParOldGen       total 175104K, used 148212K [0x0000000700000000, 0x000000070ab00000, 0x00000007aab00000)
  object space 175104K, 84% used [0x0000000700000000,0x00000007090bd018,0x000000070ab00000)
 Metaspace       used 111837K, committed 112768K, reserved 557056K
  class space    used 15200K, committed 15616K, reserved 425984K
}
Event: 19.397 GC heap before
{Heap before GC invocations=31 (full 4):
 PSYoungGen      total 185344K, used 177783K [0x00000007aab00000, 0x00000007b7080000, 0x0000000800000000)
  eden space 169472K, 99% used [0x00000007aab00000,0x00000007b507db90,0x00000007b5080000)
  from space 15872K, 52% used [0x00000007b6100000,0x00000007b69200b0,0x00000007b7080000)
  to   space 16384K, 0% used [0x00000007b5080000,0x00000007b5080000,0x00000007b6080000)
 ParOldGen       total 175104K, used 148212K [0x0000000700000000, 0x000000070ab00000, 0x00000007aab00000)
  object space 175104K, 84% used [0x0000000700000000,0x00000007090bd018,0x000000070ab00000)
 Metaspace       used 125605K, committed 126720K, reserved 557056K
  class space    used 17076K, committed 17600K, reserved 425984K
}
Event: 19.406 GC heap after
{Heap after GC invocations=31 (full 4):
 PSYoungGen      total 185856K, used 16355K [0x00000007aab00000, 0x00000007bad80000, 0x0000000800000000)
  eden space 169472K, 0% used [0x00000007aab00000,0x00000007aab00000,0x00000007b5080000)
  from space 16384K, 99% used [0x00000007b5080000,0x00000007b6078e90,0x00000007b6080000)
  to   space 22016K, 0% used [0x00000007b9800000,0x00000007b9800000,0x00000007bad80000)
 ParOldGen       total 175104K, used 157599K [0x0000000700000000, 0x000000070ab00000, 0x00000007aab00000)
  object space 175104K, 90% used [0x0000000700000000,0x00000007099e7e28,0x000000070ab00000)
 Metaspace       used 125605K, committed 126720K, reserved 557056K
  class space    used 17076K, committed 17600K, reserved 425984K
}

