# JRE version: OpenJDK Runtime Environment Temurin-17.0.19+10 (17.0.19+10) (build 17.0.19+10)
# Java VM: OpenJDK 64-Bit Server VM Temurin-17.0.19+10 (17.0.19+10, mixed mode, sharing, tiered, compressed oops, compressed class ptrs, parallel gc, windows-amd64)
GC Precious Log:
 CPUs: 24 total, 24 available
 Memory: 14029M
 Large Page Support: Disabled
 NUMA Support: Disabled
 Compressed Oops: Enabled (Zero based)
 Alignments: Space 512K, Generation 512K, Heap 2M
 Heap Min Capacity: 256M
 Heap Initial Capacity: 256M
 Heap Max Capacity: 4G
 Pre-touch: Disabled
 Parallel Workers: 18
Heap:
 PSYoungGen      total 436736K, used 126881K [0x00000007aab00000, 0x00000007cf700000, 0x0000000800000000)
  eden space 295936K, 22% used [0x00000007aab00000,0x00000007aeb49800,0x00000007bcc00000)
  from space 140800K, 43% used [0x00000007c6d80000,0x00000007ca91eee0,0x00000007cf700000)
  to   space 153088K, 0% used [0x00000007bcc00000,0x00000007bcc00000,0x00000007c6180000)
 ParOldGen       total 745984K, used 587810K [0x0000000700000000, 0x000000072d880000, 0x00000007aab00000)
  object space 745984K, 78% used [0x0000000700000000,0x0000000723e08860,0x000000072d880000)
 Metaspace       used 214966K, committed 216384K, reserved 622592K
  class space    used 25865K, committed 26560K, reserved 425984K
GC Heap History (20 events):
Event: 51.045 GC heap before
{Heap before GC invocations=60 (full 7):
 PSYoungGen      total 386048K, used 315689K [0x00000007aab00000, 0x00000007d0e80000, 0x0000000800000000)
  eden space 182784K, 100% used [0x00000007aab00000,0x00000007b5d80000,0x00000007b5d80000)
  from space 203264K, 65% used [0x00000007b5d80000,0x00000007bdf4a6e8,0x00000007c2400000)
  to   space 210432K, 0% used [0x00000007c4100000,0x00000007c4100000,0x00000007d0e80000)
 ParOldGen       total 445952K, used 425366K [0x0000000700000000, 0x000000071b380000, 0x00000007aab00000)
  object space 445952K, 95% used [0x0000000700000000,0x0000000719f65b28,0x000000071b380000)
 Metaspace       used 198346K, committed 199680K, reserved 622592K
  class space    used 24115K, committed 24768K, reserved 425984K
}
Event: 51.574 GC heap after
{Heap after GC invocations=60 (full 7):
 PSYoungGen      total 386048K, used 124588K [0x00000007aab00000, 0x00000007d0c00000, 0x0000000800000000)
  eden space 182784K, 0% used [0x00000007aab00000,0x00000007aab00000,0x00000007b5d80000)
  from space 203264K, 61% used [0x00000007b5d80000,0x00000007bd72b0d0,0x00000007c2400000)
  to   space 210432K, 0% used [0x00000007c3e80000,0x00000007c3e80000,0x00000007d0c00000)
 ParOldGen       total 745984K, used 445767K [0x0000000700000000, 0x000000072d880000, 0x00000007aab00000)
  object space 745984K, 59% used [0x0000000700000000,0x000000071b351d70,0x000000072d880000)
 Metaspace       used 198341K, committed 199680K, reserved 622592K
  class space    used 24114K, committed 24768K, reserved 425984K
}
Event: 52.917 GC heap before
{Heap before GC invocations=61 (full 7):
 PSYoungGen      total 386048K, used 307372K [0x00000007aab00000, 0x00000007d0c00000, 0x0000000800000000)
  eden space 182784K, 100% used [0x00000007aab00000,0x00000007b5d80000,0x00000007b5d80000)
  from space 203264K, 61% used [0x00000007b5d80000,0x00000007bd72b0d0,0x00000007c2400000)
  to   space 210432K, 0% used [0x00000007c3e80000,0x00000007c3e80000,0x00000007d0c00000)
 ParOldGen       total 745984K, used 445767K [0x0000000700000000, 0x000000072d880000, 0x00000007aab00000)
  object space 745984K, 59% used [0x0000000700000000,0x000000071b351d70,0x000000072d880000)
 Metaspace       used 201857K, committed 203200K, reserved 622592K
  class space    used 24557K, committed 25216K, reserved 425984K
}
Event: 52.979 GC heap after
{Heap after GC invocations=61 (full 7):
 PSYoungGen      total 398848K, used 48143K [0x00000007aab00000, 0x00000007cff00000, 0x0000000800000000)
  eden space 201728K, 0% used [0x00000007aab00000,0x00000007aab00000,0x00000007b7000000)
  from space 197120K, 24% used [0x00000007c3e80000,0x00000007c6d83d80,0x00000007cff00000)
  to   space 204288K, 0% used [0x00000007b7000000,0x00000007b7000000,0x00000007c3780000)
 ParOldGen       total 745984K, used 532216K [0x0000000700000000, 0x000000072d880000, 0x00000007aab00000)
  object space 745984K, 71% used [0x0000000700000000,0x00000007207be068,0x000000072d880000)
 Metaspace       used 201857K, committed 203200K, reserved 622592K
  class space    used 24557K, committed 25216K, reserved 425984K
}
Event: 53.666 GC heap before
{Heap before GC invocations=62 (full 7):
 PSYoungGen      total 398848K, used 249871K [0x00000007aab00000, 0x00000007cff00000, 0x0000000800000000)
  eden space 201728K, 100% used [0x00000007aab00000,0x00000007b7000000,0x00000007b7000000)
  from space 197120K, 24% used [0x00000007c3e80000,0x00000007c6d83d80,0x00000007cff00000)
  to   space 204288K, 0% used [0x00000007b7000000,0x00000007b7000000,0x00000007c3780000)
 ParOldGen       total 745984K, used 532216K [0x0000000700000000, 0x000000072d880000, 0x00000007aab00000)
  object space 745984K, 71% used [0x0000000700000000,0x00000007207be068,0x000000072d880000)
 Metaspace       used 202477K, committed 203840K, reserved 622592K
  class space    used 24606K, committed 25280K, reserved 425984K
}
Event: 53.679 GC heap after
{Heap after GC invocations=62 (full 7):
 PSYoungGen      total 406016K, used 52340K [0x00000007aab00000, 0x00000007d0500000, 0x0000000800000000)
  eden space 201728K, 0% used [0x00000007aab00000,0x00000007aab00000,0x00000007b7000000)
  from space 204288K, 25% used [0x00000007b7000000,0x00000007ba31d290,0x00000007c3780000)
  to   space 197120K, 0% used [0x00000007c4480000,0x00000007c4480000,0x00000007d0500000)
 ParOldGen       total 745984K, used 532224K [0x0000000700000000, 0x000000072d880000, 0x00000007aab00000)
  object space 745984K, 71% used [0x0000000700000000,0x00000007207c0068,0x000000072d880000)
 Metaspace       used 202477K, committed 203840K, reserved 622592K
  class space    used 24606K, committed 25280K, reserved 425984K
}
Event: 54.156 GC heap before
{Heap before GC invocations=63 (full 7):
 PSYoungGen      total 406016K, used 254068K [0x00000007aab00000, 0x00000007d0500000, 0x0000000800000000)
  eden space 201728K, 100% used [0x00000007aab00000,0x00000007b7000000,0x00000007b7000000)
  from space 204288K, 25% used [0x00000007b7000000,0x00000007ba31d290,0x00000007c3780000)
  to   space 197120K, 0% used [0x00000007c4480000,0x00000007c4480000,0x00000007d0500000)
 ParOldGen       total 745984K, used 532224K [0x0000000700000000, 0x000000072d880000, 0x00000007aab00000)
  object space 745984K, 71% used [0x0000000700000000,0x00000007207c0068,0x000000072d880000)
 Metaspace       used 202667K, committed 204032K, reserved 622592K
  class space    used 24606K, committed 25280K, reserved 425984K
}
Event: 54.168 GC heap after
{Heap after GC invocations=63 (full 7):
 PSYoungGen      total 404992K, used 55835K [0x00000007aab00000, 0x00000007cf600000, 0x0000000800000000)
  eden space 223232K, 0% used [0x00000007aab00000,0x00000007aab00000,0x00000007b8500000)
  from space 181760K, 30% used [0x00000007c4480000,0x00000007c7b06ec8,0x00000007cf600000)
  to   space 188928K, 0% used [0x00000007b8500000,0x00000007b8500000,0x00000007c3d80000)
 ParOldGen       total 745984K, used 532232K [0x0000000700000000, 0x000000072d880000, 0x00000007aab00000)
  object space 745984K, 71% used [0x0000000700000000,0x00000007207c2068,0x000000072d880000)
 Metaspace       used 202667K, committed 204032K, reserved 622592K
  class space    used 24606K, committed 25280K, reserved 425984K
}
Event: 54.505 GC heap before
{Heap before GC invocations=64 (full 7):
 PSYoungGen      total 404992K, used 279067K [0x00000007aab00000, 0x00000007cf600000, 0x0000000800000000)
  eden space 223232K, 100% used [0x00000007aab00000,0x00000007b8500000,0x00000007b8500000)
  from space 181760K, 30% used [0x00000007c4480000,0x00000007c7b06ec8,0x00000007cf600000)
  to   space 188928K, 0% used [0x00000007b8500000,0x00000007b8500000,0x00000007c3d80000)
 ParOldGen       total 745984K, used 532232K [0x0000000700000000, 0x000000072d880000, 0x00000007aab00000)
  object space 745984K, 71% used [0x0000000700000000,0x00000007207c2068,0x000000072d880000)
 Metaspace       used 202773K, committed 204160K, reserved 622592K
  class space    used 24607K, committed 25280K, reserved 425984K
}
Event: 54.518 GC heap after
{Heap after GC invocations=64 (full 7):
 PSYoungGen      total 412160K, used 59042K [0x00000007aab00000, 0x00000007cfd80000, 0x0000000800000000)
  eden space 223232K, 0% used [0x00000007aab00000,0x00000007aab00000,0x00000007b8500000)
  from space 188928K, 31% used [0x00000007b8500000,0x00000007bbea8878,0x00000007c3d80000)
  to   space 180736K, 0% used [0x00000007c4d00000,0x00000007c4d00000,0x00000007cfd80000)
 ParOldGen       total 745984K, used 532240K [0x0000000700000000, 0x000000072d880000, 0x00000007aab00000)
  object space 745984K, 71% used [0x0000000700000000,0x00000007207c4068,0x000000072d880000)
 Metaspace       used 202773K, committed 204160K, reserved 622592K
  class space    used 24607K, committed 25280K, reserved 425984K
}
Event: 55.140 GC heap before
{Heap before GC invocations=65 (full 7):
 PSYoungGen      total 412160K, used 282274K [0x00000007aab00000, 0x00000007cfd80000, 0x0000000800000000)
  eden space 223232K, 100% used [0x00000007aab00000,0x00000007b8500000,0x00000007b8500000)
  from space 188928K, 31% used [0x00000007b8500000,0x00000007bbea8878,0x00000007c3d80000)
  to   space 180736K, 0% used [0x00000007c4d00000,0x00000007c4d00000,0x00000007cfd80000)
 ParOldGen       total 745984K, used 532240K [0x0000000700000000, 0x000000072d880000, 0x00000007aab00000)
  object space 745984K, 71% used [0x0000000700000000,0x00000007207c4068,0x000000072d880000)
 Metaspace       used 204375K, committed 205760K, reserved 622592K
  class space    used 24755K, committed 25408K, reserved 425984K
}
Event: 55.164 GC heap after
{Heap after GC invocations=65 (full 7):
 PSYoungGen      total 425984K, used 27893K [0x00000007aab00000, 0x00000007cfa00000, 0x0000000800000000)
  eden space 248832K, 0% used [0x00000007aab00000,0x00000007aab00000,0x00000007b9e00000)
  from space 177152K, 15% used [0x00000007c4d00000,0x00000007c683d630,0x00000007cfa00000)
  to   space 178176K, 0% used [0x00000007b9e00000,0x00000007b9e00000,0x00000007c4c00000)
 ParOldGen       total 745984K, used 570787K [0x0000000700000000, 0x000000072d880000, 0x00000007aab00000)
  object space 745984K, 76% used [0x0000000700000000,0x0000000722d68d20,0x000000072d880000)
 Metaspace       used 204375K, committed 205760K, reserved 622592K
  class space    used 24755K, committed 25408K, reserved 425984K
}
Event: 56.070 GC heap before
{Heap before GC invocations=66 (full 7):
 PSYoungGen      total 425984K, used 276725K [0x00000007aab00000, 0x00000007cfa00000, 0x0000000800000000)
  eden space 248832K, 100% used [0x00000007aab00000,0x00000007b9e00000,0x00000007b9e00000)
  from space 177152K, 15% used [0x00000007c4d00000,0x00000007c683d630,0x00000007cfa00000)
  to   space 178176K, 0% used [0x00000007b9e00000,0x00000007b9e00000,0x00000007c4c00000)
 ParOldGen       total 745984K, used 570787K [0x0000000700000000, 0x000000072d880000, 0x00000007aab00000)
  object space 745984K, 76% used [0x0000000700000000,0x0000000722d68d20,0x000000072d880000)
 Metaspace       used 206320K, committed 207744K, reserved 622592K
  class space    used 24925K, committed 25600K, reserved 425984K
}
Event: 56.081 GC heap after
{Heap after GC invocations=66 (full 7):
 PSYoungGen      total 427008K, used 21937K [0x00000007aab00000, 0x00000007d0f00000, 0x0000000800000000)
  eden space 248832K, 0% used [0x00000007aab00000,0x00000007aab00000,0x00000007b9e00000)
  from space 178176K, 12% used [0x00000007b9e00000,0x00000007bb36c4a0,0x00000007c4c00000)
  to   space 175616K, 0% used [0x00000007c6380000,0x00000007c6380000,0x00000007d0f00000)
 ParOldGen       total 745984K, used 584226K [0x0000000700000000, 0x000000072d880000, 0x00000007aab00000)
  object space 745984K, 78% used [0x0000000700000000,0x0000000723a88850,0x000000072d880000)
 Metaspace       used 206320K, committed 207744K, reserved 622592K
  class space    used 24925K, committed 25600K, reserved 425984K
}
Event: 56.555 GC heap before
{Heap before GC invocations=67 (full 7):
 PSYoungGen      total 427008K, used 270769K [0x00000007aab00000, 0x00000007d0f00000, 0x0000000800000000)
  eden space 248832K, 100% used [0x00000007aab00000,0x00000007b9e00000,0x00000007b9e00000)
  from space 178176K, 12% used [0x00000007b9e00000,0x00000007bb36c4a0,0x00000007c4c00000)
  to   space 175616K, 0% used [0x00000007c6380000,0x00000007c6380000,0x00000007d0f00000)
 ParOldGen       total 745984K, used 584226K [0x0000000700000000, 0x000000072d880000, 0x00000007aab00000)
  object space 745984K, 78% used [0x0000000700000000,0x0000000723a88850,0x000000072d880000)
 Metaspace       used 206637K, committed 208064K, reserved 622592K
  class space    used 24942K, committed 25600K, reserved 425984K
}
Event: 56.561 GC heap after
{Heap after GC invocations=67 (full 7):
 PSYoungGen      total 442880K, used 16800K [0x00000007aab00000, 0x00000007d0880000, 0x0000000800000000)
  eden space 273920K, 0% used [0x00000007aab00000,0x00000007aab00000,0x00000007bb680000)
  from space 168960K, 9% used [0x00000007c6380000,0x00000007c73e8030,0x00000007d0880000)
  to   space 173056K, 0% used [0x00000007bb680000,0x00000007bb680000,0x00000007c5f80000)
 ParOldGen       total 745984K, used 587794K [0x0000000700000000, 0x000000072d880000, 0x00000007aab00000)
  object space 745984K, 78% used [0x0000000700000000,0x0000000723e04860,0x000000072d880000)
 Metaspace       used 206637K, committed 208064K, reserved 622592K
  class space    used 24942K, committed 25600K, reserved 425984K
}
Event: 58.618 GC heap before
{Heap before GC invocations=68 (full 7):
 PSYoungGen      total 442880K, used 290720K [0x00000007aab00000, 0x00000007d0880000, 0x0000000800000000)
  eden space 273920K, 100% used [0x00000007aab00000,0x00000007bb680000,0x00000007bb680000)
  from space 168960K, 9% used [0x00000007c6380000,0x00000007c73e8030,0x00000007d0880000)
  to   space 173056K, 0% used [0x00000007bb680000,0x00000007bb680000,0x00000007c5f80000)
 ParOldGen       total 745984K, used 587794K [0x0000000700000000, 0x000000072d880000, 0x00000007aab00000)
  object space 745984K, 78% used [0x0000000700000000,0x0000000723e04860,0x000000072d880000)
 Metaspace       used 208054K, committed 209472K, reserved 622592K
  class space    used 25157K, committed 25856K, reserved 425984K
}
Event: 58.630 GC heap after
{Heap after GC invocations=68 (full 7):
 PSYoungGen      total 446976K, used 52809K [0x00000007aab00000, 0x00000007d0c80000, 0x0000000800000000)
  eden space 273920K, 0% used [0x00000007aab00000,0x00000007aab00000,0x00000007bb680000)
  from space 173056K, 30% used [0x00000007bb680000,0x00000007bea127a0,0x00000007c5f80000)
  to   space 162816K, 0% used [0x00000007c6d80000,0x00000007c6d80000,0x00000007d0c80000)
 ParOldGen       total 745984K, used 587802K [0x0000000700000000, 0x000000072d880000, 0x00000007aab00000)
  object space 745984K, 78% used [0x0000000700000000,0x0000000723e06860,0x000000072d880000)
 Metaspace       used 208054K, committed 209472K, reserved 622592K
  class space    used 25157K, committed 25856K, reserved 425984K
}
Event: 60.734 GC heap before
{Heap before GC invocations=69 (full 7):
 PSYoungGen      total 446976K, used 326729K [0x00000007aab00000, 0x00000007d0c80000, 0x0000000800000000)
  eden space 273920K, 100% used [0x00000007aab00000,0x00000007bb680000,0x00000007bb680000)
  from space 173056K, 30% used [0x00000007bb680000,0x00000007bea127a0,0x00000007c5f80000)
  to   space 162816K, 0% used [0x00000007c6d80000,0x00000007c6d80000,0x00000007d0c80000)
 ParOldGen       total 745984K, used 587802K [0x0000000700000000, 0x000000072d880000, 0x00000007aab00000)
  object space 745984K, 78% used [0x0000000700000000,0x0000000723e06860,0x000000072d880000)
 Metaspace       used 211935K, committed 213312K, reserved 622592K
  class space    used 25498K, committed 26176K, reserved 425984K
}
Event: 60.742 GC heap after
{Heap after GC invocations=69 (full 7):
 PSYoungGen      total 436736K, used 61051K [0x00000007aab00000, 0x00000007cf700000, 0x0000000800000000)
  eden space 295936K, 0% used [0x00000007aab00000,0x00000007aab00000,0x00000007bcc00000)
  from space 140800K, 43% used [0x00000007c6d80000,0x00000007ca91eee0,0x00000007cf700000)
  to   space 153088K, 0% used [0x00000007bcc00000,0x00000007bcc00000,0x00000007c6180000)
 ParOldGen       total 745984K, used 587810K [0x0000000700000000, 0x000000072d880000, 0x00000007aab00000)
  object space 745984K, 78% used [0x0000000700000000,0x0000000723e08860,0x000000072d880000)
 Metaspace       used 211935K, committed 213312K, reserved 622592K
  class space    used 25498K, committed 26176K, reserved 425984K
}

