# JRE version: OpenJDK Runtime Environment Temurin-17.0.19+10 (17.0.19+10) (build 17.0.19+10)
# Java VM: OpenJDK 64-Bit Server VM Temurin-17.0.19+10 (17.0.19+10, mixed mode, sharing, tiered, compressed oops, compressed class ptrs, parallel gc, windows-amd64)
GC Precious Log:
 CPUs: 24 total, 24 available
 Memory: 14029M
 Large Page Support: Disabled
 NUMA Support: Disabled
 Compressed Oops: Enabled (Zero based)
 Alignments: Space 512K, Generation 512K, Heap 2M
 Heap Min Capacity: 256M
 Heap Initial Capacity: 256M
 Heap Max Capacity: 4G
 Pre-touch: Disabled
 Parallel Workers: 18
Heap:
 PSYoungGen      total 117248K, used 26051K [0x00000007aab00000, 0x00000007b3180000, 0x0000000800000000)
  eden space 97792K, 26% used [0x00000007aab00000,0x00000007ac470d00,0x00000007b0a80000)
  from space 19456K, 0% used [0x00000007b0a80000,0x00000007b0a80000,0x00000007b1d80000)
  to   space 19968K, 0% used [0x00000007b1e00000,0x00000007b1e00000,0x00000007b3180000)
 ParOldGen       total 175104K, used 64315K [0x0000000700000000, 0x000000070ab00000, 0x00000007aab00000)
  object space 175104K, 36% used [0x0000000700000000,0x0000000703eced78,0x000000070ab00000)
 Metaspace       used 61860K, committed 62528K, reserved 491520K
  class space    used 8230K, committed 8576K, reserved 425984K
GC Heap History (20 events):
Event: 3.327 GC heap before
{Heap before GC invocations=7 (full 1):
 PSYoungGen      total 74752K, used 62648K [0x00000007aab00000, 0x00000007b0f80000, 0x0000000800000000)
  eden space 64000K, 88% used [0x00000007aab00000,0x00000007ae26ddd0,0x00000007ae980000)
  from space 10752K, 54% used [0x00000007aeb00000,0x00000007af0c0348,0x00000007af580000)
  to   space 19456K, 0% used [0x00000007afc80000,0x00000007afc80000,0x00000007b0f80000)
 ParOldGen       total 175104K, used 22562K [0x0000000700000000, 0x000000070ab00000, 0x00000007aab00000)
  object space 175104K, 12% used [0x0000000700000000,0x0000000701608968,0x000000070ab00000)
 Metaspace       used 35430K, committed 35840K, reserved 491520K
  class space    used 4917K, committed 5120K, reserved 425984K
}
Event: 3.333 GC heap after
{Heap after GC invocations=7 (full 1):
 PSYoungGen      total 82432K, used 8072K [0x00000007aab00000, 0x00000007b0e80000, 0x0000000800000000)
  eden space 64000K, 0% used [0x00000007aab00000,0x00000007aab00000,0x00000007ae980000)
  from space 18432K, 43% used [0x00000007afc80000,0x00000007b04621f8,0x00000007b0e80000)
  to   space 18944K, 0% used [0x00000007ae980000,0x00000007ae980000,0x00000007afc00000)
 ParOldGen       total 175104K, used 22570K [0x0000000700000000, 0x000000070ab00000, 0x00000007aab00000)
  object space 175104K, 12% used [0x0000000700000000,0x000000070160a968,0x000000070ab00000)
 Metaspace       used 35430K, committed 35840K, reserved 491520K
  class space    used 4917K, committed 5120K, reserved 425984K
}
Event: 3.333 GC heap before
{Heap before GC invocations=8 (full 2):
 PSYoungGen      total 82432K, used 8072K [0x00000007aab00000, 0x00000007b0e80000, 0x0000000800000000)
  eden space 64000K, 0% used [0x00000007aab00000,0x00000007aab00000,0x00000007ae980000)
  from space 18432K, 43% used [0x00000007afc80000,0x00000007b04621f8,0x00000007b0e80000)
  to   space 18944K, 0% used [0x00000007ae980000,0x00000007ae980000,0x00000007afc00000)
 ParOldGen       total 175104K, used 22570K [0x0000000700000000, 0x000000070ab00000, 0x00000007aab00000)
  object space 175104K, 12% used [0x0000000700000000,0x000000070160a968,0x000000070ab00000)
 Metaspace       used 35430K, committed 35840K, reserved 491520K
  class space    used 4917K, committed 5120K, reserved 425984K
}
Event: 3.358 GC heap after
{Heap after GC invocations=8 (full 2):
 PSYoungGen      total 82432K, used 0K [0x00000007aab00000, 0x00000007b0e80000, 0x0000000800000000)
  eden space 64000K, 0% used [0x00000007aab00000,0x00000007aab00000,0x00000007ae980000)
  from space 18432K, 0% used [0x00000007afc80000,0x00000007afc80000,0x00000007b0e80000)
  to   space 18944K, 0% used [0x00000007ae980000,0x00000007ae980000,0x00000007afc00000)
 ParOldGen       total 175104K, used 29967K [0x0000000700000000, 0x000000070ab00000, 0x00000007aab00000)
  object space 175104K, 17% used [0x0000000700000000,0x0000000701d43fd0,0x000000070ab00000)
 Metaspace       used 35430K, committed 35840K, reserved 491520K
  class space    used 4917K, committed 5120K, reserved 425984K
}
Event: 4.029 GC heap before
{Heap before GC invocations=9 (full 2):
 PSYoungGen      total 82432K, used 64000K [0x00000007aab00000, 0x00000007b0e80000, 0x0000000800000000)
  eden space 64000K, 100% used [0x00000007aab00000,0x00000007ae980000,0x00000007ae980000)
  from space 18432K, 0% used [0x00000007afc80000,0x00000007afc80000,0x00000007b0e80000)
  to   space 18944K, 0% used [0x00000007ae980000,0x00000007ae980000,0x00000007afc00000)
 ParOldGen       total 175104K, used 29967K [0x0000000700000000, 0x000000070ab00000, 0x00000007aab00000)
  object space 175104K, 17% used [0x0000000700000000,0x0000000701d43fd0,0x000000070ab00000)
 Metaspace       used 41609K, committed 41984K, reserved 491520K
  class space    used 5762K, committed 5952K, reserved 425984K
}
Event: 4.031 GC heap after
{Heap after GC invocations=9 (full 2):
 PSYoungGen      total 67072K, used 4552K [0x00000007aab00000, 0x00000007b0e00000, 0x0000000800000000)
  eden space 62464K, 0% used [0x00000007aab00000,0x00000007aab00000,0x00000007ae800000)
  from space 4608K, 98% used [0x00000007ae980000,0x00000007aedf2080,0x00000007aee00000)
  to   space 19456K, 0% used [0x00000007afb00000,0x00000007afb00000,0x00000007b0e00000)
 ParOldGen       total 175104K, used 29975K [0x0000000700000000, 0x000000070ab00000, 0x00000007aab00000)
  object space 175104K, 17% used [0x0000000700000000,0x0000000701d45fd0,0x000000070ab00000)
 Metaspace       used 41609K, committed 41984K, reserved 491520K
  class space    used 5762K, committed 5952K, reserved 425984K
}
Event: 4.740 GC heap before
{Heap before GC invocations=10 (full 2):
 PSYoungGen      total 67072K, used 67016K [0x00000007aab00000, 0x00000007b0e00000, 0x0000000800000000)
  eden space 62464K, 100% used [0x00000007aab00000,0x00000007ae800000,0x00000007ae800000)
  from space 4608K, 98% used [0x00000007ae980000,0x00000007aedf2080,0x00000007aee00000)
  to   space 19456K, 0% used [0x00000007afb00000,0x00000007afb00000,0x00000007b0e00000)
 ParOldGen       total 175104K, used 29975K [0x0000000700000000, 0x000000070ab00000, 0x00000007aab00000)
  object space 175104K, 17% used [0x0000000700000000,0x0000000701d45fd0,0x000000070ab00000)
 Metaspace       used 47640K, committed 48128K, reserved 491520K
  class space    used 6553K, committed 6784K, reserved 425984K
}
Event: 4.743 GC heap after
{Heap after GC invocations=10 (full 2):
 PSYoungGen      total 78848K, used 8756K [0x00000007aab00000, 0x00000007b0c00000, 0x0000000800000000)
  eden space 61440K, 0% used [0x00000007aab00000,0x00000007aab00000,0x00000007ae700000)
  from space 17408K, 50% used [0x00000007afb00000,0x00000007b038d3a0,0x00000007b0c00000)
  to   space 18944K, 0% used [0x00000007ae700000,0x00000007ae700000,0x00000007af980000)
 ParOldGen       total 175104K, used 29983K [0x0000000700000000, 0x000000070ab00000, 0x00000007aab00000)
  object space 175104K, 17% used [0x0000000700000000,0x0000000701d47fd0,0x000000070ab00000)
 Metaspace       used 47640K, committed 48128K, reserved 491520K
  class space    used 6553K, committed 6784K, reserved 425984K
}
Event: 5.397 GC heap before
{Heap before GC invocations=11 (full 2):
 PSYoungGen      total 78848K, used 70196K [0x00000007aab00000, 0x00000007b0c00000, 0x0000000800000000)
  eden space 61440K, 100% used [0x00000007aab00000,0x00000007ae700000,0x00000007ae700000)
  from space 17408K, 50% used [0x00000007afb00000,0x00000007b038d3a0,0x00000007b0c00000)
  to   space 18944K, 0% used [0x00000007ae700000,0x00000007ae700000,0x00000007af980000)
 ParOldGen       total 175104K, used 29983K [0x0000000700000000, 0x000000070ab00000, 0x00000007aab00000)
  object space 175104K, 17% used [0x0000000700000000,0x0000000701d47fd0,0x000000070ab00000)
 Metaspace       used 50892K, committed 51456K, reserved 491520K
  class space    used 6951K, committed 7232K, reserved 425984K
}
Event: 5.401 GC heap after
{Heap after GC invocations=11 (full 2):
 PSYoungGen      total 74752K, used 14324K [0x00000007aab00000, 0x00000007b0c00000, 0x0000000800000000)
  eden space 60416K, 0% used [0x00000007aab00000,0x00000007aab00000,0x00000007ae600000)
  from space 14336K, 99% used [0x00000007ae700000,0x00000007af4fd3c0,0x00000007af500000)
  to   space 19456K, 0% used [0x00000007af900000,0x00000007af900000,0x00000007b0c00000)
 ParOldGen       total 175104K, used 29991K [0x0000000700000000, 0x000000070ab00000, 0x00000007aab00000)
  object space 175104K, 17% used [0x0000000700000000,0x0000000701d49fd0,0x000000070ab00000)
 Metaspace       used 50892K, committed 51456K, reserved 491520K
  class space    used 6951K, committed 7232K, reserved 425984K
}
Event: 5.646 GC heap before
{Heap before GC invocations=12 (full 2):
 PSYoungGen      total 74752K, used 74740K [0x00000007aab00000, 0x00000007b0c00000, 0x0000000800000000)
  eden space 60416K, 100% used [0x00000007aab00000,0x00000007ae600000,0x00000007ae600000)
  from space 14336K, 99% used [0x00000007ae700000,0x00000007af4fd3c0,0x00000007af500000)
  to   space 19456K, 0% used [0x00000007af900000,0x00000007af900000,0x00000007b0c00000)
 ParOldGen       total 175104K, used 29991K [0x0000000700000000, 0x000000070ab00000, 0x00000007aab00000)
  object space 175104K, 17% used [0x0000000700000000,0x0000000701d49fd0,0x000000070ab00000)
 Metaspace       used 51280K, committed 51840K, reserved 491520K
  class space    used 6975K, committed 7232K, reserved 425984K
}
Event: 5.652 GC heap after
{Heap after GC invocations=12 (full 2):
 PSYoungGen      total 80384K, used 8672K [0x00000007aab00000, 0x00000007b2e80000, 0x0000000800000000)
  eden space 60928K, 0% used [0x00000007aab00000,0x00000007aab00000,0x00000007ae680000)
  from space 19456K, 44% used [0x00000007af900000,0x00000007b0178020,0x00000007b0c00000)
  to   space 18944K, 0% used [0x00000007ae680000,0x00000007ae680000,0x00000007af900000)
 ParOldGen       total 175104K, used 37687K [0x0000000700000000, 0x000000070ab00000, 0x00000007aab00000)
  object space 175104K, 21% used [0x0000000700000000,0x00000007024cdc08,0x000000070ab00000)
 Metaspace       used 51280K, committed 51840K, reserved 491520K
  class space    used 6975K, committed 7232K, reserved 425984K
}
Event: 5.948 GC heap before
{Heap before GC invocations=13 (full 2):
 PSYoungGen      total 80384K, used 69600K [0x00000007aab00000, 0x00000007b2e80000, 0x0000000800000000)
  eden space 60928K, 100% used [0x00000007aab00000,0x00000007ae680000,0x00000007ae680000)
  from space 19456K, 44% used [0x00000007af900000,0x00000007b0178020,0x00000007b0c00000)
  to   space 18944K, 0% used [0x00000007ae680000,0x00000007ae680000,0x00000007af900000)
 ParOldGen       total 175104K, used 37687K [0x0000000700000000, 0x000000070ab00000, 0x00000007aab00000)
  object space 175104K, 21% used [0x0000000700000000,0x00000007024cdc08,0x000000070ab00000)
 Metaspace       used 51623K, committed 52160K, reserved 491520K
  class space    used 7016K, committed 7296K, reserved 425984K
}
Event: 5.955 GC heap after
{Heap after GC invocations=13 (full 2):
 PSYoungGen      total 79872K, used 13977K [0x00000007aab00000, 0x00000007b3080000, 0x0000000800000000)
  eden space 60928K, 0% used [0x00000007aab00000,0x00000007aab00000,0x00000007ae680000)
  from space 18944K, 73% used [0x00000007ae680000,0x00000007af426580,0x00000007af900000)
  to   space 19456K, 0% used [0x00000007b1d80000,0x00000007b1d80000,0x00000007b3080000)
 ParOldGen       total 175104K, used 45151K [0x0000000700000000, 0x000000070ab00000, 0x00000007aab00000)
  object space 175104K, 25% used [0x0000000700000000,0x0000000702c17c58,0x000000070ab00000)
 Metaspace       used 51623K, committed 52160K, reserved 491520K
  class space    used 7016K, committed 7296K, reserved 425984K
}
Event: 6.483 GC heap before
{Heap before GC invocations=14 (full 2):
 PSYoungGen      total 79872K, used 74905K [0x00000007aab00000, 0x00000007b3080000, 0x0000000800000000)
  eden space 60928K, 100% used [0x00000007aab00000,0x00000007ae680000,0x00000007ae680000)
  from space 18944K, 73% used [0x00000007ae680000,0x00000007af426580,0x00000007af900000)
  to   space 19456K, 0% used [0x00000007b1d80000,0x00000007b1d80000,0x00000007b3080000)
 ParOldGen       total 175104K, used 45151K [0x0000000700000000, 0x000000070ab00000, 0x00000007aab00000)
  object space 175104K, 25% used [0x0000000700000000,0x0000000702c17c58,0x000000070ab00000)
 Metaspace       used 56545K, committed 57280K, reserved 491520K
  class space    used 7572K, committed 7936K, reserved 425984K
}
Event: 6.488 GC heap after
{Heap after GC invocations=14 (full 2):
 PSYoungGen      total 117248K, used 6488K [0x00000007aab00000, 0x00000007b3080000, 0x0000000800000000)
  eden space 97792K, 0% used [0x00000007aab00000,0x00000007aab00000,0x00000007b0a80000)
  from space 19456K, 33% used [0x00000007b1d80000,0x00000007b23d6050,0x00000007b3080000)
  to   space 19456K, 0% used [0x00000007b0a80000,0x00000007b0a80000,0x00000007b1d80000)
 ParOldGen       total 175104K, used 58816K [0x0000000700000000, 0x000000070ab00000, 0x00000007aab00000)
  object space 175104K, 33% used [0x0000000700000000,0x0000000703970278,0x000000070ab00000)
 Metaspace       used 56545K, committed 57280K, reserved 491520K
  class space    used 7572K, committed 7936K, reserved 425984K
}
Event: 6.691 GC heap before
{Heap before GC invocations=15 (full 2):
 PSYoungGen      total 117248K, used 32072K [0x00000007aab00000, 0x00000007b3080000, 0x0000000800000000)
  eden space 97792K, 26% used [0x00000007aab00000,0x00000007ac3fbff0,0x00000007b0a80000)
  from space 19456K, 33% used [0x00000007b1d80000,0x00000007b23d6050,0x00000007b3080000)
  to   space 19456K, 0% used [0x00000007b0a80000,0x00000007b0a80000,0x00000007b1d80000)
 ParOldGen       total 175104K, used 58816K [0x0000000700000000, 0x000000070ab00000, 0x00000007aab00000)
  object space 175104K, 33% used [0x0000000700000000,0x0000000703970278,0x000000070ab00000)
 Metaspace       used 59072K, committed 59776K, reserved 491520K
  class space    used 7818K, committed 8192K, reserved 425984K
}
Event: 6.694 GC heap after
{Heap after GC invocations=15 (full 2):
 PSYoungGen      total 117248K, used 1152K [0x00000007aab00000, 0x00000007b3180000, 0x0000000800000000)
  eden space 97792K, 0% used [0x00000007aab00000,0x00000007aab00000,0x00000007b0a80000)
  from space 19456K, 5% used [0x00000007b0a80000,0x00000007b0ba0000,0x00000007b1d80000)
  to   space 19968K, 0% used [0x00000007b1e00000,0x00000007b1e00000,0x00000007b3180000)
 ParOldGen       total 175104K, used 65000K [0x0000000700000000, 0x000000070ab00000, 0x00000007aab00000)
  object space 175104K, 37% used [0x0000000700000000,0x0000000703f7a3a0,0x000000070ab00000)
 Metaspace       used 59072K, committed 59776K, reserved 491520K
  class space    used 7818K, committed 8192K, reserved 425984K
}
Event: 6.694 GC heap before
{Heap before GC invocations=16 (full 3):
 PSYoungGen      total 117248K, used 1152K [0x00000007aab00000, 0x00000007b3180000, 0x0000000800000000)
  eden space 97792K, 0% used [0x00000007aab00000,0x00000007aab00000,0x00000007b0a80000)
  from space 19456K, 5% used [0x00000007b0a80000,0x00000007b0ba0000,0x00000007b1d80000)
  to   space 19968K, 0% used [0x00000007b1e00000,0x00000007b1e00000,0x00000007b3180000)
 ParOldGen       total 175104K, used 65000K [0x0000000700000000, 0x000000070ab00000, 0x00000007aab00000)
  object space 175104K, 37% used [0x0000000700000000,0x0000000703f7a3a0,0x000000070ab00000)
 Metaspace       used 59072K, committed 59776K, reserved 491520K
  class space    used 7818K, committed 8192K, reserved 425984K
}
Event: 6.763 GC heap after
{Heap after GC invocations=16 (full 3):
 PSYoungGen      total 117248K, used 0K [0x00000007aab00000, 0x00000007b3180000, 0x0000000800000000)
  eden space 97792K, 0% used [0x00000007aab00000,0x00000007aab00000,0x00000007b0a80000)
  from space 19456K, 0% used [0x00000007b0a80000,0x00000007b0a80000,0x00000007b1d80000)
  to   space 19968K, 0% used [0x00000007b1e00000,0x00000007b1e00000,0x00000007b3180000)
 ParOldGen       total 175104K, used 64315K [0x0000000700000000, 0x000000070ab00000, 0x00000007aab00000)
  object space 175104K, 36% used [0x0000000700000000,0x0000000703eced78,0x000000070ab00000)
 Metaspace       used 59072K, committed 59776K, reserved 491520K
  class space    used 7818K, committed 8192K, reserved 425984K
}

