# JRE version: OpenJDK Runtime Environment Temurin-17.0.19+10 (17.0.19+10) (build 17.0.19+10)
# Java VM: OpenJDK 64-Bit Server VM Temurin-17.0.19+10 (17.0.19+10, mixed mode, sharing, tiered, compressed oops, compressed class ptrs, parallel gc, windows-amd64)
GC Precious Log:
 CPUs: 24 total, 24 available
 Memory: 14029M
 Large Page Support: Disabled
 NUMA Support: Disabled
 Compressed Oops: Enabled (Zero based)
 Alignments: Space 512K, Generation 512K, Heap 2M
 Heap Min Capacity: 256M
 Heap Initial Capacity: 256M
 Heap Max Capacity: 4G
 Pre-touch: Disabled
 Parallel Workers: 18
Heap:
 PSYoungGen      total 255488K, used 212076K [0x00000007aab00000, 0x00000007bb980000, 0x0000000800000000)
  eden space 237056K, 83% used [0x00000007aab00000,0x00000007b6c3ed08,0x00000007b9280000)
  from space 18432K, 77% used [0x00000007ba580000,0x00000007bb35c590,0x00000007bb780000)
  to   space 19456K, 0% used [0x00000007b9280000,0x00000007b9280000,0x00000007ba580000)
 ParOldGen       total 175104K, used 128354K [0x0000000700000000, 0x000000070ab00000, 0x00000007aab00000)
  object space 175104K, 73% used [0x0000000700000000,0x0000000707d58ba0,0x000000070ab00000)
 Metaspace       used 111683K, committed 112704K, reserved 557056K
  class space    used 15187K, committed 15680K, reserved 425984K
GC Heap History (20 events):
Event: 11.022 GC heap before
{Heap before GC invocations=19 (full 3):
 PSYoungGen      total 115712K, used 99039K [0x00000007aab00000, 0x00000007b6800000, 0x0000000800000000)
  eden space 95744K, 100% used [0x00000007aab00000,0x00000007b0880000,0x00000007b0880000)
  from space 19968K, 16% used [0x00000007b0880000,0x00000007b0bb7d08,0x00000007b1c00000)
  to   space 19968K, 0% used [0x00000007b5480000,0x00000007b5480000,0x00000007b6800000)
 ParOldGen       total 175104K, used 73022K [0x0000000700000000, 0x000000070ab00000, 0x00000007aab00000)
  object space 175104K, 41% used [0x0000000700000000,0x000000070474f840,0x000000070ab00000)
 Metaspace       used 78126K, committed 78848K, reserved 557056K
  class space    used 10507K, committed 10880K, reserved 425984K
}
Event: 11.028 GC heap after
{Heap after GC invocations=19 (full 3):
 PSYoungGen      total 102400K, used 9107K [0x00000007aab00000, 0x00000007b5d80000, 0x0000000800000000)
  eden space 93184K, 0% used [0x00000007aab00000,0x00000007aab00000,0x00000007b0600000)
  from space 9216K, 98% used [0x00000007b5480000,0x00000007b5d64dc0,0x00000007b5d80000)
  to   space 18944K, 0% used [0x00000007b3880000,0x00000007b3880000,0x00000007b4b00000)
 ParOldGen       total 175104K, used 76019K [0x0000000700000000, 0x000000070ab00000, 0x00000007aab00000)
  object space 175104K, 43% used [0x0000000700000000,0x0000000704a3cf38,0x000000070ab00000)
 Metaspace       used 78126K, committed 78848K, reserved 557056K
  class space    used 10507K, committed 10880K, reserved 425984K
}
Event: 11.857 GC heap before
{Heap before GC invocations=20 (full 3):
 PSYoungGen      total 102400K, used 102291K [0x00000007aab00000, 0x00000007b5d80000, 0x0000000800000000)
  eden space 93184K, 100% used [0x00000007aab00000,0x00000007b0600000,0x00000007b0600000)
  from space 9216K, 98% used [0x00000007b5480000,0x00000007b5d64dc0,0x00000007b5d80000)
  to   space 18944K, 0% used [0x00000007b3880000,0x00000007b3880000,0x00000007b4b00000)
 ParOldGen       total 175104K, used 76019K [0x0000000700000000, 0x000000070ab00000, 0x00000007aab00000)
  object space 175104K, 43% used [0x0000000700000000,0x0000000704a3cf38,0x000000070ab00000)
 Metaspace       used 81928K, committed 82752K, reserved 557056K
  class space    used 11020K, committed 11392K, reserved 425984K
}
Event: 11.868 GC heap after
{Heap after GC invocations=20 (full 3):
 PSYoungGen      total 137216K, used 6544K [0x00000007aab00000, 0x00000007b5500000, 0x0000000800000000)
  eden space 130560K, 0% used [0x00000007aab00000,0x00000007aab00000,0x00000007b2a80000)
  from space 6656K, 98% used [0x00000007b3880000,0x00000007b3ee4120,0x00000007b3f00000)
  to   space 18432K, 0% used [0x00000007b4300000,0x00000007b4300000,0x00000007b5500000)
 ParOldGen       total 175104K, used 84669K [0x0000000700000000, 0x000000070ab00000, 0x00000007aab00000)
  object space 175104K, 48% used [0x0000000700000000,0x00000007052af4f0,0x000000070ab00000)
 Metaspace       used 81928K, committed 82752K, reserved 557056K
  class space    used 11020K, committed 11392K, reserved 425984K
}
Event: 12.994 GC heap before
{Heap before GC invocations=21 (full 3):
 PSYoungGen      total 137216K, used 137104K [0x00000007aab00000, 0x00000007b5500000, 0x0000000800000000)
  eden space 130560K, 100% used [0x00000007aab00000,0x00000007b2a80000,0x00000007b2a80000)
  from space 6656K, 98% used [0x00000007b3880000,0x00000007b3ee4120,0x00000007b3f00000)
  to   space 18432K, 0% used [0x00000007b4300000,0x00000007b4300000,0x00000007b5500000)
 ParOldGen       total 175104K, used 84669K [0x0000000700000000, 0x000000070ab00000, 0x00000007aab00000)
  object space 175104K, 48% used [0x0000000700000000,0x00000007052af4f0,0x000000070ab00000)
 Metaspace       used 90634K, committed 91520K, reserved 557056K
  class space    used 12387K, committed 12800K, reserved 425984K
}
Event: 13.000 GC heap after
{Heap after GC invocations=21 (full 3):
 PSYoungGen      total 134144K, used 5324K [0x00000007aab00000, 0x00000007b4a80000, 0x0000000800000000)
  eden space 126464K, 0% used [0x00000007aab00000,0x00000007aab00000,0x00000007b2680000)
  from space 7680K, 69% used [0x00000007b4300000,0x00000007b4833080,0x00000007b4a80000)
  to   space 18432K, 0% used [0x00000007b2680000,0x00000007b2680000,0x00000007b3880000)
 ParOldGen       total 175104K, used 90925K [0x0000000700000000, 0x000000070ab00000, 0x00000007aab00000)
  object space 175104K, 51% used [0x0000000700000000,0x00000007058cb500,0x000000070ab00000)
 Metaspace       used 90634K, committed 91520K, reserved 557056K
  class space    used 12387K, committed 12800K, reserved 425984K
}
Event: 14.508 GC heap before
{Heap before GC invocations=22 (full 3):
 PSYoungGen      total 134144K, used 131788K [0x00000007aab00000, 0x00000007b4a80000, 0x0000000800000000)
  eden space 126464K, 100% used [0x00000007aab00000,0x00000007b2680000,0x00000007b2680000)
  from space 7680K, 69% used [0x00000007b4300000,0x00000007b4833080,0x00000007b4a80000)
  to   space 18432K, 0% used [0x00000007b2680000,0x00000007b2680000,0x00000007b3880000)
 ParOldGen       total 175104K, used 90925K [0x0000000700000000, 0x000000070ab00000, 0x00000007aab00000)
  object space 175104K, 51% used [0x0000000700000000,0x00000007058cb500,0x000000070ab00000)
 Metaspace       used 96962K, committed 97856K, reserved 557056K
  class space    used 13316K, committed 13696K, reserved 425984K
}
Event: 14.516 GC heap after
{Heap after GC invocations=22 (full 3):
 PSYoungGen      total 134656K, used 12156K [0x00000007aab00000, 0x00000007b4680000, 0x0000000800000000)
  eden space 122368K, 0% used [0x00000007aab00000,0x00000007aab00000,0x00000007b2280000)
  from space 12288K, 98% used [0x00000007b2680000,0x00000007b325f0f8,0x00000007b3280000)
  to   space 18432K, 0% used [0x00000007b3480000,0x00000007b3480000,0x00000007b4680000)
 ParOldGen       total 175104K, used 95959K [0x0000000700000000, 0x000000070ab00000, 0x00000007aab00000)
  object space 175104K, 54% used [0x0000000700000000,0x0000000705db5f38,0x000000070ab00000)
 Metaspace       used 96962K, committed 97856K, reserved 557056K
  class space    used 13316K, committed 13696K, reserved 425984K
}
Event: 14.705 GC heap before
{Heap before GC invocations=23 (full 3):
 PSYoungGen      total 134656K, used 35296K [0x00000007aab00000, 0x00000007b4680000, 0x0000000800000000)
  eden space 122368K, 18% used [0x00000007aab00000,0x00000007ac1991c8,0x00000007b2280000)
  from space 12288K, 98% used [0x00000007b2680000,0x00000007b325f0f8,0x00000007b3280000)
  to   space 18432K, 0% used [0x00000007b3480000,0x00000007b3480000,0x00000007b4680000)
 ParOldGen       total 175104K, used 95959K [0x0000000700000000, 0x000000070ab00000, 0x00000007aab00000)
  object space 175104K, 54% used [0x0000000700000000,0x0000000705db5f38,0x000000070ab00000)
 Metaspace       used 98757K, committed 99648K, reserved 557056K
  class space    used 13529K, committed 13952K, reserved 425984K
}
Event: 14.715 GC heap after
{Heap after GC invocations=23 (full 3):
 PSYoungGen      total 140288K, used 1213K [0x00000007aab00000, 0x00000007b4780000, 0x0000000800000000)
  eden space 121856K, 0% used [0x00000007aab00000,0x00000007aab00000,0x00000007b2200000)
  from space 18432K, 6% used [0x00000007b3480000,0x00000007b35af628,0x00000007b4680000)
  to   space 18944K, 0% used [0x00000007b2200000,0x00000007b2200000,0x00000007b3480000)
 ParOldGen       total 175104K, used 107836K [0x0000000700000000, 0x000000070ab00000, 0x00000007aab00000)
  object space 175104K, 61% used [0x0000000700000000,0x000000070694f108,0x000000070ab00000)
 Metaspace       used 98757K, committed 99648K, reserved 557056K
  class space    used 13529K, committed 13952K, reserved 425984K
}
Event: 14.715 GC heap before
{Heap before GC invocations=24 (full 4):
 PSYoungGen      total 140288K, used 1213K [0x00000007aab00000, 0x00000007b4780000, 0x0000000800000000)
  eden space 121856K, 0% used [0x00000007aab00000,0x00000007aab00000,0x00000007b2200000)
  from space 18432K, 6% used [0x00000007b3480000,0x00000007b35af628,0x00000007b4680000)
  to   space 18944K, 0% used [0x00000007b2200000,0x00000007b2200000,0x00000007b3480000)
 ParOldGen       total 175104K, used 107836K [0x0000000700000000, 0x000000070ab00000, 0x00000007aab00000)
  object space 175104K, 61% used [0x0000000700000000,0x000000070694f108,0x000000070ab00000)
 Metaspace       used 98757K, committed 99648K, reserved 557056K
  class space    used 13529K, committed 13952K, reserved 425984K
}
Event: 14.784 GC heap after
{Heap after GC invocations=24 (full 4):
 PSYoungGen      total 140288K, used 0K [0x00000007aab00000, 0x00000007b4780000, 0x0000000800000000)
  eden space 121856K, 0% used [0x00000007aab00000,0x00000007aab00000,0x00000007b2200000)
  from space 18432K, 0% used [0x00000007b3480000,0x00000007b3480000,0x00000007b4680000)
  to   space 18944K, 0% used [0x00000007b2200000,0x00000007b2200000,0x00000007b3480000)
 ParOldGen       total 175104K, used 105139K [0x0000000700000000, 0x000000070ab00000, 0x00000007aab00000)
  object space 175104K, 60% used [0x0000000700000000,0x00000007066acd00,0x000000070ab00000)
 Metaspace       used 98757K, committed 99648K, reserved 557056K
  class space    used 13529K, committed 13952K, reserved 425984K
}
Event: 15.811 GC heap before
{Heap before GC invocations=25 (full 4):
 PSYoungGen      total 140288K, used 121798K [0x00000007aab00000, 0x00000007b4780000, 0x0000000800000000)
  eden space 121856K, 99% used [0x00000007aab00000,0x00000007b21f1870,0x00000007b2200000)
  from space 18432K, 0% used [0x00000007b3480000,0x00000007b3480000,0x00000007b4680000)
  to   space 18944K, 0% used [0x00000007b2200000,0x00000007b2200000,0x00000007b3480000)
 ParOldGen       total 175104K, used 105139K [0x0000000700000000, 0x000000070ab00000, 0x00000007aab00000)
  object space 175104K, 60% used [0x0000000700000000,0x00000007066acd00,0x000000070ab00000)
 Metaspace       used 105765K, committed 106624K, reserved 557056K
  class space    used 14556K, committed 14976K, reserved 425984K
}
Event: 15.815 GC heap after
{Heap after GC invocations=25 (full 4):
 PSYoungGen      total 140800K, used 10140K [0x00000007aab00000, 0x00000007b7600000, 0x0000000800000000)
  eden space 121856K, 0% used [0x00000007aab00000,0x00000007aab00000,0x00000007b2200000)
  from space 18944K, 53% used [0x00000007b2200000,0x00000007b2be7280,0x00000007b3480000)
  to   space 18432K, 0% used [0x00000007b6400000,0x00000007b6400000,0x00000007b7600000)
 ParOldGen       total 175104K, used 105211K [0x0000000700000000, 0x000000070ab00000, 0x00000007aab00000)
  object space 175104K, 60% used [0x0000000700000000,0x00000007066bed10,0x000000070ab00000)
 Metaspace       used 105765K, committed 106624K, reserved 557056K
  class space    used 14556K, committed 14976K, reserved 425984K
}
Event: 16.591 GC heap before
{Heap before GC invocations=26 (full 4):
 PSYoungGen      total 140800K, used 131996K [0x00000007aab00000, 0x00000007b7600000, 0x0000000800000000)
  eden space 121856K, 100% used [0x00000007aab00000,0x00000007b2200000,0x00000007b2200000)
  from space 18944K, 53% used [0x00000007b2200000,0x00000007b2be7280,0x00000007b3480000)
  to   space 18432K, 0% used [0x00000007b6400000,0x00000007b6400000,0x00000007b7600000)
 ParOldGen       total 175104K, used 105211K [0x0000000700000000, 0x000000070ab00000, 0x00000007aab00000)
  object space 175104K, 60% used [0x0000000700000000,0x00000007066bed10,0x000000070ab00000)
 Metaspace       used 110308K, committed 111232K, reserved 557056K
  class space    used 15054K, committed 15488K, reserved 425984K
}
Event: 16.600 GC heap after
{Heap after GC invocations=26 (full 4):
 PSYoungGen      total 188416K, used 12928K [0x00000007aab00000, 0x00000007b7800000, 0x0000000800000000)
  eden space 169984K, 0% used [0x00000007aab00000,0x00000007aab00000,0x00000007b5100000)
  from space 18432K, 70% used [0x00000007b6400000,0x00000007b70a0040,0x00000007b7600000)
  to   space 19456K, 0% used [0x00000007b5100000,0x00000007b5100000,0x00000007b6400000)
 ParOldGen       total 175104K, used 113220K [0x0000000700000000, 0x000000070ab00000, 0x00000007aab00000)
  object space 175104K, 64% used [0x0000000700000000,0x0000000706e91338,0x000000070ab00000)
 Metaspace       used 110308K, committed 111232K, reserved 557056K
  class space    used 15054K, committed 15488K, reserved 425984K
}
Event: 16.996 GC heap before
{Heap before GC invocations=27 (full 4):
 PSYoungGen      total 188416K, used 182912K [0x00000007aab00000, 0x00000007b7800000, 0x0000000800000000)
  eden space 169984K, 100% used [0x00000007aab00000,0x00000007b5100000,0x00000007b5100000)
  from space 18432K, 70% used [0x00000007b6400000,0x00000007b70a0040,0x00000007b7600000)
  to   space 19456K, 0% used [0x00000007b5100000,0x00000007b5100000,0x00000007b6400000)
 ParOldGen       total 175104K, used 113220K [0x0000000700000000, 0x000000070ab00000, 0x00000007aab00000)
  object space 175104K, 64% used [0x0000000700000000,0x0000000706e91338,0x000000070ab00000)
 Metaspace       used 110451K, committed 111360K, reserved 557056K
  class space    used 15065K, committed 15488K, reserved 425984K
}
Event: 17.004 GC heap after
{Heap after GC invocations=27 (full 4):
 PSYoungGen      total 189440K, used 7440K [0x00000007aab00000, 0x00000007bb780000, 0x0000000800000000)
  eden space 169984K, 0% used [0x00000007aab00000,0x00000007aab00000,0x00000007b5100000)
  from space 19456K, 38% used [0x00000007b5100000,0x00000007b5844070,0x00000007b6400000)
  to   space 18432K, 0% used [0x00000007ba580000,0x00000007ba580000,0x00000007bb780000)
 ParOldGen       total 175104K, used 123582K [0x0000000700000000, 0x000000070ab00000, 0x00000007aab00000)
  object space 175104K, 70% used [0x0000000700000000,0x00000007078afb20,0x000000070ab00000)
 Metaspace       used 110451K, committed 111360K, reserved 557056K
  class space    used 15065K, committed 15488K, reserved 425984K
}
Event: 17.733 GC heap before
{Heap before GC invocations=28 (full 4):
 PSYoungGen      total 189440K, used 177424K [0x00000007aab00000, 0x00000007bb780000, 0x0000000800000000)
  eden space 169984K, 100% used [0x00000007aab00000,0x00000007b5100000,0x00000007b5100000)
  from space 19456K, 38% used [0x00000007b5100000,0x00000007b5844070,0x00000007b6400000)
  to   space 18432K, 0% used [0x00000007ba580000,0x00000007ba580000,0x00000007bb780000)
 ParOldGen       total 175104K, used 123582K [0x0000000700000000, 0x000000070ab00000, 0x00000007aab00000)
  object space 175104K, 70% used [0x0000000700000000,0x00000007078afb20,0x000000070ab00000)
 Metaspace       used 111650K, committed 112640K, reserved 557056K
  class space    used 15187K, committed 15680K, reserved 425984K
}
Event: 17.745 GC heap after
{Heap after GC invocations=28 (full 4):
 PSYoungGen      total 255488K, used 14193K [0x00000007aab00000, 0x00000007bb980000, 0x0000000800000000)
  eden space 237056K, 0% used [0x00000007aab00000,0x00000007aab00000,0x00000007b9280000)
  from space 18432K, 77% used [0x00000007ba580000,0x00000007bb35c590,0x00000007bb780000)
  to   space 19456K, 0% used [0x00000007b9280000,0x00000007b9280000,0x00000007ba580000)
 ParOldGen       total 175104K, used 128354K [0x0000000700000000, 0x000000070ab00000, 0x00000007aab00000)
  object space 175104K, 73% used [0x0000000700000000,0x0000000707d58ba0,0x000000070ab00000)
 Metaspace       used 111650K, committed 112640K, reserved 557056K
  class space    used 15187K, committed 15680K, reserved 425984K
}

